16-Feb-2022 17:35:31.675 INFO [main] org.apache.catalina.startup.VersionLoggerListener.log Server version name:   Apache Tomcat/10.0.5
16-Feb-2022 17:35:31.678 INFO [main] org.apache.catalina.startup.VersionLoggerListener.log Server built:          Mar 30 2021 08:19:50 UTC
16-Feb-2022 17:35:31.678 INFO [main] org.apache.catalina.startup.VersionLoggerListener.log Server version number: 10.0.5.0
16-Feb-2022 17:35:31.678 INFO [main] org.apache.catalina.startup.VersionLoggerListener.log OS Name:               Linux
16-Feb-2022 17:35:31.678 INFO [main] org.apache.catalina.startup.VersionLoggerListener.log OS Version:            5.16.2-arch1-1
16-Feb-2022 17:35:31.678 INFO [main] org.apache.catalina.startup.VersionLoggerListener.log Architecture:          amd64
16-Feb-2022 17:35:31.678 INFO [main] org.apache.catalina.startup.VersionLoggerListener.log Java Home:             /usr/lib/jvm/java-17-openjdk
16-Feb-2022 17:35:31.678 INFO [main] org.apache.catalina.startup.VersionLoggerListener.log JVM Version:           17.0.1+12
16-Feb-2022 17:35:31.678 INFO [main] org.apache.catalina.startup.VersionLoggerListener.log JVM Vendor:            Oracle Corporation
16-Feb-2022 17:35:31.678 INFO [main] org.apache.catalina.startup.VersionLoggerListener.log CATALINA_BASE:         /home/pascal/io.rastered/rastered.io/apache-tomcat-10.0.5
16-Feb-2022 17:35:31.678 INFO [main] org.apache.catalina.startup.VersionLoggerListener.log CATALINA_HOME:         /home/pascal/io.rastered/rastered.io/apache-tomcat-10.0.5
16-Feb-2022 17:35:31.685 INFO [main] org.apache.catalina.startup.VersionLoggerListener.log Command line argument: --add-opens=java.base/java.lang=ALL-UNNAMED
16-Feb-2022 17:35:31.685 INFO [main] org.apache.catalina.startup.VersionLoggerListener.log Command line argument: --add-opens=java.base/java.io=ALL-UNNAMED
16-Feb-2022 17:35:31.685 INFO [main] org.apache.catalina.startup.VersionLoggerListener.log Command line argument: --add-opens=java.base/java.util=ALL-UNNAMED
16-Feb-2022 17:35:31.685 INFO [main] org.apache.catalina.startup.VersionLoggerListener.log Command line argument: --add-opens=java.base/java.util.concurrent=ALL-UNNAMED
16-Feb-2022 17:35:31.686 INFO [main] org.apache.catalina.startup.VersionLoggerListener.log Command line argument: --add-opens=java.rmi/sun.rmi.transport=ALL-UNNAMED
16-Feb-2022 17:35:31.686 INFO [main] org.apache.catalina.startup.VersionLoggerListener.log Command line argument: -Djava.util.logging.config.file=/home/pascal/io.rastered/rastered.io/apache-tomcat-10.0.5/conf/logging.properties
16-Feb-2022 17:35:31.686 INFO [main] org.apache.catalina.startup.VersionLoggerListener.log Command line argument: -Djava.util.logging.manager=org.apache.juli.ClassLoaderLogManager
16-Feb-2022 17:35:31.686 INFO [main] org.apache.catalina.startup.VersionLoggerListener.log Command line argument: -Dhttp.nonProxyHosts=localhost|127.0.0.1|9570-arch
16-Feb-2022 17:35:31.686 INFO [main] org.apache.catalina.startup.VersionLoggerListener.log Command line argument: -Djdk.tls.ephemeralDHKeySize=2048
16-Feb-2022 17:35:31.686 INFO [main] org.apache.catalina.startup.VersionLoggerListener.log Command line argument: -Djava.protocol.handler.pkgs=org.apache.catalina.webresources
16-Feb-2022 17:35:31.686 INFO [main] org.apache.catalina.startup.VersionLoggerListener.log Command line argument: -Dorg.apache.catalina.security.SecurityListener.UMASK=0027
16-Feb-2022 17:35:31.686 INFO [main] org.apache.catalina.startup.VersionLoggerListener.log Command line argument: -Dignore.endorsed.dirs=
16-Feb-2022 17:35:31.686 INFO [main] org.apache.catalina.startup.VersionLoggerListener.log Command line argument: -Dcatalina.base=/home/pascal/io.rastered/rastered.io/apache-tomcat-10.0.5
16-Feb-2022 17:35:31.686 INFO [main] org.apache.catalina.startup.VersionLoggerListener.log Command line argument: -Dcatalina.home=/home/pascal/io.rastered/rastered.io/apache-tomcat-10.0.5
16-Feb-2022 17:35:31.686 INFO [main] org.apache.catalina.startup.VersionLoggerListener.log Command line argument: -Djava.io.tmpdir=/home/pascal/io.rastered/rastered.io/apache-tomcat-10.0.5/temp
16-Feb-2022 17:35:31.687 INFO [main] org.apache.catalina.core.AprLifecycleListener.lifecycleEvent The Apache Tomcat Native library which allows using OpenSSL was not found on the java.library.path: [/usr/java/packages/lib:/usr/lib64:/lib64:/lib:/usr/lib]
16-Feb-2022 17:35:31.929 INFO [main] org.apache.coyote.AbstractProtocol.init Initializing ProtocolHandler ["http-nio-8080"]
16-Feb-2022 17:35:31.950 INFO [main] org.apache.catalina.startup.Catalina.load Server initialization in [439] milliseconds
16-Feb-2022 17:35:31.984 INFO [main] org.apache.catalina.core.StandardService.startInternal Starting service [Catalina]
16-Feb-2022 17:35:31.984 INFO [main] org.apache.catalina.core.StandardEngine.startInternal Starting Servlet engine: [Apache Tomcat/10.0.5]
16-Feb-2022 17:35:31.989 INFO [main] org.apache.catalina.startup.HostConfig.deployDescriptor Deploying deployment descriptor [/home/pascal/io.rastered/rastered.io/apache-tomcat-10.0.5/conf/Catalina/localhost/ROOT.xml]
16-Feb-2022 17:35:31.999 WARNING [main] org.apache.catalina.startup.HostConfig.deployDescriptor The path attribute with value [] in deployment descriptor [/home/pascal/io.rastered/rastered.io/apache-tomcat-10.0.5/conf/Catalina/localhost/ROOT.xml] has been ignored
16-Feb-2022 17:35:32.149 INFO [main] org.apache.jasper.servlet.TldScanner.scanJars At least one JAR was scanned for TLDs yet contained no TLDs. Enable debug logging for this logger for a complete list of JARs that were scanned but no TLDs were found in them. Skipping unneeded JARs during scanning can improve startup time and JSP compilation time.
16-Feb-2022 17:35:32.182 INFO [main] org.apache.catalina.startup.HostConfig.deployDescriptor Deployment of deployment descriptor [/home/pascal/io.rastered/rastered.io/apache-tomcat-10.0.5/conf/Catalina/localhost/ROOT.xml] has finished in [192] ms
16-Feb-2022 17:35:32.183 INFO [main] org.apache.catalina.startup.HostConfig.deployDirectory Deploying web application directory [/home/pascal/io.rastered/rastered.io/apache-tomcat-10.0.5/webapps/host-manager]
16-Feb-2022 17:35:32.211 INFO [main] org.apache.catalina.startup.HostConfig.deployDirectory Deployment of web application directory [/home/pascal/io.rastered/rastered.io/apache-tomcat-10.0.5/webapps/host-manager] has finished in [29] ms
16-Feb-2022 17:35:32.212 INFO [main] org.apache.catalina.startup.HostConfig.deployDirectory Deploying web application directory [/home/pascal/io.rastered/rastered.io/apache-tomcat-10.0.5/webapps/manager]
16-Feb-2022 17:35:32.237 INFO [main] org.apache.catalina.startup.HostConfig.deployDirectory Deployment of web application directory [/home/pascal/io.rastered/rastered.io/apache-tomcat-10.0.5/webapps/manager] has finished in [24] ms
16-Feb-2022 17:35:32.237 INFO [main] org.apache.catalina.startup.HostConfig.deployDirectory Deploying web application directory [/home/pascal/io.rastered/rastered.io/apache-tomcat-10.0.5/webapps/examples]
16-Feb-2022 17:35:32.382 INFO [main] org.apache.catalina.startup.HostConfig.deployDirectory Deployment of web application directory [/home/pascal/io.rastered/rastered.io/apache-tomcat-10.0.5/webapps/examples] has finished in [145] ms
16-Feb-2022 17:35:32.382 INFO [main] org.apache.catalina.startup.HostConfig.deployDirectory Deploying web application directory [/home/pascal/io.rastered/rastered.io/apache-tomcat-10.0.5/webapps/docs]
16-Feb-2022 17:35:32.395 INFO [main] org.apache.catalina.startup.HostConfig.deployDirectory Deployment of web application directory [/home/pascal/io.rastered/rastered.io/apache-tomcat-10.0.5/webapps/docs] has finished in [13] ms
16-Feb-2022 17:35:32.397 INFO [main] org.apache.coyote.AbstractProtocol.start Starting ProtocolHandler ["http-nio-8080"]
16-Feb-2022 17:35:32.403 INFO [main] org.apache.catalina.startup.Catalina.start Server startup in [453] milliseconds
16-Feb-2022 17:37:55.166 INFO [main] org.apache.catalina.core.StandardServer.await A valid shutdown command was received via the shutdown port. Stopping the Server instance.
16-Feb-2022 17:37:55.167 INFO [main] org.apache.coyote.AbstractProtocol.pause Pausing ProtocolHandler ["http-nio-8080"]
16-Feb-2022 17:37:55.167 INFO [main] org.apache.catalina.core.StandardService.stopInternal Stopping service [Catalina]
16-Feb-2022 17:37:55.181 INFO [main] org.apache.coyote.AbstractProtocol.stop Stopping ProtocolHandler ["http-nio-8080"]
16-Feb-2022 17:37:55.219 INFO [main] org.apache.coyote.AbstractProtocol.destroy Destroying ProtocolHandler ["http-nio-8080"]
16-Feb-2022 17:44:51.326 INFO [main] org.apache.catalina.startup.VersionLoggerListener.log Server version name:   Apache Tomcat/10.0.5
16-Feb-2022 17:44:51.328 INFO [main] org.apache.catalina.startup.VersionLoggerListener.log Server built:          Mar 30 2021 08:19:50 UTC
16-Feb-2022 17:44:51.328 INFO [main] org.apache.catalina.startup.VersionLoggerListener.log Server version number: 10.0.5.0
16-Feb-2022 17:44:51.328 INFO [main] org.apache.catalina.startup.VersionLoggerListener.log OS Name:               Linux
16-Feb-2022 17:44:51.329 INFO [main] org.apache.catalina.startup.VersionLoggerListener.log OS Version:            5.16.2-arch1-1
16-Feb-2022 17:44:51.329 INFO [main] org.apache.catalina.startup.VersionLoggerListener.log Architecture:          amd64
16-Feb-2022 17:44:51.329 INFO [main] org.apache.catalina.startup.VersionLoggerListener.log Java Home:             /usr/lib/jvm/java-17-openjdk
16-Feb-2022 17:44:51.329 INFO [main] org.apache.catalina.startup.VersionLoggerListener.log JVM Version:           17.0.1+12
16-Feb-2022 17:44:51.329 INFO [main] org.apache.catalina.startup.VersionLoggerListener.log JVM Vendor:            Oracle Corporation
16-Feb-2022 17:44:51.329 INFO [main] org.apache.catalina.startup.VersionLoggerListener.log CATALINA_BASE:         /home/pascal/io.rastered/rastered.io/apache-tomcat-10.0.5
16-Feb-2022 17:44:51.329 INFO [main] org.apache.catalina.startup.VersionLoggerListener.log CATALINA_HOME:         /home/pascal/io.rastered/rastered.io/apache-tomcat-10.0.5
16-Feb-2022 17:44:51.336 INFO [main] org.apache.catalina.startup.VersionLoggerListener.log Command line argument: --add-opens=java.base/java.lang=ALL-UNNAMED
16-Feb-2022 17:44:51.336 INFO [main] org.apache.catalina.startup.VersionLoggerListener.log Command line argument: --add-opens=java.base/java.io=ALL-UNNAMED
16-Feb-2022 17:44:51.336 INFO [main] org.apache.catalina.startup.VersionLoggerListener.log Command line argument: --add-opens=java.base/java.util=ALL-UNNAMED
16-Feb-2022 17:44:51.336 INFO [main] org.apache.catalina.startup.VersionLoggerListener.log Command line argument: --add-opens=java.base/java.util.concurrent=ALL-UNNAMED
16-Feb-2022 17:44:51.336 INFO [main] org.apache.catalina.startup.VersionLoggerListener.log Command line argument: --add-opens=java.rmi/sun.rmi.transport=ALL-UNNAMED
16-Feb-2022 17:44:51.336 INFO [main] org.apache.catalina.startup.VersionLoggerListener.log Command line argument: -Djava.util.logging.config.file=/home/pascal/io.rastered/rastered.io/apache-tomcat-10.0.5/conf/logging.properties
16-Feb-2022 17:44:51.337 INFO [main] org.apache.catalina.startup.VersionLoggerListener.log Command line argument: -Djava.util.logging.manager=org.apache.juli.ClassLoaderLogManager
16-Feb-2022 17:44:51.337 INFO [main] org.apache.catalina.startup.VersionLoggerListener.log Command line argument: -Dhttp.nonProxyHosts=localhost|127.0.0.1|9570-arch
16-Feb-2022 17:44:51.337 INFO [main] org.apache.catalina.startup.VersionLoggerListener.log Command line argument: -Djdk.tls.ephemeralDHKeySize=2048
16-Feb-2022 17:44:51.337 INFO [main] org.apache.catalina.startup.VersionLoggerListener.log Command line argument: -Djava.protocol.handler.pkgs=org.apache.catalina.webresources
16-Feb-2022 17:44:51.337 INFO [main] org.apache.catalina.startup.VersionLoggerListener.log Command line argument: -Dorg.apache.catalina.security.SecurityListener.UMASK=0027
16-Feb-2022 17:44:51.337 INFO [main] org.apache.catalina.startup.VersionLoggerListener.log Command line argument: -Dignore.endorsed.dirs=
16-Feb-2022 17:44:51.337 INFO [main] org.apache.catalina.startup.VersionLoggerListener.log Command line argument: -Dcatalina.base=/home/pascal/io.rastered/rastered.io/apache-tomcat-10.0.5
16-Feb-2022 17:44:51.337 INFO [main] org.apache.catalina.startup.VersionLoggerListener.log Command line argument: -Dcatalina.home=/home/pascal/io.rastered/rastered.io/apache-tomcat-10.0.5
16-Feb-2022 17:44:51.337 INFO [main] org.apache.catalina.startup.VersionLoggerListener.log Command line argument: -Djava.io.tmpdir=/home/pascal/io.rastered/rastered.io/apache-tomcat-10.0.5/temp
16-Feb-2022 17:44:51.338 INFO [main] org.apache.catalina.core.AprLifecycleListener.lifecycleEvent The Apache Tomcat Native library which allows using OpenSSL was not found on the java.library.path: [/usr/java/packages/lib:/usr/lib64:/lib64:/lib:/usr/lib]
16-Feb-2022 17:44:51.532 INFO [main] org.apache.coyote.AbstractProtocol.init Initializing ProtocolHandler ["http-nio-8080"]
16-Feb-2022 17:44:51.548 INFO [main] org.apache.catalina.startup.Catalina.load Server initialization in [336] milliseconds
16-Feb-2022 17:44:51.576 INFO [main] org.apache.catalina.core.StandardService.startInternal Starting service [Catalina]
16-Feb-2022 17:44:51.576 INFO [main] org.apache.catalina.core.StandardEngine.startInternal Starting Servlet engine: [Apache Tomcat/10.0.5]
16-Feb-2022 17:44:51.584 INFO [main] org.apache.catalina.startup.HostConfig.deployDescriptor Deploying deployment descriptor [/home/pascal/io.rastered/rastered.io/apache-tomcat-10.0.5/conf/Catalina/localhost/ROOT.xml]
16-Feb-2022 17:44:51.596 WARNING [main] org.apache.catalina.startup.HostConfig.deployDescriptor The path attribute with value [] in deployment descriptor [/home/pascal/io.rastered/rastered.io/apache-tomcat-10.0.5/conf/Catalina/localhost/ROOT.xml] has been ignored
16-Feb-2022 17:44:51.766 INFO [main] org.apache.jasper.servlet.TldScanner.scanJars At least one JAR was scanned for TLDs yet contained no TLDs. Enable debug logging for this logger for a complete list of JARs that were scanned but no TLDs were found in them. Skipping unneeded JARs during scanning can improve startup time and JSP compilation time.
16-Feb-2022 17:44:51.797 INFO [main] org.apache.catalina.startup.HostConfig.deployDescriptor Deployment of deployment descriptor [/home/pascal/io.rastered/rastered.io/apache-tomcat-10.0.5/conf/Catalina/localhost/ROOT.xml] has finished in [214] ms
16-Feb-2022 17:44:51.797 INFO [main] org.apache.catalina.startup.HostConfig.deployDirectory Deploying web application directory [/home/pascal/io.rastered/rastered.io/apache-tomcat-10.0.5/webapps/host-manager]
16-Feb-2022 17:44:51.829 INFO [main] org.apache.catalina.startup.HostConfig.deployDirectory Deployment of web application directory [/home/pascal/io.rastered/rastered.io/apache-tomcat-10.0.5/webapps/host-manager] has finished in [32] ms
16-Feb-2022 17:44:51.830 INFO [main] org.apache.catalina.startup.HostConfig.deployDirectory Deploying web application directory [/home/pascal/io.rastered/rastered.io/apache-tomcat-10.0.5/webapps/manager]
16-Feb-2022 17:44:51.857 INFO [main] org.apache.catalina.startup.HostConfig.deployDirectory Deployment of web application directory [/home/pascal/io.rastered/rastered.io/apache-tomcat-10.0.5/webapps/manager] has finished in [26] ms
16-Feb-2022 17:44:51.857 INFO [main] org.apache.catalina.startup.HostConfig.deployDirectory Deploying web application directory [/home/pascal/io.rastered/rastered.io/apache-tomcat-10.0.5/webapps/examples]
16-Feb-2022 17:44:52.013 INFO [main] org.apache.catalina.startup.HostConfig.deployDirectory Deployment of web application directory [/home/pascal/io.rastered/rastered.io/apache-tomcat-10.0.5/webapps/examples] has finished in [156] ms
16-Feb-2022 17:44:52.013 INFO [main] org.apache.catalina.startup.HostConfig.deployDirectory Deploying web application directory [/home/pascal/io.rastered/rastered.io/apache-tomcat-10.0.5/webapps/docs]
16-Feb-2022 17:44:52.023 INFO [main] org.apache.catalina.startup.HostConfig.deployDirectory Deployment of web application directory [/home/pascal/io.rastered/rastered.io/apache-tomcat-10.0.5/webapps/docs] has finished in [10] ms
16-Feb-2022 17:44:52.026 INFO [main] org.apache.coyote.AbstractProtocol.start Starting ProtocolHandler ["http-nio-8080"]
16-Feb-2022 17:44:52.035 INFO [main] org.apache.catalina.startup.Catalina.start Server startup in [486] milliseconds
16-Feb-2022 17:49:32.447 INFO [main] org.apache.catalina.core.StandardServer.await A valid shutdown command was received via the shutdown port. Stopping the Server instance.
16-Feb-2022 17:49:32.447 INFO [main] org.apache.coyote.AbstractProtocol.pause Pausing ProtocolHandler ["http-nio-8080"]
16-Feb-2022 17:49:32.447 INFO [main] org.apache.catalina.core.StandardService.stopInternal Stopping service [Catalina]
16-Feb-2022 17:49:32.460 INFO [main] org.apache.coyote.AbstractProtocol.stop Stopping ProtocolHandler ["http-nio-8080"]
16-Feb-2022 17:49:32.499 INFO [main] org.apache.coyote.AbstractProtocol.destroy Destroying ProtocolHandler ["http-nio-8080"]
16-Feb-2022 17:49:38.063 INFO [main] org.apache.catalina.startup.VersionLoggerListener.log Server version name:   Apache Tomcat/10.0.5
16-Feb-2022 17:49:38.066 INFO [main] org.apache.catalina.startup.VersionLoggerListener.log Server built:          Mar 30 2021 08:19:50 UTC
16-Feb-2022 17:49:38.066 INFO [main] org.apache.catalina.startup.VersionLoggerListener.log Server version number: 10.0.5.0
16-Feb-2022 17:49:38.066 INFO [main] org.apache.catalina.startup.VersionLoggerListener.log OS Name:               Linux
16-Feb-2022 17:49:38.066 INFO [main] org.apache.catalina.startup.VersionLoggerListener.log OS Version:            5.16.2-arch1-1
16-Feb-2022 17:49:38.066 INFO [main] org.apache.catalina.startup.VersionLoggerListener.log Architecture:          amd64
16-Feb-2022 17:49:38.066 INFO [main] org.apache.catalina.startup.VersionLoggerListener.log Java Home:             /usr/lib/jvm/java-17-openjdk
16-Feb-2022 17:49:38.066 INFO [main] org.apache.catalina.startup.VersionLoggerListener.log JVM Version:           17.0.1+12
16-Feb-2022 17:49:38.066 INFO [main] org.apache.catalina.startup.VersionLoggerListener.log JVM Vendor:            Oracle Corporation
16-Feb-2022 17:49:38.066 INFO [main] org.apache.catalina.startup.VersionLoggerListener.log CATALINA_BASE:         /home/pascal/io.rastered/rastered.io/apache-tomcat-10.0.5
16-Feb-2022 17:49:38.067 INFO [main] org.apache.catalina.startup.VersionLoggerListener.log CATALINA_HOME:         /home/pascal/io.rastered/rastered.io/apache-tomcat-10.0.5
16-Feb-2022 17:49:38.073 INFO [main] org.apache.catalina.startup.VersionLoggerListener.log Command line argument: --add-opens=java.base/java.lang=ALL-UNNAMED
16-Feb-2022 17:49:38.074 INFO [main] org.apache.catalina.startup.VersionLoggerListener.log Command line argument: --add-opens=java.base/java.io=ALL-UNNAMED
16-Feb-2022 17:49:38.074 INFO [main] org.apache.catalina.startup.VersionLoggerListener.log Command line argument: --add-opens=java.base/java.util=ALL-UNNAMED
16-Feb-2022 17:49:38.074 INFO [main] org.apache.catalina.startup.VersionLoggerListener.log Command line argument: --add-opens=java.base/java.util.concurrent=ALL-UNNAMED
16-Feb-2022 17:49:38.074 INFO [main] org.apache.catalina.startup.VersionLoggerListener.log Command line argument: --add-opens=java.rmi/sun.rmi.transport=ALL-UNNAMED
16-Feb-2022 17:49:38.074 INFO [main] org.apache.catalina.startup.VersionLoggerListener.log Command line argument: -Djava.util.logging.config.file=/home/pascal/io.rastered/rastered.io/apache-tomcat-10.0.5/conf/logging.properties
16-Feb-2022 17:49:38.074 INFO [main] org.apache.catalina.startup.VersionLoggerListener.log Command line argument: -Djava.util.logging.manager=org.apache.juli.ClassLoaderLogManager
16-Feb-2022 17:49:38.074 INFO [main] org.apache.catalina.startup.VersionLoggerListener.log Command line argument: -Dhttp.nonProxyHosts=localhost|127.0.0.1|9570-arch
16-Feb-2022 17:49:38.074 INFO [main] org.apache.catalina.startup.VersionLoggerListener.log Command line argument: -Djdk.tls.ephemeralDHKeySize=2048
16-Feb-2022 17:49:38.074 INFO [main] org.apache.catalina.startup.VersionLoggerListener.log Command line argument: -Djava.protocol.handler.pkgs=org.apache.catalina.webresources
16-Feb-2022 17:49:38.074 INFO [main] org.apache.catalina.startup.VersionLoggerListener.log Command line argument: -Dorg.apache.catalina.security.SecurityListener.UMASK=0027
16-Feb-2022 17:49:38.074 INFO [main] org.apache.catalina.startup.VersionLoggerListener.log Command line argument: -Dignore.endorsed.dirs=
16-Feb-2022 17:49:38.074 INFO [main] org.apache.catalina.startup.VersionLoggerListener.log Command line argument: -Dcatalina.base=/home/pascal/io.rastered/rastered.io/apache-tomcat-10.0.5
16-Feb-2022 17:49:38.074 INFO [main] org.apache.catalina.startup.VersionLoggerListener.log Command line argument: -Dcatalina.home=/home/pascal/io.rastered/rastered.io/apache-tomcat-10.0.5
16-Feb-2022 17:49:38.075 INFO [main] org.apache.catalina.startup.VersionLoggerListener.log Command line argument: -Djava.io.tmpdir=/home/pascal/io.rastered/rastered.io/apache-tomcat-10.0.5/temp
16-Feb-2022 17:49:38.075 INFO [main] org.apache.catalina.core.AprLifecycleListener.lifecycleEvent The Apache Tomcat Native library which allows using OpenSSL was not found on the java.library.path: [/usr/java/packages/lib:/usr/lib64:/lib64:/lib:/usr/lib]
16-Feb-2022 17:49:38.312 INFO [main] org.apache.coyote.AbstractProtocol.init Initializing ProtocolHandler ["http-nio-8080"]
16-Feb-2022 17:49:38.327 INFO [main] org.apache.catalina.startup.Catalina.load Server initialization in [378] milliseconds
16-Feb-2022 17:49:38.353 INFO [main] org.apache.catalina.core.StandardService.startInternal Starting service [Catalina]
16-Feb-2022 17:49:38.353 INFO [main] org.apache.catalina.core.StandardEngine.startInternal Starting Servlet engine: [Apache Tomcat/10.0.5]
16-Feb-2022 17:49:38.358 INFO [main] org.apache.catalina.startup.HostConfig.deployDescriptor Deploying deployment descriptor [/home/pascal/io.rastered/rastered.io/apache-tomcat-10.0.5/conf/Catalina/localhost/ROOT.xml]
16-Feb-2022 17:49:38.365 WARNING [main] org.apache.catalina.startup.HostConfig.deployDescriptor The path attribute with value [] in deployment descriptor [/home/pascal/io.rastered/rastered.io/apache-tomcat-10.0.5/conf/Catalina/localhost/ROOT.xml] has been ignored
16-Feb-2022 17:49:38.511 INFO [main] org.apache.jasper.servlet.TldScanner.scanJars At least one JAR was scanned for TLDs yet contained no TLDs. Enable debug logging for this logger for a complete list of JARs that were scanned but no TLDs were found in them. Skipping unneeded JARs during scanning can improve startup time and JSP compilation time.
16-Feb-2022 17:49:38.537 INFO [main] org.apache.catalina.startup.HostConfig.deployDescriptor Deployment of deployment descriptor [/home/pascal/io.rastered/rastered.io/apache-tomcat-10.0.5/conf/Catalina/localhost/ROOT.xml] has finished in [179] ms
16-Feb-2022 17:49:38.538 INFO [main] org.apache.catalina.startup.HostConfig.deployDirectory Deploying web application directory [/home/pascal/io.rastered/rastered.io/apache-tomcat-10.0.5/webapps/host-manager]
16-Feb-2022 17:49:38.564 INFO [main] org.apache.catalina.startup.HostConfig.deployDirectory Deployment of web application directory [/home/pascal/io.rastered/rastered.io/apache-tomcat-10.0.5/webapps/host-manager] has finished in [26] ms
16-Feb-2022 17:49:38.564 INFO [main] org.apache.catalina.startup.HostConfig.deployDirectory Deploying web application directory [/home/pascal/io.rastered/rastered.io/apache-tomcat-10.0.5/webapps/manager]
16-Feb-2022 17:49:38.588 INFO [main] org.apache.catalina.startup.HostConfig.deployDirectory Deployment of web application directory [/home/pascal/io.rastered/rastered.io/apache-tomcat-10.0.5/webapps/manager] has finished in [23] ms
16-Feb-2022 17:49:38.588 INFO [main] org.apache.catalina.startup.HostConfig.deployDirectory Deploying web application directory [/home/pascal/io.rastered/rastered.io/apache-tomcat-10.0.5/webapps/examples]
16-Feb-2022 17:49:38.718 INFO [main] org.apache.catalina.startup.HostConfig.deployDirectory Deployment of web application directory [/home/pascal/io.rastered/rastered.io/apache-tomcat-10.0.5/webapps/examples] has finished in [130] ms
16-Feb-2022 17:49:38.718 INFO [main] org.apache.catalina.startup.HostConfig.deployDirectory Deploying web application directory [/home/pascal/io.rastered/rastered.io/apache-tomcat-10.0.5/webapps/docs]
16-Feb-2022 17:49:38.733 INFO [main] org.apache.catalina.startup.HostConfig.deployDirectory Deployment of web application directory [/home/pascal/io.rastered/rastered.io/apache-tomcat-10.0.5/webapps/docs] has finished in [15] ms
16-Feb-2022 17:49:38.736 INFO [main] org.apache.coyote.AbstractProtocol.start Starting ProtocolHandler ["http-nio-8080"]
16-Feb-2022 17:49:38.745 INFO [main] org.apache.catalina.startup.Catalina.start Server startup in [417] milliseconds
16-Feb-2022 17:52:13.113 INFO [main] org.apache.catalina.core.StandardServer.await A valid shutdown command was received via the shutdown port. Stopping the Server instance.
16-Feb-2022 17:52:13.113 INFO [main] org.apache.coyote.AbstractProtocol.pause Pausing ProtocolHandler ["http-nio-8080"]
16-Feb-2022 17:52:13.114 INFO [main] org.apache.catalina.core.StandardService.stopInternal Stopping service [Catalina]
16-Feb-2022 17:52:13.134 INFO [main] org.apache.coyote.AbstractProtocol.stop Stopping ProtocolHandler ["http-nio-8080"]
16-Feb-2022 17:52:13.166 INFO [main] org.apache.coyote.AbstractProtocol.destroy Destroying ProtocolHandler ["http-nio-8080"]
16-Feb-2022 17:54:47.309 INFO [main] org.apache.catalina.startup.VersionLoggerListener.log Server version name:   Apache Tomcat/10.0.5
16-Feb-2022 17:54:47.312 INFO [main] org.apache.catalina.startup.VersionLoggerListener.log Server built:          Mar 30 2021 08:19:50 UTC
16-Feb-2022 17:54:47.312 INFO [main] org.apache.catalina.startup.VersionLoggerListener.log Server version number: 10.0.5.0
16-Feb-2022 17:54:47.312 INFO [main] org.apache.catalina.startup.VersionLoggerListener.log OS Name:               Linux
16-Feb-2022 17:54:47.312 INFO [main] org.apache.catalina.startup.VersionLoggerListener.log OS Version:            5.16.2-arch1-1
16-Feb-2022 17:54:47.312 INFO [main] org.apache.catalina.startup.VersionLoggerListener.log Architecture:          amd64
16-Feb-2022 17:54:47.312 INFO [main] org.apache.catalina.startup.VersionLoggerListener.log Java Home:             /usr/lib/jvm/java-17-openjdk
16-Feb-2022 17:54:47.312 INFO [main] org.apache.catalina.startup.VersionLoggerListener.log JVM Version:           17.0.1+12
16-Feb-2022 17:54:47.312 INFO [main] org.apache.catalina.startup.VersionLoggerListener.log JVM Vendor:            Oracle Corporation
16-Feb-2022 17:54:47.312 INFO [main] org.apache.catalina.startup.VersionLoggerListener.log CATALINA_BASE:         /home/pascal/io.rastered/rastered.io/apache-tomcat-10.0.5
16-Feb-2022 17:54:47.313 INFO [main] org.apache.catalina.startup.VersionLoggerListener.log CATALINA_HOME:         /home/pascal/io.rastered/rastered.io/apache-tomcat-10.0.5
16-Feb-2022 17:54:47.320 INFO [main] org.apache.catalina.startup.VersionLoggerListener.log Command line argument: --add-opens=java.base/java.lang=ALL-UNNAMED
16-Feb-2022 17:54:47.320 INFO [main] org.apache.catalina.startup.VersionLoggerListener.log Command line argument: --add-opens=java.base/java.io=ALL-UNNAMED
16-Feb-2022 17:54:47.320 INFO [main] org.apache.catalina.startup.VersionLoggerListener.log Command line argument: --add-opens=java.base/java.util=ALL-UNNAMED
16-Feb-2022 17:54:47.321 INFO [main] org.apache.catalina.startup.VersionLoggerListener.log Command line argument: --add-opens=java.base/java.util.concurrent=ALL-UNNAMED
16-Feb-2022 17:54:47.321 INFO [main] org.apache.catalina.startup.VersionLoggerListener.log Command line argument: --add-opens=java.rmi/sun.rmi.transport=ALL-UNNAMED
16-Feb-2022 17:54:47.321 INFO [main] org.apache.catalina.startup.VersionLoggerListener.log Command line argument: -Djava.util.logging.config.file=/home/pascal/io.rastered/rastered.io/apache-tomcat-10.0.5/conf/logging.properties
16-Feb-2022 17:54:47.321 INFO [main] org.apache.catalina.startup.VersionLoggerListener.log Command line argument: -Djava.util.logging.manager=org.apache.juli.ClassLoaderLogManager
16-Feb-2022 17:54:47.321 INFO [main] org.apache.catalina.startup.VersionLoggerListener.log Command line argument: -Dhttp.nonProxyHosts=localhost|127.0.0.1|9570-arch
16-Feb-2022 17:54:47.321 INFO [main] org.apache.catalina.startup.VersionLoggerListener.log Command line argument: -Djdk.tls.ephemeralDHKeySize=2048
16-Feb-2022 17:54:47.321 INFO [main] org.apache.catalina.startup.VersionLoggerListener.log Command line argument: -Djava.protocol.handler.pkgs=org.apache.catalina.webresources
16-Feb-2022 17:54:47.321 INFO [main] org.apache.catalina.startup.VersionLoggerListener.log Command line argument: -Dorg.apache.catalina.security.SecurityListener.UMASK=0027
16-Feb-2022 17:54:47.321 INFO [main] org.apache.catalina.startup.VersionLoggerListener.log Command line argument: -Dignore.endorsed.dirs=
16-Feb-2022 17:54:47.321 INFO [main] org.apache.catalina.startup.VersionLoggerListener.log Command line argument: -Dcatalina.base=/home/pascal/io.rastered/rastered.io/apache-tomcat-10.0.5
16-Feb-2022 17:54:47.321 INFO [main] org.apache.catalina.startup.VersionLoggerListener.log Command line argument: -Dcatalina.home=/home/pascal/io.rastered/rastered.io/apache-tomcat-10.0.5
16-Feb-2022 17:54:47.322 INFO [main] org.apache.catalina.startup.VersionLoggerListener.log Command line argument: -Djava.io.tmpdir=/home/pascal/io.rastered/rastered.io/apache-tomcat-10.0.5/temp
16-Feb-2022 17:54:47.323 INFO [main] org.apache.catalina.core.AprLifecycleListener.lifecycleEvent The Apache Tomcat Native library which allows using OpenSSL was not found on the java.library.path: [/usr/java/packages/lib:/usr/lib64:/lib64:/lib:/usr/lib]
16-Feb-2022 17:54:47.519 INFO [main] org.apache.coyote.AbstractProtocol.init Initializing ProtocolHandler ["http-nio-8080"]
16-Feb-2022 17:54:47.538 INFO [main] org.apache.catalina.startup.Catalina.load Server initialization in [337] milliseconds
16-Feb-2022 17:54:47.565 INFO [main] org.apache.catalina.core.StandardService.startInternal Starting service [Catalina]
16-Feb-2022 17:54:47.565 INFO [main] org.apache.catalina.core.StandardEngine.startInternal Starting Servlet engine: [Apache Tomcat/10.0.5]
16-Feb-2022 17:54:47.570 INFO [main] org.apache.catalina.startup.HostConfig.deployDescriptor Deploying deployment descriptor [/home/pascal/io.rastered/rastered.io/apache-tomcat-10.0.5/conf/Catalina/localhost/ROOT.xml]
16-Feb-2022 17:54:47.578 WARNING [main] org.apache.catalina.startup.HostConfig.deployDescriptor The path attribute with value [] in deployment descriptor [/home/pascal/io.rastered/rastered.io/apache-tomcat-10.0.5/conf/Catalina/localhost/ROOT.xml] has been ignored
16-Feb-2022 17:54:47.723 INFO [main] org.apache.jasper.servlet.TldScanner.scanJars At least one JAR was scanned for TLDs yet contained no TLDs. Enable debug logging for this logger for a complete list of JARs that were scanned but no TLDs were found in them. Skipping unneeded JARs during scanning can improve startup time and JSP compilation time.
16-Feb-2022 17:54:47.755 INFO [main] org.apache.catalina.startup.HostConfig.deployDescriptor Deployment of deployment descriptor [/home/pascal/io.rastered/rastered.io/apache-tomcat-10.0.5/conf/Catalina/localhost/ROOT.xml] has finished in [185] ms
16-Feb-2022 17:54:47.756 INFO [main] org.apache.catalina.startup.HostConfig.deployDirectory Deploying web application directory [/home/pascal/io.rastered/rastered.io/apache-tomcat-10.0.5/webapps/host-manager]
16-Feb-2022 17:54:47.798 INFO [main] org.apache.catalina.startup.HostConfig.deployDirectory Deployment of web application directory [/home/pascal/io.rastered/rastered.io/apache-tomcat-10.0.5/webapps/host-manager] has finished in [41] ms
16-Feb-2022 17:54:47.798 INFO [main] org.apache.catalina.startup.HostConfig.deployDirectory Deploying web application directory [/home/pascal/io.rastered/rastered.io/apache-tomcat-10.0.5/webapps/manager]
16-Feb-2022 17:54:47.829 INFO [main] org.apache.catalina.startup.HostConfig.deployDirectory Deployment of web application directory [/home/pascal/io.rastered/rastered.io/apache-tomcat-10.0.5/webapps/manager] has finished in [30] ms
16-Feb-2022 17:54:47.829 INFO [main] org.apache.catalina.startup.HostConfig.deployDirectory Deploying web application directory [/home/pascal/io.rastered/rastered.io/apache-tomcat-10.0.5/webapps/examples]
16-Feb-2022 17:54:48.116 INFO [main] org.apache.catalina.startup.HostConfig.deployDirectory Deployment of web application directory [/home/pascal/io.rastered/rastered.io/apache-tomcat-10.0.5/webapps/examples] has finished in [287] ms
16-Feb-2022 17:54:48.116 INFO [main] org.apache.catalina.startup.HostConfig.deployDirectory Deploying web application directory [/home/pascal/io.rastered/rastered.io/apache-tomcat-10.0.5/webapps/docs]
16-Feb-2022 17:54:48.131 INFO [main] org.apache.catalina.startup.HostConfig.deployDirectory Deployment of web application directory [/home/pascal/io.rastered/rastered.io/apache-tomcat-10.0.5/webapps/docs] has finished in [15] ms
16-Feb-2022 17:54:48.133 INFO [main] org.apache.coyote.AbstractProtocol.start Starting ProtocolHandler ["http-nio-8080"]
16-Feb-2022 17:54:48.139 INFO [main] org.apache.catalina.startup.Catalina.start Server startup in [600] milliseconds
16-Feb-2022 18:16:54.959 INFO [main] org.apache.catalina.core.StandardServer.await A valid shutdown command was received via the shutdown port. Stopping the Server instance.
16-Feb-2022 18:16:54.959 INFO [main] org.apache.coyote.AbstractProtocol.pause Pausing ProtocolHandler ["http-nio-8080"]
16-Feb-2022 18:16:54.965 INFO [main] org.apache.catalina.core.StandardService.stopInternal Stopping service [Catalina]
16-Feb-2022 18:16:54.983 INFO [main] org.apache.coyote.AbstractProtocol.stop Stopping ProtocolHandler ["http-nio-8080"]
16-Feb-2022 18:16:55.012 INFO [main] org.apache.coyote.AbstractProtocol.destroy Destroying ProtocolHandler ["http-nio-8080"]
16-Feb-2022 18:17:15.799 INFO [main] org.apache.catalina.startup.VersionLoggerListener.log Server version name:   Apache Tomcat/10.0.5
16-Feb-2022 18:17:15.802 INFO [main] org.apache.catalina.startup.VersionLoggerListener.log Server built:          Mar 30 2021 08:19:50 UTC
16-Feb-2022 18:17:15.802 INFO [main] org.apache.catalina.startup.VersionLoggerListener.log Server version number: 10.0.5.0
16-Feb-2022 18:17:15.802 INFO [main] org.apache.catalina.startup.VersionLoggerListener.log OS Name:               Linux
16-Feb-2022 18:17:15.802 INFO [main] org.apache.catalina.startup.VersionLoggerListener.log OS Version:            5.16.2-arch1-1
16-Feb-2022 18:17:15.802 INFO [main] org.apache.catalina.startup.VersionLoggerListener.log Architecture:          amd64
16-Feb-2022 18:17:15.802 INFO [main] org.apache.catalina.startup.VersionLoggerListener.log Java Home:             /usr/lib/jvm/java-17-openjdk
16-Feb-2022 18:17:15.802 INFO [main] org.apache.catalina.startup.VersionLoggerListener.log JVM Version:           17.0.1+12
16-Feb-2022 18:17:15.802 INFO [main] org.apache.catalina.startup.VersionLoggerListener.log JVM Vendor:            Oracle Corporation
16-Feb-2022 18:17:15.802 INFO [main] org.apache.catalina.startup.VersionLoggerListener.log CATALINA_BASE:         /home/pascal/io.rastered/rastered.io/apache-tomcat-10.0.5
16-Feb-2022 18:17:15.802 INFO [main] org.apache.catalina.startup.VersionLoggerListener.log CATALINA_HOME:         /home/pascal/io.rastered/rastered.io/apache-tomcat-10.0.5
16-Feb-2022 18:17:15.811 INFO [main] org.apache.catalina.startup.VersionLoggerListener.log Command line argument: --add-opens=java.base/java.lang=ALL-UNNAMED
16-Feb-2022 18:17:15.812 INFO [main] org.apache.catalina.startup.VersionLoggerListener.log Command line argument: --add-opens=java.base/java.io=ALL-UNNAMED
16-Feb-2022 18:17:15.812 INFO [main] org.apache.catalina.startup.VersionLoggerListener.log Command line argument: --add-opens=java.base/java.util=ALL-UNNAMED
16-Feb-2022 18:17:15.812 INFO [main] org.apache.catalina.startup.VersionLoggerListener.log Command line argument: --add-opens=java.base/java.util.concurrent=ALL-UNNAMED
16-Feb-2022 18:17:15.812 INFO [main] org.apache.catalina.startup.VersionLoggerListener.log Command line argument: --add-opens=java.rmi/sun.rmi.transport=ALL-UNNAMED
16-Feb-2022 18:17:15.812 INFO [main] org.apache.catalina.startup.VersionLoggerListener.log Command line argument: -Djava.util.logging.config.file=/home/pascal/io.rastered/rastered.io/apache-tomcat-10.0.5/conf/logging.properties
16-Feb-2022 18:17:15.812 INFO [main] org.apache.catalina.startup.VersionLoggerListener.log Command line argument: -Djava.util.logging.manager=org.apache.juli.ClassLoaderLogManager
16-Feb-2022 18:17:15.812 INFO [main] org.apache.catalina.startup.VersionLoggerListener.log Command line argument: -Dhttp.nonProxyHosts=localhost|127.0.0.1|9570-arch
16-Feb-2022 18:17:15.812 INFO [main] org.apache.catalina.startup.VersionLoggerListener.log Command line argument: -Djdk.tls.ephemeralDHKeySize=2048
16-Feb-2022 18:17:15.812 INFO [main] org.apache.catalina.startup.VersionLoggerListener.log Command line argument: -Djava.protocol.handler.pkgs=org.apache.catalina.webresources
16-Feb-2022 18:17:15.812 INFO [main] org.apache.catalina.startup.VersionLoggerListener.log Command line argument: -Dorg.apache.catalina.security.SecurityListener.UMASK=0027
16-Feb-2022 18:17:15.812 INFO [main] org.apache.catalina.startup.VersionLoggerListener.log Command line argument: -Dignore.endorsed.dirs=
16-Feb-2022 18:17:15.812 INFO [main] org.apache.catalina.startup.VersionLoggerListener.log Command line argument: -Dcatalina.base=/home/pascal/io.rastered/rastered.io/apache-tomcat-10.0.5
16-Feb-2022 18:17:15.812 INFO [main] org.apache.catalina.startup.VersionLoggerListener.log Command line argument: -Dcatalina.home=/home/pascal/io.rastered/rastered.io/apache-tomcat-10.0.5
16-Feb-2022 18:17:15.812 INFO [main] org.apache.catalina.startup.VersionLoggerListener.log Command line argument: -Djava.io.tmpdir=/home/pascal/io.rastered/rastered.io/apache-tomcat-10.0.5/temp
16-Feb-2022 18:17:15.813 INFO [main] org.apache.catalina.core.AprLifecycleListener.lifecycleEvent The Apache Tomcat Native library which allows using OpenSSL was not found on the java.library.path: [/usr/java/packages/lib:/usr/lib64:/lib64:/lib:/usr/lib]
16-Feb-2022 18:17:16.011 INFO [main] org.apache.coyote.AbstractProtocol.init Initializing ProtocolHandler ["http-nio-8080"]
16-Feb-2022 18:17:16.026 INFO [main] org.apache.catalina.startup.Catalina.load Server initialization in [330] milliseconds
16-Feb-2022 18:17:16.051 INFO [main] org.apache.catalina.core.StandardService.startInternal Starting service [Catalina]
16-Feb-2022 18:17:16.051 INFO [main] org.apache.catalina.core.StandardEngine.startInternal Starting Servlet engine: [Apache Tomcat/10.0.5]
16-Feb-2022 18:17:16.057 INFO [main] org.apache.catalina.startup.HostConfig.deployDescriptor Deploying deployment descriptor [/home/pascal/io.rastered/rastered.io/apache-tomcat-10.0.5/conf/Catalina/localhost/ROOT.xml]
16-Feb-2022 18:17:16.065 WARNING [main] org.apache.catalina.startup.HostConfig.deployDescriptor The path attribute with value [] in deployment descriptor [/home/pascal/io.rastered/rastered.io/apache-tomcat-10.0.5/conf/Catalina/localhost/ROOT.xml] has been ignored
16-Feb-2022 18:17:16.206 INFO [main] org.apache.jasper.servlet.TldScanner.scanJars At least one JAR was scanned for TLDs yet contained no TLDs. Enable debug logging for this logger for a complete list of JARs that were scanned but no TLDs were found in them. Skipping unneeded JARs during scanning can improve startup time and JSP compilation time.
16-Feb-2022 18:17:16.230 INFO [main] org.apache.catalina.startup.HostConfig.deployDescriptor Deployment of deployment descriptor [/home/pascal/io.rastered/rastered.io/apache-tomcat-10.0.5/conf/Catalina/localhost/ROOT.xml] has finished in [173] ms
16-Feb-2022 18:17:16.231 INFO [main] org.apache.catalina.startup.HostConfig.deployDirectory Deploying web application directory [/home/pascal/io.rastered/rastered.io/apache-tomcat-10.0.5/webapps/host-manager]
16-Feb-2022 18:17:16.253 INFO [main] org.apache.catalina.startup.HostConfig.deployDirectory Deployment of web application directory [/home/pascal/io.rastered/rastered.io/apache-tomcat-10.0.5/webapps/host-manager] has finished in [23] ms
16-Feb-2022 18:17:16.254 INFO [main] org.apache.catalina.startup.HostConfig.deployDirectory Deploying web application directory [/home/pascal/io.rastered/rastered.io/apache-tomcat-10.0.5/webapps/manager]
16-Feb-2022 18:17:16.277 INFO [main] org.apache.catalina.startup.HostConfig.deployDirectory Deployment of web application directory [/home/pascal/io.rastered/rastered.io/apache-tomcat-10.0.5/webapps/manager] has finished in [23] ms
16-Feb-2022 18:17:16.278 INFO [main] org.apache.catalina.startup.HostConfig.deployDirectory Deploying web application directory [/home/pascal/io.rastered/rastered.io/apache-tomcat-10.0.5/webapps/examples]
16-Feb-2022 18:17:16.417 INFO [main] org.apache.catalina.startup.HostConfig.deployDirectory Deployment of web application directory [/home/pascal/io.rastered/rastered.io/apache-tomcat-10.0.5/webapps/examples] has finished in [139] ms
16-Feb-2022 18:17:16.417 INFO [main] org.apache.catalina.startup.HostConfig.deployDirectory Deploying web application directory [/home/pascal/io.rastered/rastered.io/apache-tomcat-10.0.5/webapps/docs]
16-Feb-2022 18:17:16.429 INFO [main] org.apache.catalina.startup.HostConfig.deployDirectory Deployment of web application directory [/home/pascal/io.rastered/rastered.io/apache-tomcat-10.0.5/webapps/docs] has finished in [12] ms
16-Feb-2022 18:17:16.431 INFO [main] org.apache.coyote.AbstractProtocol.start Starting ProtocolHandler ["http-nio-8080"]
16-Feb-2022 18:17:16.442 INFO [main] org.apache.catalina.startup.Catalina.start Server startup in [415] milliseconds
16-Feb-2022 18:20:08.492 INFO [main] org.apache.catalina.core.StandardServer.await A valid shutdown command was received via the shutdown port. Stopping the Server instance.
16-Feb-2022 18:20:08.492 INFO [main] org.apache.coyote.AbstractProtocol.pause Pausing ProtocolHandler ["http-nio-8080"]
16-Feb-2022 18:20:08.493 INFO [main] org.apache.catalina.core.StandardService.stopInternal Stopping service [Catalina]
16-Feb-2022 18:20:08.507 INFO [main] org.apache.coyote.AbstractProtocol.stop Stopping ProtocolHandler ["http-nio-8080"]
16-Feb-2022 18:20:08.545 INFO [main] org.apache.coyote.AbstractProtocol.destroy Destroying ProtocolHandler ["http-nio-8080"]
16-Feb-2022 18:20:19.027 INFO [main] org.apache.catalina.startup.VersionLoggerListener.log Server version name:   Apache Tomcat/10.0.5
16-Feb-2022 18:20:19.029 INFO [main] org.apache.catalina.startup.VersionLoggerListener.log Server built:          Mar 30 2021 08:19:50 UTC
16-Feb-2022 18:20:19.029 INFO [main] org.apache.catalina.startup.VersionLoggerListener.log Server version number: 10.0.5.0
16-Feb-2022 18:20:19.029 INFO [main] org.apache.catalina.startup.VersionLoggerListener.log OS Name:               Linux
16-Feb-2022 18:20:19.029 INFO [main] org.apache.catalina.startup.VersionLoggerListener.log OS Version:            5.16.2-arch1-1
16-Feb-2022 18:20:19.030 INFO [main] org.apache.catalina.startup.VersionLoggerListener.log Architecture:          amd64
16-Feb-2022 18:20:19.030 INFO [main] org.apache.catalina.startup.VersionLoggerListener.log Java Home:             /usr/lib/jvm/java-17-openjdk
16-Feb-2022 18:20:19.030 INFO [main] org.apache.catalina.startup.VersionLoggerListener.log JVM Version:           17.0.1+12
16-Feb-2022 18:20:19.030 INFO [main] org.apache.catalina.startup.VersionLoggerListener.log JVM Vendor:            Oracle Corporation
16-Feb-2022 18:20:19.030 INFO [main] org.apache.catalina.startup.VersionLoggerListener.log CATALINA_BASE:         /home/pascal/io.rastered/rastered.io/apache-tomcat-10.0.5
16-Feb-2022 18:20:19.030 INFO [main] org.apache.catalina.startup.VersionLoggerListener.log CATALINA_HOME:         /home/pascal/io.rastered/rastered.io/apache-tomcat-10.0.5
16-Feb-2022 18:20:19.037 INFO [main] org.apache.catalina.startup.VersionLoggerListener.log Command line argument: --add-opens=java.base/java.lang=ALL-UNNAMED
16-Feb-2022 18:20:19.037 INFO [main] org.apache.catalina.startup.VersionLoggerListener.log Command line argument: --add-opens=java.base/java.io=ALL-UNNAMED
16-Feb-2022 18:20:19.037 INFO [main] org.apache.catalina.startup.VersionLoggerListener.log Command line argument: --add-opens=java.base/java.util=ALL-UNNAMED
16-Feb-2022 18:20:19.037 INFO [main] org.apache.catalina.startup.VersionLoggerListener.log Command line argument: --add-opens=java.base/java.util.concurrent=ALL-UNNAMED
16-Feb-2022 18:20:19.037 INFO [main] org.apache.catalina.startup.VersionLoggerListener.log Command line argument: --add-opens=java.rmi/sun.rmi.transport=ALL-UNNAMED
16-Feb-2022 18:20:19.037 INFO [main] org.apache.catalina.startup.VersionLoggerListener.log Command line argument: -Djava.util.logging.config.file=/home/pascal/io.rastered/rastered.io/apache-tomcat-10.0.5/conf/logging.properties
16-Feb-2022 18:20:19.037 INFO [main] org.apache.catalina.startup.VersionLoggerListener.log Command line argument: -Djava.util.logging.manager=org.apache.juli.ClassLoaderLogManager
16-Feb-2022 18:20:19.037 INFO [main] org.apache.catalina.startup.VersionLoggerListener.log Command line argument: -Dhttp.nonProxyHosts=localhost|127.0.0.1|9570-arch
16-Feb-2022 18:20:19.037 INFO [main] org.apache.catalina.startup.VersionLoggerListener.log Command line argument: -Djdk.tls.ephemeralDHKeySize=2048
16-Feb-2022 18:20:19.038 INFO [main] org.apache.catalina.startup.VersionLoggerListener.log Command line argument: -Djava.protocol.handler.pkgs=org.apache.catalina.webresources
16-Feb-2022 18:20:19.038 INFO [main] org.apache.catalina.startup.VersionLoggerListener.log Command line argument: -Dorg.apache.catalina.security.SecurityListener.UMASK=0027
16-Feb-2022 18:20:19.038 INFO [main] org.apache.catalina.startup.VersionLoggerListener.log Command line argument: -Dignore.endorsed.dirs=
16-Feb-2022 18:20:19.038 INFO [main] org.apache.catalina.startup.VersionLoggerListener.log Command line argument: -Dcatalina.base=/home/pascal/io.rastered/rastered.io/apache-tomcat-10.0.5
16-Feb-2022 18:20:19.038 INFO [main] org.apache.catalina.startup.VersionLoggerListener.log Command line argument: -Dcatalina.home=/home/pascal/io.rastered/rastered.io/apache-tomcat-10.0.5
16-Feb-2022 18:20:19.038 INFO [main] org.apache.catalina.startup.VersionLoggerListener.log Command line argument: -Djava.io.tmpdir=/home/pascal/io.rastered/rastered.io/apache-tomcat-10.0.5/temp
16-Feb-2022 18:20:19.039 INFO [main] org.apache.catalina.core.AprLifecycleListener.lifecycleEvent The Apache Tomcat Native library which allows using OpenSSL was not found on the java.library.path: [/usr/java/packages/lib:/usr/lib64:/lib64:/lib:/usr/lib]
16-Feb-2022 18:20:19.231 INFO [main] org.apache.coyote.AbstractProtocol.init Initializing ProtocolHandler ["http-nio-8080"]
16-Feb-2022 18:20:19.247 INFO [main] org.apache.catalina.startup.Catalina.load Server initialization in [323] milliseconds
16-Feb-2022 18:20:19.270 INFO [main] org.apache.catalina.core.StandardService.startInternal Starting service [Catalina]
16-Feb-2022 18:20:19.270 INFO [main] org.apache.catalina.core.StandardEngine.startInternal Starting Servlet engine: [Apache Tomcat/10.0.5]
16-Feb-2022 18:20:19.274 INFO [main] org.apache.catalina.startup.HostConfig.deployDescriptor Deploying deployment descriptor [/home/pascal/io.rastered/rastered.io/apache-tomcat-10.0.5/conf/Catalina/localhost/ROOT.xml]
16-Feb-2022 18:20:19.284 WARNING [main] org.apache.catalina.startup.HostConfig.deployDescriptor The path attribute with value [] in deployment descriptor [/home/pascal/io.rastered/rastered.io/apache-tomcat-10.0.5/conf/Catalina/localhost/ROOT.xml] has been ignored
16-Feb-2022 18:20:19.425 INFO [main] org.apache.jasper.servlet.TldScanner.scanJars At least one JAR was scanned for TLDs yet contained no TLDs. Enable debug logging for this logger for a complete list of JARs that were scanned but no TLDs were found in them. Skipping unneeded JARs during scanning can improve startup time and JSP compilation time.
16-Feb-2022 18:20:19.451 INFO [main] org.apache.catalina.startup.HostConfig.deployDescriptor Deployment of deployment descriptor [/home/pascal/io.rastered/rastered.io/apache-tomcat-10.0.5/conf/Catalina/localhost/ROOT.xml] has finished in [177] ms
16-Feb-2022 18:20:19.452 INFO [main] org.apache.catalina.startup.HostConfig.deployDirectory Deploying web application directory [/home/pascal/io.rastered/rastered.io/apache-tomcat-10.0.5/webapps/host-manager]
16-Feb-2022 18:20:19.478 INFO [main] org.apache.catalina.startup.HostConfig.deployDirectory Deployment of web application directory [/home/pascal/io.rastered/rastered.io/apache-tomcat-10.0.5/webapps/host-manager] has finished in [26] ms
16-Feb-2022 18:20:19.478 INFO [main] org.apache.catalina.startup.HostConfig.deployDirectory Deploying web application directory [/home/pascal/io.rastered/rastered.io/apache-tomcat-10.0.5/webapps/manager]
16-Feb-2022 18:20:19.495 INFO [main] org.apache.catalina.startup.HostConfig.deployDirectory Deployment of web application directory [/home/pascal/io.rastered/rastered.io/apache-tomcat-10.0.5/webapps/manager] has finished in [17] ms
16-Feb-2022 18:20:19.496 INFO [main] org.apache.catalina.startup.HostConfig.deployDirectory Deploying web application directory [/home/pascal/io.rastered/rastered.io/apache-tomcat-10.0.5/webapps/examples]
16-Feb-2022 18:20:19.618 INFO [main] org.apache.catalina.startup.HostConfig.deployDirectory Deployment of web application directory [/home/pascal/io.rastered/rastered.io/apache-tomcat-10.0.5/webapps/examples] has finished in [122] ms
16-Feb-2022 18:20:19.618 INFO [main] org.apache.catalina.startup.HostConfig.deployDirectory Deploying web application directory [/home/pascal/io.rastered/rastered.io/apache-tomcat-10.0.5/webapps/docs]
16-Feb-2022 18:20:19.634 INFO [main] org.apache.catalina.startup.HostConfig.deployDirectory Deployment of web application directory [/home/pascal/io.rastered/rastered.io/apache-tomcat-10.0.5/webapps/docs] has finished in [16] ms
16-Feb-2022 18:20:19.637 INFO [main] org.apache.coyote.AbstractProtocol.start Starting ProtocolHandler ["http-nio-8080"]
16-Feb-2022 18:20:19.645 INFO [main] org.apache.catalina.startup.Catalina.start Server startup in [398] milliseconds
16-Feb-2022 18:21:25.313 INFO [main] org.apache.catalina.core.StandardServer.await A valid shutdown command was received via the shutdown port. Stopping the Server instance.
16-Feb-2022 18:21:25.313 INFO [main] org.apache.coyote.AbstractProtocol.pause Pausing ProtocolHandler ["http-nio-8080"]
16-Feb-2022 18:21:25.319 INFO [main] org.apache.catalina.core.StandardService.stopInternal Stopping service [Catalina]
16-Feb-2022 18:21:25.334 INFO [main] org.apache.coyote.AbstractProtocol.stop Stopping ProtocolHandler ["http-nio-8080"]
16-Feb-2022 18:21:25.366 INFO [main] org.apache.coyote.AbstractProtocol.destroy Destroying ProtocolHandler ["http-nio-8080"]
16-Feb-2022 18:21:34.635 INFO [main] org.apache.catalina.startup.VersionLoggerListener.log Server version name:   Apache Tomcat/10.0.5
16-Feb-2022 18:21:34.638 INFO [main] org.apache.catalina.startup.VersionLoggerListener.log Server built:          Mar 30 2021 08:19:50 UTC
16-Feb-2022 18:21:34.638 INFO [main] org.apache.catalina.startup.VersionLoggerListener.log Server version number: 10.0.5.0
16-Feb-2022 18:21:34.638 INFO [main] org.apache.catalina.startup.VersionLoggerListener.log OS Name:               Linux
16-Feb-2022 18:21:34.638 INFO [main] org.apache.catalina.startup.VersionLoggerListener.log OS Version:            5.16.2-arch1-1
16-Feb-2022 18:21:34.638 INFO [main] org.apache.catalina.startup.VersionLoggerListener.log Architecture:          amd64
16-Feb-2022 18:21:34.638 INFO [main] org.apache.catalina.startup.VersionLoggerListener.log Java Home:             /usr/lib/jvm/java-17-openjdk
16-Feb-2022 18:21:34.638 INFO [main] org.apache.catalina.startup.VersionLoggerListener.log JVM Version:           17.0.1+12
16-Feb-2022 18:21:34.638 INFO [main] org.apache.catalina.startup.VersionLoggerListener.log JVM Vendor:            Oracle Corporation
16-Feb-2022 18:21:34.639 INFO [main] org.apache.catalina.startup.VersionLoggerListener.log CATALINA_BASE:         /home/pascal/io.rastered/rastered.io/apache-tomcat-10.0.5
16-Feb-2022 18:21:34.639 INFO [main] org.apache.catalina.startup.VersionLoggerListener.log CATALINA_HOME:         /home/pascal/io.rastered/rastered.io/apache-tomcat-10.0.5
16-Feb-2022 18:21:34.646 INFO [main] org.apache.catalina.startup.VersionLoggerListener.log Command line argument: --add-opens=java.base/java.lang=ALL-UNNAMED
16-Feb-2022 18:21:34.646 INFO [main] org.apache.catalina.startup.VersionLoggerListener.log Command line argument: --add-opens=java.base/java.io=ALL-UNNAMED
16-Feb-2022 18:21:34.646 INFO [main] org.apache.catalina.startup.VersionLoggerListener.log Command line argument: --add-opens=java.base/java.util=ALL-UNNAMED
16-Feb-2022 18:21:34.646 INFO [main] org.apache.catalina.startup.VersionLoggerListener.log Command line argument: --add-opens=java.base/java.util.concurrent=ALL-UNNAMED
16-Feb-2022 18:21:34.646 INFO [main] org.apache.catalina.startup.VersionLoggerListener.log Command line argument: --add-opens=java.rmi/sun.rmi.transport=ALL-UNNAMED
16-Feb-2022 18:21:34.646 INFO [main] org.apache.catalina.startup.VersionLoggerListener.log Command line argument: -Djava.util.logging.config.file=/home/pascal/io.rastered/rastered.io/apache-tomcat-10.0.5/conf/logging.properties
16-Feb-2022 18:21:34.646 INFO [main] org.apache.catalina.startup.VersionLoggerListener.log Command line argument: -Djava.util.logging.manager=org.apache.juli.ClassLoaderLogManager
16-Feb-2022 18:21:34.646 INFO [main] org.apache.catalina.startup.VersionLoggerListener.log Command line argument: -Dhttp.nonProxyHosts=localhost|127.0.0.1|9570-arch
16-Feb-2022 18:21:34.646 INFO [main] org.apache.catalina.startup.VersionLoggerListener.log Command line argument: -Djdk.tls.ephemeralDHKeySize=2048
16-Feb-2022 18:21:34.646 INFO [main] org.apache.catalina.startup.VersionLoggerListener.log Command line argument: -Djava.protocol.handler.pkgs=org.apache.catalina.webresources
16-Feb-2022 18:21:34.646 INFO [main] org.apache.catalina.startup.VersionLoggerListener.log Command line argument: -Dorg.apache.catalina.security.SecurityListener.UMASK=0027
16-Feb-2022 18:21:34.646 INFO [main] org.apache.catalina.startup.VersionLoggerListener.log Command line argument: -Dignore.endorsed.dirs=
16-Feb-2022 18:21:34.646 INFO [main] org.apache.catalina.startup.VersionLoggerListener.log Command line argument: -Dcatalina.base=/home/pascal/io.rastered/rastered.io/apache-tomcat-10.0.5
16-Feb-2022 18:21:34.647 INFO [main] org.apache.catalina.startup.VersionLoggerListener.log Command line argument: -Dcatalina.home=/home/pascal/io.rastered/rastered.io/apache-tomcat-10.0.5
16-Feb-2022 18:21:34.647 INFO [main] org.apache.catalina.startup.VersionLoggerListener.log Command line argument: -Djava.io.tmpdir=/home/pascal/io.rastered/rastered.io/apache-tomcat-10.0.5/temp
16-Feb-2022 18:21:34.647 INFO [main] org.apache.catalina.core.AprLifecycleListener.lifecycleEvent The Apache Tomcat Native library which allows using OpenSSL was not found on the java.library.path: [/usr/java/packages/lib:/usr/lib64:/lib64:/lib:/usr/lib]
16-Feb-2022 18:21:34.858 INFO [main] org.apache.coyote.AbstractProtocol.init Initializing ProtocolHandler ["http-nio-8080"]
16-Feb-2022 18:21:34.889 INFO [main] org.apache.catalina.startup.Catalina.load Server initialization in [361] milliseconds
16-Feb-2022 18:21:34.930 INFO [main] org.apache.catalina.core.StandardService.startInternal Starting service [Catalina]
16-Feb-2022 18:21:34.930 INFO [main] org.apache.catalina.core.StandardEngine.startInternal Starting Servlet engine: [Apache Tomcat/10.0.5]
16-Feb-2022 18:21:34.936 INFO [main] org.apache.catalina.startup.HostConfig.deployDescriptor Deploying deployment descriptor [/home/pascal/io.rastered/rastered.io/apache-tomcat-10.0.5/conf/Catalina/localhost/ROOT.xml]
16-Feb-2022 18:21:34.945 WARNING [main] org.apache.catalina.startup.HostConfig.deployDescriptor The path attribute with value [] in deployment descriptor [/home/pascal/io.rastered/rastered.io/apache-tomcat-10.0.5/conf/Catalina/localhost/ROOT.xml] has been ignored
16-Feb-2022 18:21:35.089 INFO [main] org.apache.jasper.servlet.TldScanner.scanJars At least one JAR was scanned for TLDs yet contained no TLDs. Enable debug logging for this logger for a complete list of JARs that were scanned but no TLDs were found in them. Skipping unneeded JARs during scanning can improve startup time and JSP compilation time.
16-Feb-2022 18:21:35.116 INFO [main] org.apache.catalina.startup.HostConfig.deployDescriptor Deployment of deployment descriptor [/home/pascal/io.rastered/rastered.io/apache-tomcat-10.0.5/conf/Catalina/localhost/ROOT.xml] has finished in [180] ms
16-Feb-2022 18:21:35.116 INFO [main] org.apache.catalina.startup.HostConfig.deployDirectory Deploying web application directory [/home/pascal/io.rastered/rastered.io/apache-tomcat-10.0.5/webapps/host-manager]
16-Feb-2022 18:21:35.145 INFO [main] org.apache.catalina.startup.HostConfig.deployDirectory Deployment of web application directory [/home/pascal/io.rastered/rastered.io/apache-tomcat-10.0.5/webapps/host-manager] has finished in [28] ms
16-Feb-2022 18:21:35.145 INFO [main] org.apache.catalina.startup.HostConfig.deployDirectory Deploying web application directory [/home/pascal/io.rastered/rastered.io/apache-tomcat-10.0.5/webapps/manager]
16-Feb-2022 18:21:35.169 INFO [main] org.apache.catalina.startup.HostConfig.deployDirectory Deployment of web application directory [/home/pascal/io.rastered/rastered.io/apache-tomcat-10.0.5/webapps/manager] has finished in [24] ms
16-Feb-2022 18:21:35.169 INFO [main] org.apache.catalina.startup.HostConfig.deployDirectory Deploying web application directory [/home/pascal/io.rastered/rastered.io/apache-tomcat-10.0.5/webapps/examples]
16-Feb-2022 18:21:35.298 INFO [main] org.apache.catalina.startup.HostConfig.deployDirectory Deployment of web application directory [/home/pascal/io.rastered/rastered.io/apache-tomcat-10.0.5/webapps/examples] has finished in [129] ms
16-Feb-2022 18:21:35.298 INFO [main] org.apache.catalina.startup.HostConfig.deployDirectory Deploying web application directory [/home/pascal/io.rastered/rastered.io/apache-tomcat-10.0.5/webapps/docs]
16-Feb-2022 18:21:35.312 INFO [main] org.apache.catalina.startup.HostConfig.deployDirectory Deployment of web application directory [/home/pascal/io.rastered/rastered.io/apache-tomcat-10.0.5/webapps/docs] has finished in [14] ms
16-Feb-2022 18:21:35.314 INFO [main] org.apache.coyote.AbstractProtocol.start Starting ProtocolHandler ["http-nio-8080"]
16-Feb-2022 18:21:35.320 INFO [main] org.apache.catalina.startup.Catalina.start Server startup in [431] milliseconds
16-Feb-2022 18:23:51.065 INFO [main] org.apache.catalina.core.StandardServer.await A valid shutdown command was received via the shutdown port. Stopping the Server instance.
16-Feb-2022 18:23:51.065 INFO [main] org.apache.coyote.AbstractProtocol.pause Pausing ProtocolHandler ["http-nio-8080"]
16-Feb-2022 18:23:51.066 INFO [main] org.apache.catalina.core.StandardService.stopInternal Stopping service [Catalina]
16-Feb-2022 18:23:51.079 INFO [main] org.apache.coyote.AbstractProtocol.stop Stopping ProtocolHandler ["http-nio-8080"]
16-Feb-2022 18:23:51.118 INFO [main] org.apache.coyote.AbstractProtocol.destroy Destroying ProtocolHandler ["http-nio-8080"]
16-Feb-2022 18:23:56.958 INFO [main] org.apache.catalina.startup.VersionLoggerListener.log Server version name:   Apache Tomcat/10.0.5
16-Feb-2022 18:23:56.961 INFO [main] org.apache.catalina.startup.VersionLoggerListener.log Server built:          Mar 30 2021 08:19:50 UTC
16-Feb-2022 18:23:56.961 INFO [main] org.apache.catalina.startup.VersionLoggerListener.log Server version number: 10.0.5.0
16-Feb-2022 18:23:56.961 INFO [main] org.apache.catalina.startup.VersionLoggerListener.log OS Name:               Linux
16-Feb-2022 18:23:56.961 INFO [main] org.apache.catalina.startup.VersionLoggerListener.log OS Version:            5.16.2-arch1-1
16-Feb-2022 18:23:56.962 INFO [main] org.apache.catalina.startup.VersionLoggerListener.log Architecture:          amd64
16-Feb-2022 18:23:56.962 INFO [main] org.apache.catalina.startup.VersionLoggerListener.log Java Home:             /usr/lib/jvm/java-17-openjdk
16-Feb-2022 18:23:56.962 INFO [main] org.apache.catalina.startup.VersionLoggerListener.log JVM Version:           17.0.1+12
16-Feb-2022 18:23:56.962 INFO [main] org.apache.catalina.startup.VersionLoggerListener.log JVM Vendor:            Oracle Corporation
16-Feb-2022 18:23:56.962 INFO [main] org.apache.catalina.startup.VersionLoggerListener.log CATALINA_BASE:         /home/pascal/io.rastered/rastered.io/apache-tomcat-10.0.5
16-Feb-2022 18:23:56.962 INFO [main] org.apache.catalina.startup.VersionLoggerListener.log CATALINA_HOME:         /home/pascal/io.rastered/rastered.io/apache-tomcat-10.0.5
16-Feb-2022 18:23:56.970 INFO [main] org.apache.catalina.startup.VersionLoggerListener.log Command line argument: --add-opens=java.base/java.lang=ALL-UNNAMED
16-Feb-2022 18:23:56.970 INFO [main] org.apache.catalina.startup.VersionLoggerListener.log Command line argument: --add-opens=java.base/java.io=ALL-UNNAMED
16-Feb-2022 18:23:56.970 INFO [main] org.apache.catalina.startup.VersionLoggerListener.log Command line argument: --add-opens=java.base/java.util=ALL-UNNAMED
16-Feb-2022 18:23:56.970 INFO [main] org.apache.catalina.startup.VersionLoggerListener.log Command line argument: --add-opens=java.base/java.util.concurrent=ALL-UNNAMED
16-Feb-2022 18:23:56.970 INFO [main] org.apache.catalina.startup.VersionLoggerListener.log Command line argument: --add-opens=java.rmi/sun.rmi.transport=ALL-UNNAMED
16-Feb-2022 18:23:56.970 INFO [main] org.apache.catalina.startup.VersionLoggerListener.log Command line argument: -Djava.util.logging.config.file=/home/pascal/io.rastered/rastered.io/apache-tomcat-10.0.5/conf/logging.properties
16-Feb-2022 18:23:56.970 INFO [main] org.apache.catalina.startup.VersionLoggerListener.log Command line argument: -Djava.util.logging.manager=org.apache.juli.ClassLoaderLogManager
16-Feb-2022 18:23:56.970 INFO [main] org.apache.catalina.startup.VersionLoggerListener.log Command line argument: -Dhttp.nonProxyHosts=localhost|127.0.0.1|9570-arch
16-Feb-2022 18:23:56.970 INFO [main] org.apache.catalina.startup.VersionLoggerListener.log Command line argument: -Djdk.tls.ephemeralDHKeySize=2048
16-Feb-2022 18:23:56.970 INFO [main] org.apache.catalina.startup.VersionLoggerListener.log Command line argument: -Djava.protocol.handler.pkgs=org.apache.catalina.webresources
16-Feb-2022 18:23:56.970 INFO [main] org.apache.catalina.startup.VersionLoggerListener.log Command line argument: -Dorg.apache.catalina.security.SecurityListener.UMASK=0027
16-Feb-2022 18:23:56.970 INFO [main] org.apache.catalina.startup.VersionLoggerListener.log Command line argument: -Dignore.endorsed.dirs=
16-Feb-2022 18:23:56.970 INFO [main] org.apache.catalina.startup.VersionLoggerListener.log Command line argument: -Dcatalina.base=/home/pascal/io.rastered/rastered.io/apache-tomcat-10.0.5
16-Feb-2022 18:23:56.970 INFO [main] org.apache.catalina.startup.VersionLoggerListener.log Command line argument: -Dcatalina.home=/home/pascal/io.rastered/rastered.io/apache-tomcat-10.0.5
16-Feb-2022 18:23:56.971 INFO [main] org.apache.catalina.startup.VersionLoggerListener.log Command line argument: -Djava.io.tmpdir=/home/pascal/io.rastered/rastered.io/apache-tomcat-10.0.5/temp
16-Feb-2022 18:23:56.971 INFO [main] org.apache.catalina.core.AprLifecycleListener.lifecycleEvent The Apache Tomcat Native library which allows using OpenSSL was not found on the java.library.path: [/usr/java/packages/lib:/usr/lib64:/lib64:/lib:/usr/lib]
16-Feb-2022 18:23:57.183 INFO [main] org.apache.coyote.AbstractProtocol.init Initializing ProtocolHandler ["http-nio-8080"]
16-Feb-2022 18:23:57.205 INFO [main] org.apache.catalina.startup.Catalina.load Server initialization in [357] milliseconds
16-Feb-2022 18:23:57.240 INFO [main] org.apache.catalina.core.StandardService.startInternal Starting service [Catalina]
16-Feb-2022 18:23:57.240 INFO [main] org.apache.catalina.core.StandardEngine.startInternal Starting Servlet engine: [Apache Tomcat/10.0.5]
16-Feb-2022 18:23:57.250 INFO [main] org.apache.catalina.startup.HostConfig.deployDescriptor Deploying deployment descriptor [/home/pascal/io.rastered/rastered.io/apache-tomcat-10.0.5/conf/Catalina/localhost/ROOT.xml]
16-Feb-2022 18:23:57.267 WARNING [main] org.apache.catalina.startup.HostConfig.deployDescriptor The path attribute with value [] in deployment descriptor [/home/pascal/io.rastered/rastered.io/apache-tomcat-10.0.5/conf/Catalina/localhost/ROOT.xml] has been ignored
16-Feb-2022 18:23:57.437 INFO [main] org.apache.jasper.servlet.TldScanner.scanJars At least one JAR was scanned for TLDs yet contained no TLDs. Enable debug logging for this logger for a complete list of JARs that were scanned but no TLDs were found in them. Skipping unneeded JARs during scanning can improve startup time and JSP compilation time.
16-Feb-2022 18:23:57.467 INFO [main] org.apache.catalina.startup.HostConfig.deployDescriptor Deployment of deployment descriptor [/home/pascal/io.rastered/rastered.io/apache-tomcat-10.0.5/conf/Catalina/localhost/ROOT.xml] has finished in [217] ms
16-Feb-2022 18:23:57.467 INFO [main] org.apache.catalina.startup.HostConfig.deployDirectory Deploying web application directory [/home/pascal/io.rastered/rastered.io/apache-tomcat-10.0.5/webapps/host-manager]
16-Feb-2022 18:23:57.497 INFO [main] org.apache.catalina.startup.HostConfig.deployDirectory Deployment of web application directory [/home/pascal/io.rastered/rastered.io/apache-tomcat-10.0.5/webapps/host-manager] has finished in [30] ms
16-Feb-2022 18:23:57.497 INFO [main] org.apache.catalina.startup.HostConfig.deployDirectory Deploying web application directory [/home/pascal/io.rastered/rastered.io/apache-tomcat-10.0.5/webapps/manager]
16-Feb-2022 18:23:57.516 INFO [main] org.apache.catalina.startup.HostConfig.deployDirectory Deployment of web application directory [/home/pascal/io.rastered/rastered.io/apache-tomcat-10.0.5/webapps/manager] has finished in [19] ms
16-Feb-2022 18:23:57.516 INFO [main] org.apache.catalina.startup.HostConfig.deployDirectory Deploying web application directory [/home/pascal/io.rastered/rastered.io/apache-tomcat-10.0.5/webapps/examples]
16-Feb-2022 18:23:57.642 INFO [main] org.apache.catalina.startup.HostConfig.deployDirectory Deployment of web application directory [/home/pascal/io.rastered/rastered.io/apache-tomcat-10.0.5/webapps/examples] has finished in [126] ms
16-Feb-2022 18:23:57.642 INFO [main] org.apache.catalina.startup.HostConfig.deployDirectory Deploying web application directory [/home/pascal/io.rastered/rastered.io/apache-tomcat-10.0.5/webapps/docs]
16-Feb-2022 18:23:57.656 INFO [main] org.apache.catalina.startup.HostConfig.deployDirectory Deployment of web application directory [/home/pascal/io.rastered/rastered.io/apache-tomcat-10.0.5/webapps/docs] has finished in [14] ms
16-Feb-2022 18:23:57.658 INFO [main] org.apache.coyote.AbstractProtocol.start Starting ProtocolHandler ["http-nio-8080"]
16-Feb-2022 18:23:57.665 INFO [main] org.apache.catalina.startup.Catalina.start Server startup in [459] milliseconds
16-Feb-2022 18:25:29.412 INFO [main] org.apache.catalina.core.StandardServer.await A valid shutdown command was received via the shutdown port. Stopping the Server instance.
16-Feb-2022 18:25:29.412 INFO [main] org.apache.coyote.AbstractProtocol.pause Pausing ProtocolHandler ["http-nio-8080"]
16-Feb-2022 18:25:29.413 INFO [main] org.apache.catalina.core.StandardService.stopInternal Stopping service [Catalina]
16-Feb-2022 18:25:29.426 INFO [main] org.apache.coyote.AbstractProtocol.stop Stopping ProtocolHandler ["http-nio-8080"]
16-Feb-2022 18:25:29.465 INFO [main] org.apache.coyote.AbstractProtocol.destroy Destroying ProtocolHandler ["http-nio-8080"]
