12-Dec-2021 19:44:48.298 INFO [main] org.apache.catalina.startup.VersionLoggerListener.log Server version name:   Apache Tomcat/10.0.5
12-Dec-2021 19:44:48.314 INFO [main] org.apache.catalina.startup.VersionLoggerListener.log Server built:          Mar 30 2021 08:19:50 UTC
12-Dec-2021 19:44:48.315 INFO [main] org.apache.catalina.startup.VersionLoggerListener.log Server version number: 10.0.5.0
12-Dec-2021 19:44:48.315 INFO [main] org.apache.catalina.startup.VersionLoggerListener.log OS Name:               Linux
12-Dec-2021 19:44:48.316 INFO [main] org.apache.catalina.startup.VersionLoggerListener.log OS Version:            5.12.7-arch1-1
12-Dec-2021 19:44:48.317 INFO [main] org.apache.catalina.startup.VersionLoggerListener.log Architecture:          amd64
12-Dec-2021 19:44:48.317 INFO [main] org.apache.catalina.startup.VersionLoggerListener.log Java Home:             /usr/lib/jvm/java-15-openjdk
12-Dec-2021 19:44:48.318 INFO [main] org.apache.catalina.startup.VersionLoggerListener.log JVM Version:           15.0.2+7
12-Dec-2021 19:44:48.318 INFO [main] org.apache.catalina.startup.VersionLoggerListener.log JVM Vendor:            Oracle Corporation
12-Dec-2021 19:44:48.319 INFO [main] org.apache.catalina.startup.VersionLoggerListener.log CATALINA_BASE:         /home/sk/io.rastered/rastered.io/apache-tomcat-10.0.5
12-Dec-2021 19:44:48.319 INFO [main] org.apache.catalina.startup.VersionLoggerListener.log CATALINA_HOME:         /home/sk/io.rastered/rastered.io/apache-tomcat-10.0.5
12-Dec-2021 19:44:48.347 INFO [main] org.apache.catalina.startup.VersionLoggerListener.log Command line argument: --add-opens=java.base/java.lang=ALL-UNNAMED
12-Dec-2021 19:44:48.348 INFO [main] org.apache.catalina.startup.VersionLoggerListener.log Command line argument: --add-opens=java.base/java.io=ALL-UNNAMED
12-Dec-2021 19:44:48.348 INFO [main] org.apache.catalina.startup.VersionLoggerListener.log Command line argument: --add-opens=java.base/java.util=ALL-UNNAMED
12-Dec-2021 19:44:48.348 INFO [main] org.apache.catalina.startup.VersionLoggerListener.log Command line argument: --add-opens=java.base/java.util.concurrent=ALL-UNNAMED
12-Dec-2021 19:44:48.348 INFO [main] org.apache.catalina.startup.VersionLoggerListener.log Command line argument: --add-opens=java.rmi/sun.rmi.transport=ALL-UNNAMED
12-Dec-2021 19:44:48.349 INFO [main] org.apache.catalina.startup.VersionLoggerListener.log Command line argument: -Djava.util.logging.config.file=/home/sk/io.rastered/rastered.io/apache-tomcat-10.0.5/conf/logging.properties
12-Dec-2021 19:44:48.349 INFO [main] org.apache.catalina.startup.VersionLoggerListener.log Command line argument: -Djava.util.logging.manager=org.apache.juli.ClassLoaderLogManager
12-Dec-2021 19:44:48.349 INFO [main] org.apache.catalina.startup.VersionLoggerListener.log Command line argument: -Dhttp.nonProxyHosts=localhost|127.0.0.1|vmarch
12-Dec-2021 19:44:48.349 INFO [main] org.apache.catalina.startup.VersionLoggerListener.log Command line argument: -Djdk.tls.ephemeralDHKeySize=2048
12-Dec-2021 19:44:48.350 INFO [main] org.apache.catalina.startup.VersionLoggerListener.log Command line argument: -Djava.protocol.handler.pkgs=org.apache.catalina.webresources
12-Dec-2021 19:44:48.350 INFO [main] org.apache.catalina.startup.VersionLoggerListener.log Command line argument: -Dorg.apache.catalina.security.SecurityListener.UMASK=0027
12-Dec-2021 19:44:48.350 INFO [main] org.apache.catalina.startup.VersionLoggerListener.log Command line argument: -agentlib:jdwp=transport=dt_socket,address=11550,server=y,suspend=n
12-Dec-2021 19:44:48.350 INFO [main] org.apache.catalina.startup.VersionLoggerListener.log Command line argument: -Dignore.endorsed.dirs=
12-Dec-2021 19:44:48.351 INFO [main] org.apache.catalina.startup.VersionLoggerListener.log Command line argument: -Dcatalina.base=/home/sk/io.rastered/rastered.io/apache-tomcat-10.0.5
12-Dec-2021 19:44:48.351 INFO [main] org.apache.catalina.startup.VersionLoggerListener.log Command line argument: -Dcatalina.home=/home/sk/io.rastered/rastered.io/apache-tomcat-10.0.5
12-Dec-2021 19:44:48.355 INFO [main] org.apache.catalina.startup.VersionLoggerListener.log Command line argument: -Djava.io.tmpdir=/home/sk/io.rastered/rastered.io/apache-tomcat-10.0.5/temp
12-Dec-2021 19:44:48.360 INFO [main] org.apache.catalina.core.AprLifecycleListener.lifecycleEvent The Apache Tomcat Native library which allows using OpenSSL was not found on the java.library.path: [/usr/java/packages/lib:/usr/lib64:/lib64:/lib:/usr/lib]
12-Dec-2021 19:44:49.164 INFO [main] org.apache.coyote.AbstractProtocol.init Initializing ProtocolHandler ["http-nio-8080"]
12-Dec-2021 19:44:49.217 INFO [main] org.apache.catalina.startup.Catalina.load Server initialization in [1495] milliseconds
12-Dec-2021 19:44:49.332 INFO [main] org.apache.catalina.core.StandardService.startInternal Starting service [Catalina]
12-Dec-2021 19:44:49.332 INFO [main] org.apache.catalina.core.StandardEngine.startInternal Starting Servlet engine: [Apache Tomcat/10.0.5]
12-Dec-2021 19:44:49.358 INFO [main] org.apache.catalina.startup.HostConfig.deployDescriptor Deploying deployment descriptor [/home/sk/io.rastered/rastered.io/apache-tomcat-10.0.5/conf/Catalina/localhost/ROOT.xml]
12-Dec-2021 19:44:49.419 WARNING [main] org.apache.catalina.startup.HostConfig.deployDescriptor The path attribute with value [] in deployment descriptor [/home/sk/io.rastered/rastered.io/apache-tomcat-10.0.5/conf/Catalina/localhost/ROOT.xml] has been ignored
12-Dec-2021 19:44:50.198 INFO [main] org.apache.jasper.servlet.TldScanner.scanJars At least one JAR was scanned for TLDs yet contained no TLDs. Enable debug logging for this logger for a complete list of JARs that were scanned but no TLDs were found in them. Skipping unneeded JARs during scanning can improve startup time and JSP compilation time.
12-Dec-2021 19:44:50.333 INFO [main] org.apache.catalina.startup.HostConfig.deployDescriptor Deployment of deployment descriptor [/home/sk/io.rastered/rastered.io/apache-tomcat-10.0.5/conf/Catalina/localhost/ROOT.xml] has finished in [975] ms
12-Dec-2021 19:44:50.335 INFO [main] org.apache.catalina.startup.HostConfig.deployDirectory Deploying web application directory [/home/sk/io.rastered/rastered.io/apache-tomcat-10.0.5/webapps/host-manager]
12-Dec-2021 19:44:50.479 INFO [main] org.apache.catalina.startup.HostConfig.deployDirectory Deployment of web application directory [/home/sk/io.rastered/rastered.io/apache-tomcat-10.0.5/webapps/host-manager] has finished in [145] ms
12-Dec-2021 19:44:50.480 INFO [main] org.apache.catalina.startup.HostConfig.deployDirectory Deploying web application directory [/home/sk/io.rastered/rastered.io/apache-tomcat-10.0.5/webapps/examples]
12-Dec-2021 19:44:51.210 INFO [main] org.apache.catalina.startup.HostConfig.deployDirectory Deployment of web application directory [/home/sk/io.rastered/rastered.io/apache-tomcat-10.0.5/webapps/examples] has finished in [730] ms
12-Dec-2021 19:44:51.211 INFO [main] org.apache.catalina.startup.HostConfig.deployDirectory Deploying web application directory [/home/sk/io.rastered/rastered.io/apache-tomcat-10.0.5/webapps/docs]
12-Dec-2021 19:44:51.295 INFO [main] org.apache.catalina.startup.HostConfig.deployDirectory Deployment of web application directory [/home/sk/io.rastered/rastered.io/apache-tomcat-10.0.5/webapps/docs] has finished in [84] ms
12-Dec-2021 19:44:51.296 INFO [main] org.apache.catalina.startup.HostConfig.deployDirectory Deploying web application directory [/home/sk/io.rastered/rastered.io/apache-tomcat-10.0.5/webapps/manager]
12-Dec-2021 19:44:51.384 INFO [main] org.apache.catalina.startup.HostConfig.deployDirectory Deployment of web application directory [/home/sk/io.rastered/rastered.io/apache-tomcat-10.0.5/webapps/manager] has finished in [87] ms
12-Dec-2021 19:44:51.410 INFO [main] org.apache.coyote.AbstractProtocol.start Starting ProtocolHandler ["http-nio-8080"]
12-Dec-2021 19:44:51.450 INFO [main] org.apache.catalina.startup.Catalina.start Server startup in [2232] milliseconds
12-Dec-2021 19:44:58.641 INFO [main] org.apache.catalina.core.StandardServer.await A valid shutdown command was received via the shutdown port. Stopping the Server instance.
12-Dec-2021 19:44:58.641 INFO [main] org.apache.coyote.AbstractProtocol.pause Pausing ProtocolHandler ["http-nio-8080"]
12-Dec-2021 19:44:58.651 INFO [main] org.apache.catalina.core.StandardService.stopInternal Stopping service [Catalina]
12-Dec-2021 19:44:58.709 INFO [main] org.apache.coyote.AbstractProtocol.stop Stopping ProtocolHandler ["http-nio-8080"]
12-Dec-2021 19:44:58.752 INFO [main] org.apache.coyote.AbstractProtocol.destroy Destroying ProtocolHandler ["http-nio-8080"]
12-Dec-2021 19:45:16.768 INFO [main] org.apache.catalina.startup.VersionLoggerListener.log Server version name:   Apache Tomcat/10.0.5
12-Dec-2021 19:45:16.777 INFO [main] org.apache.catalina.startup.VersionLoggerListener.log Server built:          Mar 30 2021 08:19:50 UTC
12-Dec-2021 19:45:16.777 INFO [main] org.apache.catalina.startup.VersionLoggerListener.log Server version number: 10.0.5.0
12-Dec-2021 19:45:16.777 INFO [main] org.apache.catalina.startup.VersionLoggerListener.log OS Name:               Linux
12-Dec-2021 19:45:16.778 INFO [main] org.apache.catalina.startup.VersionLoggerListener.log OS Version:            5.12.7-arch1-1
12-Dec-2021 19:45:16.778 INFO [main] org.apache.catalina.startup.VersionLoggerListener.log Architecture:          amd64
12-Dec-2021 19:45:16.778 INFO [main] org.apache.catalina.startup.VersionLoggerListener.log Java Home:             /usr/lib/jvm/java-15-openjdk
12-Dec-2021 19:45:16.778 INFO [main] org.apache.catalina.startup.VersionLoggerListener.log JVM Version:           15.0.2+7
12-Dec-2021 19:45:16.779 INFO [main] org.apache.catalina.startup.VersionLoggerListener.log JVM Vendor:            Oracle Corporation
12-Dec-2021 19:45:16.779 INFO [main] org.apache.catalina.startup.VersionLoggerListener.log CATALINA_BASE:         /home/sk/io.rastered/rastered.io/apache-tomcat-10.0.5
12-Dec-2021 19:45:16.779 INFO [main] org.apache.catalina.startup.VersionLoggerListener.log CATALINA_HOME:         /home/sk/io.rastered/rastered.io/apache-tomcat-10.0.5
12-Dec-2021 19:45:16.811 INFO [main] org.apache.catalina.startup.VersionLoggerListener.log Command line argument: --add-opens=java.base/java.lang=ALL-UNNAMED
12-Dec-2021 19:45:16.811 INFO [main] org.apache.catalina.startup.VersionLoggerListener.log Command line argument: --add-opens=java.base/java.io=ALL-UNNAMED
12-Dec-2021 19:45:16.812 INFO [main] org.apache.catalina.startup.VersionLoggerListener.log Command line argument: --add-opens=java.base/java.util=ALL-UNNAMED
12-Dec-2021 19:45:16.812 INFO [main] org.apache.catalina.startup.VersionLoggerListener.log Command line argument: --add-opens=java.base/java.util.concurrent=ALL-UNNAMED
12-Dec-2021 19:45:16.812 INFO [main] org.apache.catalina.startup.VersionLoggerListener.log Command line argument: --add-opens=java.rmi/sun.rmi.transport=ALL-UNNAMED
12-Dec-2021 19:45:16.812 INFO [main] org.apache.catalina.startup.VersionLoggerListener.log Command line argument: -Djava.util.logging.config.file=/home/sk/io.rastered/rastered.io/apache-tomcat-10.0.5/conf/logging.properties
12-Dec-2021 19:45:16.813 INFO [main] org.apache.catalina.startup.VersionLoggerListener.log Command line argument: -Djava.util.logging.manager=org.apache.juli.ClassLoaderLogManager
12-Dec-2021 19:45:16.813 INFO [main] org.apache.catalina.startup.VersionLoggerListener.log Command line argument: -Dhttp.nonProxyHosts=localhost|127.0.0.1|vmarch
12-Dec-2021 19:45:16.813 INFO [main] org.apache.catalina.startup.VersionLoggerListener.log Command line argument: -Djdk.tls.ephemeralDHKeySize=2048
12-Dec-2021 19:45:16.813 INFO [main] org.apache.catalina.startup.VersionLoggerListener.log Command line argument: -Djava.protocol.handler.pkgs=org.apache.catalina.webresources
12-Dec-2021 19:45:16.814 INFO [main] org.apache.catalina.startup.VersionLoggerListener.log Command line argument: -Dorg.apache.catalina.security.SecurityListener.UMASK=0027
12-Dec-2021 19:45:16.814 INFO [main] org.apache.catalina.startup.VersionLoggerListener.log Command line argument: -Dignore.endorsed.dirs=
12-Dec-2021 19:45:16.814 INFO [main] org.apache.catalina.startup.VersionLoggerListener.log Command line argument: -Dcatalina.base=/home/sk/io.rastered/rastered.io/apache-tomcat-10.0.5
12-Dec-2021 19:45:16.814 INFO [main] org.apache.catalina.startup.VersionLoggerListener.log Command line argument: -Dcatalina.home=/home/sk/io.rastered/rastered.io/apache-tomcat-10.0.5
12-Dec-2021 19:45:16.815 INFO [main] org.apache.catalina.startup.VersionLoggerListener.log Command line argument: -Djava.io.tmpdir=/home/sk/io.rastered/rastered.io/apache-tomcat-10.0.5/temp
12-Dec-2021 19:45:16.820 INFO [main] org.apache.catalina.core.AprLifecycleListener.lifecycleEvent The Apache Tomcat Native library which allows using OpenSSL was not found on the java.library.path: [/usr/java/packages/lib:/usr/lib64:/lib64:/lib:/usr/lib]
12-Dec-2021 19:45:17.464 INFO [main] org.apache.coyote.AbstractProtocol.init Initializing ProtocolHandler ["http-nio-8080"]
12-Dec-2021 19:45:17.513 INFO [main] org.apache.catalina.startup.Catalina.load Server initialization in [1110] milliseconds
12-Dec-2021 19:45:17.594 INFO [main] org.apache.catalina.core.StandardService.startInternal Starting service [Catalina]
12-Dec-2021 19:45:17.595 INFO [main] org.apache.catalina.core.StandardEngine.startInternal Starting Servlet engine: [Apache Tomcat/10.0.5]
12-Dec-2021 19:45:17.606 INFO [main] org.apache.catalina.startup.HostConfig.deployDescriptor Deploying deployment descriptor [/home/sk/io.rastered/rastered.io/apache-tomcat-10.0.5/conf/Catalina/localhost/ROOT.xml]
12-Dec-2021 19:45:17.635 WARNING [main] org.apache.catalina.startup.HostConfig.deployDescriptor The path attribute with value [] in deployment descriptor [/home/sk/io.rastered/rastered.io/apache-tomcat-10.0.5/conf/Catalina/localhost/ROOT.xml] has been ignored
12-Dec-2021 19:45:18.117 INFO [main] org.apache.jasper.servlet.TldScanner.scanJars At least one JAR was scanned for TLDs yet contained no TLDs. Enable debug logging for this logger for a complete list of JARs that were scanned but no TLDs were found in them. Skipping unneeded JARs during scanning can improve startup time and JSP compilation time.
12-Dec-2021 19:45:18.191 INFO [main] org.apache.catalina.startup.HostConfig.deployDescriptor Deployment of deployment descriptor [/home/sk/io.rastered/rastered.io/apache-tomcat-10.0.5/conf/Catalina/localhost/ROOT.xml] has finished in [585] ms
12-Dec-2021 19:45:18.193 INFO [main] org.apache.catalina.startup.HostConfig.deployDirectory Deploying web application directory [/home/sk/io.rastered/rastered.io/apache-tomcat-10.0.5/webapps/host-manager]
12-Dec-2021 19:45:18.257 INFO [main] org.apache.catalina.startup.HostConfig.deployDirectory Deployment of web application directory [/home/sk/io.rastered/rastered.io/apache-tomcat-10.0.5/webapps/host-manager] has finished in [65] ms
12-Dec-2021 19:45:18.258 INFO [main] org.apache.catalina.startup.HostConfig.deployDirectory Deploying web application directory [/home/sk/io.rastered/rastered.io/apache-tomcat-10.0.5/webapps/examples]
12-Dec-2021 19:45:18.664 INFO [main] org.apache.catalina.startup.HostConfig.deployDirectory Deployment of web application directory [/home/sk/io.rastered/rastered.io/apache-tomcat-10.0.5/webapps/examples] has finished in [405] ms
12-Dec-2021 19:45:18.664 INFO [main] org.apache.catalina.startup.HostConfig.deployDirectory Deploying web application directory [/home/sk/io.rastered/rastered.io/apache-tomcat-10.0.5/webapps/docs]
12-Dec-2021 19:45:18.703 INFO [main] org.apache.catalina.startup.HostConfig.deployDirectory Deployment of web application directory [/home/sk/io.rastered/rastered.io/apache-tomcat-10.0.5/webapps/docs] has finished in [39] ms
12-Dec-2021 19:45:18.704 INFO [main] org.apache.catalina.startup.HostConfig.deployDirectory Deploying web application directory [/home/sk/io.rastered/rastered.io/apache-tomcat-10.0.5/webapps/manager]
12-Dec-2021 19:45:18.760 INFO [main] org.apache.catalina.startup.HostConfig.deployDirectory Deployment of web application directory [/home/sk/io.rastered/rastered.io/apache-tomcat-10.0.5/webapps/manager] has finished in [55] ms
12-Dec-2021 19:45:18.766 INFO [main] org.apache.coyote.AbstractProtocol.start Starting ProtocolHandler ["http-nio-8080"]
12-Dec-2021 19:45:18.809 INFO [main] org.apache.catalina.startup.Catalina.start Server startup in [1295] milliseconds
12-Dec-2021 19:59:21.568 INFO [main] org.apache.catalina.core.StandardServer.await A valid shutdown command was received via the shutdown port. Stopping the Server instance.
12-Dec-2021 19:59:21.569 INFO [main] org.apache.coyote.AbstractProtocol.pause Pausing ProtocolHandler ["http-nio-8080"]
12-Dec-2021 19:59:21.571 INFO [main] org.apache.catalina.core.StandardService.stopInternal Stopping service [Catalina]
12-Dec-2021 19:59:21.621 INFO [main] org.apache.coyote.AbstractProtocol.stop Stopping ProtocolHandler ["http-nio-8080"]
12-Dec-2021 19:59:21.678 INFO [main] org.apache.coyote.AbstractProtocol.destroy Destroying ProtocolHandler ["http-nio-8080"]
12-Dec-2021 20:00:43.745 INFO [main] org.apache.catalina.startup.VersionLoggerListener.log Server version name:   Apache Tomcat/10.0.5
12-Dec-2021 20:00:43.752 INFO [main] org.apache.catalina.startup.VersionLoggerListener.log Server built:          Mar 30 2021 08:19:50 UTC
12-Dec-2021 20:00:43.752 INFO [main] org.apache.catalina.startup.VersionLoggerListener.log Server version number: 10.0.5.0
12-Dec-2021 20:00:43.753 INFO [main] org.apache.catalina.startup.VersionLoggerListener.log OS Name:               Linux
12-Dec-2021 20:00:43.753 INFO [main] org.apache.catalina.startup.VersionLoggerListener.log OS Version:            5.12.7-arch1-1
12-Dec-2021 20:00:43.754 INFO [main] org.apache.catalina.startup.VersionLoggerListener.log Architecture:          amd64
12-Dec-2021 20:00:43.754 INFO [main] org.apache.catalina.startup.VersionLoggerListener.log Java Home:             /usr/lib/jvm/java-15-openjdk
12-Dec-2021 20:00:43.754 INFO [main] org.apache.catalina.startup.VersionLoggerListener.log JVM Version:           15.0.2+7
12-Dec-2021 20:00:43.754 INFO [main] org.apache.catalina.startup.VersionLoggerListener.log JVM Vendor:            Oracle Corporation
12-Dec-2021 20:00:43.755 INFO [main] org.apache.catalina.startup.VersionLoggerListener.log CATALINA_BASE:         /home/sk/io.rastered/rastered.io/apache-tomcat-10.0.5
12-Dec-2021 20:00:43.755 INFO [main] org.apache.catalina.startup.VersionLoggerListener.log CATALINA_HOME:         /home/sk/io.rastered/rastered.io/apache-tomcat-10.0.5
12-Dec-2021 20:00:43.790 INFO [main] org.apache.catalina.startup.VersionLoggerListener.log Command line argument: --add-opens=java.base/java.lang=ALL-UNNAMED
12-Dec-2021 20:00:43.790 INFO [main] org.apache.catalina.startup.VersionLoggerListener.log Command line argument: --add-opens=java.base/java.io=ALL-UNNAMED
12-Dec-2021 20:00:43.790 INFO [main] org.apache.catalina.startup.VersionLoggerListener.log Command line argument: --add-opens=java.base/java.util=ALL-UNNAMED
12-Dec-2021 20:00:43.791 INFO [main] org.apache.catalina.startup.VersionLoggerListener.log Command line argument: --add-opens=java.base/java.util.concurrent=ALL-UNNAMED
12-Dec-2021 20:00:43.791 INFO [main] org.apache.catalina.startup.VersionLoggerListener.log Command line argument: --add-opens=java.rmi/sun.rmi.transport=ALL-UNNAMED
12-Dec-2021 20:00:43.791 INFO [main] org.apache.catalina.startup.VersionLoggerListener.log Command line argument: -Djava.util.logging.config.file=/home/sk/io.rastered/rastered.io/apache-tomcat-10.0.5/conf/logging.properties
12-Dec-2021 20:00:43.791 INFO [main] org.apache.catalina.startup.VersionLoggerListener.log Command line argument: -Djava.util.logging.manager=org.apache.juli.ClassLoaderLogManager
12-Dec-2021 20:00:43.791 INFO [main] org.apache.catalina.startup.VersionLoggerListener.log Command line argument: -Dhttp.nonProxyHosts=localhost|127.0.0.1|vmarch
12-Dec-2021 20:00:43.792 INFO [main] org.apache.catalina.startup.VersionLoggerListener.log Command line argument: -Djdk.tls.ephemeralDHKeySize=2048
12-Dec-2021 20:00:43.792 INFO [main] org.apache.catalina.startup.VersionLoggerListener.log Command line argument: -Djava.protocol.handler.pkgs=org.apache.catalina.webresources
12-Dec-2021 20:00:43.792 INFO [main] org.apache.catalina.startup.VersionLoggerListener.log Command line argument: -Dorg.apache.catalina.security.SecurityListener.UMASK=0027
12-Dec-2021 20:00:43.792 INFO [main] org.apache.catalina.startup.VersionLoggerListener.log Command line argument: -Dignore.endorsed.dirs=
12-Dec-2021 20:00:43.793 INFO [main] org.apache.catalina.startup.VersionLoggerListener.log Command line argument: -Dcatalina.base=/home/sk/io.rastered/rastered.io/apache-tomcat-10.0.5
12-Dec-2021 20:00:43.793 INFO [main] org.apache.catalina.startup.VersionLoggerListener.log Command line argument: -Dcatalina.home=/home/sk/io.rastered/rastered.io/apache-tomcat-10.0.5
12-Dec-2021 20:00:43.793 INFO [main] org.apache.catalina.startup.VersionLoggerListener.log Command line argument: -Djava.io.tmpdir=/home/sk/io.rastered/rastered.io/apache-tomcat-10.0.5/temp
12-Dec-2021 20:00:43.795 INFO [main] org.apache.catalina.core.AprLifecycleListener.lifecycleEvent The Apache Tomcat Native library which allows using OpenSSL was not found on the java.library.path: [/usr/java/packages/lib:/usr/lib64:/lib64:/lib:/usr/lib]
12-Dec-2021 20:00:44.480 INFO [main] org.apache.coyote.AbstractProtocol.init Initializing ProtocolHandler ["http-nio-8080"]
12-Dec-2021 20:00:44.531 INFO [main] org.apache.catalina.startup.Catalina.load Server initialization in [1144] milliseconds
12-Dec-2021 20:00:44.599 INFO [main] org.apache.catalina.core.StandardService.startInternal Starting service [Catalina]
12-Dec-2021 20:00:44.599 INFO [main] org.apache.catalina.core.StandardEngine.startInternal Starting Servlet engine: [Apache Tomcat/10.0.5]
12-Dec-2021 20:00:44.622 INFO [main] org.apache.catalina.startup.HostConfig.deployDescriptor Deploying deployment descriptor [/home/sk/io.rastered/rastered.io/apache-tomcat-10.0.5/conf/Catalina/localhost/ROOT.xml]
12-Dec-2021 20:00:44.646 WARNING [main] org.apache.catalina.startup.HostConfig.deployDescriptor The path attribute with value [] in deployment descriptor [/home/sk/io.rastered/rastered.io/apache-tomcat-10.0.5/conf/Catalina/localhost/ROOT.xml] has been ignored
12-Dec-2021 20:00:45.123 INFO [main] org.apache.jasper.servlet.TldScanner.scanJars At least one JAR was scanned for TLDs yet contained no TLDs. Enable debug logging for this logger for a complete list of JARs that were scanned but no TLDs were found in them. Skipping unneeded JARs during scanning can improve startup time and JSP compilation time.
12-Dec-2021 20:00:45.205 INFO [main] org.apache.catalina.startup.HostConfig.deployDescriptor Deployment of deployment descriptor [/home/sk/io.rastered/rastered.io/apache-tomcat-10.0.5/conf/Catalina/localhost/ROOT.xml] has finished in [582] ms
12-Dec-2021 20:00:45.206 INFO [main] org.apache.catalina.startup.HostConfig.deployDirectory Deploying web application directory [/home/sk/io.rastered/rastered.io/apache-tomcat-10.0.5/webapps/host-manager]
12-Dec-2021 20:00:45.281 INFO [main] org.apache.catalina.startup.HostConfig.deployDirectory Deployment of web application directory [/home/sk/io.rastered/rastered.io/apache-tomcat-10.0.5/webapps/host-manager] has finished in [75] ms
12-Dec-2021 20:00:45.282 INFO [main] org.apache.catalina.startup.HostConfig.deployDirectory Deploying web application directory [/home/sk/io.rastered/rastered.io/apache-tomcat-10.0.5/webapps/examples]
12-Dec-2021 20:00:45.663 INFO [main] org.apache.catalina.startup.HostConfig.deployDirectory Deployment of web application directory [/home/sk/io.rastered/rastered.io/apache-tomcat-10.0.5/webapps/examples] has finished in [381] ms
12-Dec-2021 20:00:45.664 INFO [main] org.apache.catalina.startup.HostConfig.deployDirectory Deploying web application directory [/home/sk/io.rastered/rastered.io/apache-tomcat-10.0.5/webapps/docs]
12-Dec-2021 20:00:45.697 INFO [main] org.apache.catalina.startup.HostConfig.deployDirectory Deployment of web application directory [/home/sk/io.rastered/rastered.io/apache-tomcat-10.0.5/webapps/docs] has finished in [33] ms
12-Dec-2021 20:00:45.697 INFO [main] org.apache.catalina.startup.HostConfig.deployDirectory Deploying web application directory [/home/sk/io.rastered/rastered.io/apache-tomcat-10.0.5/webapps/manager]
12-Dec-2021 20:00:45.735 INFO [main] org.apache.catalina.startup.HostConfig.deployDirectory Deployment of web application directory [/home/sk/io.rastered/rastered.io/apache-tomcat-10.0.5/webapps/manager] has finished in [37] ms
12-Dec-2021 20:00:45.744 INFO [main] org.apache.coyote.AbstractProtocol.start Starting ProtocolHandler ["http-nio-8080"]
12-Dec-2021 20:00:45.776 INFO [main] org.apache.catalina.startup.Catalina.start Server startup in [1244] milliseconds
12-Dec-2021 20:04:03.946 INFO [main] org.apache.catalina.core.StandardServer.await A valid shutdown command was received via the shutdown port. Stopping the Server instance.
12-Dec-2021 20:04:03.947 INFO [main] org.apache.coyote.AbstractProtocol.pause Pausing ProtocolHandler ["http-nio-8080"]
12-Dec-2021 20:04:03.948 INFO [main] org.apache.catalina.core.StandardService.stopInternal Stopping service [Catalina]
12-Dec-2021 20:04:04.000 INFO [main] org.apache.coyote.AbstractProtocol.stop Stopping ProtocolHandler ["http-nio-8080"]
12-Dec-2021 20:04:04.055 INFO [main] org.apache.coyote.AbstractProtocol.destroy Destroying ProtocolHandler ["http-nio-8080"]
12-Dec-2021 20:27:50.201 INFO [main] org.apache.catalina.startup.VersionLoggerListener.log Server version name:   Apache Tomcat/10.0.5
12-Dec-2021 20:27:50.208 INFO [main] org.apache.catalina.startup.VersionLoggerListener.log Server built:          Mar 30 2021 08:19:50 UTC
12-Dec-2021 20:27:50.209 INFO [main] org.apache.catalina.startup.VersionLoggerListener.log Server version number: 10.0.5.0
12-Dec-2021 20:27:50.209 INFO [main] org.apache.catalina.startup.VersionLoggerListener.log OS Name:               Linux
12-Dec-2021 20:27:50.209 INFO [main] org.apache.catalina.startup.VersionLoggerListener.log OS Version:            5.12.7-arch1-1
12-Dec-2021 20:27:50.210 INFO [main] org.apache.catalina.startup.VersionLoggerListener.log Architecture:          amd64
12-Dec-2021 20:27:50.210 INFO [main] org.apache.catalina.startup.VersionLoggerListener.log Java Home:             /usr/lib/jvm/java-15-openjdk
12-Dec-2021 20:27:50.210 INFO [main] org.apache.catalina.startup.VersionLoggerListener.log JVM Version:           15.0.2+7
12-Dec-2021 20:27:50.211 INFO [main] org.apache.catalina.startup.VersionLoggerListener.log JVM Vendor:            Oracle Corporation
12-Dec-2021 20:27:50.211 INFO [main] org.apache.catalina.startup.VersionLoggerListener.log CATALINA_BASE:         /home/sk/io.rastered/rastered.io/apache-tomcat-10.0.5
12-Dec-2021 20:27:50.211 INFO [main] org.apache.catalina.startup.VersionLoggerListener.log CATALINA_HOME:         /home/sk/io.rastered/rastered.io/apache-tomcat-10.0.5
12-Dec-2021 20:27:50.258 INFO [main] org.apache.catalina.startup.VersionLoggerListener.log Command line argument: --add-opens=java.base/java.lang=ALL-UNNAMED
12-Dec-2021 20:27:50.258 INFO [main] org.apache.catalina.startup.VersionLoggerListener.log Command line argument: --add-opens=java.base/java.io=ALL-UNNAMED
12-Dec-2021 20:27:50.258 INFO [main] org.apache.catalina.startup.VersionLoggerListener.log Command line argument: --add-opens=java.base/java.util=ALL-UNNAMED
12-Dec-2021 20:27:50.259 INFO [main] org.apache.catalina.startup.VersionLoggerListener.log Command line argument: --add-opens=java.base/java.util.concurrent=ALL-UNNAMED
12-Dec-2021 20:27:50.265 INFO [main] org.apache.catalina.startup.VersionLoggerListener.log Command line argument: --add-opens=java.rmi/sun.rmi.transport=ALL-UNNAMED
12-Dec-2021 20:27:50.266 INFO [main] org.apache.catalina.startup.VersionLoggerListener.log Command line argument: -Djava.util.logging.config.file=/home/sk/io.rastered/rastered.io/apache-tomcat-10.0.5/conf/logging.properties
12-Dec-2021 20:27:50.266 INFO [main] org.apache.catalina.startup.VersionLoggerListener.log Command line argument: -Djava.util.logging.manager=org.apache.juli.ClassLoaderLogManager
12-Dec-2021 20:27:50.301 INFO [main] org.apache.catalina.startup.VersionLoggerListener.log Command line argument: -Dhttp.nonProxyHosts=localhost|127.0.0.1|vmarch
12-Dec-2021 20:27:50.305 INFO [main] org.apache.catalina.startup.VersionLoggerListener.log Command line argument: -Djdk.tls.ephemeralDHKeySize=2048
12-Dec-2021 20:27:50.306 INFO [main] org.apache.catalina.startup.VersionLoggerListener.log Command line argument: -Djava.protocol.handler.pkgs=org.apache.catalina.webresources
12-Dec-2021 20:27:50.306 INFO [main] org.apache.catalina.startup.VersionLoggerListener.log Command line argument: -Dorg.apache.catalina.security.SecurityListener.UMASK=0027
12-Dec-2021 20:27:50.306 INFO [main] org.apache.catalina.startup.VersionLoggerListener.log Command line argument: -Dignore.endorsed.dirs=
12-Dec-2021 20:27:50.307 INFO [main] org.apache.catalina.startup.VersionLoggerListener.log Command line argument: -Dcatalina.base=/home/sk/io.rastered/rastered.io/apache-tomcat-10.0.5
12-Dec-2021 20:27:50.307 INFO [main] org.apache.catalina.startup.VersionLoggerListener.log Command line argument: -Dcatalina.home=/home/sk/io.rastered/rastered.io/apache-tomcat-10.0.5
12-Dec-2021 20:27:50.307 INFO [main] org.apache.catalina.startup.VersionLoggerListener.log Command line argument: -Djava.io.tmpdir=/home/sk/io.rastered/rastered.io/apache-tomcat-10.0.5/temp
12-Dec-2021 20:27:50.320 INFO [main] org.apache.catalina.core.AprLifecycleListener.lifecycleEvent The Apache Tomcat Native library which allows using OpenSSL was not found on the java.library.path: [/usr/java/packages/lib:/usr/lib64:/lib64:/lib:/usr/lib]
12-Dec-2021 20:27:50.980 INFO [main] org.apache.coyote.AbstractProtocol.init Initializing ProtocolHandler ["http-nio-8080"]
12-Dec-2021 20:27:51.026 INFO [main] org.apache.catalina.startup.Catalina.load Server initialization in [1184] milliseconds
12-Dec-2021 20:27:51.100 INFO [main] org.apache.catalina.core.StandardService.startInternal Starting service [Catalina]
12-Dec-2021 20:27:51.100 INFO [main] org.apache.catalina.core.StandardEngine.startInternal Starting Servlet engine: [Apache Tomcat/10.0.5]
12-Dec-2021 20:27:51.110 INFO [main] org.apache.catalina.startup.HostConfig.deployDescriptor Deploying deployment descriptor [/home/sk/io.rastered/rastered.io/apache-tomcat-10.0.5/conf/Catalina/localhost/ROOT.xml]
12-Dec-2021 20:27:51.130 WARNING [main] org.apache.catalina.startup.HostConfig.deployDescriptor The path attribute with value [] in deployment descriptor [/home/sk/io.rastered/rastered.io/apache-tomcat-10.0.5/conf/Catalina/localhost/ROOT.xml] has been ignored
12-Dec-2021 20:27:51.597 INFO [main] org.apache.jasper.servlet.TldScanner.scanJars At least one JAR was scanned for TLDs yet contained no TLDs. Enable debug logging for this logger for a complete list of JARs that were scanned but no TLDs were found in them. Skipping unneeded JARs during scanning can improve startup time and JSP compilation time.
12-Dec-2021 20:27:51.682 INFO [main] org.apache.catalina.startup.HostConfig.deployDescriptor Deployment of deployment descriptor [/home/sk/io.rastered/rastered.io/apache-tomcat-10.0.5/conf/Catalina/localhost/ROOT.xml] has finished in [571] ms
12-Dec-2021 20:27:51.683 INFO [main] org.apache.catalina.startup.HostConfig.deployDirectory Deploying web application directory [/home/sk/io.rastered/rastered.io/apache-tomcat-10.0.5/webapps/host-manager]
12-Dec-2021 20:27:51.745 INFO [main] org.apache.catalina.startup.HostConfig.deployDirectory Deployment of web application directory [/home/sk/io.rastered/rastered.io/apache-tomcat-10.0.5/webapps/host-manager] has finished in [62] ms
12-Dec-2021 20:27:51.746 INFO [main] org.apache.catalina.startup.HostConfig.deployDirectory Deploying web application directory [/home/sk/io.rastered/rastered.io/apache-tomcat-10.0.5/webapps/examples]
12-Dec-2021 20:27:52.207 INFO [main] org.apache.catalina.startup.HostConfig.deployDirectory Deployment of web application directory [/home/sk/io.rastered/rastered.io/apache-tomcat-10.0.5/webapps/examples] has finished in [462] ms
12-Dec-2021 20:27:52.208 INFO [main] org.apache.catalina.startup.HostConfig.deployDirectory Deploying web application directory [/home/sk/io.rastered/rastered.io/apache-tomcat-10.0.5/webapps/docs]
12-Dec-2021 20:27:52.252 INFO [main] org.apache.catalina.startup.HostConfig.deployDirectory Deployment of web application directory [/home/sk/io.rastered/rastered.io/apache-tomcat-10.0.5/webapps/docs] has finished in [44] ms
12-Dec-2021 20:27:52.253 INFO [main] org.apache.catalina.startup.HostConfig.deployDirectory Deploying web application directory [/home/sk/io.rastered/rastered.io/apache-tomcat-10.0.5/webapps/manager]
12-Dec-2021 20:27:52.300 INFO [main] org.apache.catalina.startup.HostConfig.deployDirectory Deployment of web application directory [/home/sk/io.rastered/rastered.io/apache-tomcat-10.0.5/webapps/manager] has finished in [46] ms
12-Dec-2021 20:27:52.306 INFO [main] org.apache.coyote.AbstractProtocol.start Starting ProtocolHandler ["http-nio-8080"]
12-Dec-2021 20:27:52.450 INFO [main] org.apache.catalina.startup.Catalina.start Server startup in [1423] milliseconds
12-Dec-2021 20:38:54.261 INFO [main] org.apache.catalina.core.StandardServer.await A valid shutdown command was received via the shutdown port. Stopping the Server instance.
12-Dec-2021 20:38:54.262 INFO [main] org.apache.coyote.AbstractProtocol.pause Pausing ProtocolHandler ["http-nio-8080"]
12-Dec-2021 20:38:54.270 INFO [main] org.apache.catalina.core.StandardService.stopInternal Stopping service [Catalina]
12-Dec-2021 20:38:54.330 INFO [main] org.apache.coyote.AbstractProtocol.stop Stopping ProtocolHandler ["http-nio-8080"]
12-Dec-2021 20:38:54.371 INFO [main] org.apache.coyote.AbstractProtocol.destroy Destroying ProtocolHandler ["http-nio-8080"]
12-Dec-2021 20:44:24.791 INFO [main] org.apache.catalina.startup.VersionLoggerListener.log Server version name:   Apache Tomcat/10.0.5
12-Dec-2021 20:44:24.801 INFO [main] org.apache.catalina.startup.VersionLoggerListener.log Server built:          Mar 30 2021 08:19:50 UTC
12-Dec-2021 20:44:24.802 INFO [main] org.apache.catalina.startup.VersionLoggerListener.log Server version number: 10.0.5.0
12-Dec-2021 20:44:24.802 INFO [main] org.apache.catalina.startup.VersionLoggerListener.log OS Name:               Linux
12-Dec-2021 20:44:24.802 INFO [main] org.apache.catalina.startup.VersionLoggerListener.log OS Version:            5.12.7-arch1-1
12-Dec-2021 20:44:24.802 INFO [main] org.apache.catalina.startup.VersionLoggerListener.log Architecture:          amd64
12-Dec-2021 20:44:24.803 INFO [main] org.apache.catalina.startup.VersionLoggerListener.log Java Home:             /usr/lib/jvm/java-15-openjdk
12-Dec-2021 20:44:24.803 INFO [main] org.apache.catalina.startup.VersionLoggerListener.log JVM Version:           15.0.2+7
12-Dec-2021 20:44:24.803 INFO [main] org.apache.catalina.startup.VersionLoggerListener.log JVM Vendor:            Oracle Corporation
12-Dec-2021 20:44:24.804 INFO [main] org.apache.catalina.startup.VersionLoggerListener.log CATALINA_BASE:         /home/sk/io.rastered/rastered.io/apache-tomcat-10.0.5
12-Dec-2021 20:44:24.804 INFO [main] org.apache.catalina.startup.VersionLoggerListener.log CATALINA_HOME:         /home/sk/io.rastered/rastered.io/apache-tomcat-10.0.5
12-Dec-2021 20:44:24.837 INFO [main] org.apache.catalina.startup.VersionLoggerListener.log Command line argument: --add-opens=java.base/java.lang=ALL-UNNAMED
12-Dec-2021 20:44:24.837 INFO [main] org.apache.catalina.startup.VersionLoggerListener.log Command line argument: --add-opens=java.base/java.io=ALL-UNNAMED
12-Dec-2021 20:44:24.838 INFO [main] org.apache.catalina.startup.VersionLoggerListener.log Command line argument: --add-opens=java.base/java.util=ALL-UNNAMED
12-Dec-2021 20:44:24.838 INFO [main] org.apache.catalina.startup.VersionLoggerListener.log Command line argument: --add-opens=java.base/java.util.concurrent=ALL-UNNAMED
12-Dec-2021 20:44:24.838 INFO [main] org.apache.catalina.startup.VersionLoggerListener.log Command line argument: --add-opens=java.rmi/sun.rmi.transport=ALL-UNNAMED
12-Dec-2021 20:44:24.838 INFO [main] org.apache.catalina.startup.VersionLoggerListener.log Command line argument: -Djava.util.logging.config.file=/home/sk/io.rastered/rastered.io/apache-tomcat-10.0.5/conf/logging.properties
12-Dec-2021 20:44:24.839 INFO [main] org.apache.catalina.startup.VersionLoggerListener.log Command line argument: -Djava.util.logging.manager=org.apache.juli.ClassLoaderLogManager
12-Dec-2021 20:44:24.839 INFO [main] org.apache.catalina.startup.VersionLoggerListener.log Command line argument: -Dhttp.nonProxyHosts=localhost|127.0.0.1|vmarch
12-Dec-2021 20:44:24.839 INFO [main] org.apache.catalina.startup.VersionLoggerListener.log Command line argument: -Djdk.tls.ephemeralDHKeySize=2048
12-Dec-2021 20:44:24.840 INFO [main] org.apache.catalina.startup.VersionLoggerListener.log Command line argument: -Djava.protocol.handler.pkgs=org.apache.catalina.webresources
12-Dec-2021 20:44:24.840 INFO [main] org.apache.catalina.startup.VersionLoggerListener.log Command line argument: -Dorg.apache.catalina.security.SecurityListener.UMASK=0027
12-Dec-2021 20:44:24.840 INFO [main] org.apache.catalina.startup.VersionLoggerListener.log Command line argument: -Dignore.endorsed.dirs=
12-Dec-2021 20:44:24.840 INFO [main] org.apache.catalina.startup.VersionLoggerListener.log Command line argument: -Dcatalina.base=/home/sk/io.rastered/rastered.io/apache-tomcat-10.0.5
12-Dec-2021 20:44:24.840 INFO [main] org.apache.catalina.startup.VersionLoggerListener.log Command line argument: -Dcatalina.home=/home/sk/io.rastered/rastered.io/apache-tomcat-10.0.5
12-Dec-2021 20:44:24.841 INFO [main] org.apache.catalina.startup.VersionLoggerListener.log Command line argument: -Djava.io.tmpdir=/home/sk/io.rastered/rastered.io/apache-tomcat-10.0.5/temp
12-Dec-2021 20:44:24.842 INFO [main] org.apache.catalina.core.AprLifecycleListener.lifecycleEvent The Apache Tomcat Native library which allows using OpenSSL was not found on the java.library.path: [/usr/java/packages/lib:/usr/lib64:/lib64:/lib:/usr/lib]
12-Dec-2021 20:44:25.498 INFO [main] org.apache.coyote.AbstractProtocol.init Initializing ProtocolHandler ["http-nio-8080"]
12-Dec-2021 20:44:25.552 INFO [main] org.apache.catalina.startup.Catalina.load Server initialization in [1171] milliseconds
12-Dec-2021 20:44:25.640 INFO [main] org.apache.catalina.core.StandardService.startInternal Starting service [Catalina]
12-Dec-2021 20:44:25.641 INFO [main] org.apache.catalina.core.StandardEngine.startInternal Starting Servlet engine: [Apache Tomcat/10.0.5]
12-Dec-2021 20:44:25.657 INFO [main] org.apache.catalina.startup.HostConfig.deployDescriptor Deploying deployment descriptor [/home/sk/io.rastered/rastered.io/apache-tomcat-10.0.5/conf/Catalina/localhost/ROOT.xml]
12-Dec-2021 20:44:25.686 WARNING [main] org.apache.catalina.startup.HostConfig.deployDescriptor The path attribute with value [] in deployment descriptor [/home/sk/io.rastered/rastered.io/apache-tomcat-10.0.5/conf/Catalina/localhost/ROOT.xml] has been ignored
12-Dec-2021 20:44:26.197 INFO [main] org.apache.jasper.servlet.TldScanner.scanJars At least one JAR was scanned for TLDs yet contained no TLDs. Enable debug logging for this logger for a complete list of JARs that were scanned but no TLDs were found in them. Skipping unneeded JARs during scanning can improve startup time and JSP compilation time.
12-Dec-2021 20:44:26.263 INFO [main] org.apache.catalina.startup.HostConfig.deployDescriptor Deployment of deployment descriptor [/home/sk/io.rastered/rastered.io/apache-tomcat-10.0.5/conf/Catalina/localhost/ROOT.xml] has finished in [605] ms
12-Dec-2021 20:44:26.264 INFO [main] org.apache.catalina.startup.HostConfig.deployDirectory Deploying web application directory [/home/sk/io.rastered/rastered.io/apache-tomcat-10.0.5/webapps/host-manager]
12-Dec-2021 20:44:26.324 INFO [main] org.apache.catalina.startup.HostConfig.deployDirectory Deployment of web application directory [/home/sk/io.rastered/rastered.io/apache-tomcat-10.0.5/webapps/host-manager] has finished in [60] ms
12-Dec-2021 20:44:26.325 INFO [main] org.apache.catalina.startup.HostConfig.deployDirectory Deploying web application directory [/home/sk/io.rastered/rastered.io/apache-tomcat-10.0.5/webapps/examples]
12-Dec-2021 20:44:26.747 INFO [main] org.apache.catalina.startup.HostConfig.deployDirectory Deployment of web application directory [/home/sk/io.rastered/rastered.io/apache-tomcat-10.0.5/webapps/examples] has finished in [421] ms
12-Dec-2021 20:44:26.748 INFO [main] org.apache.catalina.startup.HostConfig.deployDirectory Deploying web application directory [/home/sk/io.rastered/rastered.io/apache-tomcat-10.0.5/webapps/docs]
12-Dec-2021 20:44:26.785 INFO [main] org.apache.catalina.startup.HostConfig.deployDirectory Deployment of web application directory [/home/sk/io.rastered/rastered.io/apache-tomcat-10.0.5/webapps/docs] has finished in [38] ms
12-Dec-2021 20:44:26.786 INFO [main] org.apache.catalina.startup.HostConfig.deployDirectory Deploying web application directory [/home/sk/io.rastered/rastered.io/apache-tomcat-10.0.5/webapps/manager]
12-Dec-2021 20:44:26.851 INFO [main] org.apache.catalina.startup.HostConfig.deployDirectory Deployment of web application directory [/home/sk/io.rastered/rastered.io/apache-tomcat-10.0.5/webapps/manager] has finished in [64] ms
12-Dec-2021 20:44:26.859 INFO [main] org.apache.coyote.AbstractProtocol.start Starting ProtocolHandler ["http-nio-8080"]
12-Dec-2021 20:44:26.911 INFO [main] org.apache.catalina.startup.Catalina.start Server startup in [1359] milliseconds
12-Dec-2021 21:00:52.426 INFO [main] org.apache.catalina.core.StandardServer.await A valid shutdown command was received via the shutdown port. Stopping the Server instance.
12-Dec-2021 21:00:52.427 INFO [main] org.apache.coyote.AbstractProtocol.pause Pausing ProtocolHandler ["http-nio-8080"]
12-Dec-2021 21:00:52.429 INFO [main] org.apache.catalina.core.StandardService.stopInternal Stopping service [Catalina]
12-Dec-2021 21:00:52.484 INFO [main] org.apache.coyote.AbstractProtocol.stop Stopping ProtocolHandler ["http-nio-8080"]
12-Dec-2021 21:00:52.533 INFO [main] org.apache.coyote.AbstractProtocol.destroy Destroying ProtocolHandler ["http-nio-8080"]
12-Dec-2021 21:02:07.956 INFO [main] org.apache.catalina.startup.VersionLoggerListener.log Server version name:   Apache Tomcat/10.0.5
12-Dec-2021 21:02:07.966 INFO [main] org.apache.catalina.startup.VersionLoggerListener.log Server built:          Mar 30 2021 08:19:50 UTC
12-Dec-2021 21:02:07.966 INFO [main] org.apache.catalina.startup.VersionLoggerListener.log Server version number: 10.0.5.0
12-Dec-2021 21:02:07.966 INFO [main] org.apache.catalina.startup.VersionLoggerListener.log OS Name:               Linux
12-Dec-2021 21:02:07.966 INFO [main] org.apache.catalina.startup.VersionLoggerListener.log OS Version:            5.12.7-arch1-1
12-Dec-2021 21:02:07.967 INFO [main] org.apache.catalina.startup.VersionLoggerListener.log Architecture:          amd64
12-Dec-2021 21:02:07.967 INFO [main] org.apache.catalina.startup.VersionLoggerListener.log Java Home:             /usr/lib/jvm/java-15-openjdk
12-Dec-2021 21:02:07.967 INFO [main] org.apache.catalina.startup.VersionLoggerListener.log JVM Version:           15.0.2+7
12-Dec-2021 21:02:07.967 INFO [main] org.apache.catalina.startup.VersionLoggerListener.log JVM Vendor:            Oracle Corporation
12-Dec-2021 21:02:07.968 INFO [main] org.apache.catalina.startup.VersionLoggerListener.log CATALINA_BASE:         /home/sk/io.rastered/rastered.io/apache-tomcat-10.0.5
12-Dec-2021 21:02:07.968 INFO [main] org.apache.catalina.startup.VersionLoggerListener.log CATALINA_HOME:         /home/sk/io.rastered/rastered.io/apache-tomcat-10.0.5
12-Dec-2021 21:02:07.998 INFO [main] org.apache.catalina.startup.VersionLoggerListener.log Command line argument: --add-opens=java.base/java.lang=ALL-UNNAMED
12-Dec-2021 21:02:07.999 INFO [main] org.apache.catalina.startup.VersionLoggerListener.log Command line argument: --add-opens=java.base/java.io=ALL-UNNAMED
12-Dec-2021 21:02:07.999 INFO [main] org.apache.catalina.startup.VersionLoggerListener.log Command line argument: --add-opens=java.base/java.util=ALL-UNNAMED
12-Dec-2021 21:02:08.001 INFO [main] org.apache.catalina.startup.VersionLoggerListener.log Command line argument: --add-opens=java.base/java.util.concurrent=ALL-UNNAMED
12-Dec-2021 21:02:08.002 INFO [main] org.apache.catalina.startup.VersionLoggerListener.log Command line argument: --add-opens=java.rmi/sun.rmi.transport=ALL-UNNAMED
12-Dec-2021 21:02:08.002 INFO [main] org.apache.catalina.startup.VersionLoggerListener.log Command line argument: -Djava.util.logging.config.file=/home/sk/io.rastered/rastered.io/apache-tomcat-10.0.5/conf/logging.properties
12-Dec-2021 21:02:08.002 INFO [main] org.apache.catalina.startup.VersionLoggerListener.log Command line argument: -Djava.util.logging.manager=org.apache.juli.ClassLoaderLogManager
12-Dec-2021 21:02:08.003 INFO [main] org.apache.catalina.startup.VersionLoggerListener.log Command line argument: -Dhttp.nonProxyHosts=localhost|127.0.0.1|vmarch
12-Dec-2021 21:02:08.003 INFO [main] org.apache.catalina.startup.VersionLoggerListener.log Command line argument: -Djdk.tls.ephemeralDHKeySize=2048
12-Dec-2021 21:02:08.003 INFO [main] org.apache.catalina.startup.VersionLoggerListener.log Command line argument: -Djava.protocol.handler.pkgs=org.apache.catalina.webresources
12-Dec-2021 21:02:08.003 INFO [main] org.apache.catalina.startup.VersionLoggerListener.log Command line argument: -Dorg.apache.catalina.security.SecurityListener.UMASK=0027
12-Dec-2021 21:02:08.004 INFO [main] org.apache.catalina.startup.VersionLoggerListener.log Command line argument: -Dignore.endorsed.dirs=
12-Dec-2021 21:02:08.004 INFO [main] org.apache.catalina.startup.VersionLoggerListener.log Command line argument: -Dcatalina.base=/home/sk/io.rastered/rastered.io/apache-tomcat-10.0.5
12-Dec-2021 21:02:08.011 INFO [main] org.apache.catalina.startup.VersionLoggerListener.log Command line argument: -Dcatalina.home=/home/sk/io.rastered/rastered.io/apache-tomcat-10.0.5
12-Dec-2021 21:02:08.012 INFO [main] org.apache.catalina.startup.VersionLoggerListener.log Command line argument: -Djava.io.tmpdir=/home/sk/io.rastered/rastered.io/apache-tomcat-10.0.5/temp
12-Dec-2021 21:02:08.014 INFO [main] org.apache.catalina.core.AprLifecycleListener.lifecycleEvent The Apache Tomcat Native library which allows using OpenSSL was not found on the java.library.path: [/usr/java/packages/lib:/usr/lib64:/lib64:/lib:/usr/lib]
12-Dec-2021 21:02:08.650 INFO [main] org.apache.coyote.AbstractProtocol.init Initializing ProtocolHandler ["http-nio-8080"]
12-Dec-2021 21:02:08.701 INFO [main] org.apache.catalina.startup.Catalina.load Server initialization in [1105] milliseconds
12-Dec-2021 21:02:08.783 INFO [main] org.apache.catalina.core.StandardService.startInternal Starting service [Catalina]
12-Dec-2021 21:02:08.783 INFO [main] org.apache.catalina.core.StandardEngine.startInternal Starting Servlet engine: [Apache Tomcat/10.0.5]
12-Dec-2021 21:02:08.794 INFO [main] org.apache.catalina.startup.HostConfig.deployDescriptor Deploying deployment descriptor [/home/sk/io.rastered/rastered.io/apache-tomcat-10.0.5/conf/Catalina/localhost/ROOT.xml]
12-Dec-2021 21:02:08.819 WARNING [main] org.apache.catalina.startup.HostConfig.deployDescriptor The path attribute with value [] in deployment descriptor [/home/sk/io.rastered/rastered.io/apache-tomcat-10.0.5/conf/Catalina/localhost/ROOT.xml] has been ignored
12-Dec-2021 21:02:09.354 INFO [main] org.apache.jasper.servlet.TldScanner.scanJars At least one JAR was scanned for TLDs yet contained no TLDs. Enable debug logging for this logger for a complete list of JARs that were scanned but no TLDs were found in them. Skipping unneeded JARs during scanning can improve startup time and JSP compilation time.
12-Dec-2021 21:02:09.431 INFO [main] org.apache.catalina.startup.HostConfig.deployDescriptor Deployment of deployment descriptor [/home/sk/io.rastered/rastered.io/apache-tomcat-10.0.5/conf/Catalina/localhost/ROOT.xml] has finished in [636] ms
12-Dec-2021 21:02:09.432 INFO [main] org.apache.catalina.startup.HostConfig.deployDirectory Deploying web application directory [/home/sk/io.rastered/rastered.io/apache-tomcat-10.0.5/webapps/host-manager]
12-Dec-2021 21:02:09.507 INFO [main] org.apache.catalina.startup.HostConfig.deployDirectory Deployment of web application directory [/home/sk/io.rastered/rastered.io/apache-tomcat-10.0.5/webapps/host-manager] has finished in [74] ms
12-Dec-2021 21:02:09.507 INFO [main] org.apache.catalina.startup.HostConfig.deployDirectory Deploying web application directory [/home/sk/io.rastered/rastered.io/apache-tomcat-10.0.5/webapps/examples]
12-Dec-2021 21:02:09.892 INFO [main] org.apache.catalina.startup.HostConfig.deployDirectory Deployment of web application directory [/home/sk/io.rastered/rastered.io/apache-tomcat-10.0.5/webapps/examples] has finished in [385] ms
12-Dec-2021 21:02:09.893 INFO [main] org.apache.catalina.startup.HostConfig.deployDirectory Deploying web application directory [/home/sk/io.rastered/rastered.io/apache-tomcat-10.0.5/webapps/docs]
12-Dec-2021 21:02:09.929 INFO [main] org.apache.catalina.startup.HostConfig.deployDirectory Deployment of web application directory [/home/sk/io.rastered/rastered.io/apache-tomcat-10.0.5/webapps/docs] has finished in [35] ms
12-Dec-2021 21:02:09.929 INFO [main] org.apache.catalina.startup.HostConfig.deployDirectory Deploying web application directory [/home/sk/io.rastered/rastered.io/apache-tomcat-10.0.5/webapps/manager]
12-Dec-2021 21:02:09.977 INFO [main] org.apache.catalina.startup.HostConfig.deployDirectory Deployment of web application directory [/home/sk/io.rastered/rastered.io/apache-tomcat-10.0.5/webapps/manager] has finished in [48] ms
12-Dec-2021 21:02:09.984 INFO [main] org.apache.coyote.AbstractProtocol.start Starting ProtocolHandler ["http-nio-8080"]
12-Dec-2021 21:02:10.001 INFO [main] org.apache.catalina.startup.Catalina.start Server startup in [1298] milliseconds
