13-Dec-2021 21:03:40.825 INFO [main] org.apache.catalina.core.StandardServer.await A valid shutdown command was received via the shutdown port. Stopping the Server instance.
13-Dec-2021 21:03:40.826 INFO [main] org.apache.coyote.AbstractProtocol.pause Pausing ProtocolHandler ["http-nio-8080"]
13-Dec-2021 21:03:40.832 INFO [main] org.apache.catalina.core.StandardService.stopInternal Stopping service [Catalina]
13-Dec-2021 21:03:40.905 INFO [main] org.apache.coyote.AbstractProtocol.stop Stopping ProtocolHandler ["http-nio-8080"]
13-Dec-2021 21:03:40.935 INFO [main] org.apache.coyote.AbstractProtocol.destroy Destroying ProtocolHandler ["http-nio-8080"]
13-Dec-2021 21:04:24.276 INFO [main] org.apache.catalina.startup.VersionLoggerListener.log Server version name:   Apache Tomcat/10.0.5
13-Dec-2021 21:04:24.285 INFO [main] org.apache.catalina.startup.VersionLoggerListener.log Server built:          Mar 30 2021 08:19:50 UTC
13-Dec-2021 21:04:24.285 INFO [main] org.apache.catalina.startup.VersionLoggerListener.log Server version number: 10.0.5.0
13-Dec-2021 21:04:24.285 INFO [main] org.apache.catalina.startup.VersionLoggerListener.log OS Name:               Linux
13-Dec-2021 21:04:24.285 INFO [main] org.apache.catalina.startup.VersionLoggerListener.log OS Version:            5.12.7-arch1-1
13-Dec-2021 21:04:24.286 INFO [main] org.apache.catalina.startup.VersionLoggerListener.log Architecture:          amd64
13-Dec-2021 21:04:24.286 INFO [main] org.apache.catalina.startup.VersionLoggerListener.log Java Home:             /usr/lib/jvm/java-15-openjdk
13-Dec-2021 21:04:24.286 INFO [main] org.apache.catalina.startup.VersionLoggerListener.log JVM Version:           15.0.2+7
13-Dec-2021 21:04:24.287 INFO [main] org.apache.catalina.startup.VersionLoggerListener.log JVM Vendor:            Oracle Corporation
13-Dec-2021 21:04:24.287 INFO [main] org.apache.catalina.startup.VersionLoggerListener.log CATALINA_BASE:         /home/sk/io.rastered/rastered.io/apache-tomcat-10.0.5
13-Dec-2021 21:04:24.287 INFO [main] org.apache.catalina.startup.VersionLoggerListener.log CATALINA_HOME:         /home/sk/io.rastered/rastered.io/apache-tomcat-10.0.5
13-Dec-2021 21:04:24.325 INFO [main] org.apache.catalina.startup.VersionLoggerListener.log Command line argument: --add-opens=java.base/java.lang=ALL-UNNAMED
13-Dec-2021 21:04:24.329 INFO [main] org.apache.catalina.startup.VersionLoggerListener.log Command line argument: --add-opens=java.base/java.io=ALL-UNNAMED
13-Dec-2021 21:04:24.330 INFO [main] org.apache.catalina.startup.VersionLoggerListener.log Command line argument: --add-opens=java.base/java.util=ALL-UNNAMED
13-Dec-2021 21:04:24.330 INFO [main] org.apache.catalina.startup.VersionLoggerListener.log Command line argument: --add-opens=java.base/java.util.concurrent=ALL-UNNAMED
13-Dec-2021 21:04:24.330 INFO [main] org.apache.catalina.startup.VersionLoggerListener.log Command line argument: --add-opens=java.rmi/sun.rmi.transport=ALL-UNNAMED
13-Dec-2021 21:04:24.331 INFO [main] org.apache.catalina.startup.VersionLoggerListener.log Command line argument: -Djava.util.logging.config.file=/home/sk/io.rastered/rastered.io/apache-tomcat-10.0.5/conf/logging.properties
13-Dec-2021 21:04:24.331 INFO [main] org.apache.catalina.startup.VersionLoggerListener.log Command line argument: -Djava.util.logging.manager=org.apache.juli.ClassLoaderLogManager
13-Dec-2021 21:04:24.331 INFO [main] org.apache.catalina.startup.VersionLoggerListener.log Command line argument: -Dhttp.nonProxyHosts=localhost|127.0.0.1|vmarch
13-Dec-2021 21:04:24.332 INFO [main] org.apache.catalina.startup.VersionLoggerListener.log Command line argument: -Djdk.tls.ephemeralDHKeySize=2048
13-Dec-2021 21:04:24.332 INFO [main] org.apache.catalina.startup.VersionLoggerListener.log Command line argument: -Djava.protocol.handler.pkgs=org.apache.catalina.webresources
13-Dec-2021 21:04:24.332 INFO [main] org.apache.catalina.startup.VersionLoggerListener.log Command line argument: -Dorg.apache.catalina.security.SecurityListener.UMASK=0027
13-Dec-2021 21:04:24.333 INFO [main] org.apache.catalina.startup.VersionLoggerListener.log Command line argument: -Dignore.endorsed.dirs=
13-Dec-2021 21:04:24.333 INFO [main] org.apache.catalina.startup.VersionLoggerListener.log Command line argument: -Dcatalina.base=/home/sk/io.rastered/rastered.io/apache-tomcat-10.0.5
13-Dec-2021 21:04:24.333 INFO [main] org.apache.catalina.startup.VersionLoggerListener.log Command line argument: -Dcatalina.home=/home/sk/io.rastered/rastered.io/apache-tomcat-10.0.5
13-Dec-2021 21:04:24.334 INFO [main] org.apache.catalina.startup.VersionLoggerListener.log Command line argument: -Djava.io.tmpdir=/home/sk/io.rastered/rastered.io/apache-tomcat-10.0.5/temp
13-Dec-2021 21:04:24.339 INFO [main] org.apache.catalina.core.AprLifecycleListener.lifecycleEvent The Apache Tomcat Native library which allows using OpenSSL was not found on the java.library.path: [/usr/java/packages/lib:/usr/lib64:/lib64:/lib:/usr/lib]
13-Dec-2021 21:04:25.259 INFO [main] org.apache.coyote.AbstractProtocol.init Initializing ProtocolHandler ["http-nio-8080"]
13-Dec-2021 21:04:25.331 INFO [main] org.apache.catalina.startup.Catalina.load Server initialization in [1444] milliseconds
13-Dec-2021 21:04:25.438 INFO [main] org.apache.catalina.core.StandardService.startInternal Starting service [Catalina]
13-Dec-2021 21:04:25.439 INFO [main] org.apache.catalina.core.StandardEngine.startInternal Starting Servlet engine: [Apache Tomcat/10.0.5]
13-Dec-2021 21:04:25.453 INFO [main] org.apache.catalina.startup.HostConfig.deployDescriptor Deploying deployment descriptor [/home/sk/io.rastered/rastered.io/apache-tomcat-10.0.5/conf/Catalina/localhost/ROOT.xml]
13-Dec-2021 21:04:25.481 WARNING [main] org.apache.catalina.startup.HostConfig.deployDescriptor The path attribute with value [] in deployment descriptor [/home/sk/io.rastered/rastered.io/apache-tomcat-10.0.5/conf/Catalina/localhost/ROOT.xml] has been ignored
13-Dec-2021 21:04:25.957 INFO [main] org.apache.jasper.servlet.TldScanner.scanJars At least one JAR was scanned for TLDs yet contained no TLDs. Enable debug logging for this logger for a complete list of JARs that were scanned but no TLDs were found in them. Skipping unneeded JARs during scanning can improve startup time and JSP compilation time.
13-Dec-2021 21:04:26.055 INFO [main] org.apache.catalina.startup.HostConfig.deployDescriptor Deployment of deployment descriptor [/home/sk/io.rastered/rastered.io/apache-tomcat-10.0.5/conf/Catalina/localhost/ROOT.xml] has finished in [602] ms
13-Dec-2021 21:04:26.056 INFO [main] org.apache.catalina.startup.HostConfig.deployDirectory Deploying web application directory [/home/sk/io.rastered/rastered.io/apache-tomcat-10.0.5/webapps/host-manager]
13-Dec-2021 21:04:26.130 INFO [main] org.apache.catalina.startup.HostConfig.deployDirectory Deployment of web application directory [/home/sk/io.rastered/rastered.io/apache-tomcat-10.0.5/webapps/host-manager] has finished in [74] ms
13-Dec-2021 21:04:26.131 INFO [main] org.apache.catalina.startup.HostConfig.deployDirectory Deploying web application directory [/home/sk/io.rastered/rastered.io/apache-tomcat-10.0.5/webapps/examples]
13-Dec-2021 21:04:27.030 INFO [main] org.apache.catalina.startup.HostConfig.deployDirectory Deployment of web application directory [/home/sk/io.rastered/rastered.io/apache-tomcat-10.0.5/webapps/examples] has finished in [898] ms
13-Dec-2021 21:04:27.032 INFO [main] org.apache.catalina.startup.HostConfig.deployDirectory Deploying web application directory [/home/sk/io.rastered/rastered.io/apache-tomcat-10.0.5/webapps/docs]
13-Dec-2021 21:04:27.133 INFO [main] org.apache.catalina.startup.HostConfig.deployDirectory Deployment of web application directory [/home/sk/io.rastered/rastered.io/apache-tomcat-10.0.5/webapps/docs] has finished in [101] ms
13-Dec-2021 21:04:27.135 INFO [main] org.apache.catalina.startup.HostConfig.deployDirectory Deploying web application directory [/home/sk/io.rastered/rastered.io/apache-tomcat-10.0.5/webapps/manager]
13-Dec-2021 21:04:27.209 INFO [main] org.apache.catalina.startup.HostConfig.deployDirectory Deployment of web application directory [/home/sk/io.rastered/rastered.io/apache-tomcat-10.0.5/webapps/manager] has finished in [74] ms
13-Dec-2021 21:04:27.219 INFO [main] org.apache.coyote.AbstractProtocol.start Starting ProtocolHandler ["http-nio-8080"]
13-Dec-2021 21:04:27.292 INFO [main] org.apache.catalina.startup.Catalina.start Server startup in [1960] milliseconds
13-Dec-2021 21:06:04.521 INFO [main] org.apache.catalina.core.StandardServer.await A valid shutdown command was received via the shutdown port. Stopping the Server instance.
13-Dec-2021 21:06:04.522 INFO [main] org.apache.coyote.AbstractProtocol.pause Pausing ProtocolHandler ["http-nio-8080"]
13-Dec-2021 21:06:04.530 INFO [main] org.apache.catalina.core.StandardService.stopInternal Stopping service [Catalina]
13-Dec-2021 21:06:04.586 INFO [main] org.apache.coyote.AbstractProtocol.stop Stopping ProtocolHandler ["http-nio-8080"]
13-Dec-2021 21:06:04.631 INFO [main] org.apache.coyote.AbstractProtocol.destroy Destroying ProtocolHandler ["http-nio-8080"]
