05-Oct-2021 20:12:55.780 INFO [main] org.apache.catalina.startup.VersionLoggerListener.log Server version name:   Apache Tomcat/10.0.5
05-Oct-2021 20:12:55.783 INFO [main] org.apache.catalina.startup.VersionLoggerListener.log Server built:          Mar 30 2021 08:19:50 UTC
05-Oct-2021 20:12:55.783 INFO [main] org.apache.catalina.startup.VersionLoggerListener.log Server version number: 10.0.5.0
05-Oct-2021 20:12:55.783 INFO [main] org.apache.catalina.startup.VersionLoggerListener.log OS Name:               Linux
05-Oct-2021 20:12:55.783 INFO [main] org.apache.catalina.startup.VersionLoggerListener.log OS Version:            5.12.7-arch1-1
05-Oct-2021 20:12:55.783 INFO [main] org.apache.catalina.startup.VersionLoggerListener.log Architecture:          amd64
05-Oct-2021 20:12:55.783 INFO [main] org.apache.catalina.startup.VersionLoggerListener.log Java Home:             /usr/lib/jvm/java-15-openjdk
05-Oct-2021 20:12:55.783 INFO [main] org.apache.catalina.startup.VersionLoggerListener.log JVM Version:           15.0.2+7
05-Oct-2021 20:12:55.783 INFO [main] org.apache.catalina.startup.VersionLoggerListener.log JVM Vendor:            Oracle Corporation
05-Oct-2021 20:12:55.784 INFO [main] org.apache.catalina.startup.VersionLoggerListener.log CATALINA_BASE:         /home/sk/Documents/rastered.io/apache-tomcat-10.0.5
05-Oct-2021 20:12:55.784 INFO [main] org.apache.catalina.startup.VersionLoggerListener.log CATALINA_HOME:         /home/sk/Documents/rastered.io/apache-tomcat-10.0.5
05-Oct-2021 20:12:55.793 INFO [main] org.apache.catalina.startup.VersionLoggerListener.log Command line argument: --add-opens=java.base/java.lang=ALL-UNNAMED
05-Oct-2021 20:12:55.793 INFO [main] org.apache.catalina.startup.VersionLoggerListener.log Command line argument: --add-opens=java.base/java.io=ALL-UNNAMED
05-Oct-2021 20:12:55.793 INFO [main] org.apache.catalina.startup.VersionLoggerListener.log Command line argument: --add-opens=java.base/java.util=ALL-UNNAMED
05-Oct-2021 20:12:55.793 INFO [main] org.apache.catalina.startup.VersionLoggerListener.log Command line argument: --add-opens=java.base/java.util.concurrent=ALL-UNNAMED
05-Oct-2021 20:12:55.793 INFO [main] org.apache.catalina.startup.VersionLoggerListener.log Command line argument: --add-opens=java.rmi/sun.rmi.transport=ALL-UNNAMED
05-Oct-2021 20:12:55.793 INFO [main] org.apache.catalina.startup.VersionLoggerListener.log Command line argument: -Djava.util.logging.config.file=/home/sk/Documents/rastered.io/apache-tomcat-10.0.5/conf/logging.properties
05-Oct-2021 20:12:55.794 INFO [main] org.apache.catalina.startup.VersionLoggerListener.log Command line argument: -Djava.util.logging.manager=org.apache.juli.ClassLoaderLogManager
05-Oct-2021 20:12:55.794 INFO [main] org.apache.catalina.startup.VersionLoggerListener.log Command line argument: -Dhttp.nonProxyHosts=localhost|127.0.0.1|vmarch
05-Oct-2021 20:12:55.794 INFO [main] org.apache.catalina.startup.VersionLoggerListener.log Command line argument: -Djdk.tls.ephemeralDHKeySize=2048
05-Oct-2021 20:12:55.794 INFO [main] org.apache.catalina.startup.VersionLoggerListener.log Command line argument: -Djava.protocol.handler.pkgs=org.apache.catalina.webresources
05-Oct-2021 20:12:55.794 INFO [main] org.apache.catalina.startup.VersionLoggerListener.log Command line argument: -Dorg.apache.catalina.security.SecurityListener.UMASK=0027
05-Oct-2021 20:12:55.794 INFO [main] org.apache.catalina.startup.VersionLoggerListener.log Command line argument: -Dignore.endorsed.dirs=
05-Oct-2021 20:12:55.794 INFO [main] org.apache.catalina.startup.VersionLoggerListener.log Command line argument: -Dcatalina.base=/home/sk/Documents/rastered.io/apache-tomcat-10.0.5
05-Oct-2021 20:12:55.794 INFO [main] org.apache.catalina.startup.VersionLoggerListener.log Command line argument: -Dcatalina.home=/home/sk/Documents/rastered.io/apache-tomcat-10.0.5
05-Oct-2021 20:12:55.794 INFO [main] org.apache.catalina.startup.VersionLoggerListener.log Command line argument: -Djava.io.tmpdir=/home/sk/Documents/rastered.io/apache-tomcat-10.0.5/temp
05-Oct-2021 20:12:55.796 INFO [main] org.apache.catalina.core.AprLifecycleListener.lifecycleEvent The Apache Tomcat Native library which allows using OpenSSL was not found on the java.library.path: [/usr/java/packages/lib:/usr/lib64:/lib64:/lib:/usr/lib]
05-Oct-2021 20:12:56.007 INFO [main] org.apache.coyote.AbstractProtocol.init Initializing ProtocolHandler ["http-nio-8080"]
05-Oct-2021 20:12:56.024 INFO [main] org.apache.catalina.startup.Catalina.load Server initialization in [443] milliseconds
05-Oct-2021 20:12:56.052 INFO [main] org.apache.catalina.core.StandardService.startInternal Starting service [Catalina]
05-Oct-2021 20:12:56.052 INFO [main] org.apache.catalina.core.StandardEngine.startInternal Starting Servlet engine: [Apache Tomcat/10.0.5]
05-Oct-2021 20:12:56.057 INFO [main] org.apache.catalina.startup.HostConfig.deployDescriptor Deploying deployment descriptor [/home/sk/Documents/rastered.io/apache-tomcat-10.0.5/conf/Catalina/localhost/ROOT.xml]
05-Oct-2021 20:12:56.065 WARNING [main] org.apache.catalina.startup.HostConfig.deployDescriptor The path attribute with value [] in deployment descriptor [/home/sk/Documents/rastered.io/apache-tomcat-10.0.5/conf/Catalina/localhost/ROOT.xml] has been ignored
05-Oct-2021 20:12:56.226 INFO [main] org.apache.jasper.servlet.TldScanner.scanJars At least one JAR was scanned for TLDs yet contained no TLDs. Enable debug logging for this logger for a complete list of JARs that were scanned but no TLDs were found in them. Skipping unneeded JARs during scanning can improve startup time and JSP compilation time.
05-Oct-2021 20:12:56.264 INFO [main] org.apache.catalina.startup.HostConfig.deployDescriptor Deployment of deployment descriptor [/home/sk/Documents/rastered.io/apache-tomcat-10.0.5/conf/Catalina/localhost/ROOT.xml] has finished in [207] ms
05-Oct-2021 20:12:56.264 INFO [main] org.apache.catalina.startup.HostConfig.deployDirectory Deploying web application directory [/home/sk/Documents/rastered.io/apache-tomcat-10.0.5/webapps/host-manager]
05-Oct-2021 20:12:56.286 INFO [main] org.apache.catalina.startup.HostConfig.deployDirectory Deployment of web application directory [/home/sk/Documents/rastered.io/apache-tomcat-10.0.5/webapps/host-manager] has finished in [22] ms
05-Oct-2021 20:12:56.287 INFO [main] org.apache.catalina.startup.HostConfig.deployDirectory Deploying web application directory [/home/sk/Documents/rastered.io/apache-tomcat-10.0.5/webapps/examples]
05-Oct-2021 20:12:56.433 INFO [main] org.apache.catalina.startup.HostConfig.deployDirectory Deployment of web application directory [/home/sk/Documents/rastered.io/apache-tomcat-10.0.5/webapps/examples] has finished in [145] ms
05-Oct-2021 20:12:56.433 INFO [main] org.apache.catalina.startup.HostConfig.deployDirectory Deploying web application directory [/home/sk/Documents/rastered.io/apache-tomcat-10.0.5/webapps/docs]
05-Oct-2021 20:12:56.452 INFO [main] org.apache.catalina.startup.HostConfig.deployDirectory Deployment of web application directory [/home/sk/Documents/rastered.io/apache-tomcat-10.0.5/webapps/docs] has finished in [19] ms
05-Oct-2021 20:12:56.453 INFO [main] org.apache.catalina.startup.HostConfig.deployDirectory Deploying web application directory [/home/sk/Documents/rastered.io/apache-tomcat-10.0.5/webapps/manager]
05-Oct-2021 20:12:56.470 INFO [main] org.apache.catalina.startup.HostConfig.deployDirectory Deployment of web application directory [/home/sk/Documents/rastered.io/apache-tomcat-10.0.5/webapps/manager] has finished in [17] ms
05-Oct-2021 20:12:56.472 INFO [main] org.apache.coyote.AbstractProtocol.start Starting ProtocolHandler ["http-nio-8080"]
05-Oct-2021 20:12:56.480 INFO [main] org.apache.catalina.startup.Catalina.start Server startup in [456] milliseconds
05-Oct-2021 20:13:09.832 INFO [main] org.apache.catalina.core.StandardServer.await A valid shutdown command was received via the shutdown port. Stopping the Server instance.
05-Oct-2021 20:13:09.833 INFO [main] org.apache.coyote.AbstractProtocol.pause Pausing ProtocolHandler ["http-nio-8080"]
05-Oct-2021 20:13:09.839 INFO [main] org.apache.catalina.core.StandardService.stopInternal Stopping service [Catalina]
05-Oct-2021 20:13:09.867 INFO [main] org.apache.coyote.AbstractProtocol.stop Stopping ProtocolHandler ["http-nio-8080"]
05-Oct-2021 20:13:09.887 INFO [main] org.apache.coyote.AbstractProtocol.destroy Destroying ProtocolHandler ["http-nio-8080"]
05-Oct-2021 20:14:16.622 INFO [main] org.apache.catalina.startup.VersionLoggerListener.log Server version name:   Apache Tomcat/10.0.5
05-Oct-2021 20:14:16.626 INFO [main] org.apache.catalina.startup.VersionLoggerListener.log Server built:          Mar 30 2021 08:19:50 UTC
05-Oct-2021 20:14:16.626 INFO [main] org.apache.catalina.startup.VersionLoggerListener.log Server version number: 10.0.5.0
05-Oct-2021 20:14:16.626 INFO [main] org.apache.catalina.startup.VersionLoggerListener.log OS Name:               Linux
05-Oct-2021 20:14:16.626 INFO [main] org.apache.catalina.startup.VersionLoggerListener.log OS Version:            5.12.7-arch1-1
05-Oct-2021 20:14:16.626 INFO [main] org.apache.catalina.startup.VersionLoggerListener.log Architecture:          amd64
05-Oct-2021 20:14:16.627 INFO [main] org.apache.catalina.startup.VersionLoggerListener.log Java Home:             /usr/lib/jvm/java-15-openjdk
05-Oct-2021 20:14:16.627 INFO [main] org.apache.catalina.startup.VersionLoggerListener.log JVM Version:           15.0.2+7
05-Oct-2021 20:14:16.627 INFO [main] org.apache.catalina.startup.VersionLoggerListener.log JVM Vendor:            Oracle Corporation
05-Oct-2021 20:14:16.627 INFO [main] org.apache.catalina.startup.VersionLoggerListener.log CATALINA_BASE:         /home/sk/Documents/rastered.io/apache-tomcat-10.0.5
05-Oct-2021 20:14:16.627 INFO [main] org.apache.catalina.startup.VersionLoggerListener.log CATALINA_HOME:         /home/sk/Documents/rastered.io/apache-tomcat-10.0.5
05-Oct-2021 20:14:16.640 INFO [main] org.apache.catalina.startup.VersionLoggerListener.log Command line argument: --add-opens=java.base/java.lang=ALL-UNNAMED
05-Oct-2021 20:14:16.640 INFO [main] org.apache.catalina.startup.VersionLoggerListener.log Command line argument: --add-opens=java.base/java.io=ALL-UNNAMED
05-Oct-2021 20:14:16.640 INFO [main] org.apache.catalina.startup.VersionLoggerListener.log Command line argument: --add-opens=java.base/java.util=ALL-UNNAMED
05-Oct-2021 20:14:16.640 INFO [main] org.apache.catalina.startup.VersionLoggerListener.log Command line argument: --add-opens=java.base/java.util.concurrent=ALL-UNNAMED
05-Oct-2021 20:14:16.640 INFO [main] org.apache.catalina.startup.VersionLoggerListener.log Command line argument: --add-opens=java.rmi/sun.rmi.transport=ALL-UNNAMED
05-Oct-2021 20:14:16.641 INFO [main] org.apache.catalina.startup.VersionLoggerListener.log Command line argument: -Djava.util.logging.config.file=/home/sk/Documents/rastered.io/apache-tomcat-10.0.5/conf/logging.properties
05-Oct-2021 20:14:16.641 INFO [main] org.apache.catalina.startup.VersionLoggerListener.log Command line argument: -Djava.util.logging.manager=org.apache.juli.ClassLoaderLogManager
05-Oct-2021 20:14:16.641 INFO [main] org.apache.catalina.startup.VersionLoggerListener.log Command line argument: -Dhttp.nonProxyHosts=localhost|127.0.0.1|vmarch
05-Oct-2021 20:14:16.641 INFO [main] org.apache.catalina.startup.VersionLoggerListener.log Command line argument: -Djdk.tls.ephemeralDHKeySize=2048
05-Oct-2021 20:14:16.641 INFO [main] org.apache.catalina.startup.VersionLoggerListener.log Command line argument: -Djava.protocol.handler.pkgs=org.apache.catalina.webresources
05-Oct-2021 20:14:16.641 INFO [main] org.apache.catalina.startup.VersionLoggerListener.log Command line argument: -Dorg.apache.catalina.security.SecurityListener.UMASK=0027
05-Oct-2021 20:14:16.641 INFO [main] org.apache.catalina.startup.VersionLoggerListener.log Command line argument: -Dignore.endorsed.dirs=
05-Oct-2021 20:14:16.641 INFO [main] org.apache.catalina.startup.VersionLoggerListener.log Command line argument: -Dcatalina.base=/home/sk/Documents/rastered.io/apache-tomcat-10.0.5
05-Oct-2021 20:14:16.641 INFO [main] org.apache.catalina.startup.VersionLoggerListener.log Command line argument: -Dcatalina.home=/home/sk/Documents/rastered.io/apache-tomcat-10.0.5
05-Oct-2021 20:14:16.641 INFO [main] org.apache.catalina.startup.VersionLoggerListener.log Command line argument: -Djava.io.tmpdir=/home/sk/Documents/rastered.io/apache-tomcat-10.0.5/temp
05-Oct-2021 20:14:16.643 INFO [main] org.apache.catalina.core.AprLifecycleListener.lifecycleEvent The Apache Tomcat Native library which allows using OpenSSL was not found on the java.library.path: [/usr/java/packages/lib:/usr/lib64:/lib64:/lib:/usr/lib]
05-Oct-2021 20:14:16.887 INFO [main] org.apache.coyote.AbstractProtocol.init Initializing ProtocolHandler ["http-nio-8080"]
05-Oct-2021 20:14:16.910 INFO [main] org.apache.catalina.startup.Catalina.load Server initialization in [461] milliseconds
05-Oct-2021 20:14:16.942 INFO [main] org.apache.catalina.core.StandardService.startInternal Starting service [Catalina]
05-Oct-2021 20:14:16.943 INFO [main] org.apache.catalina.core.StandardEngine.startInternal Starting Servlet engine: [Apache Tomcat/10.0.5]
05-Oct-2021 20:14:16.950 INFO [main] org.apache.catalina.startup.HostConfig.deployDescriptor Deploying deployment descriptor [/home/sk/Documents/rastered.io/apache-tomcat-10.0.5/conf/Catalina/localhost/ROOT.xml]
05-Oct-2021 20:14:16.960 WARNING [main] org.apache.catalina.startup.HostConfig.deployDescriptor The path attribute with value [] in deployment descriptor [/home/sk/Documents/rastered.io/apache-tomcat-10.0.5/conf/Catalina/localhost/ROOT.xml] has been ignored
05-Oct-2021 20:14:17.119 INFO [main] org.apache.jasper.servlet.TldScanner.scanJars At least one JAR was scanned for TLDs yet contained no TLDs. Enable debug logging for this logger for a complete list of JARs that were scanned but no TLDs were found in them. Skipping unneeded JARs during scanning can improve startup time and JSP compilation time.
05-Oct-2021 20:14:17.155 INFO [main] org.apache.catalina.startup.HostConfig.deployDescriptor Deployment of deployment descriptor [/home/sk/Documents/rastered.io/apache-tomcat-10.0.5/conf/Catalina/localhost/ROOT.xml] has finished in [205] ms
05-Oct-2021 20:14:17.156 INFO [main] org.apache.catalina.startup.HostConfig.deployDirectory Deploying web application directory [/home/sk/Documents/rastered.io/apache-tomcat-10.0.5/webapps/host-manager]
05-Oct-2021 20:14:17.178 INFO [main] org.apache.catalina.startup.HostConfig.deployDirectory Deployment of web application directory [/home/sk/Documents/rastered.io/apache-tomcat-10.0.5/webapps/host-manager] has finished in [22] ms
05-Oct-2021 20:14:17.178 INFO [main] org.apache.catalina.startup.HostConfig.deployDirectory Deploying web application directory [/home/sk/Documents/rastered.io/apache-tomcat-10.0.5/webapps/examples]
05-Oct-2021 20:14:17.313 INFO [main] org.apache.catalina.startup.HostConfig.deployDirectory Deployment of web application directory [/home/sk/Documents/rastered.io/apache-tomcat-10.0.5/webapps/examples] has finished in [135] ms
05-Oct-2021 20:14:17.313 INFO [main] org.apache.catalina.startup.HostConfig.deployDirectory Deploying web application directory [/home/sk/Documents/rastered.io/apache-tomcat-10.0.5/webapps/docs]
05-Oct-2021 20:14:17.324 INFO [main] org.apache.catalina.startup.HostConfig.deployDirectory Deployment of web application directory [/home/sk/Documents/rastered.io/apache-tomcat-10.0.5/webapps/docs] has finished in [11] ms
05-Oct-2021 20:14:17.325 INFO [main] org.apache.catalina.startup.HostConfig.deployDirectory Deploying web application directory [/home/sk/Documents/rastered.io/apache-tomcat-10.0.5/webapps/manager]
05-Oct-2021 20:14:17.338 INFO [main] org.apache.catalina.startup.HostConfig.deployDirectory Deployment of web application directory [/home/sk/Documents/rastered.io/apache-tomcat-10.0.5/webapps/manager] has finished in [13] ms
05-Oct-2021 20:14:17.341 INFO [main] org.apache.coyote.AbstractProtocol.start Starting ProtocolHandler ["http-nio-8080"]
05-Oct-2021 20:14:17.362 INFO [main] org.apache.catalina.startup.Catalina.start Server startup in [450] milliseconds
05-Oct-2021 20:14:53.082 INFO [main] org.apache.catalina.core.StandardServer.await A valid shutdown command was received via the shutdown port. Stopping the Server instance.
05-Oct-2021 20:14:53.082 INFO [main] org.apache.coyote.AbstractProtocol.pause Pausing ProtocolHandler ["http-nio-8080"]
05-Oct-2021 20:14:53.088 INFO [main] org.apache.catalina.core.StandardService.stopInternal Stopping service [Catalina]
05-Oct-2021 20:14:53.106 INFO [main] org.apache.coyote.AbstractProtocol.stop Stopping ProtocolHandler ["http-nio-8080"]
05-Oct-2021 20:14:53.136 INFO [main] org.apache.coyote.AbstractProtocol.destroy Destroying ProtocolHandler ["http-nio-8080"]
05-Oct-2021 20:15:15.592 INFO [main] org.apache.catalina.startup.VersionLoggerListener.log Server version name:   Apache Tomcat/10.0.5
05-Oct-2021 20:15:15.597 INFO [main] org.apache.catalina.startup.VersionLoggerListener.log Server built:          Mar 30 2021 08:19:50 UTC
05-Oct-2021 20:15:15.597 INFO [main] org.apache.catalina.startup.VersionLoggerListener.log Server version number: 10.0.5.0
05-Oct-2021 20:15:15.597 INFO [main] org.apache.catalina.startup.VersionLoggerListener.log OS Name:               Linux
05-Oct-2021 20:15:15.597 INFO [main] org.apache.catalina.startup.VersionLoggerListener.log OS Version:            5.12.7-arch1-1
05-Oct-2021 20:15:15.597 INFO [main] org.apache.catalina.startup.VersionLoggerListener.log Architecture:          amd64
05-Oct-2021 20:15:15.598 INFO [main] org.apache.catalina.startup.VersionLoggerListener.log Java Home:             /usr/lib/jvm/java-15-openjdk
05-Oct-2021 20:15:15.598 INFO [main] org.apache.catalina.startup.VersionLoggerListener.log JVM Version:           15.0.2+7
05-Oct-2021 20:15:15.598 INFO [main] org.apache.catalina.startup.VersionLoggerListener.log JVM Vendor:            Oracle Corporation
05-Oct-2021 20:15:15.598 INFO [main] org.apache.catalina.startup.VersionLoggerListener.log CATALINA_BASE:         /home/sk/Documents/rastered.io/apache-tomcat-10.0.5
05-Oct-2021 20:15:15.598 INFO [main] org.apache.catalina.startup.VersionLoggerListener.log CATALINA_HOME:         /home/sk/Documents/rastered.io/apache-tomcat-10.0.5
05-Oct-2021 20:15:15.609 INFO [main] org.apache.catalina.startup.VersionLoggerListener.log Command line argument: --add-opens=java.base/java.lang=ALL-UNNAMED
05-Oct-2021 20:15:15.610 INFO [main] org.apache.catalina.startup.VersionLoggerListener.log Command line argument: --add-opens=java.base/java.io=ALL-UNNAMED
05-Oct-2021 20:15:15.610 INFO [main] org.apache.catalina.startup.VersionLoggerListener.log Command line argument: --add-opens=java.base/java.util=ALL-UNNAMED
05-Oct-2021 20:15:15.610 INFO [main] org.apache.catalina.startup.VersionLoggerListener.log Command line argument: --add-opens=java.base/java.util.concurrent=ALL-UNNAMED
05-Oct-2021 20:15:15.610 INFO [main] org.apache.catalina.startup.VersionLoggerListener.log Command line argument: --add-opens=java.rmi/sun.rmi.transport=ALL-UNNAMED
05-Oct-2021 20:15:15.610 INFO [main] org.apache.catalina.startup.VersionLoggerListener.log Command line argument: -Djava.util.logging.config.file=/home/sk/Documents/rastered.io/apache-tomcat-10.0.5/conf/logging.properties
05-Oct-2021 20:15:15.610 INFO [main] org.apache.catalina.startup.VersionLoggerListener.log Command line argument: -Djava.util.logging.manager=org.apache.juli.ClassLoaderLogManager
05-Oct-2021 20:15:15.610 INFO [main] org.apache.catalina.startup.VersionLoggerListener.log Command line argument: -Dhttp.nonProxyHosts=localhost|127.0.0.1|vmarch
05-Oct-2021 20:15:15.610 INFO [main] org.apache.catalina.startup.VersionLoggerListener.log Command line argument: -Djdk.tls.ephemeralDHKeySize=2048
05-Oct-2021 20:15:15.610 INFO [main] org.apache.catalina.startup.VersionLoggerListener.log Command line argument: -Djava.protocol.handler.pkgs=org.apache.catalina.webresources
05-Oct-2021 20:15:15.610 INFO [main] org.apache.catalina.startup.VersionLoggerListener.log Command line argument: -Dorg.apache.catalina.security.SecurityListener.UMASK=0027
05-Oct-2021 20:15:15.610 INFO [main] org.apache.catalina.startup.VersionLoggerListener.log Command line argument: -Dignore.endorsed.dirs=
05-Oct-2021 20:15:15.611 INFO [main] org.apache.catalina.startup.VersionLoggerListener.log Command line argument: -Dcatalina.base=/home/sk/Documents/rastered.io/apache-tomcat-10.0.5
05-Oct-2021 20:15:15.611 INFO [main] org.apache.catalina.startup.VersionLoggerListener.log Command line argument: -Dcatalina.home=/home/sk/Documents/rastered.io/apache-tomcat-10.0.5
05-Oct-2021 20:15:15.611 INFO [main] org.apache.catalina.startup.VersionLoggerListener.log Command line argument: -Djava.io.tmpdir=/home/sk/Documents/rastered.io/apache-tomcat-10.0.5/temp
05-Oct-2021 20:15:15.612 INFO [main] org.apache.catalina.core.AprLifecycleListener.lifecycleEvent The Apache Tomcat Native library which allows using OpenSSL was not found on the java.library.path: [/usr/java/packages/lib:/usr/lib64:/lib64:/lib:/usr/lib]
05-Oct-2021 20:15:15.820 INFO [main] org.apache.coyote.AbstractProtocol.init Initializing ProtocolHandler ["http-nio-8080"]
05-Oct-2021 20:15:15.837 INFO [main] org.apache.catalina.startup.Catalina.load Server initialization in [432] milliseconds
05-Oct-2021 20:15:15.864 INFO [main] org.apache.catalina.core.StandardService.startInternal Starting service [Catalina]
05-Oct-2021 20:15:15.864 INFO [main] org.apache.catalina.core.StandardEngine.startInternal Starting Servlet engine: [Apache Tomcat/10.0.5]
05-Oct-2021 20:15:15.870 INFO [main] org.apache.catalina.startup.HostConfig.deployDescriptor Deploying deployment descriptor [/home/sk/Documents/rastered.io/apache-tomcat-10.0.5/conf/Catalina/localhost/ROOT.xml]
05-Oct-2021 20:15:15.879 WARNING [main] org.apache.catalina.startup.HostConfig.deployDescriptor The path attribute with value [] in deployment descriptor [/home/sk/Documents/rastered.io/apache-tomcat-10.0.5/conf/Catalina/localhost/ROOT.xml] has been ignored
05-Oct-2021 20:15:16.045 INFO [main] org.apache.jasper.servlet.TldScanner.scanJars At least one JAR was scanned for TLDs yet contained no TLDs. Enable debug logging for this logger for a complete list of JARs that were scanned but no TLDs were found in them. Skipping unneeded JARs during scanning can improve startup time and JSP compilation time.
05-Oct-2021 20:15:16.071 INFO [main] org.apache.catalina.startup.HostConfig.deployDescriptor Deployment of deployment descriptor [/home/sk/Documents/rastered.io/apache-tomcat-10.0.5/conf/Catalina/localhost/ROOT.xml] has finished in [200] ms
05-Oct-2021 20:15:16.071 INFO [main] org.apache.catalina.startup.HostConfig.deployDirectory Deploying web application directory [/home/sk/Documents/rastered.io/apache-tomcat-10.0.5/webapps/host-manager]
05-Oct-2021 20:15:16.094 INFO [main] org.apache.catalina.startup.HostConfig.deployDirectory Deployment of web application directory [/home/sk/Documents/rastered.io/apache-tomcat-10.0.5/webapps/host-manager] has finished in [23] ms
05-Oct-2021 20:15:16.094 INFO [main] org.apache.catalina.startup.HostConfig.deployDirectory Deploying web application directory [/home/sk/Documents/rastered.io/apache-tomcat-10.0.5/webapps/examples]
05-Oct-2021 20:15:16.229 INFO [main] org.apache.catalina.startup.HostConfig.deployDirectory Deployment of web application directory [/home/sk/Documents/rastered.io/apache-tomcat-10.0.5/webapps/examples] has finished in [135] ms
05-Oct-2021 20:15:16.229 INFO [main] org.apache.catalina.startup.HostConfig.deployDirectory Deploying web application directory [/home/sk/Documents/rastered.io/apache-tomcat-10.0.5/webapps/docs]
05-Oct-2021 20:15:16.244 INFO [main] org.apache.catalina.startup.HostConfig.deployDirectory Deployment of web application directory [/home/sk/Documents/rastered.io/apache-tomcat-10.0.5/webapps/docs] has finished in [15] ms
05-Oct-2021 20:15:16.245 INFO [main] org.apache.catalina.startup.HostConfig.deployDirectory Deploying web application directory [/home/sk/Documents/rastered.io/apache-tomcat-10.0.5/webapps/manager]
05-Oct-2021 20:15:16.257 INFO [main] org.apache.catalina.startup.HostConfig.deployDirectory Deployment of web application directory [/home/sk/Documents/rastered.io/apache-tomcat-10.0.5/webapps/manager] has finished in [13] ms
05-Oct-2021 20:15:16.259 INFO [main] org.apache.coyote.AbstractProtocol.start Starting ProtocolHandler ["http-nio-8080"]
05-Oct-2021 20:15:16.268 INFO [main] org.apache.catalina.startup.Catalina.start Server startup in [430] milliseconds
05-Oct-2021 20:20:53.794 INFO [main] org.apache.catalina.core.StandardServer.await A valid shutdown command was received via the shutdown port. Stopping the Server instance.
05-Oct-2021 20:20:53.794 INFO [main] org.apache.coyote.AbstractProtocol.pause Pausing ProtocolHandler ["http-nio-8080"]
05-Oct-2021 20:20:53.802 INFO [main] org.apache.catalina.core.StandardService.stopInternal Stopping service [Catalina]
05-Oct-2021 20:20:53.828 INFO [main] org.apache.coyote.AbstractProtocol.stop Stopping ProtocolHandler ["http-nio-8080"]
05-Oct-2021 20:20:53.849 INFO [main] org.apache.coyote.AbstractProtocol.destroy Destroying ProtocolHandler ["http-nio-8080"]
05-Oct-2021 20:21:03.265 INFO [main] org.apache.catalina.startup.VersionLoggerListener.log Server version name:   Apache Tomcat/10.0.5
05-Oct-2021 20:21:03.269 INFO [main] org.apache.catalina.startup.VersionLoggerListener.log Server built:          Mar 30 2021 08:19:50 UTC
05-Oct-2021 20:21:03.269 INFO [main] org.apache.catalina.startup.VersionLoggerListener.log Server version number: 10.0.5.0
05-Oct-2021 20:21:03.269 INFO [main] org.apache.catalina.startup.VersionLoggerListener.log OS Name:               Linux
05-Oct-2021 20:21:03.270 INFO [main] org.apache.catalina.startup.VersionLoggerListener.log OS Version:            5.12.7-arch1-1
05-Oct-2021 20:21:03.270 INFO [main] org.apache.catalina.startup.VersionLoggerListener.log Architecture:          amd64
05-Oct-2021 20:21:03.270 INFO [main] org.apache.catalina.startup.VersionLoggerListener.log Java Home:             /usr/lib/jvm/java-15-openjdk
05-Oct-2021 20:21:03.270 INFO [main] org.apache.catalina.startup.VersionLoggerListener.log JVM Version:           15.0.2+7
05-Oct-2021 20:21:03.270 INFO [main] org.apache.catalina.startup.VersionLoggerListener.log JVM Vendor:            Oracle Corporation
05-Oct-2021 20:21:03.270 INFO [main] org.apache.catalina.startup.VersionLoggerListener.log CATALINA_BASE:         /home/sk/Documents/rastered.io/apache-tomcat-10.0.5
05-Oct-2021 20:21:03.270 INFO [main] org.apache.catalina.startup.VersionLoggerListener.log CATALINA_HOME:         /home/sk/Documents/rastered.io/apache-tomcat-10.0.5
05-Oct-2021 20:21:03.282 INFO [main] org.apache.catalina.startup.VersionLoggerListener.log Command line argument: --add-opens=java.base/java.lang=ALL-UNNAMED
05-Oct-2021 20:21:03.282 INFO [main] org.apache.catalina.startup.VersionLoggerListener.log Command line argument: --add-opens=java.base/java.io=ALL-UNNAMED
05-Oct-2021 20:21:03.282 INFO [main] org.apache.catalina.startup.VersionLoggerListener.log Command line argument: --add-opens=java.base/java.util=ALL-UNNAMED
05-Oct-2021 20:21:03.282 INFO [main] org.apache.catalina.startup.VersionLoggerListener.log Command line argument: --add-opens=java.base/java.util.concurrent=ALL-UNNAMED
05-Oct-2021 20:21:03.283 INFO [main] org.apache.catalina.startup.VersionLoggerListener.log Command line argument: --add-opens=java.rmi/sun.rmi.transport=ALL-UNNAMED
05-Oct-2021 20:21:03.283 INFO [main] org.apache.catalina.startup.VersionLoggerListener.log Command line argument: -Djava.util.logging.config.file=/home/sk/Documents/rastered.io/apache-tomcat-10.0.5/conf/logging.properties
05-Oct-2021 20:21:03.283 INFO [main] org.apache.catalina.startup.VersionLoggerListener.log Command line argument: -Djava.util.logging.manager=org.apache.juli.ClassLoaderLogManager
05-Oct-2021 20:21:03.283 INFO [main] org.apache.catalina.startup.VersionLoggerListener.log Command line argument: -Dhttp.nonProxyHosts=localhost|127.0.0.1|vmarch
05-Oct-2021 20:21:03.283 INFO [main] org.apache.catalina.startup.VersionLoggerListener.log Command line argument: -Djdk.tls.ephemeralDHKeySize=2048
05-Oct-2021 20:21:03.283 INFO [main] org.apache.catalina.startup.VersionLoggerListener.log Command line argument: -Djava.protocol.handler.pkgs=org.apache.catalina.webresources
05-Oct-2021 20:21:03.283 INFO [main] org.apache.catalina.startup.VersionLoggerListener.log Command line argument: -Dorg.apache.catalina.security.SecurityListener.UMASK=0027
05-Oct-2021 20:21:03.283 INFO [main] org.apache.catalina.startup.VersionLoggerListener.log Command line argument: -Dignore.endorsed.dirs=
05-Oct-2021 20:21:03.283 INFO [main] org.apache.catalina.startup.VersionLoggerListener.log Command line argument: -Dcatalina.base=/home/sk/Documents/rastered.io/apache-tomcat-10.0.5
05-Oct-2021 20:21:03.283 INFO [main] org.apache.catalina.startup.VersionLoggerListener.log Command line argument: -Dcatalina.home=/home/sk/Documents/rastered.io/apache-tomcat-10.0.5
05-Oct-2021 20:21:03.284 INFO [main] org.apache.catalina.startup.VersionLoggerListener.log Command line argument: -Djava.io.tmpdir=/home/sk/Documents/rastered.io/apache-tomcat-10.0.5/temp
05-Oct-2021 20:21:03.285 INFO [main] org.apache.catalina.core.AprLifecycleListener.lifecycleEvent The Apache Tomcat Native library which allows using OpenSSL was not found on the java.library.path: [/usr/java/packages/lib:/usr/lib64:/lib64:/lib:/usr/lib]
05-Oct-2021 20:21:03.530 INFO [main] org.apache.coyote.AbstractProtocol.init Initializing ProtocolHandler ["http-nio-8080"]
05-Oct-2021 20:21:03.549 INFO [main] org.apache.catalina.startup.Catalina.load Server initialization in [469] milliseconds
05-Oct-2021 20:21:03.575 INFO [main] org.apache.catalina.core.StandardService.startInternal Starting service [Catalina]
05-Oct-2021 20:21:03.575 INFO [main] org.apache.catalina.core.StandardEngine.startInternal Starting Servlet engine: [Apache Tomcat/10.0.5]
05-Oct-2021 20:21:03.581 INFO [main] org.apache.catalina.startup.HostConfig.deployDescriptor Deploying deployment descriptor [/home/sk/Documents/rastered.io/apache-tomcat-10.0.5/conf/Catalina/localhost/ROOT.xml]
05-Oct-2021 20:21:03.591 WARNING [main] org.apache.catalina.startup.HostConfig.deployDescriptor The path attribute with value [] in deployment descriptor [/home/sk/Documents/rastered.io/apache-tomcat-10.0.5/conf/Catalina/localhost/ROOT.xml] has been ignored
05-Oct-2021 20:21:03.761 INFO [main] org.apache.jasper.servlet.TldScanner.scanJars At least one JAR was scanned for TLDs yet contained no TLDs. Enable debug logging for this logger for a complete list of JARs that were scanned but no TLDs were found in them. Skipping unneeded JARs during scanning can improve startup time and JSP compilation time.
05-Oct-2021 20:21:03.802 INFO [main] org.apache.catalina.startup.HostConfig.deployDescriptor Deployment of deployment descriptor [/home/sk/Documents/rastered.io/apache-tomcat-10.0.5/conf/Catalina/localhost/ROOT.xml] has finished in [221] ms
05-Oct-2021 20:21:03.803 INFO [main] org.apache.catalina.startup.HostConfig.deployDirectory Deploying web application directory [/home/sk/Documents/rastered.io/apache-tomcat-10.0.5/webapps/host-manager]
05-Oct-2021 20:21:03.828 INFO [main] org.apache.catalina.startup.HostConfig.deployDirectory Deployment of web application directory [/home/sk/Documents/rastered.io/apache-tomcat-10.0.5/webapps/host-manager] has finished in [25] ms
05-Oct-2021 20:21:03.828 INFO [main] org.apache.catalina.startup.HostConfig.deployDirectory Deploying web application directory [/home/sk/Documents/rastered.io/apache-tomcat-10.0.5/webapps/examples]
05-Oct-2021 20:21:03.998 INFO [main] org.apache.catalina.startup.HostConfig.deployDirectory Deployment of web application directory [/home/sk/Documents/rastered.io/apache-tomcat-10.0.5/webapps/examples] has finished in [169] ms
05-Oct-2021 20:21:03.998 INFO [main] org.apache.catalina.startup.HostConfig.deployDirectory Deploying web application directory [/home/sk/Documents/rastered.io/apache-tomcat-10.0.5/webapps/docs]
05-Oct-2021 20:21:04.016 INFO [main] org.apache.catalina.startup.HostConfig.deployDirectory Deployment of web application directory [/home/sk/Documents/rastered.io/apache-tomcat-10.0.5/webapps/docs] has finished in [17] ms
05-Oct-2021 20:21:04.016 INFO [main] org.apache.catalina.startup.HostConfig.deployDirectory Deploying web application directory [/home/sk/Documents/rastered.io/apache-tomcat-10.0.5/webapps/manager]
05-Oct-2021 20:21:04.041 INFO [main] org.apache.catalina.startup.HostConfig.deployDirectory Deployment of web application directory [/home/sk/Documents/rastered.io/apache-tomcat-10.0.5/webapps/manager] has finished in [25] ms
05-Oct-2021 20:21:04.045 INFO [main] org.apache.coyote.AbstractProtocol.start Starting ProtocolHandler ["http-nio-8080"]
05-Oct-2021 20:21:04.065 INFO [main] org.apache.catalina.startup.Catalina.start Server startup in [515] milliseconds
05-Oct-2021 20:32:42.021 INFO [main] org.apache.catalina.core.StandardServer.await A valid shutdown command was received via the shutdown port. Stopping the Server instance.
05-Oct-2021 20:32:42.023 INFO [main] org.apache.coyote.AbstractProtocol.pause Pausing ProtocolHandler ["http-nio-8080"]
05-Oct-2021 20:32:42.030 INFO [main] org.apache.catalina.core.StandardService.stopInternal Stopping service [Catalina]
05-Oct-2021 20:32:42.057 INFO [main] org.apache.coyote.AbstractProtocol.stop Stopping ProtocolHandler ["http-nio-8080"]
05-Oct-2021 20:32:42.078 INFO [main] org.apache.coyote.AbstractProtocol.destroy Destroying ProtocolHandler ["http-nio-8080"]
05-Oct-2021 20:35:42.881 INFO [main] org.apache.catalina.startup.VersionLoggerListener.log Server version name:   Apache Tomcat/10.0.5
05-Oct-2021 20:35:42.885 INFO [main] org.apache.catalina.startup.VersionLoggerListener.log Server built:          Mar 30 2021 08:19:50 UTC
05-Oct-2021 20:35:42.885 INFO [main] org.apache.catalina.startup.VersionLoggerListener.log Server version number: 10.0.5.0
05-Oct-2021 20:35:42.885 INFO [main] org.apache.catalina.startup.VersionLoggerListener.log OS Name:               Linux
05-Oct-2021 20:35:42.886 INFO [main] org.apache.catalina.startup.VersionLoggerListener.log OS Version:            5.12.7-arch1-1
05-Oct-2021 20:35:42.886 INFO [main] org.apache.catalina.startup.VersionLoggerListener.log Architecture:          amd64
05-Oct-2021 20:35:42.886 INFO [main] org.apache.catalina.startup.VersionLoggerListener.log Java Home:             /usr/lib/jvm/java-15-openjdk
05-Oct-2021 20:35:42.886 INFO [main] org.apache.catalina.startup.VersionLoggerListener.log JVM Version:           15.0.2+7
05-Oct-2021 20:35:42.886 INFO [main] org.apache.catalina.startup.VersionLoggerListener.log JVM Vendor:            Oracle Corporation
05-Oct-2021 20:35:42.886 INFO [main] org.apache.catalina.startup.VersionLoggerListener.log CATALINA_BASE:         /home/sk/Documents/rastered.io/apache-tomcat-10.0.5
05-Oct-2021 20:35:42.887 INFO [main] org.apache.catalina.startup.VersionLoggerListener.log CATALINA_HOME:         /home/sk/Documents/rastered.io/apache-tomcat-10.0.5
05-Oct-2021 20:35:42.900 INFO [main] org.apache.catalina.startup.VersionLoggerListener.log Command line argument: --add-opens=java.base/java.lang=ALL-UNNAMED
05-Oct-2021 20:35:42.900 INFO [main] org.apache.catalina.startup.VersionLoggerListener.log Command line argument: --add-opens=java.base/java.io=ALL-UNNAMED
05-Oct-2021 20:35:42.900 INFO [main] org.apache.catalina.startup.VersionLoggerListener.log Command line argument: --add-opens=java.base/java.util=ALL-UNNAMED
05-Oct-2021 20:35:42.900 INFO [main] org.apache.catalina.startup.VersionLoggerListener.log Command line argument: --add-opens=java.base/java.util.concurrent=ALL-UNNAMED
05-Oct-2021 20:35:42.900 INFO [main] org.apache.catalina.startup.VersionLoggerListener.log Command line argument: --add-opens=java.rmi/sun.rmi.transport=ALL-UNNAMED
05-Oct-2021 20:35:42.900 INFO [main] org.apache.catalina.startup.VersionLoggerListener.log Command line argument: -Djava.util.logging.config.file=/home/sk/Documents/rastered.io/apache-tomcat-10.0.5/conf/logging.properties
05-Oct-2021 20:35:42.901 INFO [main] org.apache.catalina.startup.VersionLoggerListener.log Command line argument: -Djava.util.logging.manager=org.apache.juli.ClassLoaderLogManager
05-Oct-2021 20:35:42.901 INFO [main] org.apache.catalina.startup.VersionLoggerListener.log Command line argument: -Dhttp.nonProxyHosts=localhost|127.0.0.1|vmarch
05-Oct-2021 20:35:42.901 INFO [main] org.apache.catalina.startup.VersionLoggerListener.log Command line argument: -Djdk.tls.ephemeralDHKeySize=2048
05-Oct-2021 20:35:42.901 INFO [main] org.apache.catalina.startup.VersionLoggerListener.log Command line argument: -Djava.protocol.handler.pkgs=org.apache.catalina.webresources
05-Oct-2021 20:35:42.901 INFO [main] org.apache.catalina.startup.VersionLoggerListener.log Command line argument: -Dorg.apache.catalina.security.SecurityListener.UMASK=0027
05-Oct-2021 20:35:42.901 INFO [main] org.apache.catalina.startup.VersionLoggerListener.log Command line argument: -Dignore.endorsed.dirs=
05-Oct-2021 20:35:42.901 INFO [main] org.apache.catalina.startup.VersionLoggerListener.log Command line argument: -Dcatalina.base=/home/sk/Documents/rastered.io/apache-tomcat-10.0.5
05-Oct-2021 20:35:42.901 INFO [main] org.apache.catalina.startup.VersionLoggerListener.log Command line argument: -Dcatalina.home=/home/sk/Documents/rastered.io/apache-tomcat-10.0.5
05-Oct-2021 20:35:42.902 INFO [main] org.apache.catalina.startup.VersionLoggerListener.log Command line argument: -Djava.io.tmpdir=/home/sk/Documents/rastered.io/apache-tomcat-10.0.5/temp
05-Oct-2021 20:35:42.903 INFO [main] org.apache.catalina.core.AprLifecycleListener.lifecycleEvent The Apache Tomcat Native library which allows using OpenSSL was not found on the java.library.path: [/usr/java/packages/lib:/usr/lib64:/lib64:/lib:/usr/lib]
05-Oct-2021 20:35:43.146 INFO [main] org.apache.coyote.AbstractProtocol.init Initializing ProtocolHandler ["http-nio-8080"]
05-Oct-2021 20:35:43.165 INFO [main] org.apache.catalina.startup.Catalina.load Server initialization in [480] milliseconds
05-Oct-2021 20:35:43.191 INFO [main] org.apache.catalina.core.StandardService.startInternal Starting service [Catalina]
05-Oct-2021 20:35:43.191 INFO [main] org.apache.catalina.core.StandardEngine.startInternal Starting Servlet engine: [Apache Tomcat/10.0.5]
05-Oct-2021 20:35:43.196 INFO [main] org.apache.catalina.startup.HostConfig.deployDescriptor Deploying deployment descriptor [/home/sk/Documents/rastered.io/apache-tomcat-10.0.5/conf/Catalina/localhost/ROOT.xml]
05-Oct-2021 20:35:43.205 WARNING [main] org.apache.catalina.startup.HostConfig.deployDescriptor The path attribute with value [] in deployment descriptor [/home/sk/Documents/rastered.io/apache-tomcat-10.0.5/conf/Catalina/localhost/ROOT.xml] has been ignored
05-Oct-2021 20:35:43.361 INFO [main] org.apache.jasper.servlet.TldScanner.scanJars At least one JAR was scanned for TLDs yet contained no TLDs. Enable debug logging for this logger for a complete list of JARs that were scanned but no TLDs were found in them. Skipping unneeded JARs during scanning can improve startup time and JSP compilation time.
05-Oct-2021 20:35:43.402 INFO [main] org.apache.catalina.startup.HostConfig.deployDescriptor Deployment of deployment descriptor [/home/sk/Documents/rastered.io/apache-tomcat-10.0.5/conf/Catalina/localhost/ROOT.xml] has finished in [205] ms
05-Oct-2021 20:35:43.402 INFO [main] org.apache.catalina.startup.HostConfig.deployDirectory Deploying web application directory [/home/sk/Documents/rastered.io/apache-tomcat-10.0.5/webapps/host-manager]
05-Oct-2021 20:35:43.424 INFO [main] org.apache.catalina.startup.HostConfig.deployDirectory Deployment of web application directory [/home/sk/Documents/rastered.io/apache-tomcat-10.0.5/webapps/host-manager] has finished in [21] ms
05-Oct-2021 20:35:43.424 INFO [main] org.apache.catalina.startup.HostConfig.deployDirectory Deploying web application directory [/home/sk/Documents/rastered.io/apache-tomcat-10.0.5/webapps/examples]
05-Oct-2021 20:35:43.563 INFO [main] org.apache.catalina.startup.HostConfig.deployDirectory Deployment of web application directory [/home/sk/Documents/rastered.io/apache-tomcat-10.0.5/webapps/examples] has finished in [139] ms
05-Oct-2021 20:35:43.563 INFO [main] org.apache.catalina.startup.HostConfig.deployDirectory Deploying web application directory [/home/sk/Documents/rastered.io/apache-tomcat-10.0.5/webapps/docs]
05-Oct-2021 20:35:43.574 INFO [main] org.apache.catalina.startup.HostConfig.deployDirectory Deployment of web application directory [/home/sk/Documents/rastered.io/apache-tomcat-10.0.5/webapps/docs] has finished in [11] ms
05-Oct-2021 20:35:43.574 INFO [main] org.apache.catalina.startup.HostConfig.deployDirectory Deploying web application directory [/home/sk/Documents/rastered.io/apache-tomcat-10.0.5/webapps/manager]
05-Oct-2021 20:35:43.588 INFO [main] org.apache.catalina.startup.HostConfig.deployDirectory Deployment of web application directory [/home/sk/Documents/rastered.io/apache-tomcat-10.0.5/webapps/manager] has finished in [14] ms
05-Oct-2021 20:35:43.591 INFO [main] org.apache.coyote.AbstractProtocol.start Starting ProtocolHandler ["http-nio-8080"]
05-Oct-2021 20:35:43.604 INFO [main] org.apache.catalina.startup.Catalina.start Server startup in [439] milliseconds
05-Oct-2021 20:51:25.459 INFO [main] org.apache.catalina.core.StandardServer.await A valid shutdown command was received via the shutdown port. Stopping the Server instance.
05-Oct-2021 20:51:25.460 INFO [main] org.apache.coyote.AbstractProtocol.pause Pausing ProtocolHandler ["http-nio-8080"]
05-Oct-2021 20:51:25.466 INFO [main] org.apache.catalina.core.StandardService.stopInternal Stopping service [Catalina]
05-Oct-2021 20:51:25.485 INFO [main] org.apache.coyote.AbstractProtocol.stop Stopping ProtocolHandler ["http-nio-8080"]
05-Oct-2021 20:51:25.513 INFO [main] org.apache.coyote.AbstractProtocol.destroy Destroying ProtocolHandler ["http-nio-8080"]
05-Oct-2021 20:52:47.437 INFO [main] org.apache.catalina.startup.VersionLoggerListener.log Server version name:   Apache Tomcat/10.0.5
05-Oct-2021 20:52:47.442 INFO [main] org.apache.catalina.startup.VersionLoggerListener.log Server built:          Mar 30 2021 08:19:50 UTC
05-Oct-2021 20:52:47.442 INFO [main] org.apache.catalina.startup.VersionLoggerListener.log Server version number: 10.0.5.0
05-Oct-2021 20:52:47.443 INFO [main] org.apache.catalina.startup.VersionLoggerListener.log OS Name:               Linux
05-Oct-2021 20:52:47.443 INFO [main] org.apache.catalina.startup.VersionLoggerListener.log OS Version:            5.12.7-arch1-1
05-Oct-2021 20:52:47.443 INFO [main] org.apache.catalina.startup.VersionLoggerListener.log Architecture:          amd64
05-Oct-2021 20:52:47.443 INFO [main] org.apache.catalina.startup.VersionLoggerListener.log Java Home:             /usr/lib/jvm/java-15-openjdk
05-Oct-2021 20:52:47.443 INFO [main] org.apache.catalina.startup.VersionLoggerListener.log JVM Version:           15.0.2+7
05-Oct-2021 20:52:47.444 INFO [main] org.apache.catalina.startup.VersionLoggerListener.log JVM Vendor:            Oracle Corporation
05-Oct-2021 20:52:47.444 INFO [main] org.apache.catalina.startup.VersionLoggerListener.log CATALINA_BASE:         /home/sk/Documents/rastered.io/apache-tomcat-10.0.5
05-Oct-2021 20:52:47.444 INFO [main] org.apache.catalina.startup.VersionLoggerListener.log CATALINA_HOME:         /home/sk/Documents/rastered.io/apache-tomcat-10.0.5
05-Oct-2021 20:52:47.454 INFO [main] org.apache.catalina.startup.VersionLoggerListener.log Command line argument: --add-opens=java.base/java.lang=ALL-UNNAMED
05-Oct-2021 20:52:47.454 INFO [main] org.apache.catalina.startup.VersionLoggerListener.log Command line argument: --add-opens=java.base/java.io=ALL-UNNAMED
05-Oct-2021 20:52:47.454 INFO [main] org.apache.catalina.startup.VersionLoggerListener.log Command line argument: --add-opens=java.base/java.util=ALL-UNNAMED
05-Oct-2021 20:52:47.455 INFO [main] org.apache.catalina.startup.VersionLoggerListener.log Command line argument: --add-opens=java.base/java.util.concurrent=ALL-UNNAMED
05-Oct-2021 20:52:47.455 INFO [main] org.apache.catalina.startup.VersionLoggerListener.log Command line argument: --add-opens=java.rmi/sun.rmi.transport=ALL-UNNAMED
05-Oct-2021 20:52:47.455 INFO [main] org.apache.catalina.startup.VersionLoggerListener.log Command line argument: -Djava.util.logging.config.file=/home/sk/Documents/rastered.io/apache-tomcat-10.0.5/conf/logging.properties
05-Oct-2021 20:52:47.455 INFO [main] org.apache.catalina.startup.VersionLoggerListener.log Command line argument: -Djava.util.logging.manager=org.apache.juli.ClassLoaderLogManager
05-Oct-2021 20:52:47.455 INFO [main] org.apache.catalina.startup.VersionLoggerListener.log Command line argument: -Dhttp.nonProxyHosts=localhost|127.0.0.1|vmarch
05-Oct-2021 20:52:47.455 INFO [main] org.apache.catalina.startup.VersionLoggerListener.log Command line argument: -Djdk.tls.ephemeralDHKeySize=2048
05-Oct-2021 20:52:47.455 INFO [main] org.apache.catalina.startup.VersionLoggerListener.log Command line argument: -Djava.protocol.handler.pkgs=org.apache.catalina.webresources
05-Oct-2021 20:52:47.455 INFO [main] org.apache.catalina.startup.VersionLoggerListener.log Command line argument: -Dorg.apache.catalina.security.SecurityListener.UMASK=0027
05-Oct-2021 20:52:47.455 INFO [main] org.apache.catalina.startup.VersionLoggerListener.log Command line argument: -Dignore.endorsed.dirs=
05-Oct-2021 20:52:47.456 INFO [main] org.apache.catalina.startup.VersionLoggerListener.log Command line argument: -Dcatalina.base=/home/sk/Documents/rastered.io/apache-tomcat-10.0.5
05-Oct-2021 20:52:47.456 INFO [main] org.apache.catalina.startup.VersionLoggerListener.log Command line argument: -Dcatalina.home=/home/sk/Documents/rastered.io/apache-tomcat-10.0.5
05-Oct-2021 20:52:47.456 INFO [main] org.apache.catalina.startup.VersionLoggerListener.log Command line argument: -Djava.io.tmpdir=/home/sk/Documents/rastered.io/apache-tomcat-10.0.5/temp
05-Oct-2021 20:52:47.457 INFO [main] org.apache.catalina.core.AprLifecycleListener.lifecycleEvent The Apache Tomcat Native library which allows using OpenSSL was not found on the java.library.path: [/usr/java/packages/lib:/usr/lib64:/lib64:/lib:/usr/lib]
05-Oct-2021 20:52:47.686 INFO [main] org.apache.coyote.AbstractProtocol.init Initializing ProtocolHandler ["http-nio-8080"]
05-Oct-2021 20:52:47.705 INFO [main] org.apache.catalina.startup.Catalina.load Server initialization in [422] milliseconds
05-Oct-2021 20:52:47.732 INFO [main] org.apache.catalina.core.StandardService.startInternal Starting service [Catalina]
05-Oct-2021 20:52:47.732 INFO [main] org.apache.catalina.core.StandardEngine.startInternal Starting Servlet engine: [Apache Tomcat/10.0.5]
05-Oct-2021 20:52:47.738 INFO [main] org.apache.catalina.startup.HostConfig.deployDescriptor Deploying deployment descriptor [/home/sk/Documents/rastered.io/apache-tomcat-10.0.5/conf/Catalina/localhost/ROOT.xml]
05-Oct-2021 20:52:47.748 WARNING [main] org.apache.catalina.startup.HostConfig.deployDescriptor The path attribute with value [] in deployment descriptor [/home/sk/Documents/rastered.io/apache-tomcat-10.0.5/conf/Catalina/localhost/ROOT.xml] has been ignored
05-Oct-2021 20:52:47.910 INFO [main] org.apache.jasper.servlet.TldScanner.scanJars At least one JAR was scanned for TLDs yet contained no TLDs. Enable debug logging for this logger for a complete list of JARs that were scanned but no TLDs were found in them. Skipping unneeded JARs during scanning can improve startup time and JSP compilation time.
05-Oct-2021 20:52:47.964 INFO [main] org.apache.catalina.startup.HostConfig.deployDescriptor Deployment of deployment descriptor [/home/sk/Documents/rastered.io/apache-tomcat-10.0.5/conf/Catalina/localhost/ROOT.xml] has finished in [226] ms
05-Oct-2021 20:52:47.965 INFO [main] org.apache.catalina.startup.HostConfig.deployDirectory Deploying web application directory [/home/sk/Documents/rastered.io/apache-tomcat-10.0.5/webapps/host-manager]
05-Oct-2021 20:52:48.003 INFO [main] org.apache.catalina.startup.HostConfig.deployDirectory Deployment of web application directory [/home/sk/Documents/rastered.io/apache-tomcat-10.0.5/webapps/host-manager] has finished in [39] ms
05-Oct-2021 20:52:48.003 INFO [main] org.apache.catalina.startup.HostConfig.deployDirectory Deploying web application directory [/home/sk/Documents/rastered.io/apache-tomcat-10.0.5/webapps/examples]
05-Oct-2021 20:52:48.202 INFO [main] org.apache.catalina.startup.HostConfig.deployDirectory Deployment of web application directory [/home/sk/Documents/rastered.io/apache-tomcat-10.0.5/webapps/examples] has finished in [199] ms
05-Oct-2021 20:52:48.202 INFO [main] org.apache.catalina.startup.HostConfig.deployDirectory Deploying web application directory [/home/sk/Documents/rastered.io/apache-tomcat-10.0.5/webapps/docs]
05-Oct-2021 20:52:48.213 INFO [main] org.apache.catalina.startup.HostConfig.deployDirectory Deployment of web application directory [/home/sk/Documents/rastered.io/apache-tomcat-10.0.5/webapps/docs] has finished in [11] ms
05-Oct-2021 20:52:48.213 INFO [main] org.apache.catalina.startup.HostConfig.deployDirectory Deploying web application directory [/home/sk/Documents/rastered.io/apache-tomcat-10.0.5/webapps/manager]
05-Oct-2021 20:52:48.229 INFO [main] org.apache.catalina.startup.HostConfig.deployDirectory Deployment of web application directory [/home/sk/Documents/rastered.io/apache-tomcat-10.0.5/webapps/manager] has finished in [16] ms
05-Oct-2021 20:52:48.233 INFO [main] org.apache.coyote.AbstractProtocol.start Starting ProtocolHandler ["http-nio-8080"]
05-Oct-2021 20:52:48.245 INFO [main] org.apache.catalina.startup.Catalina.start Server startup in [539] milliseconds
05-Oct-2021 20:55:42.181 INFO [main] org.apache.catalina.core.StandardServer.await A valid shutdown command was received via the shutdown port. Stopping the Server instance.
05-Oct-2021 20:55:42.181 INFO [main] org.apache.coyote.AbstractProtocol.pause Pausing ProtocolHandler ["http-nio-8080"]
05-Oct-2021 20:55:42.188 INFO [main] org.apache.catalina.core.StandardService.stopInternal Stopping service [Catalina]
05-Oct-2021 20:55:42.216 INFO [main] org.apache.coyote.AbstractProtocol.stop Stopping ProtocolHandler ["http-nio-8080"]
05-Oct-2021 20:55:42.236 INFO [main] org.apache.coyote.AbstractProtocol.destroy Destroying ProtocolHandler ["http-nio-8080"]
