NOTE: Picked up JDK_JAVA_OPTIONS:  --add-opens=java.base/java.lang=ALL-UNNAMED --add-opens=java.base/java.io=ALL-UNNAMED --add-opens=java.base/java.util=ALL-UNNAMED --add-opens=java.base/java.util.concurrent=ALL-UNNAMED --add-opens=java.rmi/sun.rmi.transport=ALL-UNNAMED
09-May-2021 23:15:39.872 INFO [main] org.apache.catalina.startup.VersionLoggerListener.log Server version name:   Apache Tomcat/10.0.5
09-May-2021 23:15:39.874 INFO [main] org.apache.catalina.startup.VersionLoggerListener.log Server built:          Mar 30 2021 08:19:50 UTC
09-May-2021 23:15:39.874 INFO [main] org.apache.catalina.startup.VersionLoggerListener.log Server version number: 10.0.5.0
09-May-2021 23:15:39.874 INFO [main] org.apache.catalina.startup.VersionLoggerListener.log OS Name:               Linux
09-May-2021 23:15:39.874 INFO [main] org.apache.catalina.startup.VersionLoggerListener.log OS Version:            5.12.1-arch1-1
09-May-2021 23:15:39.874 INFO [main] org.apache.catalina.startup.VersionLoggerListener.log Architecture:          amd64
09-May-2021 23:15:39.874 INFO [main] org.apache.catalina.startup.VersionLoggerListener.log Java Home:             /usr/lib/jvm/java-15-openjdk
09-May-2021 23:15:39.875 INFO [main] org.apache.catalina.startup.VersionLoggerListener.log JVM Version:           15.0.2+7
09-May-2021 23:15:39.875 INFO [main] org.apache.catalina.startup.VersionLoggerListener.log JVM Vendor:            Oracle Corporation
09-May-2021 23:15:39.875 INFO [main] org.apache.catalina.startup.VersionLoggerListener.log CATALINA_BASE:         /home/pascal/rastered.io/apache-tomcat-10.0.5
09-May-2021 23:15:39.875 INFO [main] org.apache.catalina.startup.VersionLoggerListener.log CATALINA_HOME:         /home/pascal/rastered.io/apache-tomcat-10.0.5
09-May-2021 23:15:39.882 INFO [main] org.apache.catalina.startup.VersionLoggerListener.log Command line argument: --add-opens=java.base/java.lang=ALL-UNNAMED
09-May-2021 23:15:39.882 INFO [main] org.apache.catalina.startup.VersionLoggerListener.log Command line argument: --add-opens=java.base/java.io=ALL-UNNAMED
09-May-2021 23:15:39.882 INFO [main] org.apache.catalina.startup.VersionLoggerListener.log Command line argument: --add-opens=java.base/java.util=ALL-UNNAMED
09-May-2021 23:15:39.882 INFO [main] org.apache.catalina.startup.VersionLoggerListener.log Command line argument: --add-opens=java.base/java.util.concurrent=ALL-UNNAMED
09-May-2021 23:15:39.883 INFO [main] org.apache.catalina.startup.VersionLoggerListener.log Command line argument: --add-opens=java.rmi/sun.rmi.transport=ALL-UNNAMED
09-May-2021 23:15:39.883 INFO [main] org.apache.catalina.startup.VersionLoggerListener.log Command line argument: -Djava.util.logging.config.file=/home/pascal/rastered.io/apache-tomcat-10.0.5/conf/logging.properties
09-May-2021 23:15:39.883 INFO [main] org.apache.catalina.startup.VersionLoggerListener.log Command line argument: -Djava.util.logging.manager=org.apache.juli.ClassLoaderLogManager
09-May-2021 23:15:39.883 INFO [main] org.apache.catalina.startup.VersionLoggerListener.log Command line argument: -Djdk.tls.ephemeralDHKeySize=2048
09-May-2021 23:15:39.883 INFO [main] org.apache.catalina.startup.VersionLoggerListener.log Command line argument: -Djava.protocol.handler.pkgs=org.apache.catalina.webresources
09-May-2021 23:15:39.883 INFO [main] org.apache.catalina.startup.VersionLoggerListener.log Command line argument: -Dorg.apache.catalina.security.SecurityListener.UMASK=0027
09-May-2021 23:15:39.883 INFO [main] org.apache.catalina.startup.VersionLoggerListener.log Command line argument: -Dignore.endorsed.dirs=
09-May-2021 23:15:39.883 INFO [main] org.apache.catalina.startup.VersionLoggerListener.log Command line argument: -Dcatalina.base=/home/pascal/rastered.io/apache-tomcat-10.0.5
09-May-2021 23:15:39.883 INFO [main] org.apache.catalina.startup.VersionLoggerListener.log Command line argument: -Dcatalina.home=/home/pascal/rastered.io/apache-tomcat-10.0.5
09-May-2021 23:15:39.883 INFO [main] org.apache.catalina.startup.VersionLoggerListener.log Command line argument: -Djava.io.tmpdir=/home/pascal/rastered.io/apache-tomcat-10.0.5/temp
09-May-2021 23:15:39.884 INFO [main] org.apache.catalina.core.AprLifecycleListener.lifecycleEvent The Apache Tomcat Native library which allows using OpenSSL was not found on the java.library.path: [/usr/java/packages/lib:/usr/lib64:/lib64:/lib:/usr/lib]
09-May-2021 23:15:40.060 INFO [main] org.apache.coyote.AbstractProtocol.init Initializing ProtocolHandler ["http-nio-8080"]
09-May-2021 23:15:40.077 INFO [main] org.apache.catalina.startup.Catalina.load Server initialization in [307] milliseconds
09-May-2021 23:15:40.101 INFO [main] org.apache.catalina.core.StandardService.startInternal Starting service [Catalina]
09-May-2021 23:15:40.101 INFO [main] org.apache.catalina.core.StandardEngine.startInternal Starting Servlet engine: [Apache Tomcat/10.0.5]
09-May-2021 23:15:40.106 INFO [main] org.apache.catalina.startup.HostConfig.deployDescriptor Deploying deployment descriptor [/home/pascal/rastered.io/apache-tomcat-10.0.5/conf/Catalina/localhost/ROOT.xml]
09-May-2021 23:15:40.113 WARNING [main] org.apache.catalina.core.StandardContext.setPath A context path must either be an empty string or start with a '/' and do not end with a '/'. The path [/] does not meet these criteria and has been changed to []
09-May-2021 23:15:40.114 WARNING [main] org.apache.catalina.startup.HostConfig.deployDescriptor The path attribute with value [] in deployment descriptor [/home/pascal/rastered.io/apache-tomcat-10.0.5/conf/Catalina/localhost/ROOT.xml] has been ignored
09-May-2021 23:15:40.273 INFO [main] org.apache.catalina.startup.HostConfig.deployDescriptor Deployment of deployment descriptor [/home/pascal/rastered.io/apache-tomcat-10.0.5/conf/Catalina/localhost/ROOT.xml] has finished in [168] ms
09-May-2021 23:15:40.274 INFO [main] org.apache.catalina.startup.HostConfig.deployDirectory Deploying web application directory [/home/pascal/rastered.io/apache-tomcat-10.0.5/webapps/host-manager]
09-May-2021 23:15:40.293 INFO [main] org.apache.catalina.startup.HostConfig.deployDirectory Deployment of web application directory [/home/pascal/rastered.io/apache-tomcat-10.0.5/webapps/host-manager] has finished in [19] ms
09-May-2021 23:15:40.293 INFO [main] org.apache.catalina.startup.HostConfig.deployDirectory Deploying web application directory [/home/pascal/rastered.io/apache-tomcat-10.0.5/webapps/manager]
09-May-2021 23:15:40.307 INFO [main] org.apache.catalina.startup.HostConfig.deployDirectory Deployment of web application directory [/home/pascal/rastered.io/apache-tomcat-10.0.5/webapps/manager] has finished in [14] ms
09-May-2021 23:15:40.307 INFO [main] org.apache.catalina.startup.HostConfig.deployDirectory Deploying web application directory [/home/pascal/rastered.io/apache-tomcat-10.0.5/webapps/examples]
09-May-2021 23:15:40.429 INFO [main] org.apache.catalina.startup.HostConfig.deployDirectory Deployment of web application directory [/home/pascal/rastered.io/apache-tomcat-10.0.5/webapps/examples] has finished in [122] ms
09-May-2021 23:15:40.429 INFO [main] org.apache.catalina.startup.HostConfig.deployDirectory Deploying web application directory [/home/pascal/rastered.io/apache-tomcat-10.0.5/webapps/docs]
09-May-2021 23:15:40.438 INFO [main] org.apache.catalina.startup.HostConfig.deployDirectory Deployment of web application directory [/home/pascal/rastered.io/apache-tomcat-10.0.5/webapps/docs] has finished in [9] ms
09-May-2021 23:15:40.440 INFO [main] org.apache.coyote.AbstractProtocol.start Starting ProtocolHandler ["http-nio-8080"]
09-May-2021 23:15:40.447 INFO [main] org.apache.catalina.startup.Catalina.start Server startup in [370] milliseconds
/home/pascal/rastered.io/app/target/app-0.1/720.jpg
Socket Error!!
Socket Error!!
Socket Error!!
Socket Error!!
Socket Error!!
Socket Error!!
Socket Error!!
Socket Error!!
Socket Error!!
Socket Error!!
Socket Error!!
Socket Error!!
Socket Error!!
Socket Error!!
Socket Error!!
Socket Error!!
Socket Error!!
Socket Error!!
Socket Error!!
Socket Error!!
Socket Error!!
Socket Error!!
Socket Error!!
Socket Error!!
Socket Error!!
Socket Error!!
Socket Error!!
Socket Error!!
Socket Error!!
Socket Error!!
Socket Error!!
Socket Error!!
Socket Error!!
Socket Error!!
Socket Error!!
Socket Error!!
Socket Error!!
Socket Error!!
Socket Error!!
Socket Error!!
Socket Error!!
Socket Error!!
Socket Error!!
Socket Error!!
Socket Error!!
Socket Error!!
Socket Error!!
Socket Error!!
Socket Error!!
Socket Error!!
Socket Error!!
Socket Error!!
Socket Error!!
Socket Error!!
Socket Error!!
Socket Error!!
Socket Error!!
Socket Error!!
Socket Error!!
Socket Error!!
Socket Error!!
Socket Error!!
Socket Error!!
Socket Error!!
Socket Error!!
Socket Error!!
Socket Error!!
Socket Error!!
Socket Error!!
Socket Error!!
Socket Error!!
Socket Error!!
Socket Error!!
Socket Error!!
Socket Error!!
Socket Error!!
Socket Error!!
Socket Error!!
Socket Error!!
Socket Error!!
Socket Error!!
Socket Error!!
Socket Error!!
Socket Error!!
Socket Error!!
Socket Error!!
Socket Error!!
Socket Error!!
Socket Error!!
Socket Error!!
Socket Error!!
Socket Error!!
Socket Error!!
Socket Error!!
Socket Error!!
Socket Error!!
Socket Error!!
Socket Error!!
Socket Error!!
Socket Error!!
Socket Error!!
Socket Error!!
Socket Error!!
Socket Error!!
Socket Error!!
Socket Error!!
Socket Error!!
Socket Error!!
Socket Error!!
Socket Error!!
Socket Error!!
Socket Error!!
Socket Error!!
Socket Error!!
Socket Error!!
Socket Error!!
Socket Error!!
Socket Error!!
Socket Error!!
Socket Error!!
Socket Error!!
Socket Error!!
Socket Error!!
Socket Error!!
Socket Error!!
Socket Error!!
Socket Error!!
Socket Error!!
Socket Error!!
Socket Error!!
Socket Error!!
Socket Error!!
Socket Error!!
Socket Error!!
Socket Error!!
Socket Error!!
Socket Error!!
Socket Error!!
Socket Error!!
Socket Error!!
Socket Error!!
Socket Error!!
Socket Error!!
Socket Error!!
Socket Error!!
Socket Error!!
Socket Error!!
Socket Error!!
Socket Error!!
Socket Error!!
Socket Error!!
Socket Error!!
Socket Error!!
Socket Error!!
Socket Error!!
Socket Error!!
Socket Error!!
Socket Error!!
Socket Error!!
Socket Error!!
Socket Error!!
Socket Error!!
Socket Error!!
Socket Error!!
Socket Error!!
Socket Error!!
Socket Error!!
Socket Error!!
Socket Error!!
Socket Error!!
Socket Error!!
Socket Error!!
Socket Error!!
Socket Error!!
Socket Error!!
Socket Error!!
Socket Error!!
Socket Error!!
Socket Error!!
Socket Error!!
Socket Error!!
Socket Error!!
Socket Error!!
Socket Error!!
Socket Error!!
Socket Error!!
Socket Error!!
Socket Error!!
Socket Error!!
Socket Error!!
Socket Error!!
Socket Error!!
Socket Error!!
Socket Error!!
Socket Error!!
Socket Error!!
Socket Error!!
Socket Error!!
Socket Error!!
Socket Error!!
Socket Error!!
Socket Error!!
Socket Error!!
Socket Error!!
Socket Error!!
Socket Error!!
Socket Error!!
Socket Error!!
Socket Error!!
Socket Error!!
Socket Error!!
Socket Error!!
Socket Error!!
Socket Error!!
Socket Error!!
Socket Error!!
Socket Error!!
Socket Error!!
Socket Error!!
Socket Error!!
Socket Error!!
Socket Error!!
Socket Error!!
Socket Error!!
Socket Error!!
Socket Error!!
Socket Error!!
Socket Error!!
Socket Error!!
Socket Error!!
Socket Error!!
Socket Error!!
Socket Error!!
Socket Error!!
Socket Error!!
Socket Error!!
Socket Error!!
Socket Error!!
Socket Error!!
Socket Error!!
Socket Error!!
Socket Error!!
Socket Error!!
Socket Error!!
Socket Error!!
Socket Error!!
Socket Error!!
Socket Error!!
Socket Error!!
Socket Error!!
Socket Error!!
Socket Error!!
Socket Error!!
Socket Error!!
Socket Error!!
Socket Error!!
Socket Error!!
Socket Error!!
Socket Error!!
Socket Error!!
Socket Error!!
Socket Error!!
Socket Error!!
Socket Error!!
Socket Error!!
Socket Error!!
Socket Error!!
Socket Error!!
Socket Error!!
Socket Error!!
Socket Error!!
Socket Error!!
Socket Error!!
Socket Error!!
Socket Error!!
Socket Error!!
Socket Error!!
Socket Error!!
Socket Error!!
Socket Error!!
Socket Error!!
Socket Error!!
Socket Error!!
Socket Error!!
Socket Error!!
Socket Error!!
Socket Error!!
Socket Error!!
Socket Error!!
Socket Error!!
Socket Error!!
Socket Error!!
Socket Error!!
Socket Error!!
Socket Error!!
Socket Error!!
Socket Error!!
Socket Error!!
Socket Error!!
Socket Error!!
Socket Error!!
Socket Error!!
Socket Error!!
Socket Error!!
Socket Error!!
Socket Error!!
Socket Error!!
Socket Error!!
Socket Error!!
Socket Error!!
Socket Error!!
Socket Error!!
Socket Error!!
Socket Error!!
Socket Error!!
Socket Error!!
Socket Error!!
Socket Error!!
Socket Error!!
Socket Error!!
Socket Error!!
Socket Error!!
Socket Error!!
Socket Error!!
Socket Error!!
Socket Error!!
Socket Error!!
Socket Error!!
Socket Error!!
Socket Error!!
Socket Error!!
Socket Error!!
Socket Error!!
Socket Error!!
Socket Error!!
Socket Error!!
Socket Error!!
Socket Error!!
Socket Error!!
Socket Error!!
Socket Error!!
Socket Error!!
Socket Error!!
Socket Error!!
Socket Error!!
Socket Error!!
Socket Error!!
Socket Error!!
Socket Error!!
Socket Error!!
Socket Error!!
Socket Error!!
Socket Error!!
Socket Error!!
Socket Error!!
Socket Error!!
Socket Error!!
Socket Error!!
Socket Error!!
Socket Error!!
Socket Error!!
Socket Error!!
Socket Error!!
Socket Error!!
Socket Error!!
Socket Error!!
Socket Error!!
Socket Error!!
Socket Error!!
Socket Error!!
Socket Error!!
Socket Error!!
Socket Error!!
Socket Error!!
Socket Error!!
Socket Error!!
Socket Error!!
Socket Error!!
Socket Error!!
Socket Error!!
Socket Error!!
Socket Error!!
Socket Error!!
Socket Error!!
Socket Error!!
Socket Error!!
Socket Error!!
Socket Error!!
Socket Error!!
Socket Error!!
Socket Error!!
Socket Error!!
Socket Error!!
Socket Error!!
Socket Error!!
Socket Error!!
Socket Error!!
Socket Error!!
Socket Error!!
Socket Error!!
Socket Error!!
Socket Error!!
Socket Error!!
Socket Error!!
Socket Error!!
Socket Error!!
Socket Error!!
Socket Error!!
Socket Error!!
Socket Error!!
Socket Error!!
Socket Error!!
Socket Error!!
Socket Error!!
Socket Error!!
Socket Error!!
Socket Error!!
Socket Error!!
Socket Error!!
Socket Error!!
Socket Error!!
Socket Error!!
Socket Error!!
Socket Error!!
Socket Error!!
Socket Error!!
Socket Error!!
Socket Error!!
Socket Error!!
Socket Error!!
Socket Error!!
Socket Error!!
Socket Error!!
Socket Error!!
Socket Error!!
Socket Error!!
Socket Error!!
Socket Error!!
Socket Error!!
Socket Error!!
Socket Error!!
Socket Error!!
Socket Error!!
Socket Error!!
Socket Error!!
Socket Error!!
Socket Error!!
Socket Error!!
Socket Error!!
Socket Error!!
Socket Error!!
Socket Error!!
Socket Error!!
Socket Error!!
Socket Error!!
Socket Error!!
Socket Error!!
Socket Error!!
Socket Error!!
Socket Error!!
Socket Error!!
Socket Error!!
Socket Error!!
Socket Error!!
Socket Error!!
Socket Error!!
Socket Error!!
Socket Error!!
Socket Error!!
Socket Error!!
Socket Error!!
Socket Error!!
Socket Error!!
Socket Error!!
Socket Error!!
Socket Error!!
Socket Error!!
Socket Error!!
Socket Error!!
Socket Error!!
Socket Error!!
Socket Error!!
Socket Error!!
Socket Error!!
Socket Error!!
Socket Error!!
Socket Error!!
Socket Error!!
Socket Error!!
Socket Error!!
Socket Error!!
Socket Error!!
09-May-2021 23:17:26.728 INFO [main] org.apache.catalina.core.StandardServer.await A valid shutdown command was received via the shutdown port. Stopping the Server instance.
09-May-2021 23:17:26.729 INFO [main] org.apache.coyote.AbstractProtocol.pause Pausing ProtocolHandler ["http-nio-8080"]
09-May-2021 23:17:26.735 INFO [main] org.apache.catalina.core.StandardService.stopInternal Stopping service [Catalina]
09-May-2021 23:17:26.749 INFO [main] org.apache.coyote.AbstractProtocol.stop Stopping ProtocolHandler ["http-nio-8080"]
09-May-2021 23:17:26.782 INFO [main] org.apache.coyote.AbstractProtocol.destroy Destroying ProtocolHandler ["http-nio-8080"]
NOTE: Picked up JDK_JAVA_OPTIONS:  --add-opens=java.base/java.lang=ALL-UNNAMED --add-opens=java.base/java.io=ALL-UNNAMED --add-opens=java.base/java.util=ALL-UNNAMED --add-opens=java.base/java.util.concurrent=ALL-UNNAMED --add-opens=java.rmi/sun.rmi.transport=ALL-UNNAMED
05-Jun-2021 16:27:38.903 INFO [main] org.apache.catalina.startup.VersionLoggerListener.log Server version name:   Apache Tomcat/10.0.5
05-Jun-2021 16:27:38.934 INFO [main] org.apache.catalina.startup.VersionLoggerListener.log Server built:          Mar 30 2021 08:19:50 UTC
05-Jun-2021 16:27:38.934 INFO [main] org.apache.catalina.startup.VersionLoggerListener.log Server version number: 10.0.5.0
05-Jun-2021 16:27:38.934 INFO [main] org.apache.catalina.startup.VersionLoggerListener.log OS Name:               Linux
05-Jun-2021 16:27:38.935 INFO [main] org.apache.catalina.startup.VersionLoggerListener.log OS Version:            5.12.7-arch1-1
05-Jun-2021 16:27:38.935 INFO [main] org.apache.catalina.startup.VersionLoggerListener.log Architecture:          amd64
05-Jun-2021 16:27:38.935 INFO [main] org.apache.catalina.startup.VersionLoggerListener.log Java Home:             /usr/lib/jvm/java-15-openjdk
05-Jun-2021 16:27:38.936 INFO [main] org.apache.catalina.startup.VersionLoggerListener.log JVM Version:           15.0.2+7
05-Jun-2021 16:27:38.936 INFO [main] org.apache.catalina.startup.VersionLoggerListener.log JVM Vendor:            Oracle Corporation
05-Jun-2021 16:27:38.936 INFO [main] org.apache.catalina.startup.VersionLoggerListener.log CATALINA_BASE:         /home/sk/Documents/rastered.io/apache-tomcat-10.0.5
05-Jun-2021 16:27:38.937 INFO [main] org.apache.catalina.startup.VersionLoggerListener.log CATALINA_HOME:         /home/sk/Documents/rastered.io/apache-tomcat-10.0.5
05-Jun-2021 16:27:38.983 INFO [main] org.apache.catalina.startup.VersionLoggerListener.log Command line argument: --add-opens=java.base/java.lang=ALL-UNNAMED
05-Jun-2021 16:27:38.983 INFO [main] org.apache.catalina.startup.VersionLoggerListener.log Command line argument: --add-opens=java.base/java.io=ALL-UNNAMED
05-Jun-2021 16:27:38.984 INFO [main] org.apache.catalina.startup.VersionLoggerListener.log Command line argument: --add-opens=java.base/java.util=ALL-UNNAMED
05-Jun-2021 16:27:38.984 INFO [main] org.apache.catalina.startup.VersionLoggerListener.log Command line argument: --add-opens=java.base/java.util.concurrent=ALL-UNNAMED
05-Jun-2021 16:27:38.985 INFO [main] org.apache.catalina.startup.VersionLoggerListener.log Command line argument: --add-opens=java.rmi/sun.rmi.transport=ALL-UNNAMED
05-Jun-2021 16:27:38.985 INFO [main] org.apache.catalina.startup.VersionLoggerListener.log Command line argument: -Djava.util.logging.config.file=/home/sk/Documents/rastered.io/apache-tomcat-10.0.5/conf/logging.properties
05-Jun-2021 16:27:38.985 INFO [main] org.apache.catalina.startup.VersionLoggerListener.log Command line argument: -Djava.util.logging.manager=org.apache.juli.ClassLoaderLogManager
05-Jun-2021 16:27:38.986 INFO [main] org.apache.catalina.startup.VersionLoggerListener.log Command line argument: -Djdk.tls.ephemeralDHKeySize=2048
05-Jun-2021 16:27:38.986 INFO [main] org.apache.catalina.startup.VersionLoggerListener.log Command line argument: -Djava.protocol.handler.pkgs=org.apache.catalina.webresources
05-Jun-2021 16:27:38.986 INFO [main] org.apache.catalina.startup.VersionLoggerListener.log Command line argument: -Dorg.apache.catalina.security.SecurityListener.UMASK=0027
05-Jun-2021 16:27:38.987 INFO [main] org.apache.catalina.startup.VersionLoggerListener.log Command line argument: -Dignore.endorsed.dirs=
05-Jun-2021 16:27:38.987 INFO [main] org.apache.catalina.startup.VersionLoggerListener.log Command line argument: -Dcatalina.base=/home/sk/Documents/rastered.io/apache-tomcat-10.0.5
05-Jun-2021 16:27:38.987 INFO [main] org.apache.catalina.startup.VersionLoggerListener.log Command line argument: -Dcatalina.home=/home/sk/Documents/rastered.io/apache-tomcat-10.0.5
05-Jun-2021 16:27:38.987 INFO [main] org.apache.catalina.startup.VersionLoggerListener.log Command line argument: -Djava.io.tmpdir=/home/sk/Documents/rastered.io/apache-tomcat-10.0.5/temp
05-Jun-2021 16:27:38.990 INFO [main] org.apache.catalina.core.AprLifecycleListener.lifecycleEvent The Apache Tomcat Native library which allows using OpenSSL was not found on the java.library.path: [/usr/java/packages/lib:/usr/lib64:/lib64:/lib:/usr/lib]
05-Jun-2021 16:27:40.271 INFO [main] org.apache.coyote.AbstractProtocol.init Initializing ProtocolHandler ["http-nio-8080"]
05-Jun-2021 16:27:40.343 INFO [main] org.apache.catalina.startup.Catalina.load Server initialization in [2057] milliseconds
05-Jun-2021 16:27:40.489 INFO [main] org.apache.catalina.core.StandardService.startInternal Starting service [Catalina]
05-Jun-2021 16:27:40.490 INFO [main] org.apache.catalina.core.StandardEngine.startInternal Starting Servlet engine: [Apache Tomcat/10.0.5]
05-Jun-2021 16:27:40.523 INFO [main] org.apache.catalina.startup.HostConfig.deployDescriptor Deploying deployment descriptor [/home/sk/Documents/rastered.io/apache-tomcat-10.0.5/conf/Catalina/localhost/ROOT.xml]
05-Jun-2021 16:27:40.561 WARNING [main] org.apache.catalina.startup.HostConfig.deployDescriptor The path attribute with value [] in deployment descriptor [/home/sk/Documents/rastered.io/apache-tomcat-10.0.5/conf/Catalina/localhost/ROOT.xml] has been ignored
05-Jun-2021 16:27:41.379 WARNING [main] org.apache.catalina.util.SessionIdGeneratorBase.createSecureRandom Creation of SecureRandom instance for session ID generation using [SHA1PRNG] took [105] milliseconds.
05-Jun-2021 16:27:41.431 INFO [main] org.apache.catalina.startup.HostConfig.deployDescriptor Deployment of deployment descriptor [/home/sk/Documents/rastered.io/apache-tomcat-10.0.5/conf/Catalina/localhost/ROOT.xml] has finished in [907] ms
05-Jun-2021 16:27:41.432 INFO [main] org.apache.catalina.startup.HostConfig.deployDirectory Deploying web application directory [/home/sk/Documents/rastered.io/apache-tomcat-10.0.5/webapps/host-manager]
05-Jun-2021 16:27:41.528 INFO [main] org.apache.catalina.startup.HostConfig.deployDirectory Deployment of web application directory [/home/sk/Documents/rastered.io/apache-tomcat-10.0.5/webapps/host-manager] has finished in [88] ms
05-Jun-2021 16:27:41.533 INFO [main] org.apache.catalina.startup.HostConfig.deployDirectory Deploying web application directory [/home/sk/Documents/rastered.io/apache-tomcat-10.0.5/webapps/examples]
05-Jun-2021 16:27:42.429 INFO [main] org.apache.catalina.startup.HostConfig.deployDirectory Deployment of web application directory [/home/sk/Documents/rastered.io/apache-tomcat-10.0.5/webapps/examples] has finished in [896] ms
05-Jun-2021 16:27:42.430 INFO [main] org.apache.catalina.startup.HostConfig.deployDirectory Deploying web application directory [/home/sk/Documents/rastered.io/apache-tomcat-10.0.5/webapps/docs]
05-Jun-2021 16:27:42.494 INFO [main] org.apache.catalina.startup.HostConfig.deployDirectory Deployment of web application directory [/home/sk/Documents/rastered.io/apache-tomcat-10.0.5/webapps/docs] has finished in [63] ms
05-Jun-2021 16:27:42.494 INFO [main] org.apache.catalina.startup.HostConfig.deployDirectory Deploying web application directory [/home/sk/Documents/rastered.io/apache-tomcat-10.0.5/webapps/manager]
05-Jun-2021 16:27:42.571 INFO [main] org.apache.catalina.startup.HostConfig.deployDirectory Deployment of web application directory [/home/sk/Documents/rastered.io/apache-tomcat-10.0.5/webapps/manager] has finished in [76] ms
05-Jun-2021 16:27:42.582 INFO [main] org.apache.coyote.AbstractProtocol.start Starting ProtocolHandler ["http-nio-8080"]
05-Jun-2021 16:27:42.635 INFO [main] org.apache.catalina.startup.Catalina.start Server startup in [2291] milliseconds
/home/sk/Documents/rastered.io/app/target/app-0.1/720.jpg
Socket Error!!
Socket Error!!
Socket Error!!
Socket Error!!
Socket Error!!
Socket Error!!
Socket Error!!
Socket Error!!
Socket Error!!
Socket Error!!
Socket Error!!
Socket Error!!
Socket Error!!
Socket Error!!
Socket Error!!
Socket Error!!
Socket Error!!
Socket Error!!
Socket Error!!
Socket Error!!
Socket Error!!
Socket Error!!
Socket Error!!
Socket Error!!
Socket Error!!
Socket Error!!
Socket Error!!
Socket Error!!
Socket Error!!
Socket Error!!
Socket Error!!
Socket Error!!
Socket Error!!
Socket Error!!
Socket Error!!
Socket Error!!
Socket Error!!
Socket Error!!
Socket Error!!
Socket Error!!
Socket Error!!
Socket Error!!
Socket Error!!
Socket Error!!
Socket Error!!
Socket Error!!
Socket Error!!
Socket Error!!
Socket Error!!
Socket Error!!
Socket Error!!
Socket Error!!
Socket Error!!
Socket Error!!
Socket Error!!
Socket Error!!
Socket Error!!
Socket Error!!
Socket Error!!
Socket Error!!
Socket Error!!
Socket Error!!
Socket Error!!
Socket Error!!
Socket Error!!
Socket Error!!
Socket Error!!
Socket Error!!
Socket Error!!
Socket Error!!
Socket Error!!
Socket Error!!
Socket Error!!
Socket Error!!
Socket Error!!
Socket Error!!
Socket Error!!
Socket Error!!
Socket Error!!
Socket Error!!
Socket Error!!
Socket Error!!
Socket Error!!
Socket Error!!
Socket Error!!
Socket Error!!
Socket Error!!
Socket Error!!
Socket Error!!
Socket Error!!
Socket Error!!
Socket Error!!
Socket Error!!
Socket Error!!
Socket Error!!
Socket Error!!
Socket Error!!
Socket Error!!
Socket Error!!
Socket Error!!
Socket Error!!
Socket Error!!
Socket Error!!
Socket Error!!
Socket Error!!
Socket Error!!
Socket Error!!
Socket Error!!
Socket Error!!
Socket Error!!
Socket Error!!
Socket Error!!
Socket Error!!
Socket Error!!
Socket Error!!
Socket Error!!
Socket Error!!
Socket Error!!
Socket Error!!
Socket Error!!
Socket Error!!
Socket Error!!
Socket Error!!
Socket Error!!
Socket Error!!
Socket Error!!
Socket Error!!
Socket Error!!
Socket Error!!
Socket Error!!
Socket Error!!
Socket Error!!
Socket Error!!
Socket Error!!
Socket Error!!
Socket Error!!
Socket Error!!
Socket Error!!
Socket Error!!
Socket Error!!
Socket Error!!
Socket Error!!
Socket Error!!
Socket Error!!
Socket Error!!
Socket Error!!
Socket Error!!
Socket Error!!
Socket Error!!
Socket Error!!
Socket Error!!
Socket Error!!
Socket Error!!
Socket Error!!
Socket Error!!
Socket Error!!
Socket Error!!
Socket Error!!
Socket Error!!
Socket Error!!
Socket Error!!
Socket Error!!
Socket Error!!
Socket Error!!
Socket Error!!
Socket Error!!
Socket Error!!
Socket Error!!
Socket Error!!
Socket Error!!
Socket Error!!
Socket Error!!
Socket Error!!
Socket Error!!
Socket Error!!
Socket Error!!
Socket Error!!
Socket Error!!
Socket Error!!
Socket Error!!
Socket Error!!
Socket Error!!
Socket Error!!
Socket Error!!
Socket Error!!
Socket Error!!
Socket Error!!
Socket Error!!
Socket Error!!
Socket Error!!
Socket Error!!
Socket Error!!
Socket Error!!
Socket Error!!
Socket Error!!
Socket Error!!
Socket Error!!
Socket Error!!
Socket Error!!
Socket Error!!
Socket Error!!
Socket Error!!
Socket Error!!
Socket Error!!
Socket Error!!
Socket Error!!
Socket Error!!
Socket Error!!
Socket Error!!
Socket Error!!
Socket Error!!
Socket Error!!
Socket Error!!
Socket Error!!
Socket Error!!
Socket Error!!
Socket Error!!
Socket Error!!
Socket Error!!
Socket Error!!
Socket Error!!
Socket Error!!
Socket Error!!
Socket Error!!
Socket Error!!
Socket Error!!
Socket Error!!
Socket Error!!
Socket Error!!
Socket Error!!
Socket Error!!
Socket Error!!
Socket Error!!
Socket Error!!
Socket Error!!
Socket Error!!
Socket Error!!
Socket Error!!
Socket Error!!
Socket Error!!
Socket Error!!
Socket Error!!
Socket Error!!
Socket Error!!
Socket Error!!
Socket Error!!
Socket Error!!
Socket Error!!
Socket Error!!
Socket Error!!
Socket Error!!
Socket Error!!
Socket Error!!
Socket Error!!
Socket Error!!
Socket Error!!
Socket Error!!
Socket Error!!
Socket Error!!
Socket Error!!
Socket Error!!
Socket Error!!
Socket Error!!
Socket Error!!
Socket Error!!
Socket Error!!
Socket Error!!
Socket Error!!
Socket Error!!
Socket Error!!
Socket Error!!
Socket Error!!
Socket Error!!
Socket Error!!
Socket Error!!
Socket Error!!
Socket Error!!
Socket Error!!
Socket Error!!
Socket Error!!
Socket Error!!
Socket Error!!
Socket Error!!
Socket Error!!
Socket Error!!
Socket Error!!
Socket Error!!
Socket Error!!
Socket Error!!
Socket Error!!
Socket Error!!
Socket Error!!
Socket Error!!
Socket Error!!
Socket Error!!
Socket Error!!
Socket Error!!
Socket Error!!
Socket Error!!
Socket Error!!
Socket Error!!
Socket Error!!
Socket Error!!
Socket Error!!
Socket Error!!
Socket Error!!
Socket Error!!
Socket Error!!
Socket Error!!
Socket Error!!
Socket Error!!
Socket Error!!
Socket Error!!
Socket Error!!
Socket Error!!
Socket Error!!
Socket Error!!
Socket Error!!
Socket Error!!
Socket Error!!
Socket Error!!
Socket Error!!
Socket Error!!
Socket Error!!
Socket Error!!
Socket Error!!
Socket Error!!
Socket Error!!
Socket Error!!
Socket Error!!
Socket Error!!
Socket Error!!
Socket Error!!
Socket Error!!
Socket Error!!
Socket Error!!
Socket Error!!
Socket Error!!
Socket Error!!
Socket Error!!
Socket Error!!
Socket Error!!
Socket Error!!
Socket Error!!
Socket Error!!
Socket Error!!
Socket Error!!
Socket Error!!
Socket Error!!
Socket Error!!
Socket Error!!
Socket Error!!
Socket Error!!
Socket Error!!
Socket Error!!
Socket Error!!
Socket Error!!
Socket Error!!
Socket Error!!
Socket Error!!
Socket Error!!
Socket Error!!
Socket Error!!
Socket Error!!
Socket Error!!
Socket Error!!
Socket Error!!
Socket Error!!
Socket Error!!
Socket Error!!
Socket Error!!
Socket Error!!
Socket Error!!
Socket Error!!
Socket Error!!
Socket Error!!
Socket Error!!
Socket Error!!
Socket Error!!
Socket Error!!
Socket Error!!
Socket Error!!
Socket Error!!
Socket Error!!
Socket Error!!
Socket Error!!
Socket Error!!
Socket Error!!
Socket Error!!
Socket Error!!
Socket Error!!
Socket Error!!
Socket Error!!
Socket Error!!
Socket Error!!
Socket Error!!
Socket Error!!
Socket Error!!
Socket Error!!
Socket Error!!
Socket Error!!
Socket Error!!
Socket Error!!
Socket Error!!
Socket Error!!
Socket Error!!
Socket Error!!
Socket Error!!
Socket Error!!
Socket Error!!
Socket Error!!
Socket Error!!
Socket Error!!
Socket Error!!
Socket Error!!
Socket Error!!
Socket Error!!
Socket Error!!
Socket Error!!
Socket Error!!
Socket Error!!
Socket Error!!
Socket Error!!
Socket Error!!
Socket Error!!
Socket Error!!
Socket Error!!
Socket Error!!
Socket Error!!
Socket Error!!
Socket Error!!
Socket Error!!
Socket Error!!
Socket Error!!
Socket Error!!
Socket Error!!
Socket Error!!
Socket Error!!
Socket Error!!
Socket Error!!
Socket Error!!
Socket Error!!
Socket Error!!
Socket Error!!
Socket Error!!
Socket Error!!
Socket Error!!
Socket Error!!
Socket Error!!
Socket Error!!
Socket Error!!
Socket Error!!
Socket Error!!
Socket Error!!
Socket Error!!
Socket Error!!
Socket Error!!
Socket Error!!
Socket Error!!
Socket Error!!
Socket Error!!
Socket Error!!
Socket Error!!
Socket Error!!
Socket Error!!
Socket Error!!
Socket Error!!
Socket Error!!
Socket Error!!
Socket Error!!
Socket Error!!
Socket Error!!
Socket Error!!
Socket Error!!
Socket Error!!
Socket Error!!
Socket Error!!
Socket Error!!
Socket Error!!
Socket Error!!
Socket Error!!
Socket Error!!
Socket Error!!
Socket Error!!
Socket Error!!
Socket Error!!
Socket Error!!
Socket Error!!
Socket Error!!
Socket Error!!
Socket Error!!
Socket Error!!
Socket Error!!
Socket Error!!
Socket Error!!
Socket Error!!
Socket Error!!
Socket Error!!
Socket Error!!
Socket Error!!
Socket Error!!
Socket Error!!
Socket Error!!
Socket Error!!
Socket Error!!
Socket Error!!
Socket Error!!
Socket Error!!
Socket Error!!
Socket Error!!
Socket Error!!
Socket Error!!
Socket Error!!
Socket Error!!
Socket Error!!
Socket Error!!
Socket Error!!
Socket Error!!
Socket Error!!
Socket Error!!
Socket Error!!
Socket Error!!
Socket Error!!
Socket Error!!
Socket Error!!
Socket Error!!
Socket Error!!
Socket Error!!
Socket Error!!
Socket Error!!
Socket Error!!
Socket Error!!
Socket Error!!
Socket Error!!
Socket Error!!
Socket Error!!
Socket Error!!
Socket Error!!
Socket Error!!
Socket Error!!
Socket Error!!
Socket Error!!
Socket Error!!
Socket Error!!
Socket Error!!
Socket Error!!
Socket Error!!
Socket Error!!
Socket Error!!
Socket Error!!
Socket Error!!
Socket Error!!
Socket Error!!
Socket Error!!
Socket Error!!
Socket Error!!
Socket Error!!
Socket Error!!
Socket Error!!
Socket Error!!
Socket Error!!
Socket Error!!
Socket Error!!
Socket Error!!
Socket Error!!
Socket Error!!
Socket Error!!
Socket Error!!
Socket Error!!
Socket Error!!
Socket Error!!
Socket Error!!
Socket Error!!
Socket Error!!
Socket Error!!
Socket Error!!
Socket Error!!
Socket Error!!
Socket Error!!
Socket Error!!
Socket Error!!
Socket Error!!
Socket Error!!
Socket Error!!
Socket Error!!
Socket Error!!
Socket Error!!
Socket Error!!
Socket Error!!
Socket Error!!
Socket Error!!
Socket Error!!
Socket Error!!
Socket Error!!
Socket Error!!
Socket Error!!
Socket Error!!
Socket Error!!
Socket Error!!
Socket Error!!
Socket Error!!
Socket Error!!
Socket Error!!
Socket Error!!
Socket Error!!
Socket Error!!
Socket Error!!
Socket Error!!
Socket Error!!
Socket Error!!
Socket Error!!
Socket Error!!
Socket Error!!
Socket Error!!
Socket Error!!
Socket Error!!
Socket Error!!
Socket Error!!
Socket Error!!
Socket Error!!
Socket Error!!
Socket Error!!
Socket Error!!
Socket Error!!
Socket Error!!
Socket Error!!
Socket Error!!
Socket Error!!
Socket Error!!
Socket Error!!
Socket Error!!
Socket Error!!
Socket Error!!
Socket Error!!
Socket Error!!
Socket Error!!
Socket Error!!
Socket Error!!
Socket Error!!
Socket Error!!
Socket Error!!
Socket Error!!
Socket Error!!
Socket Error!!
Socket Error!!
Socket Error!!
Socket Error!!
Socket Error!!
Socket Error!!
Socket Error!!
Socket Error!!
Socket Error!!
Socket Error!!
Socket Error!!
Socket Error!!
Socket Error!!
Socket Error!!
Socket Error!!
Socket Error!!
Socket Error!!
Socket Error!!
Socket Error!!
Socket Error!!
Socket Error!!
Socket Error!!
Socket Error!!
Socket Error!!
Socket Error!!
Socket Error!!
Socket Error!!
Socket Error!!
Socket Error!!
Socket Error!!
Socket Error!!
Socket Error!!
Socket Error!!
Socket Error!!
Socket Error!!
Socket Error!!
Socket Error!!
Socket Error!!
Socket Error!!
Socket Error!!
Socket Error!!
Socket Error!!
Socket Error!!
Socket Error!!
Socket Error!!
Socket Error!!
Socket Error!!
Socket Error!!
Socket Error!!
Socket Error!!
Socket Error!!
Socket Error!!
Socket Error!!
Socket Error!!
Socket Error!!
Socket Error!!
Socket Error!!
Socket Error!!
Socket Error!!
Socket Error!!
Socket Error!!
Socket Error!!
Socket Error!!
Socket Error!!
Socket Error!!
Socket Error!!
Socket Error!!
Socket Error!!
Socket Error!!
Socket Error!!
Socket Error!!
Socket Error!!
Socket Error!!
Socket Error!!
Socket Error!!
Socket Error!!
Socket Error!!
Socket Error!!
Socket Error!!
Socket Error!!
Socket Error!!
Socket Error!!
Socket Error!!
Socket Error!!
Socket Error!!
Socket Error!!
Socket Error!!
Socket Error!!
Socket Error!!
Socket Error!!
Socket Error!!
Socket Error!!
Socket Error!!
Socket Error!!
Socket Error!!
Socket Error!!
Socket Error!!
Socket Error!!
Socket Error!!
Socket Error!!
Socket Error!!
Socket Error!!
Socket Error!!
Socket Error!!
Socket Error!!
Socket Error!!
Socket Error!!
Socket Error!!
Socket Error!!
Socket Error!!
Socket Error!!
Socket Error!!
Socket Error!!
Socket Error!!
Socket Error!!
Socket Error!!
Socket Error!!
Socket Error!!
Socket Error!!
Socket Error!!
Socket Error!!
Socket Error!!
Socket Error!!
Socket Error!!
Socket Error!!
Socket Error!!
Socket Error!!
Socket Error!!
Socket Error!!
Socket Error!!
Socket Error!!
Socket Error!!
Socket Error!!
Socket Error!!
Socket Error!!
Socket Error!!
Socket Error!!
Socket Error!!
Socket Error!!
Socket Error!!
Socket Error!!
Socket Error!!
Socket Error!!
Socket Error!!
Socket Error!!
Socket Error!!
Socket Error!!
Socket Error!!
Socket Error!!
Socket Error!!
Socket Error!!
Socket Error!!
Socket Error!!
Socket Error!!
Socket Error!!
Socket Error!!
Socket Error!!
Socket Error!!
Socket Error!!
Socket Error!!
Socket Error!!
Socket Error!!
Socket Error!!
Socket Error!!
Socket Error!!
Socket Error!!
Socket Error!!
Socket Error!!
Socket Error!!
Socket Error!!
Socket Error!!
Socket Error!!
Socket Error!!
Socket Error!!
Socket Error!!
Socket Error!!
Socket Error!!
Socket Error!!
Socket Error!!
Socket Error!!
Socket Error!!
Socket Error!!
Socket Error!!
Socket Error!!
Socket Error!!
Socket Error!!
Socket Error!!
Socket Error!!
Socket Error!!
Socket Error!!
Socket Error!!
Socket Error!!
Socket Error!!
Socket Error!!
Socket Error!!
Socket Error!!
Socket Error!!
Socket Error!!
Socket Error!!
Socket Error!!
Socket Error!!
Socket Error!!
Socket Error!!
Socket Error!!
Socket Error!!
Socket Error!!
Socket Error!!
Socket Error!!
Socket Error!!
Socket Error!!
Socket Error!!
Socket Error!!
Socket Error!!
Socket Error!!
Socket Error!!
Socket Error!!
Socket Error!!
Socket Error!!
Socket Error!!
Socket Error!!
Socket Error!!
Socket Error!!
Socket Error!!
Socket Error!!
Socket Error!!
Socket Error!!
Socket Error!!
Socket Error!!
Socket Error!!
Socket Error!!
Socket Error!!
Socket Error!!
Socket Error!!
Socket Error!!
Socket Error!!
Socket Error!!
Socket Error!!
Socket Error!!
Socket Error!!
Socket Error!!
Socket Error!!
Socket Error!!
Socket Error!!
Socket Error!!
Socket Error!!
Socket Error!!
Socket Error!!
Socket Error!!
Socket Error!!
Socket Error!!
Socket Error!!
Socket Error!!
Socket Error!!
Socket Error!!
Socket Error!!
Socket Error!!
Socket Error!!
Socket Error!!
Socket Error!!
Socket Error!!
Socket Error!!
Socket Error!!
Socket Error!!
Socket Error!!
Socket Error!!
Socket Error!!
Socket Error!!
Socket Error!!
Socket Error!!
Socket Error!!
Socket Error!!
Socket Error!!
Socket Error!!
Socket Error!!
Socket Error!!
Socket Error!!
Socket Error!!
Socket Error!!
Socket Error!!
Socket Error!!
Socket Error!!
Socket Error!!
Socket Error!!
Socket Error!!
Socket Error!!
Socket Error!!
Socket Error!!
Socket Error!!
Socket Error!!
Socket Error!!
Socket Error!!
Socket Error!!
Socket Error!!
Socket Error!!
Socket Error!!
Socket Error!!
Socket Error!!
Socket Error!!
Socket Error!!
Socket Error!!
Socket Error!!
Socket Error!!
Socket Error!!
Socket Error!!
Socket Error!!
Socket Error!!
Socket Error!!
Socket Error!!
Socket Error!!
Socket Error!!
Socket Error!!
Socket Error!!
Socket Error!!
Socket Error!!
Socket Error!!
Socket Error!!
Socket Error!!
Socket Error!!
Socket Error!!
Socket Error!!
Socket Error!!
Socket Error!!
Socket Error!!
Socket Error!!
Socket Error!!
Socket Error!!
Socket Error!!
Socket Error!!
Socket Error!!
Socket Error!!
Socket Error!!
Socket Error!!
Socket Error!!
Socket Error!!
Socket Error!!
Socket Error!!
Socket Error!!
Socket Error!!
Socket Error!!
Socket Error!!
Socket Error!!
Socket Error!!
Socket Error!!
Socket Error!!
Socket Error!!
Socket Error!!
Socket Error!!
Socket Error!!
Socket Error!!
Socket Error!!
Socket Error!!
Socket Error!!
Socket Error!!
Socket Error!!
Socket Error!!
Socket Error!!
Socket Error!!
Socket Error!!
Socket Error!!
Socket Error!!
Socket Error!!
Socket Error!!
Socket Error!!
Socket Error!!
Socket Error!!
Socket Error!!
Socket Error!!
Socket Error!!
Socket Error!!
Socket Error!!
Socket Error!!
Socket Error!!
Socket Error!!
Socket Error!!
Socket Error!!
Socket Error!!
Socket Error!!
Socket Error!!
Socket Error!!
Socket Error!!
Socket Error!!
Socket Error!!
Socket Error!!
Socket Error!!
Socket Error!!
Socket Error!!
Socket Error!!
Socket Error!!
Socket Error!!
Socket Error!!
Socket Error!!
Socket Error!!
Socket Error!!
Socket Error!!
Socket Error!!
Socket Error!!
Socket Error!!
Socket Error!!
Socket Error!!
Socket Error!!
Socket Error!!
Socket Error!!
Socket Error!!
Socket Error!!
Socket Error!!
Socket Error!!
Socket Error!!
Socket Error!!
Socket Error!!
Socket Error!!
Socket Error!!
Socket Error!!
Socket Error!!
Socket Error!!
Socket Error!!
Socket Error!!
Socket Error!!
Socket Error!!
Socket Error!!
Socket Error!!
Socket Error!!
Socket Error!!
Socket Error!!
Socket Error!!
Socket Error!!
Socket Error!!
Socket Error!!
Socket Error!!
Socket Error!!
Socket Error!!
Socket Error!!
Socket Error!!
Socket Error!!
Socket Error!!
Socket Error!!
Socket Error!!
Socket Error!!
Socket Error!!
Socket Error!!
Socket Error!!
Socket Error!!
Socket Error!!
Socket Error!!
Socket Error!!
Socket Error!!
Socket Error!!
Socket Error!!
Socket Error!!
Socket Error!!
Socket Error!!
Socket Error!!
Socket Error!!
Socket Error!!
Socket Error!!
Socket Error!!
Socket Error!!
Socket Error!!
Socket Error!!
Socket Error!!
Socket Error!!
Socket Error!!
Socket Error!!
Socket Error!!
Socket Error!!
Socket Error!!
Socket Error!!
Socket Error!!
Socket Error!!
Socket Error!!
Socket Error!!
Socket Error!!
Socket Error!!
Socket Error!!
Socket Error!!
Socket Error!!
Socket Error!!
Socket Error!!
Socket Error!!
Socket Error!!
Socket Error!!
Socket Error!!
Socket Error!!
Socket Error!!
Socket Error!!
Socket Error!!
Socket Error!!
Socket Error!!
Socket Error!!
Socket Error!!
Socket Error!!
Socket Error!!
Socket Error!!
Socket Error!!
Socket Error!!
Socket Error!!
Socket Error!!
Socket Error!!
Socket Error!!
Socket Error!!
Socket Error!!
Socket Error!!
Socket Error!!
Socket Error!!
Socket Error!!
Socket Error!!
Socket Error!!
Socket Error!!
Socket Error!!
Socket Error!!
Socket Error!!
Socket Error!!
Socket Error!!
Socket Error!!
Socket Error!!
Socket Error!!
Socket Error!!
Socket Error!!
Socket Error!!
Socket Error!!
Socket Error!!
Socket Error!!
Socket Error!!
Socket Error!!
Socket Error!!
Socket Error!!
Socket Error!!
Socket Error!!
Socket Error!!
Socket Error!!
Socket Error!!
Socket Error!!
Socket Error!!
Socket Error!!
Socket Error!!
Socket Error!!
Socket Error!!
Socket Error!!
Socket Error!!
Socket Error!!
Socket Error!!
Socket Error!!
Socket Error!!
Socket Error!!
Socket Error!!
Socket Error!!
Socket Error!!
Socket Error!!
Socket Error!!
Socket Error!!
Socket Error!!
Socket Error!!
Socket Error!!
Socket Error!!
Socket Error!!
Socket Error!!
Socket Error!!
Socket Error!!
Socket Error!!
Socket Error!!
Socket Error!!
Socket Error!!
Socket Error!!
Socket Error!!
Socket Error!!
Socket Error!!
Socket Error!!
Socket Error!!
Socket Error!!
Socket Error!!
Socket Error!!
Socket Error!!
Socket Error!!
Socket Error!!
Socket Error!!
Socket Error!!
Socket Error!!
Socket Error!!
Socket Error!!
Socket Error!!
Socket Error!!
Socket Error!!
Socket Error!!
Socket Error!!
Socket Error!!
Socket Error!!
Socket Error!!
Socket Error!!
Socket Error!!
Socket Error!!
Socket Error!!
Socket Error!!
Socket Error!!
Socket Error!!
Socket Error!!
Socket Error!!
Socket Error!!
Socket Error!!
Socket Error!!
Socket Error!!
Socket Error!!
Socket Error!!
Socket Error!!
Socket Error!!
Socket Error!!
Socket Error!!
Socket Error!!
Socket Error!!
Socket Error!!
Socket Error!!
Socket Error!!
Socket Error!!
Socket Error!!
Socket Error!!
Socket Error!!
Socket Error!!
Socket Error!!
Socket Error!!
Socket Error!!
Socket Error!!
Socket Error!!
Socket Error!!
Socket Error!!
Socket Error!!
Socket Error!!
Socket Error!!
Socket Error!!
Socket Error!!
Socket Error!!
Socket Error!!
Socket Error!!
Socket Error!!
Socket Error!!
Socket Error!!
Socket Error!!
Socket Error!!
Socket Error!!
Socket Error!!
Socket Error!!
Socket Error!!
Socket Error!!
Socket Error!!
Socket Error!!
Socket Error!!
Socket Error!!
Socket Error!!
Socket Error!!
Socket Error!!
Socket Error!!
Socket Error!!
Socket Error!!
Socket Error!!
Socket Error!!
Socket Error!!
Socket Error!!
Socket Error!!
Socket Error!!
Socket Error!!
Socket Error!!
Socket Error!!
Socket Error!!
Socket Error!!
Socket Error!!
Socket Error!!
Socket Error!!
Socket Error!!
Socket Error!!
Socket Error!!
Socket Error!!
Socket Error!!
Socket Error!!
Socket Error!!
Socket Error!!
Socket Error!!
Socket Error!!
Socket Error!!
Socket Error!!
Socket Error!!
Socket Error!!
Socket Error!!
Socket Error!!
Socket Error!!
Socket Error!!
Socket Error!!
Socket Error!!
Socket Error!!
Socket Error!!
Socket Error!!
Socket Error!!
Socket Error!!
Socket Error!!
Socket Error!!
Socket Error!!
Socket Error!!
Socket Error!!
Socket Error!!
Socket Error!!
Socket Error!!
Socket Error!!
Socket Error!!
Socket Error!!
Socket Error!!
Socket Error!!
Socket Error!!
Socket Error!!
Socket Error!!
Socket Error!!
Socket Error!!
Socket Error!!
Socket Error!!
Socket Error!!
Socket Error!!
Socket Error!!
Socket Error!!
Socket Error!!
Socket Error!!
Socket Error!!
Socket Error!!
Socket Error!!
Socket Error!!
Socket Error!!
Socket Error!!
Socket Error!!
Socket Error!!
Socket Error!!
Socket Error!!
Socket Error!!
Socket Error!!
Socket Error!!
Socket Error!!
Socket Error!!
Socket Error!!
Socket Error!!
Socket Error!!
Socket Error!!
Socket Error!!
Socket Error!!
Socket Error!!
Socket Error!!
Socket Error!!
Socket Error!!
Socket Error!!
Socket Error!!
Socket Error!!
Socket Error!!
Socket Error!!
Socket Error!!
Socket Error!!
Socket Error!!
Socket Error!!
Socket Error!!
Socket Error!!
Socket Error!!
Socket Error!!
Socket Error!!
Socket Error!!
Socket Error!!
Socket Error!!
Socket Error!!
Socket Error!!
Socket Error!!
Socket Error!!
Socket Error!!
Socket Error!!
Socket Error!!
Socket Error!!
Socket Error!!
Socket Error!!
Socket Error!!
Socket Error!!
Socket Error!!
Socket Error!!
Socket Error!!
Socket Error!!
Socket Error!!
Socket Error!!
Socket Error!!
Socket Error!!
Socket Error!!
Socket Error!!
Socket Error!!
Socket Error!!
Socket Error!!
Socket Error!!
Socket Error!!
Socket Error!!
Socket Error!!
Socket Error!!
Socket Error!!
Socket Error!!
Socket Error!!
Socket Error!!
Socket Error!!
Socket Error!!
Socket Error!!
Socket Error!!
Socket Error!!
Socket Error!!
Socket Error!!
Socket Error!!
Socket Error!!
Socket Error!!
Socket Error!!
Socket Error!!
Socket Error!!
Socket Error!!
Socket Error!!
Socket Error!!
Socket Error!!
Socket Error!!
Socket Error!!
Socket Error!!
Socket Error!!
Socket Error!!
Socket Error!!
Socket Error!!
Socket Error!!
Socket Error!!
Socket Error!!
Socket Error!!
Socket Error!!
Socket Error!!
Socket Error!!
Socket Error!!
Socket Error!!
Socket Error!!
Socket Error!!
Socket Error!!
Socket Error!!
Socket Error!!
Socket Error!!
Socket Error!!
Socket Error!!
Socket Error!!
Socket Error!!
Socket Error!!
Socket Error!!
Socket Error!!
Socket Error!!
Socket Error!!
Socket Error!!
Socket Error!!
Socket Error!!
Socket Error!!
Socket Error!!
Socket Error!!
Socket Error!!
Socket Error!!
Socket Error!!
Socket Error!!
Socket Error!!
Socket Error!!
Socket Error!!
Socket Error!!
Socket Error!!
Socket Error!!
Socket Error!!
Socket Error!!
Socket Error!!
Socket Error!!
Socket Error!!
Socket Error!!
Socket Error!!
Socket Error!!
Socket Error!!
Socket Error!!
Socket Error!!
Socket Error!!
Socket Error!!
Socket Error!!
Socket Error!!
Socket Error!!
Socket Error!!
Socket Error!!
Socket Error!!
Socket Error!!
Socket Error!!
Socket Error!!
Socket Error!!
Socket Error!!
Socket Error!!
Socket Error!!
Socket Error!!
Socket Error!!
Socket Error!!
Socket Error!!
Socket Error!!
Socket Error!!
Socket Error!!
Socket Error!!
Socket Error!!
Socket Error!!
Socket Error!!
Socket Error!!
Socket Error!!
Socket Error!!
Socket Error!!
Socket Error!!
Socket Error!!
Socket Error!!
Socket Error!!
Socket Error!!
Socket Error!!
Socket Error!!
Socket Error!!
Socket Error!!
Socket Error!!
Socket Error!!
Socket Error!!
Socket Error!!
Socket Error!!
Socket Error!!
Socket Error!!
Socket Error!!
Socket Error!!
Socket Error!!
Socket Error!!
Socket Error!!
Socket Error!!
Socket Error!!
Socket Error!!
Socket Error!!
Socket Error!!
Socket Error!!
Socket Error!!
Socket Error!!
Socket Error!!
Socket Error!!
Socket Error!!
Socket Error!!
Socket Error!!
Socket Error!!
Socket Error!!
Socket Error!!
Socket Error!!
Socket Error!!
Socket Error!!
Socket Error!!
Socket Error!!
Socket Error!!
Socket Error!!
Socket Error!!
Socket Error!!
Socket Error!!
Socket Error!!
Socket Error!!
Socket Error!!
Socket Error!!
Socket Error!!
Socket Error!!
Socket Error!!
Socket Error!!
Socket Error!!
Socket Error!!
Socket Error!!
Socket Error!!
Socket Error!!
Socket Error!!
Socket Error!!
Socket Error!!
Socket Error!!
Socket Error!!
Socket Error!!
Socket Error!!
Socket Error!!
Socket Error!!
Socket Error!!
Socket Error!!
Socket Error!!
Socket Error!!
Socket Error!!
Socket Error!!
Socket Error!!
Socket Error!!
Socket Error!!
Socket Error!!
Socket Error!!
Socket Error!!
Socket Error!!
Socket Error!!
Socket Error!!
Socket Error!!
Socket Error!!
Socket Error!!
Socket Error!!
Socket Error!!
Socket Error!!
Socket Error!!
Socket Error!!
Socket Error!!
Socket Error!!
Socket Error!!
Socket Error!!
Socket Error!!
Socket Error!!
Socket Error!!
Socket Error!!
Socket Error!!
Socket Error!!
Socket Error!!
Socket Error!!
Socket Error!!
Socket Error!!
Socket Error!!
Socket Error!!
Socket Error!!
Socket Error!!
Socket Error!!
Socket Error!!
Socket Error!!
Socket Error!!
Socket Error!!
Socket Error!!
Socket Error!!
Socket Error!!
Socket Error!!
Socket Error!!
Socket Error!!
Socket Error!!
Socket Error!!
Socket Error!!
Socket Error!!
Socket Error!!
Socket Error!!
Socket Error!!
Socket Error!!
Socket Error!!
Socket Error!!
Socket Error!!
Socket Error!!
Socket Error!!
Socket Error!!
Socket Error!!
Socket Error!!
Socket Error!!
Socket Error!!
Socket Error!!
Socket Error!!
Socket Error!!
Socket Error!!
Socket Error!!
Socket Error!!
Socket Error!!
Socket Error!!
Socket Error!!
Socket Error!!
Socket Error!!
Socket Error!!
Socket Error!!
Socket Error!!
Socket Error!!
Socket Error!!
Socket Error!!
Socket Error!!
Socket Error!!
Socket Error!!
Socket Error!!
Socket Error!!
Socket Error!!
Socket Error!!
Socket Error!!
Socket Error!!
Socket Error!!
Socket Error!!
Socket Error!!
Socket Error!!
Socket Error!!
Socket Error!!
Socket Error!!
Socket Error!!
Socket Error!!
Socket Error!!
Socket Error!!
Socket Error!!
Socket Error!!
Socket Error!!
Socket Error!!
Socket Error!!
Socket Error!!
Socket Error!!
Socket Error!!
Socket Error!!
Socket Error!!
Socket Error!!
Socket Error!!
Socket Error!!
Socket Error!!
Socket Error!!
Socket Error!!
Socket Error!!
Socket Error!!
Socket Error!!
Socket Error!!
Socket Error!!
Socket Error!!
Socket Error!!
Socket Error!!
Socket Error!!
Socket Error!!
Socket Error!!
Socket Error!!
Socket Error!!
Socket Error!!
Socket Error!!
Socket Error!!
Socket Error!!
Socket Error!!
Socket Error!!
Socket Error!!
Socket Error!!
Socket Error!!
Socket Error!!
Socket Error!!
Socket Error!!
Socket Error!!
Socket Error!!
Socket Error!!
Socket Error!!
Socket Error!!
Socket Error!!
Socket Error!!
Socket Error!!
Socket Error!!
Socket Error!!
Socket Error!!
Socket Error!!
Socket Error!!
Socket Error!!
Socket Error!!
Socket Error!!
Socket Error!!
Socket Error!!
Socket Error!!
Socket Error!!
Socket Error!!
Socket Error!!
Socket Error!!
Socket Error!!
Socket Error!!
05-Jun-2021 16:31:38.182 INFO [main] org.apache.catalina.core.StandardServer.await A valid shutdown command was received via the shutdown port. Stopping the Server instance.
05-Jun-2021 16:31:38.183 INFO [main] org.apache.coyote.AbstractProtocol.pause Pausing ProtocolHandler ["http-nio-8080"]
05-Jun-2021 16:31:38.185 INFO [main] org.apache.catalina.core.StandardService.stopInternal Stopping service [Catalina]
05-Jun-2021 16:31:38.233 INFO [main] org.apache.coyote.AbstractProtocol.stop Stopping ProtocolHandler ["http-nio-8080"]
05-Jun-2021 16:31:38.240 INFO [main] org.apache.coyote.AbstractProtocol.destroy Destroying ProtocolHandler ["http-nio-8080"]
