08-Dec-2021 08:09:31.123 INFO [main] org.apache.catalina.startup.VersionLoggerListener.log Server version name:   Apache Tomcat/10.0.5
08-Dec-2021 08:09:31.148 INFO [main] org.apache.catalina.startup.VersionLoggerListener.log Server built:          Mar 30 2021 08:19:50 UTC
08-Dec-2021 08:09:31.148 INFO [main] org.apache.catalina.startup.VersionLoggerListener.log Server version number: 10.0.5.0
08-Dec-2021 08:09:31.148 INFO [main] org.apache.catalina.startup.VersionLoggerListener.log OS Name:               Linux
08-Dec-2021 08:09:31.148 INFO [main] org.apache.catalina.startup.VersionLoggerListener.log OS Version:            5.12.7-arch1-1
08-Dec-2021 08:09:31.149 INFO [main] org.apache.catalina.startup.VersionLoggerListener.log Architecture:          amd64
08-Dec-2021 08:09:31.149 INFO [main] org.apache.catalina.startup.VersionLoggerListener.log Java Home:             /usr/lib/jvm/java-15-openjdk
08-Dec-2021 08:09:31.149 INFO [main] org.apache.catalina.startup.VersionLoggerListener.log JVM Version:           15.0.2+7
08-Dec-2021 08:09:31.150 INFO [main] org.apache.catalina.startup.VersionLoggerListener.log JVM Vendor:            Oracle Corporation
08-Dec-2021 08:09:31.150 INFO [main] org.apache.catalina.startup.VersionLoggerListener.log CATALINA_BASE:         /home/sk/io.rastered/rastered.io/apache-tomcat-10.0.5
08-Dec-2021 08:09:31.150 INFO [main] org.apache.catalina.startup.VersionLoggerListener.log CATALINA_HOME:         /home/sk/io.rastered/rastered.io/apache-tomcat-10.0.5
08-Dec-2021 08:09:31.164 INFO [main] org.apache.catalina.startup.VersionLoggerListener.log Command line argument: --add-opens=java.base/java.lang=ALL-UNNAMED
08-Dec-2021 08:09:31.164 INFO [main] org.apache.catalina.startup.VersionLoggerListener.log Command line argument: --add-opens=java.base/java.io=ALL-UNNAMED
08-Dec-2021 08:09:31.165 INFO [main] org.apache.catalina.startup.VersionLoggerListener.log Command line argument: --add-opens=java.base/java.util=ALL-UNNAMED
08-Dec-2021 08:09:31.165 INFO [main] org.apache.catalina.startup.VersionLoggerListener.log Command line argument: --add-opens=java.base/java.util.concurrent=ALL-UNNAMED
08-Dec-2021 08:09:31.165 INFO [main] org.apache.catalina.startup.VersionLoggerListener.log Command line argument: --add-opens=java.rmi/sun.rmi.transport=ALL-UNNAMED
08-Dec-2021 08:09:31.165 INFO [main] org.apache.catalina.startup.VersionLoggerListener.log Command line argument: -Djava.util.logging.config.file=/home/sk/io.rastered/rastered.io/apache-tomcat-10.0.5/conf/logging.properties
08-Dec-2021 08:09:31.166 INFO [main] org.apache.catalina.startup.VersionLoggerListener.log Command line argument: -Djava.util.logging.manager=org.apache.juli.ClassLoaderLogManager
08-Dec-2021 08:09:31.166 INFO [main] org.apache.catalina.startup.VersionLoggerListener.log Command line argument: -Dhttp.nonProxyHosts=localhost|127.0.0.1|vmarch
08-Dec-2021 08:09:31.166 INFO [main] org.apache.catalina.startup.VersionLoggerListener.log Command line argument: -Djdk.tls.ephemeralDHKeySize=2048
08-Dec-2021 08:09:31.166 INFO [main] org.apache.catalina.startup.VersionLoggerListener.log Command line argument: -Djava.protocol.handler.pkgs=org.apache.catalina.webresources
08-Dec-2021 08:09:31.167 INFO [main] org.apache.catalina.startup.VersionLoggerListener.log Command line argument: -Dorg.apache.catalina.security.SecurityListener.UMASK=0027
08-Dec-2021 08:09:31.167 INFO [main] org.apache.catalina.startup.VersionLoggerListener.log Command line argument: -Dignore.endorsed.dirs=
08-Dec-2021 08:09:31.167 INFO [main] org.apache.catalina.startup.VersionLoggerListener.log Command line argument: -Dcatalina.base=/home/sk/io.rastered/rastered.io/apache-tomcat-10.0.5
08-Dec-2021 08:09:31.167 INFO [main] org.apache.catalina.startup.VersionLoggerListener.log Command line argument: -Dcatalina.home=/home/sk/io.rastered/rastered.io/apache-tomcat-10.0.5
08-Dec-2021 08:09:31.168 INFO [main] org.apache.catalina.startup.VersionLoggerListener.log Command line argument: -Djava.io.tmpdir=/home/sk/io.rastered/rastered.io/apache-tomcat-10.0.5/temp
08-Dec-2021 08:09:31.170 INFO [main] org.apache.catalina.core.AprLifecycleListener.lifecycleEvent The Apache Tomcat Native library which allows using OpenSSL was not found on the java.library.path: [/usr/java/packages/lib:/usr/lib64:/lib64:/lib:/usr/lib]
08-Dec-2021 08:09:32.309 INFO [main] org.apache.coyote.AbstractProtocol.init Initializing ProtocolHandler ["http-nio-8080"]
08-Dec-2021 08:09:32.455 INFO [main] org.apache.catalina.startup.Catalina.load Server initialization in [1802] milliseconds
08-Dec-2021 08:09:32.691 INFO [main] org.apache.catalina.core.StandardService.startInternal Starting service [Catalina]
08-Dec-2021 08:09:32.692 INFO [main] org.apache.catalina.core.StandardEngine.startInternal Starting Servlet engine: [Apache Tomcat/10.0.5]
08-Dec-2021 08:09:32.747 INFO [main] org.apache.catalina.startup.HostConfig.deployDescriptor Deploying deployment descriptor [/home/sk/io.rastered/rastered.io/apache-tomcat-10.0.5/conf/Catalina/localhost/ROOT.xml]
08-Dec-2021 08:09:32.818 WARNING [main] org.apache.catalina.startup.HostConfig.deployDescriptor The path attribute with value [] in deployment descriptor [/home/sk/io.rastered/rastered.io/apache-tomcat-10.0.5/conf/Catalina/localhost/ROOT.xml] has been ignored
08-Dec-2021 08:09:33.976 INFO [main] org.apache.jasper.servlet.TldScanner.scanJars At least one JAR was scanned for TLDs yet contained no TLDs. Enable debug logging for this logger for a complete list of JARs that were scanned but no TLDs were found in them. Skipping unneeded JARs during scanning can improve startup time and JSP compilation time.
08-Dec-2021 08:09:34.137 INFO [main] org.apache.catalina.startup.HostConfig.deployDescriptor Deployment of deployment descriptor [/home/sk/io.rastered/rastered.io/apache-tomcat-10.0.5/conf/Catalina/localhost/ROOT.xml] has finished in [1,389] ms
08-Dec-2021 08:09:34.138 INFO [main] org.apache.catalina.startup.HostConfig.deployDirectory Deploying web application directory [/home/sk/io.rastered/rastered.io/apache-tomcat-10.0.5/webapps/host-manager]
08-Dec-2021 08:09:34.233 INFO [main] org.apache.catalina.startup.HostConfig.deployDirectory Deployment of web application directory [/home/sk/io.rastered/rastered.io/apache-tomcat-10.0.5/webapps/host-manager] has finished in [95] ms
08-Dec-2021 08:09:34.234 INFO [main] org.apache.catalina.startup.HostConfig.deployDirectory Deploying web application directory [/home/sk/io.rastered/rastered.io/apache-tomcat-10.0.5/webapps/examples]
08-Dec-2021 08:09:35.210 INFO [main] org.apache.catalina.startup.HostConfig.deployDirectory Deployment of web application directory [/home/sk/io.rastered/rastered.io/apache-tomcat-10.0.5/webapps/examples] has finished in [976] ms
08-Dec-2021 08:09:35.211 INFO [main] org.apache.catalina.startup.HostConfig.deployDirectory Deploying web application directory [/home/sk/io.rastered/rastered.io/apache-tomcat-10.0.5/webapps/docs]
08-Dec-2021 08:09:35.253 INFO [main] org.apache.catalina.startup.HostConfig.deployDirectory Deployment of web application directory [/home/sk/io.rastered/rastered.io/apache-tomcat-10.0.5/webapps/docs] has finished in [42] ms
08-Dec-2021 08:09:35.267 INFO [main] org.apache.catalina.startup.HostConfig.deployDirectory Deploying web application directory [/home/sk/io.rastered/rastered.io/apache-tomcat-10.0.5/webapps/manager]
08-Dec-2021 08:09:35.369 INFO [main] org.apache.catalina.startup.HostConfig.deployDirectory Deployment of web application directory [/home/sk/io.rastered/rastered.io/apache-tomcat-10.0.5/webapps/manager] has finished in [114] ms
08-Dec-2021 08:09:35.377 INFO [main] org.apache.coyote.AbstractProtocol.start Starting ProtocolHandler ["http-nio-8080"]
08-Dec-2021 08:09:35.483 INFO [main] org.apache.catalina.startup.Catalina.start Server startup in [3027] milliseconds
08-Dec-2021 08:10:47.080 INFO [main] org.apache.catalina.core.StandardServer.await A valid shutdown command was received via the shutdown port. Stopping the Server instance.
08-Dec-2021 08:10:47.081 INFO [main] org.apache.coyote.AbstractProtocol.pause Pausing ProtocolHandler ["http-nio-8080"]
08-Dec-2021 08:10:47.088 INFO [main] org.apache.catalina.core.StandardService.stopInternal Stopping service [Catalina]
08-Dec-2021 08:10:47.182 INFO [main] org.apache.coyote.AbstractProtocol.stop Stopping ProtocolHandler ["http-nio-8080"]
08-Dec-2021 08:10:47.194 INFO [main] org.apache.coyote.AbstractProtocol.destroy Destroying ProtocolHandler ["http-nio-8080"]
