11-Aug-2021 09:40:20.252 INFO [main] org.apache.catalina.core.StandardServer.await A valid shutdown command was received via the shutdown port. Stopping the Server instance.
11-Aug-2021 09:40:20.253 INFO [main] org.apache.coyote.AbstractProtocol.pause Pausing ProtocolHandler ["http-nio-8080"]
11-Aug-2021 09:40:20.260 INFO [main] org.apache.catalina.core.StandardService.stopInternal Stopping service [Catalina]
11-Aug-2021 09:40:20.377 INFO [main] org.apache.coyote.AbstractProtocol.stop Stopping ProtocolHandler ["http-nio-8080"]
11-Aug-2021 09:40:20.414 INFO [main] org.apache.coyote.AbstractProtocol.destroy Destroying ProtocolHandler ["http-nio-8080"]
11-Aug-2021 09:40:23.597 INFO [main] org.apache.catalina.startup.VersionLoggerListener.log Server version name:   Apache Tomcat/10.0.5
11-Aug-2021 09:40:23.605 INFO [main] org.apache.catalina.startup.VersionLoggerListener.log Server built:          Mar 30 2021 08:19:50 UTC
11-Aug-2021 09:40:23.605 INFO [main] org.apache.catalina.startup.VersionLoggerListener.log Server version number: 10.0.5.0
11-Aug-2021 09:40:23.606 INFO [main] org.apache.catalina.startup.VersionLoggerListener.log OS Name:               Linux
11-Aug-2021 09:40:23.606 INFO [main] org.apache.catalina.startup.VersionLoggerListener.log OS Version:            5.12.7-arch1-1
11-Aug-2021 09:40:23.606 INFO [main] org.apache.catalina.startup.VersionLoggerListener.log Architecture:          amd64
11-Aug-2021 09:40:23.607 INFO [main] org.apache.catalina.startup.VersionLoggerListener.log Java Home:             /usr/lib/jvm/java-15-openjdk
11-Aug-2021 09:40:23.607 INFO [main] org.apache.catalina.startup.VersionLoggerListener.log JVM Version:           15.0.2+7
11-Aug-2021 09:40:23.607 INFO [main] org.apache.catalina.startup.VersionLoggerListener.log JVM Vendor:            Oracle Corporation
11-Aug-2021 09:40:23.607 INFO [main] org.apache.catalina.startup.VersionLoggerListener.log CATALINA_BASE:         /home/sk/Documents/rastered.io/apache-tomcat-10.0.5
11-Aug-2021 09:40:23.608 INFO [main] org.apache.catalina.startup.VersionLoggerListener.log CATALINA_HOME:         /home/sk/Documents/rastered.io/apache-tomcat-10.0.5
11-Aug-2021 09:40:23.639 INFO [main] org.apache.catalina.startup.VersionLoggerListener.log Command line argument: --add-opens=java.base/java.lang=ALL-UNNAMED
11-Aug-2021 09:40:23.639 INFO [main] org.apache.catalina.startup.VersionLoggerListener.log Command line argument: --add-opens=java.base/java.io=ALL-UNNAMED
11-Aug-2021 09:40:23.640 INFO [main] org.apache.catalina.startup.VersionLoggerListener.log Command line argument: --add-opens=java.base/java.util=ALL-UNNAMED
11-Aug-2021 09:40:23.640 INFO [main] org.apache.catalina.startup.VersionLoggerListener.log Command line argument: --add-opens=java.base/java.util.concurrent=ALL-UNNAMED
11-Aug-2021 09:40:23.640 INFO [main] org.apache.catalina.startup.VersionLoggerListener.log Command line argument: --add-opens=java.rmi/sun.rmi.transport=ALL-UNNAMED
11-Aug-2021 09:40:23.641 INFO [main] org.apache.catalina.startup.VersionLoggerListener.log Command line argument: -Djava.util.logging.config.file=/home/sk/Documents/rastered.io/apache-tomcat-10.0.5/conf/logging.properties
11-Aug-2021 09:40:23.641 INFO [main] org.apache.catalina.startup.VersionLoggerListener.log Command line argument: -Djava.util.logging.manager=org.apache.juli.ClassLoaderLogManager
11-Aug-2021 09:40:23.642 INFO [main] org.apache.catalina.startup.VersionLoggerListener.log Command line argument: -Dhttp.nonProxyHosts=localhost|127.0.0.1|vmarch
11-Aug-2021 09:40:23.642 INFO [main] org.apache.catalina.startup.VersionLoggerListener.log Command line argument: -Djdk.tls.ephemeralDHKeySize=2048
11-Aug-2021 09:40:23.642 INFO [main] org.apache.catalina.startup.VersionLoggerListener.log Command line argument: -Djava.protocol.handler.pkgs=org.apache.catalina.webresources
11-Aug-2021 09:40:23.643 INFO [main] org.apache.catalina.startup.VersionLoggerListener.log Command line argument: -Dorg.apache.catalina.security.SecurityListener.UMASK=0027
11-Aug-2021 09:40:23.643 INFO [main] org.apache.catalina.startup.VersionLoggerListener.log Command line argument: -Dignore.endorsed.dirs=
11-Aug-2021 09:40:23.643 INFO [main] org.apache.catalina.startup.VersionLoggerListener.log Command line argument: -Dcatalina.base=/home/sk/Documents/rastered.io/apache-tomcat-10.0.5
11-Aug-2021 09:40:23.643 INFO [main] org.apache.catalina.startup.VersionLoggerListener.log Command line argument: -Dcatalina.home=/home/sk/Documents/rastered.io/apache-tomcat-10.0.5
11-Aug-2021 09:40:23.644 INFO [main] org.apache.catalina.startup.VersionLoggerListener.log Command line argument: -Djava.io.tmpdir=/home/sk/Documents/rastered.io/apache-tomcat-10.0.5/temp
11-Aug-2021 09:40:23.646 INFO [main] org.apache.catalina.core.AprLifecycleListener.lifecycleEvent The Apache Tomcat Native library which allows using OpenSSL was not found on the java.library.path: [/usr/java/packages/lib:/usr/lib64:/lib64:/lib:/usr/lib]
11-Aug-2021 09:40:24.393 INFO [main] org.apache.coyote.AbstractProtocol.init Initializing ProtocolHandler ["http-nio-8080"]
11-Aug-2021 09:40:24.485 INFO [main] org.apache.catalina.startup.Catalina.load Server initialization in [1274] milliseconds
11-Aug-2021 09:40:24.626 INFO [main] org.apache.catalina.core.StandardService.startInternal Starting service [Catalina]
11-Aug-2021 09:40:24.627 INFO [main] org.apache.catalina.core.StandardEngine.startInternal Starting Servlet engine: [Apache Tomcat/10.0.5]
11-Aug-2021 09:40:24.649 INFO [main] org.apache.catalina.startup.HostConfig.deployDescriptor Deploying deployment descriptor [/home/sk/Documents/rastered.io/apache-tomcat-10.0.5/conf/Catalina/localhost/ROOT.xml]
11-Aug-2021 09:40:24.691 WARNING [main] org.apache.catalina.startup.HostConfig.deployDescriptor The path attribute with value [] in deployment descriptor [/home/sk/Documents/rastered.io/apache-tomcat-10.0.5/conf/Catalina/localhost/ROOT.xml] has been ignored
11-Aug-2021 09:40:25.371 INFO [main] org.apache.catalina.startup.HostConfig.deployDescriptor Deployment of deployment descriptor [/home/sk/Documents/rastered.io/apache-tomcat-10.0.5/conf/Catalina/localhost/ROOT.xml] has finished in [722] ms
11-Aug-2021 09:40:25.372 INFO [main] org.apache.catalina.startup.HostConfig.deployDirectory Deploying web application directory [/home/sk/Documents/rastered.io/apache-tomcat-10.0.5/webapps/host-manager]
11-Aug-2021 09:40:25.448 INFO [main] org.apache.catalina.startup.HostConfig.deployDirectory Deployment of web application directory [/home/sk/Documents/rastered.io/apache-tomcat-10.0.5/webapps/host-manager] has finished in [75] ms
11-Aug-2021 09:40:25.449 INFO [main] org.apache.catalina.startup.HostConfig.deployDirectory Deploying web application directory [/home/sk/Documents/rastered.io/apache-tomcat-10.0.5/webapps/examples]
11-Aug-2021 09:40:25.989 INFO [main] org.apache.catalina.startup.HostConfig.deployDirectory Deployment of web application directory [/home/sk/Documents/rastered.io/apache-tomcat-10.0.5/webapps/examples] has finished in [541] ms
11-Aug-2021 09:40:25.990 INFO [main] org.apache.catalina.startup.HostConfig.deployDirectory Deploying web application directory [/home/sk/Documents/rastered.io/apache-tomcat-10.0.5/webapps/docs]
11-Aug-2021 09:40:26.023 INFO [main] org.apache.catalina.startup.HostConfig.deployDirectory Deployment of web application directory [/home/sk/Documents/rastered.io/apache-tomcat-10.0.5/webapps/docs] has finished in [33] ms
11-Aug-2021 09:40:26.023 INFO [main] org.apache.catalina.startup.HostConfig.deployDirectory Deploying web application directory [/home/sk/Documents/rastered.io/apache-tomcat-10.0.5/webapps/manager]
11-Aug-2021 09:40:26.083 INFO [main] org.apache.catalina.startup.HostConfig.deployDirectory Deployment of web application directory [/home/sk/Documents/rastered.io/apache-tomcat-10.0.5/webapps/manager] has finished in [59] ms
11-Aug-2021 09:40:26.103 INFO [main] org.apache.coyote.AbstractProtocol.start Starting ProtocolHandler ["http-nio-8080"]
11-Aug-2021 09:40:26.133 INFO [main] org.apache.catalina.startup.Catalina.start Server startup in [1647] milliseconds
11-Aug-2021 09:40:32.176 INFO [main] org.apache.catalina.core.StandardServer.await A valid shutdown command was received via the shutdown port. Stopping the Server instance.
11-Aug-2021 09:40:32.177 INFO [main] org.apache.coyote.AbstractProtocol.pause Pausing ProtocolHandler ["http-nio-8080"]
11-Aug-2021 09:40:32.181 INFO [main] org.apache.catalina.core.StandardService.stopInternal Stopping service [Catalina]
11-Aug-2021 09:40:32.256 INFO [main] org.apache.coyote.AbstractProtocol.stop Stopping ProtocolHandler ["http-nio-8080"]
11-Aug-2021 09:40:32.291 INFO [main] org.apache.coyote.AbstractProtocol.destroy Destroying ProtocolHandler ["http-nio-8080"]
11-Aug-2021 09:40:50.262 INFO [main] org.apache.catalina.startup.VersionLoggerListener.log Server version name:   Apache Tomcat/10.0.5
11-Aug-2021 09:40:50.271 INFO [main] org.apache.catalina.startup.VersionLoggerListener.log Server built:          Mar 30 2021 08:19:50 UTC
11-Aug-2021 09:40:50.271 INFO [main] org.apache.catalina.startup.VersionLoggerListener.log Server version number: 10.0.5.0
11-Aug-2021 09:40:50.272 INFO [main] org.apache.catalina.startup.VersionLoggerListener.log OS Name:               Linux
11-Aug-2021 09:40:50.272 INFO [main] org.apache.catalina.startup.VersionLoggerListener.log OS Version:            5.12.7-arch1-1
11-Aug-2021 09:40:50.272 INFO [main] org.apache.catalina.startup.VersionLoggerListener.log Architecture:          amd64
11-Aug-2021 09:40:50.273 INFO [main] org.apache.catalina.startup.VersionLoggerListener.log Java Home:             /usr/lib/jvm/java-15-openjdk
11-Aug-2021 09:40:50.273 INFO [main] org.apache.catalina.startup.VersionLoggerListener.log JVM Version:           15.0.2+7
11-Aug-2021 09:40:50.273 INFO [main] org.apache.catalina.startup.VersionLoggerListener.log JVM Vendor:            Oracle Corporation
11-Aug-2021 09:40:50.274 INFO [main] org.apache.catalina.startup.VersionLoggerListener.log CATALINA_BASE:         /home/sk/Documents/rastered.io/apache-tomcat-10.0.5
11-Aug-2021 09:40:50.274 INFO [main] org.apache.catalina.startup.VersionLoggerListener.log CATALINA_HOME:         /home/sk/Documents/rastered.io/apache-tomcat-10.0.5
11-Aug-2021 09:40:50.332 INFO [main] org.apache.catalina.startup.VersionLoggerListener.log Command line argument: --add-opens=java.base/java.lang=ALL-UNNAMED
11-Aug-2021 09:40:50.333 INFO [main] org.apache.catalina.startup.VersionLoggerListener.log Command line argument: --add-opens=java.base/java.io=ALL-UNNAMED
11-Aug-2021 09:40:50.333 INFO [main] org.apache.catalina.startup.VersionLoggerListener.log Command line argument: --add-opens=java.base/java.util=ALL-UNNAMED
11-Aug-2021 09:40:50.334 INFO [main] org.apache.catalina.startup.VersionLoggerListener.log Command line argument: --add-opens=java.base/java.util.concurrent=ALL-UNNAMED
11-Aug-2021 09:40:50.337 INFO [main] org.apache.catalina.startup.VersionLoggerListener.log Command line argument: --add-opens=java.rmi/sun.rmi.transport=ALL-UNNAMED
11-Aug-2021 09:40:50.337 INFO [main] org.apache.catalina.startup.VersionLoggerListener.log Command line argument: -Djava.util.logging.config.file=/home/sk/Documents/rastered.io/apache-tomcat-10.0.5/conf/logging.properties
11-Aug-2021 09:40:50.337 INFO [main] org.apache.catalina.startup.VersionLoggerListener.log Command line argument: -Djava.util.logging.manager=org.apache.juli.ClassLoaderLogManager
11-Aug-2021 09:40:50.338 INFO [main] org.apache.catalina.startup.VersionLoggerListener.log Command line argument: -Dhttp.nonProxyHosts=localhost|127.0.0.1|vmarch
11-Aug-2021 09:40:50.338 INFO [main] org.apache.catalina.startup.VersionLoggerListener.log Command line argument: -Djdk.tls.ephemeralDHKeySize=2048
11-Aug-2021 09:40:50.338 INFO [main] org.apache.catalina.startup.VersionLoggerListener.log Command line argument: -Djava.protocol.handler.pkgs=org.apache.catalina.webresources
11-Aug-2021 09:40:50.338 INFO [main] org.apache.catalina.startup.VersionLoggerListener.log Command line argument: -Dorg.apache.catalina.security.SecurityListener.UMASK=0027
11-Aug-2021 09:40:50.341 INFO [main] org.apache.catalina.startup.VersionLoggerListener.log Command line argument: -Dignore.endorsed.dirs=
11-Aug-2021 09:40:50.341 INFO [main] org.apache.catalina.startup.VersionLoggerListener.log Command line argument: -Dcatalina.base=/home/sk/Documents/rastered.io/apache-tomcat-10.0.5
11-Aug-2021 09:40:50.341 INFO [main] org.apache.catalina.startup.VersionLoggerListener.log Command line argument: -Dcatalina.home=/home/sk/Documents/rastered.io/apache-tomcat-10.0.5
11-Aug-2021 09:40:50.342 INFO [main] org.apache.catalina.startup.VersionLoggerListener.log Command line argument: -Djava.io.tmpdir=/home/sk/Documents/rastered.io/apache-tomcat-10.0.5/temp
11-Aug-2021 09:40:50.347 INFO [main] org.apache.catalina.core.AprLifecycleListener.lifecycleEvent The Apache Tomcat Native library which allows using OpenSSL was not found on the java.library.path: [/usr/java/packages/lib:/usr/lib64:/lib64:/lib:/usr/lib]
11-Aug-2021 09:40:51.226 INFO [main] org.apache.coyote.AbstractProtocol.init Initializing ProtocolHandler ["http-nio-8080"]
11-Aug-2021 09:40:51.313 INFO [main] org.apache.catalina.startup.Catalina.load Server initialization in [1496] milliseconds
11-Aug-2021 09:40:51.459 INFO [main] org.apache.catalina.core.StandardService.startInternal Starting service [Catalina]
11-Aug-2021 09:40:51.460 INFO [main] org.apache.catalina.core.StandardEngine.startInternal Starting Servlet engine: [Apache Tomcat/10.0.5]
11-Aug-2021 09:40:51.483 INFO [main] org.apache.catalina.startup.HostConfig.deployDescriptor Deploying deployment descriptor [/home/sk/Documents/rastered.io/apache-tomcat-10.0.5/conf/Catalina/localhost/ROOT.xml]
11-Aug-2021 09:40:51.525 WARNING [main] org.apache.catalina.startup.HostConfig.deployDescriptor The path attribute with value [] in deployment descriptor [/home/sk/Documents/rastered.io/apache-tomcat-10.0.5/conf/Catalina/localhost/ROOT.xml] has been ignored
11-Aug-2021 09:40:52.183 INFO [main] org.apache.catalina.startup.HostConfig.deployDescriptor Deployment of deployment descriptor [/home/sk/Documents/rastered.io/apache-tomcat-10.0.5/conf/Catalina/localhost/ROOT.xml] has finished in [699] ms
11-Aug-2021 09:40:52.184 INFO [main] org.apache.catalina.startup.HostConfig.deployDirectory Deploying web application directory [/home/sk/Documents/rastered.io/apache-tomcat-10.0.5/webapps/host-manager]
11-Aug-2021 09:40:52.276 INFO [main] org.apache.catalina.startup.HostConfig.deployDirectory Deployment of web application directory [/home/sk/Documents/rastered.io/apache-tomcat-10.0.5/webapps/host-manager] has finished in [92] ms
11-Aug-2021 09:40:52.278 INFO [main] org.apache.catalina.startup.HostConfig.deployDirectory Deploying web application directory [/home/sk/Documents/rastered.io/apache-tomcat-10.0.5/webapps/examples]
11-Aug-2021 09:40:53.097 INFO [main] org.apache.catalina.startup.HostConfig.deployDirectory Deployment of web application directory [/home/sk/Documents/rastered.io/apache-tomcat-10.0.5/webapps/examples] has finished in [819] ms
11-Aug-2021 09:40:53.097 INFO [main] org.apache.catalina.startup.HostConfig.deployDirectory Deploying web application directory [/home/sk/Documents/rastered.io/apache-tomcat-10.0.5/webapps/docs]
11-Aug-2021 09:40:53.158 INFO [main] org.apache.catalina.startup.HostConfig.deployDirectory Deployment of web application directory [/home/sk/Documents/rastered.io/apache-tomcat-10.0.5/webapps/docs] has finished in [60] ms
11-Aug-2021 09:40:53.158 INFO [main] org.apache.catalina.startup.HostConfig.deployDirectory Deploying web application directory [/home/sk/Documents/rastered.io/apache-tomcat-10.0.5/webapps/manager]
11-Aug-2021 09:40:53.240 INFO [main] org.apache.catalina.startup.HostConfig.deployDirectory Deployment of web application directory [/home/sk/Documents/rastered.io/apache-tomcat-10.0.5/webapps/manager] has finished in [82] ms
11-Aug-2021 09:40:53.248 INFO [main] org.apache.coyote.AbstractProtocol.start Starting ProtocolHandler ["http-nio-8080"]
11-Aug-2021 09:40:53.289 INFO [main] org.apache.catalina.startup.Catalina.start Server startup in [1975] milliseconds
11-Aug-2021 09:57:31.045 INFO [Thread-2] org.apache.coyote.AbstractProtocol.pause Pausing ProtocolHandler ["http-nio-8080"]
11-Aug-2021 09:57:31.048 INFO [Thread-2] org.apache.catalina.core.StandardService.stopInternal Stopping service [Catalina]
11-Aug-2021 09:57:31.109 INFO [Thread-2] org.apache.coyote.AbstractProtocol.stop Stopping ProtocolHandler ["http-nio-8080"]
11-Aug-2021 09:57:31.164 INFO [Thread-2] org.apache.coyote.AbstractProtocol.destroy Destroying ProtocolHandler ["http-nio-8080"]
11-Aug-2021 10:00:40.638 INFO [main] org.apache.catalina.startup.VersionLoggerListener.log Server version name:   Apache Tomcat/10.0.5
11-Aug-2021 10:00:40.649 INFO [main] org.apache.catalina.startup.VersionLoggerListener.log Server built:          Mar 30 2021 08:19:50 UTC
11-Aug-2021 10:00:40.652 INFO [main] org.apache.catalina.startup.VersionLoggerListener.log Server version number: 10.0.5.0
11-Aug-2021 10:00:40.653 INFO [main] org.apache.catalina.startup.VersionLoggerListener.log OS Name:               Linux
11-Aug-2021 10:00:40.654 INFO [main] org.apache.catalina.startup.VersionLoggerListener.log OS Version:            5.12.7-arch1-1
11-Aug-2021 10:00:40.655 INFO [main] org.apache.catalina.startup.VersionLoggerListener.log Architecture:          amd64
11-Aug-2021 10:00:40.655 INFO [main] org.apache.catalina.startup.VersionLoggerListener.log Java Home:             /usr/lib/jvm/java-15-openjdk
11-Aug-2021 10:00:40.655 INFO [main] org.apache.catalina.startup.VersionLoggerListener.log JVM Version:           15.0.2+7
11-Aug-2021 10:00:40.655 INFO [main] org.apache.catalina.startup.VersionLoggerListener.log JVM Vendor:            Oracle Corporation
11-Aug-2021 10:00:40.656 INFO [main] org.apache.catalina.startup.VersionLoggerListener.log CATALINA_BASE:         /home/sk/Documents/rastered.io/apache-tomcat-10.0.5
11-Aug-2021 10:00:40.656 INFO [main] org.apache.catalina.startup.VersionLoggerListener.log CATALINA_HOME:         /home/sk/Documents/rastered.io/apache-tomcat-10.0.5
11-Aug-2021 10:00:40.689 INFO [main] org.apache.catalina.startup.VersionLoggerListener.log Command line argument: --add-opens=java.base/java.lang=ALL-UNNAMED
11-Aug-2021 10:00:40.689 INFO [main] org.apache.catalina.startup.VersionLoggerListener.log Command line argument: --add-opens=java.base/java.io=ALL-UNNAMED
11-Aug-2021 10:00:40.690 INFO [main] org.apache.catalina.startup.VersionLoggerListener.log Command line argument: --add-opens=java.base/java.util=ALL-UNNAMED
11-Aug-2021 10:00:40.690 INFO [main] org.apache.catalina.startup.VersionLoggerListener.log Command line argument: --add-opens=java.base/java.util.concurrent=ALL-UNNAMED
11-Aug-2021 10:00:40.690 INFO [main] org.apache.catalina.startup.VersionLoggerListener.log Command line argument: --add-opens=java.rmi/sun.rmi.transport=ALL-UNNAMED
11-Aug-2021 10:00:40.690 INFO [main] org.apache.catalina.startup.VersionLoggerListener.log Command line argument: -Djava.util.logging.config.file=/home/sk/Documents/rastered.io/apache-tomcat-10.0.5/conf/logging.properties
11-Aug-2021 10:00:40.691 INFO [main] org.apache.catalina.startup.VersionLoggerListener.log Command line argument: -Djava.util.logging.manager=org.apache.juli.ClassLoaderLogManager
11-Aug-2021 10:00:40.691 INFO [main] org.apache.catalina.startup.VersionLoggerListener.log Command line argument: -Dhttp.nonProxyHosts=localhost|127.0.0.1|vmarch
11-Aug-2021 10:00:40.691 INFO [main] org.apache.catalina.startup.VersionLoggerListener.log Command line argument: -Djdk.tls.ephemeralDHKeySize=2048
11-Aug-2021 10:00:40.691 INFO [main] org.apache.catalina.startup.VersionLoggerListener.log Command line argument: -Djava.protocol.handler.pkgs=org.apache.catalina.webresources
11-Aug-2021 10:00:40.692 INFO [main] org.apache.catalina.startup.VersionLoggerListener.log Command line argument: -Dorg.apache.catalina.security.SecurityListener.UMASK=0027
11-Aug-2021 10:00:40.692 INFO [main] org.apache.catalina.startup.VersionLoggerListener.log Command line argument: -Dignore.endorsed.dirs=
11-Aug-2021 10:00:40.692 INFO [main] org.apache.catalina.startup.VersionLoggerListener.log Command line argument: -Dcatalina.base=/home/sk/Documents/rastered.io/apache-tomcat-10.0.5
11-Aug-2021 10:00:40.692 INFO [main] org.apache.catalina.startup.VersionLoggerListener.log Command line argument: -Dcatalina.home=/home/sk/Documents/rastered.io/apache-tomcat-10.0.5
11-Aug-2021 10:00:40.693 INFO [main] org.apache.catalina.startup.VersionLoggerListener.log Command line argument: -Djava.io.tmpdir=/home/sk/Documents/rastered.io/apache-tomcat-10.0.5/temp
11-Aug-2021 10:00:40.695 INFO [main] org.apache.catalina.core.AprLifecycleListener.lifecycleEvent The Apache Tomcat Native library which allows using OpenSSL was not found on the java.library.path: [/usr/java/packages/lib:/usr/lib64:/lib64:/lib:/usr/lib]
11-Aug-2021 10:00:41.725 INFO [main] org.apache.coyote.AbstractProtocol.init Initializing ProtocolHandler ["http-nio-8080"]
11-Aug-2021 10:00:41.779 INFO [main] org.apache.catalina.startup.Catalina.load Server initialization in [1576] milliseconds
11-Aug-2021 10:00:41.907 INFO [main] org.apache.catalina.core.StandardService.startInternal Starting service [Catalina]
11-Aug-2021 10:00:41.907 INFO [main] org.apache.catalina.core.StandardEngine.startInternal Starting Servlet engine: [Apache Tomcat/10.0.5]
11-Aug-2021 10:00:41.933 INFO [main] org.apache.catalina.startup.HostConfig.deployDescriptor Deploying deployment descriptor [/home/sk/Documents/rastered.io/apache-tomcat-10.0.5/conf/Catalina/localhost/ROOT.xml]
11-Aug-2021 10:00:41.982 WARNING [main] org.apache.catalina.startup.HostConfig.deployDescriptor The path attribute with value [] in deployment descriptor [/home/sk/Documents/rastered.io/apache-tomcat-10.0.5/conf/Catalina/localhost/ROOT.xml] has been ignored
11-Aug-2021 10:00:42.606 INFO [main] org.apache.catalina.startup.HostConfig.deployDescriptor Deployment of deployment descriptor [/home/sk/Documents/rastered.io/apache-tomcat-10.0.5/conf/Catalina/localhost/ROOT.xml] has finished in [672] ms
11-Aug-2021 10:00:42.608 INFO [main] org.apache.catalina.startup.HostConfig.deployDirectory Deploying web application directory [/home/sk/Documents/rastered.io/apache-tomcat-10.0.5/webapps/host-manager]
11-Aug-2021 10:00:42.693 INFO [main] org.apache.catalina.startup.HostConfig.deployDirectory Deployment of web application directory [/home/sk/Documents/rastered.io/apache-tomcat-10.0.5/webapps/host-manager] has finished in [86] ms
11-Aug-2021 10:00:42.694 INFO [main] org.apache.catalina.startup.HostConfig.deployDirectory Deploying web application directory [/home/sk/Documents/rastered.io/apache-tomcat-10.0.5/webapps/examples]
11-Aug-2021 10:00:43.469 INFO [main] org.apache.catalina.startup.HostConfig.deployDirectory Deployment of web application directory [/home/sk/Documents/rastered.io/apache-tomcat-10.0.5/webapps/examples] has finished in [774] ms
11-Aug-2021 10:00:43.475 INFO [main] org.apache.catalina.startup.HostConfig.deployDirectory Deploying web application directory [/home/sk/Documents/rastered.io/apache-tomcat-10.0.5/webapps/docs]
11-Aug-2021 10:00:43.553 INFO [main] org.apache.catalina.startup.HostConfig.deployDirectory Deployment of web application directory [/home/sk/Documents/rastered.io/apache-tomcat-10.0.5/webapps/docs] has finished in [78] ms
11-Aug-2021 10:00:43.563 INFO [main] org.apache.catalina.startup.HostConfig.deployDirectory Deploying web application directory [/home/sk/Documents/rastered.io/apache-tomcat-10.0.5/webapps/manager]
11-Aug-2021 10:00:43.651 INFO [main] org.apache.catalina.startup.HostConfig.deployDirectory Deployment of web application directory [/home/sk/Documents/rastered.io/apache-tomcat-10.0.5/webapps/manager] has finished in [87] ms
11-Aug-2021 10:00:43.665 INFO [main] org.apache.coyote.AbstractProtocol.start Starting ProtocolHandler ["http-nio-8080"]
11-Aug-2021 10:00:43.706 INFO [main] org.apache.catalina.startup.Catalina.start Server startup in [1926] milliseconds
11-Aug-2021 10:00:44.019 INFO [http-nio-8080-exec-1] org.apache.catalina.core.StandardWrapper.unload Waiting for [1] instance(s) to be deallocated for Servlet [FilterServlet]
11-Aug-2021 10:00:44.960 INFO [http-nio-8080-exec-1] org.apache.catalina.startup.HostConfig.undeploy Undeploying context []
11-Aug-2021 10:00:44.982 INFO [http-nio-8080-exec-5] org.apache.catalina.startup.HostConfig.deployDescriptor Deploying deployment descriptor [/home/sk/Documents/rastered.io/apache-tomcat-10.0.5/conf/Catalina/localhost/ROOT.xml]
11-Aug-2021 10:00:44.983 WARNING [http-nio-8080-exec-5] org.apache.catalina.startup.HostConfig.deployDescriptor The path attribute with value [] in deployment descriptor [/home/sk/Documents/rastered.io/apache-tomcat-10.0.5/conf/Catalina/localhost/ROOT.xml] has been ignored
11-Aug-2021 10:00:45.027 INFO [http-nio-8080-exec-5] org.apache.catalina.startup.HostConfig.deployDescriptor Deployment of deployment descriptor [/home/sk/Documents/rastered.io/apache-tomcat-10.0.5/conf/Catalina/localhost/ROOT.xml] has finished in [45] ms
11-Aug-2021 10:00:45.033 INFO [http-nio-8080-exec-9] org.apache.catalina.util.LifecycleBase.start The start() method was called on component [StandardEngine[Catalina].StandardHost[localhost].StandardContext[]] after start() had already been called. The second call will be ignored.
11-Aug-2021 10:01:18.870 INFO [Thread-2] org.apache.coyote.AbstractProtocol.pause Pausing ProtocolHandler ["http-nio-8080"]
11-Aug-2021 10:01:18.874 INFO [Thread-2] org.apache.catalina.core.StandardService.stopInternal Stopping service [Catalina]
11-Aug-2021 10:01:18.924 INFO [Thread-2] org.apache.coyote.AbstractProtocol.stop Stopping ProtocolHandler ["http-nio-8080"]
11-Aug-2021 10:01:18.980 INFO [Thread-2] org.apache.coyote.AbstractProtocol.destroy Destroying ProtocolHandler ["http-nio-8080"]
11-Aug-2021 10:01:39.857 INFO [main] org.apache.catalina.startup.VersionLoggerListener.log Server version name:   Apache Tomcat/10.0.5
11-Aug-2021 10:01:39.864 INFO [main] org.apache.catalina.startup.VersionLoggerListener.log Server built:          Mar 30 2021 08:19:50 UTC
11-Aug-2021 10:01:39.865 INFO [main] org.apache.catalina.startup.VersionLoggerListener.log Server version number: 10.0.5.0
11-Aug-2021 10:01:39.865 INFO [main] org.apache.catalina.startup.VersionLoggerListener.log OS Name:               Linux
11-Aug-2021 10:01:39.865 INFO [main] org.apache.catalina.startup.VersionLoggerListener.log OS Version:            5.12.7-arch1-1
11-Aug-2021 10:01:39.866 INFO [main] org.apache.catalina.startup.VersionLoggerListener.log Architecture:          amd64
11-Aug-2021 10:01:39.866 INFO [main] org.apache.catalina.startup.VersionLoggerListener.log Java Home:             /usr/lib/jvm/java-15-openjdk
11-Aug-2021 10:01:39.866 INFO [main] org.apache.catalina.startup.VersionLoggerListener.log JVM Version:           15.0.2+7
11-Aug-2021 10:01:39.867 INFO [main] org.apache.catalina.startup.VersionLoggerListener.log JVM Vendor:            Oracle Corporation
11-Aug-2021 10:01:39.867 INFO [main] org.apache.catalina.startup.VersionLoggerListener.log CATALINA_BASE:         /home/sk/Documents/rastered.io/apache-tomcat-10.0.5
11-Aug-2021 10:01:39.867 INFO [main] org.apache.catalina.startup.VersionLoggerListener.log CATALINA_HOME:         /home/sk/Documents/rastered.io/apache-tomcat-10.0.5
11-Aug-2021 10:01:39.897 INFO [main] org.apache.catalina.startup.VersionLoggerListener.log Command line argument: --add-opens=java.base/java.lang=ALL-UNNAMED
11-Aug-2021 10:01:39.899 INFO [main] org.apache.catalina.startup.VersionLoggerListener.log Command line argument: --add-opens=java.base/java.io=ALL-UNNAMED
11-Aug-2021 10:01:39.900 INFO [main] org.apache.catalina.startup.VersionLoggerListener.log Command line argument: --add-opens=java.base/java.util=ALL-UNNAMED
11-Aug-2021 10:01:39.900 INFO [main] org.apache.catalina.startup.VersionLoggerListener.log Command line argument: --add-opens=java.base/java.util.concurrent=ALL-UNNAMED
11-Aug-2021 10:01:39.900 INFO [main] org.apache.catalina.startup.VersionLoggerListener.log Command line argument: --add-opens=java.rmi/sun.rmi.transport=ALL-UNNAMED
11-Aug-2021 10:01:39.901 INFO [main] org.apache.catalina.startup.VersionLoggerListener.log Command line argument: -Djava.util.logging.config.file=/home/sk/Documents/rastered.io/apache-tomcat-10.0.5/conf/logging.properties
11-Aug-2021 10:01:39.901 INFO [main] org.apache.catalina.startup.VersionLoggerListener.log Command line argument: -Djava.util.logging.manager=org.apache.juli.ClassLoaderLogManager
11-Aug-2021 10:01:39.901 INFO [main] org.apache.catalina.startup.VersionLoggerListener.log Command line argument: -Dhttp.nonProxyHosts=localhost|127.0.0.1|vmarch
11-Aug-2021 10:01:39.902 INFO [main] org.apache.catalina.startup.VersionLoggerListener.log Command line argument: -Djdk.tls.ephemeralDHKeySize=2048
11-Aug-2021 10:01:39.902 INFO [main] org.apache.catalina.startup.VersionLoggerListener.log Command line argument: -Djava.protocol.handler.pkgs=org.apache.catalina.webresources
11-Aug-2021 10:01:39.902 INFO [main] org.apache.catalina.startup.VersionLoggerListener.log Command line argument: -Dorg.apache.catalina.security.SecurityListener.UMASK=0027
11-Aug-2021 10:01:39.902 INFO [main] org.apache.catalina.startup.VersionLoggerListener.log Command line argument: -Dignore.endorsed.dirs=
11-Aug-2021 10:01:39.903 INFO [main] org.apache.catalina.startup.VersionLoggerListener.log Command line argument: -Dcatalina.base=/home/sk/Documents/rastered.io/apache-tomcat-10.0.5
11-Aug-2021 10:01:39.903 INFO [main] org.apache.catalina.startup.VersionLoggerListener.log Command line argument: -Dcatalina.home=/home/sk/Documents/rastered.io/apache-tomcat-10.0.5
11-Aug-2021 10:01:39.903 INFO [main] org.apache.catalina.startup.VersionLoggerListener.log Command line argument: -Djava.io.tmpdir=/home/sk/Documents/rastered.io/apache-tomcat-10.0.5/temp
11-Aug-2021 10:01:39.910 INFO [main] org.apache.catalina.core.AprLifecycleListener.lifecycleEvent The Apache Tomcat Native library which allows using OpenSSL was not found on the java.library.path: [/usr/java/packages/lib:/usr/lib64:/lib64:/lib:/usr/lib]
11-Aug-2021 10:01:40.585 INFO [main] org.apache.coyote.AbstractProtocol.init Initializing ProtocolHandler ["http-nio-8080"]
11-Aug-2021 10:01:40.640 INFO [main] org.apache.catalina.startup.Catalina.load Server initialization in [1198] milliseconds
11-Aug-2021 10:01:40.719 INFO [main] org.apache.catalina.core.StandardService.startInternal Starting service [Catalina]
11-Aug-2021 10:01:40.719 INFO [main] org.apache.catalina.core.StandardEngine.startInternal Starting Servlet engine: [Apache Tomcat/10.0.5]
11-Aug-2021 10:01:40.733 INFO [main] org.apache.catalina.startup.HostConfig.deployDescriptor Deploying deployment descriptor [/home/sk/Documents/rastered.io/apache-tomcat-10.0.5/conf/Catalina/localhost/ROOT.xml]
11-Aug-2021 10:01:40.757 WARNING [main] org.apache.catalina.startup.HostConfig.deployDescriptor The path attribute with value [] in deployment descriptor [/home/sk/Documents/rastered.io/apache-tomcat-10.0.5/conf/Catalina/localhost/ROOT.xml] has been ignored
11-Aug-2021 10:01:41.229 INFO [main] org.apache.catalina.startup.HostConfig.deployDescriptor Deployment of deployment descriptor [/home/sk/Documents/rastered.io/apache-tomcat-10.0.5/conf/Catalina/localhost/ROOT.xml] has finished in [495] ms
11-Aug-2021 10:01:41.230 INFO [main] org.apache.catalina.startup.HostConfig.deployDirectory Deploying web application directory [/home/sk/Documents/rastered.io/apache-tomcat-10.0.5/webapps/host-manager]
11-Aug-2021 10:01:41.299 INFO [main] org.apache.catalina.startup.HostConfig.deployDirectory Deployment of web application directory [/home/sk/Documents/rastered.io/apache-tomcat-10.0.5/webapps/host-manager] has finished in [69] ms
11-Aug-2021 10:01:41.300 INFO [main] org.apache.catalina.startup.HostConfig.deployDirectory Deploying web application directory [/home/sk/Documents/rastered.io/apache-tomcat-10.0.5/webapps/examples]
11-Aug-2021 10:01:41.738 INFO [main] org.apache.catalina.startup.HostConfig.deployDirectory Deployment of web application directory [/home/sk/Documents/rastered.io/apache-tomcat-10.0.5/webapps/examples] has finished in [437] ms
11-Aug-2021 10:01:41.738 INFO [main] org.apache.catalina.startup.HostConfig.deployDirectory Deploying web application directory [/home/sk/Documents/rastered.io/apache-tomcat-10.0.5/webapps/docs]
11-Aug-2021 10:01:41.769 INFO [main] org.apache.catalina.startup.HostConfig.deployDirectory Deployment of web application directory [/home/sk/Documents/rastered.io/apache-tomcat-10.0.5/webapps/docs] has finished in [31] ms
11-Aug-2021 10:01:41.770 INFO [main] org.apache.catalina.startup.HostConfig.deployDirectory Deploying web application directory [/home/sk/Documents/rastered.io/apache-tomcat-10.0.5/webapps/manager]
11-Aug-2021 10:01:41.830 INFO [main] org.apache.catalina.startup.HostConfig.deployDirectory Deployment of web application directory [/home/sk/Documents/rastered.io/apache-tomcat-10.0.5/webapps/manager] has finished in [59] ms
11-Aug-2021 10:01:41.836 INFO [main] org.apache.coyote.AbstractProtocol.start Starting ProtocolHandler ["http-nio-8080"]
11-Aug-2021 10:01:41.902 INFO [main] org.apache.catalina.startup.Catalina.start Server startup in [1262] milliseconds
11-Aug-2021 10:10:59.381 INFO [main] org.apache.catalina.core.StandardServer.await A valid shutdown command was received via the shutdown port. Stopping the Server instance.
11-Aug-2021 10:10:59.382 INFO [main] org.apache.coyote.AbstractProtocol.pause Pausing ProtocolHandler ["http-nio-8080"]
11-Aug-2021 10:10:59.389 INFO [main] org.apache.catalina.core.StandardService.stopInternal Stopping service [Catalina]
11-Aug-2021 10:10:59.438 INFO [main] org.apache.coyote.AbstractProtocol.stop Stopping ProtocolHandler ["http-nio-8080"]
11-Aug-2021 10:10:59.492 INFO [main] org.apache.coyote.AbstractProtocol.destroy Destroying ProtocolHandler ["http-nio-8080"]
11-Aug-2021 10:11:22.827 INFO [main] org.apache.catalina.startup.VersionLoggerListener.log Server version name:   Apache Tomcat/10.0.5
11-Aug-2021 10:11:22.835 INFO [main] org.apache.catalina.startup.VersionLoggerListener.log Server built:          Mar 30 2021 08:19:50 UTC
11-Aug-2021 10:11:22.835 INFO [main] org.apache.catalina.startup.VersionLoggerListener.log Server version number: 10.0.5.0
11-Aug-2021 10:11:22.835 INFO [main] org.apache.catalina.startup.VersionLoggerListener.log OS Name:               Linux
11-Aug-2021 10:11:22.836 INFO [main] org.apache.catalina.startup.VersionLoggerListener.log OS Version:            5.12.7-arch1-1
11-Aug-2021 10:11:22.836 INFO [main] org.apache.catalina.startup.VersionLoggerListener.log Architecture:          amd64
11-Aug-2021 10:11:22.836 INFO [main] org.apache.catalina.startup.VersionLoggerListener.log Java Home:             /usr/lib/jvm/java-15-openjdk
11-Aug-2021 10:11:22.837 INFO [main] org.apache.catalina.startup.VersionLoggerListener.log JVM Version:           15.0.2+7
11-Aug-2021 10:11:22.837 INFO [main] org.apache.catalina.startup.VersionLoggerListener.log JVM Vendor:            Oracle Corporation
11-Aug-2021 10:11:22.838 INFO [main] org.apache.catalina.startup.VersionLoggerListener.log CATALINA_BASE:         /home/sk/Documents/rastered.io/apache-tomcat-10.0.5
11-Aug-2021 10:11:22.838 INFO [main] org.apache.catalina.startup.VersionLoggerListener.log CATALINA_HOME:         /home/sk/Documents/rastered.io/apache-tomcat-10.0.5
11-Aug-2021 10:11:22.866 INFO [main] org.apache.catalina.startup.VersionLoggerListener.log Command line argument: --add-opens=java.base/java.lang=ALL-UNNAMED
11-Aug-2021 10:11:22.867 INFO [main] org.apache.catalina.startup.VersionLoggerListener.log Command line argument: --add-opens=java.base/java.io=ALL-UNNAMED
11-Aug-2021 10:11:22.867 INFO [main] org.apache.catalina.startup.VersionLoggerListener.log Command line argument: --add-opens=java.base/java.util=ALL-UNNAMED
11-Aug-2021 10:11:22.867 INFO [main] org.apache.catalina.startup.VersionLoggerListener.log Command line argument: --add-opens=java.base/java.util.concurrent=ALL-UNNAMED
11-Aug-2021 10:11:22.868 INFO [main] org.apache.catalina.startup.VersionLoggerListener.log Command line argument: --add-opens=java.rmi/sun.rmi.transport=ALL-UNNAMED
11-Aug-2021 10:11:22.868 INFO [main] org.apache.catalina.startup.VersionLoggerListener.log Command line argument: -Djava.util.logging.config.file=/home/sk/Documents/rastered.io/apache-tomcat-10.0.5/conf/logging.properties
11-Aug-2021 10:11:22.869 INFO [main] org.apache.catalina.startup.VersionLoggerListener.log Command line argument: -Djava.util.logging.manager=org.apache.juli.ClassLoaderLogManager
11-Aug-2021 10:11:22.869 INFO [main] org.apache.catalina.startup.VersionLoggerListener.log Command line argument: -Dhttp.nonProxyHosts=localhost|127.0.0.1|vmarch
11-Aug-2021 10:11:22.869 INFO [main] org.apache.catalina.startup.VersionLoggerListener.log Command line argument: -Djdk.tls.ephemeralDHKeySize=2048
11-Aug-2021 10:11:22.869 INFO [main] org.apache.catalina.startup.VersionLoggerListener.log Command line argument: -Djava.protocol.handler.pkgs=org.apache.catalina.webresources
11-Aug-2021 10:11:22.870 INFO [main] org.apache.catalina.startup.VersionLoggerListener.log Command line argument: -Dorg.apache.catalina.security.SecurityListener.UMASK=0027
11-Aug-2021 10:11:22.870 INFO [main] org.apache.catalina.startup.VersionLoggerListener.log Command line argument: -Dignore.endorsed.dirs=
11-Aug-2021 10:11:22.871 INFO [main] org.apache.catalina.startup.VersionLoggerListener.log Command line argument: -Dcatalina.base=/home/sk/Documents/rastered.io/apache-tomcat-10.0.5
11-Aug-2021 10:11:22.871 INFO [main] org.apache.catalina.startup.VersionLoggerListener.log Command line argument: -Dcatalina.home=/home/sk/Documents/rastered.io/apache-tomcat-10.0.5
11-Aug-2021 10:11:22.871 INFO [main] org.apache.catalina.startup.VersionLoggerListener.log Command line argument: -Djava.io.tmpdir=/home/sk/Documents/rastered.io/apache-tomcat-10.0.5/temp
11-Aug-2021 10:11:22.874 INFO [main] org.apache.catalina.core.AprLifecycleListener.lifecycleEvent The Apache Tomcat Native library which allows using OpenSSL was not found on the java.library.path: [/usr/java/packages/lib:/usr/lib64:/lib64:/lib:/usr/lib]
11-Aug-2021 10:11:23.556 INFO [main] org.apache.coyote.AbstractProtocol.init Initializing ProtocolHandler ["http-nio-8080"]
11-Aug-2021 10:11:23.613 INFO [main] org.apache.catalina.startup.Catalina.load Server initialization in [1223] milliseconds
11-Aug-2021 10:11:23.695 INFO [main] org.apache.catalina.core.StandardService.startInternal Starting service [Catalina]
11-Aug-2021 10:11:23.695 INFO [main] org.apache.catalina.core.StandardEngine.startInternal Starting Servlet engine: [Apache Tomcat/10.0.5]
11-Aug-2021 10:11:23.715 INFO [main] org.apache.catalina.startup.HostConfig.deployDescriptor Deploying deployment descriptor [/home/sk/Documents/rastered.io/apache-tomcat-10.0.5/conf/Catalina/localhost/ROOT.xml]
11-Aug-2021 10:11:23.742 WARNING [main] org.apache.catalina.startup.HostConfig.deployDescriptor The path attribute with value [] in deployment descriptor [/home/sk/Documents/rastered.io/apache-tomcat-10.0.5/conf/Catalina/localhost/ROOT.xml] has been ignored
11-Aug-2021 10:11:24.187 INFO [main] org.apache.catalina.startup.HostConfig.deployDescriptor Deployment of deployment descriptor [/home/sk/Documents/rastered.io/apache-tomcat-10.0.5/conf/Catalina/localhost/ROOT.xml] has finished in [471] ms
11-Aug-2021 10:11:24.189 INFO [main] org.apache.catalina.startup.HostConfig.deployDirectory Deploying web application directory [/home/sk/Documents/rastered.io/apache-tomcat-10.0.5/webapps/host-manager]
11-Aug-2021 10:11:24.272 INFO [main] org.apache.catalina.startup.HostConfig.deployDirectory Deployment of web application directory [/home/sk/Documents/rastered.io/apache-tomcat-10.0.5/webapps/host-manager] has finished in [82] ms
11-Aug-2021 10:11:24.272 INFO [main] org.apache.catalina.startup.HostConfig.deployDirectory Deploying web application directory [/home/sk/Documents/rastered.io/apache-tomcat-10.0.5/webapps/examples]
11-Aug-2021 10:11:24.782 INFO [main] org.apache.catalina.startup.HostConfig.deployDirectory Deployment of web application directory [/home/sk/Documents/rastered.io/apache-tomcat-10.0.5/webapps/examples] has finished in [510] ms
11-Aug-2021 10:11:24.782 INFO [main] org.apache.catalina.startup.HostConfig.deployDirectory Deploying web application directory [/home/sk/Documents/rastered.io/apache-tomcat-10.0.5/webapps/docs]
11-Aug-2021 10:11:24.833 INFO [main] org.apache.catalina.startup.HostConfig.deployDirectory Deployment of web application directory [/home/sk/Documents/rastered.io/apache-tomcat-10.0.5/webapps/docs] has finished in [50] ms
11-Aug-2021 10:11:24.833 INFO [main] org.apache.catalina.startup.HostConfig.deployDirectory Deploying web application directory [/home/sk/Documents/rastered.io/apache-tomcat-10.0.5/webapps/manager]
11-Aug-2021 10:11:24.902 INFO [main] org.apache.catalina.startup.HostConfig.deployDirectory Deployment of web application directory [/home/sk/Documents/rastered.io/apache-tomcat-10.0.5/webapps/manager] has finished in [68] ms
11-Aug-2021 10:11:24.914 INFO [main] org.apache.coyote.AbstractProtocol.start Starting ProtocolHandler ["http-nio-8080"]
11-Aug-2021 10:11:24.950 INFO [main] org.apache.catalina.startup.Catalina.start Server startup in [1336] milliseconds
11-Aug-2021 10:15:10.843 INFO [main] org.apache.catalina.core.StandardServer.await A valid shutdown command was received via the shutdown port. Stopping the Server instance.
11-Aug-2021 10:15:10.843 INFO [main] org.apache.coyote.AbstractProtocol.pause Pausing ProtocolHandler ["http-nio-8080"]
11-Aug-2021 10:15:10.853 INFO [main] org.apache.catalina.core.StandardService.stopInternal Stopping service [Catalina]
11-Aug-2021 10:15:10.918 INFO [main] org.apache.coyote.AbstractProtocol.stop Stopping ProtocolHandler ["http-nio-8080"]
11-Aug-2021 10:15:10.950 INFO [main] org.apache.coyote.AbstractProtocol.destroy Destroying ProtocolHandler ["http-nio-8080"]
11-Aug-2021 10:16:55.483 INFO [main] org.apache.catalina.startup.VersionLoggerListener.log Server version name:   Apache Tomcat/10.0.5
11-Aug-2021 10:16:55.491 INFO [main] org.apache.catalina.startup.VersionLoggerListener.log Server built:          Mar 30 2021 08:19:50 UTC
11-Aug-2021 10:16:55.491 INFO [main] org.apache.catalina.startup.VersionLoggerListener.log Server version number: 10.0.5.0
11-Aug-2021 10:16:55.492 INFO [main] org.apache.catalina.startup.VersionLoggerListener.log OS Name:               Linux
11-Aug-2021 10:16:55.492 INFO [main] org.apache.catalina.startup.VersionLoggerListener.log OS Version:            5.12.7-arch1-1
11-Aug-2021 10:16:55.492 INFO [main] org.apache.catalina.startup.VersionLoggerListener.log Architecture:          amd64
11-Aug-2021 10:16:55.492 INFO [main] org.apache.catalina.startup.VersionLoggerListener.log Java Home:             /usr/lib/jvm/java-15-openjdk
11-Aug-2021 10:16:55.493 INFO [main] org.apache.catalina.startup.VersionLoggerListener.log JVM Version:           15.0.2+7
11-Aug-2021 10:16:55.493 INFO [main] org.apache.catalina.startup.VersionLoggerListener.log JVM Vendor:            Oracle Corporation
11-Aug-2021 10:16:55.493 INFO [main] org.apache.catalina.startup.VersionLoggerListener.log CATALINA_BASE:         /home/sk/Documents/rastered.io/apache-tomcat-10.0.5
11-Aug-2021 10:16:55.494 INFO [main] org.apache.catalina.startup.VersionLoggerListener.log CATALINA_HOME:         /home/sk/Documents/rastered.io/apache-tomcat-10.0.5
11-Aug-2021 10:16:55.522 INFO [main] org.apache.catalina.startup.VersionLoggerListener.log Command line argument: --add-opens=java.base/java.lang=ALL-UNNAMED
11-Aug-2021 10:16:55.523 INFO [main] org.apache.catalina.startup.VersionLoggerListener.log Command line argument: --add-opens=java.base/java.io=ALL-UNNAMED
11-Aug-2021 10:16:55.523 INFO [main] org.apache.catalina.startup.VersionLoggerListener.log Command line argument: --add-opens=java.base/java.util=ALL-UNNAMED
11-Aug-2021 10:16:55.523 INFO [main] org.apache.catalina.startup.VersionLoggerListener.log Command line argument: --add-opens=java.base/java.util.concurrent=ALL-UNNAMED
11-Aug-2021 10:16:55.523 INFO [main] org.apache.catalina.startup.VersionLoggerListener.log Command line argument: --add-opens=java.rmi/sun.rmi.transport=ALL-UNNAMED
11-Aug-2021 10:16:55.524 INFO [main] org.apache.catalina.startup.VersionLoggerListener.log Command line argument: -Djava.util.logging.config.file=/home/sk/Documents/rastered.io/apache-tomcat-10.0.5/conf/logging.properties
11-Aug-2021 10:16:55.525 INFO [main] org.apache.catalina.startup.VersionLoggerListener.log Command line argument: -Djava.util.logging.manager=org.apache.juli.ClassLoaderLogManager
11-Aug-2021 10:16:55.525 INFO [main] org.apache.catalina.startup.VersionLoggerListener.log Command line argument: -Dhttp.nonProxyHosts=localhost|127.0.0.1|vmarch
11-Aug-2021 10:16:55.526 INFO [main] org.apache.catalina.startup.VersionLoggerListener.log Command line argument: -Djdk.tls.ephemeralDHKeySize=2048
11-Aug-2021 10:16:55.526 INFO [main] org.apache.catalina.startup.VersionLoggerListener.log Command line argument: -Djava.protocol.handler.pkgs=org.apache.catalina.webresources
11-Aug-2021 10:16:55.526 INFO [main] org.apache.catalina.startup.VersionLoggerListener.log Command line argument: -Dorg.apache.catalina.security.SecurityListener.UMASK=0027
11-Aug-2021 10:16:55.527 INFO [main] org.apache.catalina.startup.VersionLoggerListener.log Command line argument: -Dignore.endorsed.dirs=
11-Aug-2021 10:16:55.527 INFO [main] org.apache.catalina.startup.VersionLoggerListener.log Command line argument: -Dcatalina.base=/home/sk/Documents/rastered.io/apache-tomcat-10.0.5
11-Aug-2021 10:16:55.527 INFO [main] org.apache.catalina.startup.VersionLoggerListener.log Command line argument: -Dcatalina.home=/home/sk/Documents/rastered.io/apache-tomcat-10.0.5
11-Aug-2021 10:16:55.527 INFO [main] org.apache.catalina.startup.VersionLoggerListener.log Command line argument: -Djava.io.tmpdir=/home/sk/Documents/rastered.io/apache-tomcat-10.0.5/temp
11-Aug-2021 10:16:55.530 INFO [main] org.apache.catalina.core.AprLifecycleListener.lifecycleEvent The Apache Tomcat Native library which allows using OpenSSL was not found on the java.library.path: [/usr/java/packages/lib:/usr/lib64:/lib64:/lib:/usr/lib]
11-Aug-2021 10:16:56.192 INFO [main] org.apache.coyote.AbstractProtocol.init Initializing ProtocolHandler ["http-nio-8080"]
11-Aug-2021 10:16:56.244 INFO [main] org.apache.catalina.startup.Catalina.load Server initialization in [1171] milliseconds
11-Aug-2021 10:16:56.329 INFO [main] org.apache.catalina.core.StandardService.startInternal Starting service [Catalina]
11-Aug-2021 10:16:56.329 INFO [main] org.apache.catalina.core.StandardEngine.startInternal Starting Servlet engine: [Apache Tomcat/10.0.5]
11-Aug-2021 10:16:56.342 INFO [main] org.apache.catalina.startup.HostConfig.deployDescriptor Deploying deployment descriptor [/home/sk/Documents/rastered.io/apache-tomcat-10.0.5/conf/Catalina/localhost/ROOT.xml]
11-Aug-2021 10:16:56.369 WARNING [main] org.apache.catalina.startup.HostConfig.deployDescriptor The path attribute with value [] in deployment descriptor [/home/sk/Documents/rastered.io/apache-tomcat-10.0.5/conf/Catalina/localhost/ROOT.xml] has been ignored
11-Aug-2021 10:16:56.893 INFO [main] org.apache.catalina.startup.HostConfig.deployDescriptor Deployment of deployment descriptor [/home/sk/Documents/rastered.io/apache-tomcat-10.0.5/conf/Catalina/localhost/ROOT.xml] has finished in [549] ms
11-Aug-2021 10:16:56.894 INFO [main] org.apache.catalina.startup.HostConfig.deployDirectory Deploying web application directory [/home/sk/Documents/rastered.io/apache-tomcat-10.0.5/webapps/host-manager]
11-Aug-2021 10:16:56.967 INFO [main] org.apache.catalina.startup.HostConfig.deployDirectory Deployment of web application directory [/home/sk/Documents/rastered.io/apache-tomcat-10.0.5/webapps/host-manager] has finished in [73] ms
11-Aug-2021 10:16:56.968 INFO [main] org.apache.catalina.startup.HostConfig.deployDirectory Deploying web application directory [/home/sk/Documents/rastered.io/apache-tomcat-10.0.5/webapps/examples]
11-Aug-2021 10:16:57.442 INFO [main] org.apache.catalina.startup.HostConfig.deployDirectory Deployment of web application directory [/home/sk/Documents/rastered.io/apache-tomcat-10.0.5/webapps/examples] has finished in [474] ms
11-Aug-2021 10:16:57.442 INFO [main] org.apache.catalina.startup.HostConfig.deployDirectory Deploying web application directory [/home/sk/Documents/rastered.io/apache-tomcat-10.0.5/webapps/docs]
11-Aug-2021 10:16:57.474 INFO [main] org.apache.catalina.startup.HostConfig.deployDirectory Deployment of web application directory [/home/sk/Documents/rastered.io/apache-tomcat-10.0.5/webapps/docs] has finished in [31] ms
11-Aug-2021 10:16:57.474 INFO [main] org.apache.catalina.startup.HostConfig.deployDirectory Deploying web application directory [/home/sk/Documents/rastered.io/apache-tomcat-10.0.5/webapps/manager]
11-Aug-2021 10:16:57.528 INFO [main] org.apache.catalina.startup.HostConfig.deployDirectory Deployment of web application directory [/home/sk/Documents/rastered.io/apache-tomcat-10.0.5/webapps/manager] has finished in [54] ms
11-Aug-2021 10:16:57.534 INFO [main] org.apache.coyote.AbstractProtocol.start Starting ProtocolHandler ["http-nio-8080"]
11-Aug-2021 10:16:57.562 INFO [main] org.apache.catalina.startup.Catalina.start Server startup in [1317] milliseconds
11-Aug-2021 10:17:32.784 INFO [Thread-2] org.apache.coyote.AbstractProtocol.pause Pausing ProtocolHandler ["http-nio-8080"]
11-Aug-2021 10:17:32.792 INFO [Thread-2] org.apache.catalina.core.StandardService.stopInternal Stopping service [Catalina]
11-Aug-2021 10:17:32.855 INFO [Thread-2] org.apache.coyote.AbstractProtocol.stop Stopping ProtocolHandler ["http-nio-8080"]
11-Aug-2021 10:17:32.901 INFO [Thread-2] org.apache.coyote.AbstractProtocol.destroy Destroying ProtocolHandler ["http-nio-8080"]
11-Aug-2021 10:18:45.596 INFO [main] org.apache.catalina.startup.VersionLoggerListener.log Server version name:   Apache Tomcat/10.0.5
11-Aug-2021 10:18:45.604 INFO [main] org.apache.catalina.startup.VersionLoggerListener.log Server built:          Mar 30 2021 08:19:50 UTC
11-Aug-2021 10:18:45.604 INFO [main] org.apache.catalina.startup.VersionLoggerListener.log Server version number: 10.0.5.0
11-Aug-2021 10:18:45.605 INFO [main] org.apache.catalina.startup.VersionLoggerListener.log OS Name:               Linux
11-Aug-2021 10:18:45.605 INFO [main] org.apache.catalina.startup.VersionLoggerListener.log OS Version:            5.12.7-arch1-1
11-Aug-2021 10:18:45.605 INFO [main] org.apache.catalina.startup.VersionLoggerListener.log Architecture:          amd64
11-Aug-2021 10:18:45.606 INFO [main] org.apache.catalina.startup.VersionLoggerListener.log Java Home:             /usr/lib/jvm/java-15-openjdk
11-Aug-2021 10:18:45.606 INFO [main] org.apache.catalina.startup.VersionLoggerListener.log JVM Version:           15.0.2+7
11-Aug-2021 10:18:45.607 INFO [main] org.apache.catalina.startup.VersionLoggerListener.log JVM Vendor:            Oracle Corporation
11-Aug-2021 10:18:45.607 INFO [main] org.apache.catalina.startup.VersionLoggerListener.log CATALINA_BASE:         /home/sk/Documents/rastered.io/apache-tomcat-10.0.5
11-Aug-2021 10:18:45.607 INFO [main] org.apache.catalina.startup.VersionLoggerListener.log CATALINA_HOME:         /home/sk/Documents/rastered.io/apache-tomcat-10.0.5
11-Aug-2021 10:18:45.634 INFO [main] org.apache.catalina.startup.VersionLoggerListener.log Command line argument: --add-opens=java.base/java.lang=ALL-UNNAMED
11-Aug-2021 10:18:45.635 INFO [main] org.apache.catalina.startup.VersionLoggerListener.log Command line argument: --add-opens=java.base/java.io=ALL-UNNAMED
11-Aug-2021 10:18:45.635 INFO [main] org.apache.catalina.startup.VersionLoggerListener.log Command line argument: --add-opens=java.base/java.util=ALL-UNNAMED
11-Aug-2021 10:18:45.636 INFO [main] org.apache.catalina.startup.VersionLoggerListener.log Command line argument: --add-opens=java.base/java.util.concurrent=ALL-UNNAMED
11-Aug-2021 10:18:45.636 INFO [main] org.apache.catalina.startup.VersionLoggerListener.log Command line argument: --add-opens=java.rmi/sun.rmi.transport=ALL-UNNAMED
11-Aug-2021 10:18:45.636 INFO [main] org.apache.catalina.startup.VersionLoggerListener.log Command line argument: -Djava.util.logging.config.file=/home/sk/Documents/rastered.io/apache-tomcat-10.0.5/conf/logging.properties
11-Aug-2021 10:18:45.637 INFO [main] org.apache.catalina.startup.VersionLoggerListener.log Command line argument: -Djava.util.logging.manager=org.apache.juli.ClassLoaderLogManager
11-Aug-2021 10:18:45.637 INFO [main] org.apache.catalina.startup.VersionLoggerListener.log Command line argument: -Dhttp.nonProxyHosts=localhost|127.0.0.1|vmarch
11-Aug-2021 10:18:45.638 INFO [main] org.apache.catalina.startup.VersionLoggerListener.log Command line argument: -Djdk.tls.ephemeralDHKeySize=2048
11-Aug-2021 10:18:45.638 INFO [main] org.apache.catalina.startup.VersionLoggerListener.log Command line argument: -Djava.protocol.handler.pkgs=org.apache.catalina.webresources
11-Aug-2021 10:18:45.638 INFO [main] org.apache.catalina.startup.VersionLoggerListener.log Command line argument: -Dorg.apache.catalina.security.SecurityListener.UMASK=0027
11-Aug-2021 10:18:45.639 INFO [main] org.apache.catalina.startup.VersionLoggerListener.log Command line argument: -Dignore.endorsed.dirs=
11-Aug-2021 10:18:45.639 INFO [main] org.apache.catalina.startup.VersionLoggerListener.log Command line argument: -Dcatalina.base=/home/sk/Documents/rastered.io/apache-tomcat-10.0.5
11-Aug-2021 10:18:45.639 INFO [main] org.apache.catalina.startup.VersionLoggerListener.log Command line argument: -Dcatalina.home=/home/sk/Documents/rastered.io/apache-tomcat-10.0.5
11-Aug-2021 10:18:45.639 INFO [main] org.apache.catalina.startup.VersionLoggerListener.log Command line argument: -Djava.io.tmpdir=/home/sk/Documents/rastered.io/apache-tomcat-10.0.5/temp
11-Aug-2021 10:18:45.642 INFO [main] org.apache.catalina.core.AprLifecycleListener.lifecycleEvent The Apache Tomcat Native library which allows using OpenSSL was not found on the java.library.path: [/usr/java/packages/lib:/usr/lib64:/lib64:/lib:/usr/lib]
11-Aug-2021 10:18:46.308 INFO [main] org.apache.coyote.AbstractProtocol.init Initializing ProtocolHandler ["http-nio-8080"]
11-Aug-2021 10:18:46.368 INFO [main] org.apache.catalina.startup.Catalina.load Server initialization in [1170] milliseconds
11-Aug-2021 10:18:46.463 INFO [main] org.apache.catalina.core.StandardService.startInternal Starting service [Catalina]
11-Aug-2021 10:18:46.463 INFO [main] org.apache.catalina.core.StandardEngine.startInternal Starting Servlet engine: [Apache Tomcat/10.0.5]
11-Aug-2021 10:18:46.476 INFO [main] org.apache.catalina.startup.HostConfig.deployDescriptor Deploying deployment descriptor [/home/sk/Documents/rastered.io/apache-tomcat-10.0.5/conf/Catalina/localhost/ROOT.xml]
11-Aug-2021 10:18:46.502 WARNING [main] org.apache.catalina.startup.HostConfig.deployDescriptor The path attribute with value [] in deployment descriptor [/home/sk/Documents/rastered.io/apache-tomcat-10.0.5/conf/Catalina/localhost/ROOT.xml] has been ignored
11-Aug-2021 10:18:47.532 WARNING [main] org.apache.catalina.util.SessionIdGeneratorBase.createSecureRandom Creation of SecureRandom instance for session ID generation using [SHA1PRNG] took [165] milliseconds.
11-Aug-2021 10:18:47.669 INFO [main] org.apache.catalina.startup.HostConfig.deployDescriptor Deployment of deployment descriptor [/home/sk/Documents/rastered.io/apache-tomcat-10.0.5/conf/Catalina/localhost/ROOT.xml] has finished in [1,193] ms
11-Aug-2021 10:18:47.671 INFO [main] org.apache.catalina.startup.HostConfig.deployDirectory Deploying web application directory [/home/sk/Documents/rastered.io/apache-tomcat-10.0.5/webapps/host-manager]
11-Aug-2021 10:18:47.778 INFO [main] org.apache.catalina.startup.HostConfig.deployDirectory Deployment of web application directory [/home/sk/Documents/rastered.io/apache-tomcat-10.0.5/webapps/host-manager] has finished in [106] ms
11-Aug-2021 10:18:47.778 INFO [main] org.apache.catalina.startup.HostConfig.deployDirectory Deploying web application directory [/home/sk/Documents/rastered.io/apache-tomcat-10.0.5/webapps/examples]
11-Aug-2021 10:18:48.353 INFO [main] org.apache.catalina.startup.HostConfig.deployDirectory Deployment of web application directory [/home/sk/Documents/rastered.io/apache-tomcat-10.0.5/webapps/examples] has finished in [574] ms
11-Aug-2021 10:18:48.354 INFO [main] org.apache.catalina.startup.HostConfig.deployDirectory Deploying web application directory [/home/sk/Documents/rastered.io/apache-tomcat-10.0.5/webapps/docs]
11-Aug-2021 10:18:48.399 INFO [main] org.apache.catalina.startup.HostConfig.deployDirectory Deployment of web application directory [/home/sk/Documents/rastered.io/apache-tomcat-10.0.5/webapps/docs] has finished in [45] ms
11-Aug-2021 10:18:48.400 INFO [main] org.apache.catalina.startup.HostConfig.deployDirectory Deploying web application directory [/home/sk/Documents/rastered.io/apache-tomcat-10.0.5/webapps/manager]
11-Aug-2021 10:18:48.442 INFO [main] org.apache.catalina.startup.HostConfig.deployDirectory Deployment of web application directory [/home/sk/Documents/rastered.io/apache-tomcat-10.0.5/webapps/manager] has finished in [42] ms
11-Aug-2021 10:18:48.448 INFO [main] org.apache.coyote.AbstractProtocol.start Starting ProtocolHandler ["http-nio-8080"]
11-Aug-2021 10:18:48.485 INFO [main] org.apache.catalina.startup.Catalina.start Server startup in [2113] milliseconds
11-Aug-2021 10:33:51.060 INFO [main] org.apache.catalina.core.StandardServer.await A valid shutdown command was received via the shutdown port. Stopping the Server instance.
11-Aug-2021 10:33:51.061 INFO [main] org.apache.coyote.AbstractProtocol.pause Pausing ProtocolHandler ["http-nio-8080"]
11-Aug-2021 10:33:51.062 INFO [main] org.apache.catalina.core.StandardService.stopInternal Stopping service [Catalina]
11-Aug-2021 10:33:51.127 INFO [main] org.apache.coyote.AbstractProtocol.stop Stopping ProtocolHandler ["http-nio-8080"]
11-Aug-2021 10:33:51.170 INFO [main] org.apache.coyote.AbstractProtocol.destroy Destroying ProtocolHandler ["http-nio-8080"]
11-Aug-2021 11:19:16.080 INFO [main] org.apache.catalina.startup.VersionLoggerListener.log Server version name:   Apache Tomcat/10.0.5
11-Aug-2021 11:19:16.088 INFO [main] org.apache.catalina.startup.VersionLoggerListener.log Server built:          Mar 30 2021 08:19:50 UTC
11-Aug-2021 11:19:16.088 INFO [main] org.apache.catalina.startup.VersionLoggerListener.log Server version number: 10.0.5.0
11-Aug-2021 11:19:16.089 INFO [main] org.apache.catalina.startup.VersionLoggerListener.log OS Name:               Linux
11-Aug-2021 11:19:16.090 INFO [main] org.apache.catalina.startup.VersionLoggerListener.log OS Version:            5.12.7-arch1-1
11-Aug-2021 11:19:16.090 INFO [main] org.apache.catalina.startup.VersionLoggerListener.log Architecture:          amd64
11-Aug-2021 11:19:16.090 INFO [main] org.apache.catalina.startup.VersionLoggerListener.log Java Home:             /usr/lib/jvm/java-15-openjdk
11-Aug-2021 11:19:16.091 INFO [main] org.apache.catalina.startup.VersionLoggerListener.log JVM Version:           15.0.2+7
11-Aug-2021 11:19:16.091 INFO [main] org.apache.catalina.startup.VersionLoggerListener.log JVM Vendor:            Oracle Corporation
11-Aug-2021 11:19:16.092 INFO [main] org.apache.catalina.startup.VersionLoggerListener.log CATALINA_BASE:         /home/sk/Documents/rastered.io/apache-tomcat-10.0.5
11-Aug-2021 11:19:16.092 INFO [main] org.apache.catalina.startup.VersionLoggerListener.log CATALINA_HOME:         /home/sk/Documents/rastered.io/apache-tomcat-10.0.5
11-Aug-2021 11:19:16.121 INFO [main] org.apache.catalina.startup.VersionLoggerListener.log Command line argument: --add-opens=java.base/java.lang=ALL-UNNAMED
11-Aug-2021 11:19:16.122 INFO [main] org.apache.catalina.startup.VersionLoggerListener.log Command line argument: --add-opens=java.base/java.io=ALL-UNNAMED
11-Aug-2021 11:19:16.122 INFO [main] org.apache.catalina.startup.VersionLoggerListener.log Command line argument: --add-opens=java.base/java.util=ALL-UNNAMED
11-Aug-2021 11:19:16.122 INFO [main] org.apache.catalina.startup.VersionLoggerListener.log Command line argument: --add-opens=java.base/java.util.concurrent=ALL-UNNAMED
11-Aug-2021 11:19:16.123 INFO [main] org.apache.catalina.startup.VersionLoggerListener.log Command line argument: --add-opens=java.rmi/sun.rmi.transport=ALL-UNNAMED
11-Aug-2021 11:19:16.123 INFO [main] org.apache.catalina.startup.VersionLoggerListener.log Command line argument: -Djava.util.logging.config.file=/home/sk/Documents/rastered.io/apache-tomcat-10.0.5/conf/logging.properties
11-Aug-2021 11:19:16.123 INFO [main] org.apache.catalina.startup.VersionLoggerListener.log Command line argument: -Djava.util.logging.manager=org.apache.juli.ClassLoaderLogManager
11-Aug-2021 11:19:16.124 INFO [main] org.apache.catalina.startup.VersionLoggerListener.log Command line argument: -Dhttp.nonProxyHosts=localhost|127.0.0.1|vmarch
11-Aug-2021 11:19:16.124 INFO [main] org.apache.catalina.startup.VersionLoggerListener.log Command line argument: -Djdk.tls.ephemeralDHKeySize=2048
11-Aug-2021 11:19:16.124 INFO [main] org.apache.catalina.startup.VersionLoggerListener.log Command line argument: -Djava.protocol.handler.pkgs=org.apache.catalina.webresources
11-Aug-2021 11:19:16.125 INFO [main] org.apache.catalina.startup.VersionLoggerListener.log Command line argument: -Dorg.apache.catalina.security.SecurityListener.UMASK=0027
11-Aug-2021 11:19:16.125 INFO [main] org.apache.catalina.startup.VersionLoggerListener.log Command line argument: -Dignore.endorsed.dirs=
11-Aug-2021 11:19:16.125 INFO [main] org.apache.catalina.startup.VersionLoggerListener.log Command line argument: -Dcatalina.base=/home/sk/Documents/rastered.io/apache-tomcat-10.0.5
11-Aug-2021 11:19:16.125 INFO [main] org.apache.catalina.startup.VersionLoggerListener.log Command line argument: -Dcatalina.home=/home/sk/Documents/rastered.io/apache-tomcat-10.0.5
11-Aug-2021 11:19:16.126 INFO [main] org.apache.catalina.startup.VersionLoggerListener.log Command line argument: -Djava.io.tmpdir=/home/sk/Documents/rastered.io/apache-tomcat-10.0.5/temp
11-Aug-2021 11:19:16.129 INFO [main] org.apache.catalina.core.AprLifecycleListener.lifecycleEvent The Apache Tomcat Native library which allows using OpenSSL was not found on the java.library.path: [/usr/java/packages/lib:/usr/lib64:/lib64:/lib:/usr/lib]
11-Aug-2021 11:19:16.886 INFO [main] org.apache.coyote.AbstractProtocol.init Initializing ProtocolHandler ["http-nio-8080"]
11-Aug-2021 11:19:16.940 INFO [main] org.apache.catalina.startup.Catalina.load Server initialization in [1240] milliseconds
11-Aug-2021 11:19:17.030 INFO [main] org.apache.catalina.core.StandardService.startInternal Starting service [Catalina]
11-Aug-2021 11:19:17.031 INFO [main] org.apache.catalina.core.StandardEngine.startInternal Starting Servlet engine: [Apache Tomcat/10.0.5]
11-Aug-2021 11:19:17.044 INFO [main] org.apache.catalina.startup.HostConfig.deployDescriptor Deploying deployment descriptor [/home/sk/Documents/rastered.io/apache-tomcat-10.0.5/conf/Catalina/localhost/ROOT.xml]
11-Aug-2021 11:19:17.080 WARNING [main] org.apache.catalina.startup.HostConfig.deployDescriptor The path attribute with value [] in deployment descriptor [/home/sk/Documents/rastered.io/apache-tomcat-10.0.5/conf/Catalina/localhost/ROOT.xml] has been ignored
11-Aug-2021 11:19:17.707 INFO [main] org.apache.catalina.startup.HostConfig.deployDescriptor Deployment of deployment descriptor [/home/sk/Documents/rastered.io/apache-tomcat-10.0.5/conf/Catalina/localhost/ROOT.xml] has finished in [662] ms
11-Aug-2021 11:19:17.709 INFO [main] org.apache.catalina.startup.HostConfig.deployDirectory Deploying web application directory [/home/sk/Documents/rastered.io/apache-tomcat-10.0.5/webapps/host-manager]
11-Aug-2021 11:19:17.783 INFO [main] org.apache.catalina.startup.HostConfig.deployDirectory Deployment of web application directory [/home/sk/Documents/rastered.io/apache-tomcat-10.0.5/webapps/host-manager] has finished in [75] ms
11-Aug-2021 11:19:17.784 INFO [main] org.apache.catalina.startup.HostConfig.deployDirectory Deploying web application directory [/home/sk/Documents/rastered.io/apache-tomcat-10.0.5/webapps/examples]
11-Aug-2021 11:19:18.286 INFO [main] org.apache.catalina.startup.HostConfig.deployDirectory Deployment of web application directory [/home/sk/Documents/rastered.io/apache-tomcat-10.0.5/webapps/examples] has finished in [502] ms
11-Aug-2021 11:19:18.287 INFO [main] org.apache.catalina.startup.HostConfig.deployDirectory Deploying web application directory [/home/sk/Documents/rastered.io/apache-tomcat-10.0.5/webapps/docs]
11-Aug-2021 11:19:18.331 INFO [main] org.apache.catalina.startup.HostConfig.deployDirectory Deployment of web application directory [/home/sk/Documents/rastered.io/apache-tomcat-10.0.5/webapps/docs] has finished in [44] ms
11-Aug-2021 11:19:18.332 INFO [main] org.apache.catalina.startup.HostConfig.deployDirectory Deploying web application directory [/home/sk/Documents/rastered.io/apache-tomcat-10.0.5/webapps/manager]
11-Aug-2021 11:19:18.382 INFO [main] org.apache.catalina.startup.HostConfig.deployDirectory Deployment of web application directory [/home/sk/Documents/rastered.io/apache-tomcat-10.0.5/webapps/manager] has finished in [50] ms
11-Aug-2021 11:19:18.388 INFO [main] org.apache.coyote.AbstractProtocol.start Starting ProtocolHandler ["http-nio-8080"]
11-Aug-2021 11:19:18.414 INFO [main] org.apache.catalina.startup.Catalina.start Server startup in [1473] milliseconds
11-Aug-2021 11:22:33.638 INFO [main] org.apache.catalina.core.StandardServer.await A valid shutdown command was received via the shutdown port. Stopping the Server instance.
11-Aug-2021 11:22:33.639 INFO [main] org.apache.coyote.AbstractProtocol.pause Pausing ProtocolHandler ["http-nio-8080"]
11-Aug-2021 11:22:33.646 INFO [main] org.apache.catalina.core.StandardService.stopInternal Stopping service [Catalina]
11-Aug-2021 11:22:33.700 INFO [main] org.apache.coyote.AbstractProtocol.stop Stopping ProtocolHandler ["http-nio-8080"]
11-Aug-2021 11:22:33.745 INFO [main] org.apache.coyote.AbstractProtocol.destroy Destroying ProtocolHandler ["http-nio-8080"]
11-Aug-2021 11:23:39.724 INFO [main] org.apache.catalina.startup.VersionLoggerListener.log Server version name:   Apache Tomcat/10.0.5
11-Aug-2021 11:23:39.732 INFO [main] org.apache.catalina.startup.VersionLoggerListener.log Server built:          Mar 30 2021 08:19:50 UTC
11-Aug-2021 11:23:39.733 INFO [main] org.apache.catalina.startup.VersionLoggerListener.log Server version number: 10.0.5.0
11-Aug-2021 11:23:39.733 INFO [main] org.apache.catalina.startup.VersionLoggerListener.log OS Name:               Linux
11-Aug-2021 11:23:39.734 INFO [main] org.apache.catalina.startup.VersionLoggerListener.log OS Version:            5.12.7-arch1-1
11-Aug-2021 11:23:39.734 INFO [main] org.apache.catalina.startup.VersionLoggerListener.log Architecture:          amd64
11-Aug-2021 11:23:39.734 INFO [main] org.apache.catalina.startup.VersionLoggerListener.log Java Home:             /usr/lib/jvm/java-15-openjdk
11-Aug-2021 11:23:39.735 INFO [main] org.apache.catalina.startup.VersionLoggerListener.log JVM Version:           15.0.2+7
11-Aug-2021 11:23:39.735 INFO [main] org.apache.catalina.startup.VersionLoggerListener.log JVM Vendor:            Oracle Corporation
11-Aug-2021 11:23:39.735 INFO [main] org.apache.catalina.startup.VersionLoggerListener.log CATALINA_BASE:         /home/sk/Documents/rastered.io/apache-tomcat-10.0.5
11-Aug-2021 11:23:39.736 INFO [main] org.apache.catalina.startup.VersionLoggerListener.log CATALINA_HOME:         /home/sk/Documents/rastered.io/apache-tomcat-10.0.5
11-Aug-2021 11:23:39.763 INFO [main] org.apache.catalina.startup.VersionLoggerListener.log Command line argument: --add-opens=java.base/java.lang=ALL-UNNAMED
11-Aug-2021 11:23:39.763 INFO [main] org.apache.catalina.startup.VersionLoggerListener.log Command line argument: --add-opens=java.base/java.io=ALL-UNNAMED
11-Aug-2021 11:23:39.763 INFO [main] org.apache.catalina.startup.VersionLoggerListener.log Command line argument: --add-opens=java.base/java.util=ALL-UNNAMED
11-Aug-2021 11:23:39.764 INFO [main] org.apache.catalina.startup.VersionLoggerListener.log Command line argument: --add-opens=java.base/java.util.concurrent=ALL-UNNAMED
11-Aug-2021 11:23:39.764 INFO [main] org.apache.catalina.startup.VersionLoggerListener.log Command line argument: --add-opens=java.rmi/sun.rmi.transport=ALL-UNNAMED
11-Aug-2021 11:23:39.764 INFO [main] org.apache.catalina.startup.VersionLoggerListener.log Command line argument: -Djava.util.logging.config.file=/home/sk/Documents/rastered.io/apache-tomcat-10.0.5/conf/logging.properties
11-Aug-2021 11:23:39.764 INFO [main] org.apache.catalina.startup.VersionLoggerListener.log Command line argument: -Djava.util.logging.manager=org.apache.juli.ClassLoaderLogManager
11-Aug-2021 11:23:39.765 INFO [main] org.apache.catalina.startup.VersionLoggerListener.log Command line argument: -Dhttp.nonProxyHosts=localhost|127.0.0.1|vmarch
11-Aug-2021 11:23:39.765 INFO [main] org.apache.catalina.startup.VersionLoggerListener.log Command line argument: -Djdk.tls.ephemeralDHKeySize=2048
11-Aug-2021 11:23:39.765 INFO [main] org.apache.catalina.startup.VersionLoggerListener.log Command line argument: -Djava.protocol.handler.pkgs=org.apache.catalina.webresources
11-Aug-2021 11:23:39.766 INFO [main] org.apache.catalina.startup.VersionLoggerListener.log Command line argument: -Dorg.apache.catalina.security.SecurityListener.UMASK=0027
11-Aug-2021 11:23:39.767 INFO [main] org.apache.catalina.startup.VersionLoggerListener.log Command line argument: -Dignore.endorsed.dirs=
11-Aug-2021 11:23:39.767 INFO [main] org.apache.catalina.startup.VersionLoggerListener.log Command line argument: -Dcatalina.base=/home/sk/Documents/rastered.io/apache-tomcat-10.0.5
11-Aug-2021 11:23:39.767 INFO [main] org.apache.catalina.startup.VersionLoggerListener.log Command line argument: -Dcatalina.home=/home/sk/Documents/rastered.io/apache-tomcat-10.0.5
11-Aug-2021 11:23:39.768 INFO [main] org.apache.catalina.startup.VersionLoggerListener.log Command line argument: -Djava.io.tmpdir=/home/sk/Documents/rastered.io/apache-tomcat-10.0.5/temp
11-Aug-2021 11:23:39.771 INFO [main] org.apache.catalina.core.AprLifecycleListener.lifecycleEvent The Apache Tomcat Native library which allows using OpenSSL was not found on the java.library.path: [/usr/java/packages/lib:/usr/lib64:/lib64:/lib:/usr/lib]
11-Aug-2021 11:23:40.738 INFO [main] org.apache.coyote.AbstractProtocol.init Initializing ProtocolHandler ["http-nio-8080"]
11-Aug-2021 11:23:40.794 INFO [main] org.apache.catalina.startup.Catalina.load Server initialization in [1450] milliseconds
11-Aug-2021 11:23:40.880 INFO [main] org.apache.catalina.core.StandardService.startInternal Starting service [Catalina]
11-Aug-2021 11:23:40.881 INFO [main] org.apache.catalina.core.StandardEngine.startInternal Starting Servlet engine: [Apache Tomcat/10.0.5]
11-Aug-2021 11:23:40.904 INFO [main] org.apache.catalina.startup.HostConfig.deployDescriptor Deploying deployment descriptor [/home/sk/Documents/rastered.io/apache-tomcat-10.0.5/conf/Catalina/localhost/ROOT.xml]
11-Aug-2021 11:23:40.936 WARNING [main] org.apache.catalina.startup.HostConfig.deployDescriptor The path attribute with value [] in deployment descriptor [/home/sk/Documents/rastered.io/apache-tomcat-10.0.5/conf/Catalina/localhost/ROOT.xml] has been ignored
11-Aug-2021 11:23:41.525 INFO [main] org.apache.catalina.startup.HostConfig.deployDescriptor Deployment of deployment descriptor [/home/sk/Documents/rastered.io/apache-tomcat-10.0.5/conf/Catalina/localhost/ROOT.xml] has finished in [618] ms
11-Aug-2021 11:23:41.527 INFO [main] org.apache.catalina.startup.HostConfig.deployDirectory Deploying web application directory [/home/sk/Documents/rastered.io/apache-tomcat-10.0.5/webapps/host-manager]
11-Aug-2021 11:23:41.608 INFO [main] org.apache.catalina.startup.HostConfig.deployDirectory Deployment of web application directory [/home/sk/Documents/rastered.io/apache-tomcat-10.0.5/webapps/host-manager] has finished in [80] ms
11-Aug-2021 11:23:41.608 INFO [main] org.apache.catalina.startup.HostConfig.deployDirectory Deploying web application directory [/home/sk/Documents/rastered.io/apache-tomcat-10.0.5/webapps/examples]
11-Aug-2021 11:23:42.104 INFO [main] org.apache.catalina.startup.HostConfig.deployDirectory Deployment of web application directory [/home/sk/Documents/rastered.io/apache-tomcat-10.0.5/webapps/examples] has finished in [496] ms
11-Aug-2021 11:23:42.105 INFO [main] org.apache.catalina.startup.HostConfig.deployDirectory Deploying web application directory [/home/sk/Documents/rastered.io/apache-tomcat-10.0.5/webapps/docs]
11-Aug-2021 11:23:42.138 INFO [main] org.apache.catalina.startup.HostConfig.deployDirectory Deployment of web application directory [/home/sk/Documents/rastered.io/apache-tomcat-10.0.5/webapps/docs] has finished in [33] ms
11-Aug-2021 11:23:42.139 INFO [main] org.apache.catalina.startup.HostConfig.deployDirectory Deploying web application directory [/home/sk/Documents/rastered.io/apache-tomcat-10.0.5/webapps/manager]
11-Aug-2021 11:23:42.195 INFO [main] org.apache.catalina.startup.HostConfig.deployDirectory Deployment of web application directory [/home/sk/Documents/rastered.io/apache-tomcat-10.0.5/webapps/manager] has finished in [55] ms
11-Aug-2021 11:23:42.201 INFO [main] org.apache.coyote.AbstractProtocol.start Starting ProtocolHandler ["http-nio-8080"]
11-Aug-2021 11:23:42.240 INFO [main] org.apache.catalina.startup.Catalina.start Server startup in [1444] milliseconds
11-Aug-2021 11:35:46.564 INFO [main] org.apache.catalina.core.StandardServer.await A valid shutdown command was received via the shutdown port. Stopping the Server instance.
11-Aug-2021 11:35:46.565 INFO [main] org.apache.coyote.AbstractProtocol.pause Pausing ProtocolHandler ["http-nio-8080"]
11-Aug-2021 11:35:46.567 INFO [main] org.apache.catalina.core.StandardService.stopInternal Stopping service [Catalina]
11-Aug-2021 11:35:46.626 INFO [main] org.apache.coyote.AbstractProtocol.stop Stopping ProtocolHandler ["http-nio-8080"]
11-Aug-2021 11:35:46.672 INFO [main] org.apache.coyote.AbstractProtocol.destroy Destroying ProtocolHandler ["http-nio-8080"]
