20-Sep-2021 07:11:00.858 INFO [main] org.apache.catalina.core.ApplicationContext.log SessionListener: contextDestroyed()
20-Sep-2021 07:11:00.858 INFO [main] org.apache.catalina.core.ApplicationContext.log ContextListener: contextDestroyed()
20-Sep-2021 07:11:07.794 INFO [main] org.apache.catalina.core.ApplicationContext.log ContextListener: contextInitialized()
20-Sep-2021 07:11:07.795 INFO [main] org.apache.catalina.core.ApplicationContext.log SessionListener: contextInitialized()
20-Sep-2021 07:11:07.797 INFO [main] org.apache.catalina.core.ApplicationContext.log ContextListener: attributeAdded('StockTicker', 'async.Stockticker@7cd1ac19')
20-Sep-2021 07:12:48.480 INFO [main] org.apache.catalina.core.ApplicationContext.log SessionListener: contextDestroyed()
20-Sep-2021 07:12:48.481 INFO [main] org.apache.catalina.core.ApplicationContext.log ContextListener: contextDestroyed()
20-Sep-2021 07:12:54.308 INFO [main] org.apache.catalina.core.ApplicationContext.log ContextListener: contextInitialized()
20-Sep-2021 07:12:54.332 INFO [main] org.apache.catalina.core.ApplicationContext.log SessionListener: contextInitialized()
20-Sep-2021 07:12:54.334 INFO [main] org.apache.catalina.core.ApplicationContext.log ContextListener: attributeAdded('StockTicker', 'async.Stockticker@547e29a4')
20-Sep-2021 07:19:46.295 INFO [main] org.apache.catalina.core.ApplicationContext.log SessionListener: contextDestroyed()
20-Sep-2021 07:19:46.296 INFO [main] org.apache.catalina.core.ApplicationContext.log ContextListener: contextDestroyed()
20-Sep-2021 07:20:47.533 INFO [main] org.apache.catalina.core.ApplicationContext.log ContextListener: contextInitialized()
20-Sep-2021 07:20:47.533 INFO [main] org.apache.catalina.core.ApplicationContext.log SessionListener: contextInitialized()
20-Sep-2021 07:20:47.536 INFO [main] org.apache.catalina.core.ApplicationContext.log ContextListener: attributeAdded('StockTicker', 'async.Stockticker@3a80515c')
20-Sep-2021 07:21:21.778 INFO [main] org.apache.catalina.core.ApplicationContext.log SessionListener: contextDestroyed()
20-Sep-2021 07:21:21.779 INFO [main] org.apache.catalina.core.ApplicationContext.log ContextListener: contextDestroyed()
20-Sep-2021 07:21:27.311 INFO [main] org.apache.catalina.core.ApplicationContext.log ContextListener: contextInitialized()
20-Sep-2021 07:21:27.311 INFO [main] org.apache.catalina.core.ApplicationContext.log SessionListener: contextInitialized()
20-Sep-2021 07:21:27.313 INFO [main] org.apache.catalina.core.ApplicationContext.log ContextListener: attributeAdded('StockTicker', 'async.Stockticker@547e29a4')
20-Sep-2021 07:23:15.973 INFO [main] org.apache.catalina.core.ApplicationContext.log SessionListener: contextDestroyed()
20-Sep-2021 07:23:15.973 INFO [main] org.apache.catalina.core.ApplicationContext.log ContextListener: contextDestroyed()
20-Sep-2021 07:28:09.242 INFO [main] org.apache.catalina.core.ApplicationContext.log ContextListener: contextInitialized()
20-Sep-2021 07:28:09.243 INFO [main] org.apache.catalina.core.ApplicationContext.log SessionListener: contextInitialized()
20-Sep-2021 07:28:09.245 INFO [main] org.apache.catalina.core.ApplicationContext.log ContextListener: attributeAdded('StockTicker', 'async.Stockticker@160c3ec1')
20-Sep-2021 07:28:31.457 INFO [main] org.apache.catalina.core.ApplicationContext.log SessionListener: contextDestroyed()
20-Sep-2021 07:28:31.457 INFO [main] org.apache.catalina.core.ApplicationContext.log ContextListener: contextDestroyed()
20-Sep-2021 07:28:37.198 INFO [main] org.apache.catalina.core.ApplicationContext.log ContextListener: contextInitialized()
20-Sep-2021 07:28:37.201 INFO [main] org.apache.catalina.core.ApplicationContext.log SessionListener: contextInitialized()
20-Sep-2021 07:28:37.203 INFO [main] org.apache.catalina.core.ApplicationContext.log ContextListener: attributeAdded('StockTicker', 'async.Stockticker@4593ff34')
20-Sep-2021 07:31:05.988 INFO [main] org.apache.catalina.core.ApplicationContext.log SessionListener: contextDestroyed()
20-Sep-2021 07:31:05.988 INFO [main] org.apache.catalina.core.ApplicationContext.log ContextListener: contextDestroyed()
20-Sep-2021 07:31:11.388 INFO [main] org.apache.catalina.core.ApplicationContext.log ContextListener: contextInitialized()
20-Sep-2021 07:31:11.389 INFO [main] org.apache.catalina.core.ApplicationContext.log SessionListener: contextInitialized()
20-Sep-2021 07:31:11.392 INFO [main] org.apache.catalina.core.ApplicationContext.log ContextListener: attributeAdded('StockTicker', 'async.Stockticker@5851bd4f')
20-Sep-2021 07:36:09.074 INFO [main] org.apache.catalina.core.ApplicationContext.log SessionListener: contextDestroyed()
20-Sep-2021 07:36:09.076 INFO [main] org.apache.catalina.core.ApplicationContext.log ContextListener: contextDestroyed()
20-Sep-2021 07:36:19.255 INFO [main] org.apache.catalina.core.ApplicationContext.log ContextListener: contextInitialized()
20-Sep-2021 07:36:19.255 INFO [main] org.apache.catalina.core.ApplicationContext.log SessionListener: contextInitialized()
20-Sep-2021 07:36:19.257 INFO [main] org.apache.catalina.core.ApplicationContext.log ContextListener: attributeAdded('StockTicker', 'async.Stockticker@547e29a4')
20-Sep-2021 07:36:37.999 INFO [main] org.apache.catalina.core.ApplicationContext.log SessionListener: contextDestroyed()
20-Sep-2021 07:36:38.000 INFO [main] org.apache.catalina.core.ApplicationContext.log ContextListener: contextDestroyed()
20-Sep-2021 07:36:43.880 INFO [main] org.apache.catalina.core.ApplicationContext.log ContextListener: contextInitialized()
20-Sep-2021 07:36:43.882 INFO [main] org.apache.catalina.core.ApplicationContext.log SessionListener: contextInitialized()
20-Sep-2021 07:36:43.886 INFO [main] org.apache.catalina.core.ApplicationContext.log ContextListener: attributeAdded('StockTicker', 'async.Stockticker@547e29a4')
20-Sep-2021 10:16:12.656 INFO [main] org.apache.catalina.core.ApplicationContext.log SessionListener: contextDestroyed()
20-Sep-2021 10:16:12.656 INFO [main] org.apache.catalina.core.ApplicationContext.log ContextListener: contextDestroyed()
20-Sep-2021 10:16:17.827 INFO [main] org.apache.catalina.core.ApplicationContext.log ContextListener: contextInitialized()
20-Sep-2021 10:16:17.827 INFO [main] org.apache.catalina.core.ApplicationContext.log SessionListener: contextInitialized()
20-Sep-2021 10:16:17.829 INFO [main] org.apache.catalina.core.ApplicationContext.log ContextListener: attributeAdded('StockTicker', 'async.Stockticker@69c43e48')
20-Sep-2021 10:17:09.099 INFO [main] org.apache.catalina.core.ApplicationContext.log SessionListener: contextDestroyed()
20-Sep-2021 10:17:09.099 INFO [main] org.apache.catalina.core.ApplicationContext.log ContextListener: contextDestroyed()
20-Sep-2021 10:32:22.974 INFO [main] org.apache.catalina.core.ApplicationContext.log ContextListener: contextInitialized()
20-Sep-2021 10:32:22.974 INFO [main] org.apache.catalina.core.ApplicationContext.log SessionListener: contextInitialized()
20-Sep-2021 10:32:23.002 INFO [main] org.apache.catalina.core.ApplicationContext.log ContextListener: attributeAdded('StockTicker', 'async.Stockticker@547e29a4')
20-Sep-2021 13:41:42.317 INFO [main] org.apache.catalina.core.ApplicationContext.log ContextListener: contextInitialized()
20-Sep-2021 13:41:42.318 INFO [main] org.apache.catalina.core.ApplicationContext.log SessionListener: contextInitialized()
20-Sep-2021 13:41:42.321 INFO [main] org.apache.catalina.core.ApplicationContext.log ContextListener: attributeAdded('StockTicker', 'async.Stockticker@54e7391d')
20-Sep-2021 13:43:43.284 INFO [main] org.apache.catalina.core.ApplicationContext.log SessionListener: contextDestroyed()
20-Sep-2021 13:43:43.285 INFO [main] org.apache.catalina.core.ApplicationContext.log ContextListener: contextDestroyed()
20-Sep-2021 13:43:48.634 INFO [main] org.apache.catalina.core.ApplicationContext.log ContextListener: contextInitialized()
20-Sep-2021 13:43:48.636 INFO [main] org.apache.catalina.core.ApplicationContext.log SessionListener: contextInitialized()
20-Sep-2021 13:43:48.638 INFO [main] org.apache.catalina.core.ApplicationContext.log ContextListener: attributeAdded('StockTicker', 'async.Stockticker@547e29a4')
20-Sep-2021 13:46:19.906 INFO [main] org.apache.catalina.core.ApplicationContext.log SessionListener: contextDestroyed()
20-Sep-2021 13:46:19.906 INFO [main] org.apache.catalina.core.ApplicationContext.log ContextListener: contextDestroyed()
20-Sep-2021 13:46:25.589 INFO [main] org.apache.catalina.core.ApplicationContext.log ContextListener: contextInitialized()
20-Sep-2021 13:46:25.589 INFO [main] org.apache.catalina.core.ApplicationContext.log SessionListener: contextInitialized()
20-Sep-2021 13:46:25.591 INFO [main] org.apache.catalina.core.ApplicationContext.log ContextListener: attributeAdded('StockTicker', 'async.Stockticker@3a80515c')
20-Sep-2021 13:53:35.689 INFO [main] org.apache.catalina.core.ApplicationContext.log SessionListener: contextDestroyed()
20-Sep-2021 13:53:35.690 INFO [main] org.apache.catalina.core.ApplicationContext.log ContextListener: contextDestroyed()
20-Sep-2021 20:14:52.438 INFO [main] org.apache.catalina.core.ApplicationContext.log ContextListener: contextInitialized()
20-Sep-2021 20:14:52.439 INFO [main] org.apache.catalina.core.ApplicationContext.log SessionListener: contextInitialized()
20-Sep-2021 20:14:52.442 INFO [main] org.apache.catalina.core.ApplicationContext.log ContextListener: attributeAdded('StockTicker', 'async.Stockticker@547e29a4')
