10-Dec-2021 07:33:09.963 INFO [main] org.apache.catalina.core.ApplicationContext.log ContextListener: contextInitialized()
10-Dec-2021 07:33:09.963 INFO [main] org.apache.catalina.core.ApplicationContext.log SessionListener: contextInitialized()
10-Dec-2021 07:33:09.977 INFO [main] org.apache.catalina.core.ApplicationContext.log ContextListener: attributeAdded('StockTicker', 'async.Stockticker@704b2127')
10-Dec-2021 07:34:11.141 INFO [main] org.apache.catalina.core.ApplicationContext.log SessionListener: contextDestroyed()
10-Dec-2021 07:34:11.141 INFO [main] org.apache.catalina.core.ApplicationContext.log ContextListener: contextDestroyed()
10-Dec-2021 07:54:51.740 INFO [main] org.apache.catalina.core.ApplicationContext.log ContextListener: contextInitialized()
10-Dec-2021 07:54:51.740 INFO [main] org.apache.catalina.core.ApplicationContext.log SessionListener: contextInitialized()
10-Dec-2021 07:54:51.742 INFO [main] org.apache.catalina.core.ApplicationContext.log ContextListener: attributeAdded('StockTicker', 'async.Stockticker@2bffa76d')
10-Dec-2021 07:55:47.479 INFO [main] org.apache.catalina.core.ApplicationContext.log SessionListener: contextDestroyed()
10-Dec-2021 07:55:47.479 INFO [main] org.apache.catalina.core.ApplicationContext.log ContextListener: contextDestroyed()
10-Dec-2021 07:55:57.753 INFO [main] org.apache.catalina.core.ApplicationContext.log ContextListener: contextInitialized()
10-Dec-2021 07:55:57.754 INFO [main] org.apache.catalina.core.ApplicationContext.log SessionListener: contextInitialized()
10-Dec-2021 07:55:57.756 INFO [main] org.apache.catalina.core.ApplicationContext.log ContextListener: attributeAdded('StockTicker', 'async.Stockticker@1827a871')
10-Dec-2021 07:57:45.918 INFO [main] org.apache.catalina.core.ApplicationContext.log SessionListener: contextDestroyed()
10-Dec-2021 07:57:45.919 INFO [main] org.apache.catalina.core.ApplicationContext.log ContextListener: contextDestroyed()
10-Dec-2021 08:02:10.296 INFO [main] org.apache.catalina.core.ApplicationContext.log ContextListener: contextInitialized()
10-Dec-2021 08:02:10.297 INFO [main] org.apache.catalina.core.ApplicationContext.log SessionListener: contextInitialized()
10-Dec-2021 08:02:10.300 INFO [main] org.apache.catalina.core.ApplicationContext.log ContextListener: attributeAdded('StockTicker', 'async.Stockticker@2bffa76d')
10-Dec-2021 08:02:16.655 INFO [main] org.apache.catalina.core.ApplicationContext.log SessionListener: contextDestroyed()
10-Dec-2021 08:02:16.656 INFO [main] org.apache.catalina.core.ApplicationContext.log ContextListener: contextDestroyed()
10-Dec-2021 08:02:32.429 INFO [main] org.apache.catalina.core.ApplicationContext.log ContextListener: contextInitialized()
10-Dec-2021 08:02:32.429 INFO [main] org.apache.catalina.core.ApplicationContext.log SessionListener: contextInitialized()
10-Dec-2021 08:02:32.431 INFO [main] org.apache.catalina.core.ApplicationContext.log ContextListener: attributeAdded('StockTicker', 'async.Stockticker@5d332969')
10-Dec-2021 08:02:41.730 INFO [main] org.apache.catalina.core.ApplicationContext.log SessionListener: contextDestroyed()
10-Dec-2021 08:02:41.730 INFO [main] org.apache.catalina.core.ApplicationContext.log ContextListener: contextDestroyed()
10-Dec-2021 08:02:54.895 INFO [main] org.apache.catalina.core.ApplicationContext.log ContextListener: contextInitialized()
10-Dec-2021 08:02:54.895 INFO [main] org.apache.catalina.core.ApplicationContext.log SessionListener: contextInitialized()
10-Dec-2021 08:02:54.897 INFO [main] org.apache.catalina.core.ApplicationContext.log ContextListener: attributeAdded('StockTicker', 'async.Stockticker@2bffa76d')
10-Dec-2021 08:03:49.677 INFO [main] org.apache.catalina.core.ApplicationContext.log SessionListener: contextDestroyed()
10-Dec-2021 08:03:49.677 INFO [main] org.apache.catalina.core.ApplicationContext.log ContextListener: contextDestroyed()
10-Dec-2021 08:31:38.033 INFO [main] org.apache.catalina.core.ApplicationContext.log ContextListener: contextInitialized()
10-Dec-2021 08:31:38.033 INFO [main] org.apache.catalina.core.ApplicationContext.log SessionListener: contextInitialized()
10-Dec-2021 08:31:38.035 INFO [main] org.apache.catalina.core.ApplicationContext.log ContextListener: attributeAdded('StockTicker', 'async.Stockticker@2bffa76d')
10-Dec-2021 08:32:56.605 INFO [main] org.apache.catalina.core.ApplicationContext.log SessionListener: contextDestroyed()
10-Dec-2021 08:32:56.605 INFO [main] org.apache.catalina.core.ApplicationContext.log ContextListener: contextDestroyed()
10-Dec-2021 08:33:57.893 INFO [main] org.apache.catalina.core.ApplicationContext.log ContextListener: contextInitialized()
10-Dec-2021 08:33:57.893 INFO [main] org.apache.catalina.core.ApplicationContext.log SessionListener: contextInitialized()
10-Dec-2021 08:33:57.895 INFO [main] org.apache.catalina.core.ApplicationContext.log ContextListener: attributeAdded('StockTicker', 'async.Stockticker@2bffa76d')
10-Dec-2021 08:35:19.544 INFO [main] org.apache.catalina.core.ApplicationContext.log SessionListener: contextDestroyed()
10-Dec-2021 08:35:19.544 INFO [main] org.apache.catalina.core.ApplicationContext.log ContextListener: contextDestroyed()
10-Dec-2021 08:39:02.728 INFO [main] org.apache.catalina.core.ApplicationContext.log ContextListener: contextInitialized()
10-Dec-2021 08:39:02.728 INFO [main] org.apache.catalina.core.ApplicationContext.log SessionListener: contextInitialized()
10-Dec-2021 08:39:02.730 INFO [main] org.apache.catalina.core.ApplicationContext.log ContextListener: attributeAdded('StockTicker', 'async.Stockticker@2bffa76d')
10-Dec-2021 08:41:47.756 INFO [main] org.apache.catalina.core.ApplicationContext.log SessionListener: contextDestroyed()
10-Dec-2021 08:41:47.756 INFO [main] org.apache.catalina.core.ApplicationContext.log ContextListener: contextDestroyed()
10-Dec-2021 08:41:59.308 INFO [main] org.apache.catalina.core.ApplicationContext.log ContextListener: contextInitialized()
10-Dec-2021 08:41:59.308 INFO [main] org.apache.catalina.core.ApplicationContext.log SessionListener: contextInitialized()
10-Dec-2021 08:41:59.318 INFO [main] org.apache.catalina.core.ApplicationContext.log ContextListener: attributeAdded('StockTicker', 'async.Stockticker@6ac4944a')
10-Dec-2021 08:43:02.708 INFO [main] org.apache.catalina.core.ApplicationContext.log SessionListener: contextDestroyed()
10-Dec-2021 08:43:02.708 INFO [main] org.apache.catalina.core.ApplicationContext.log ContextListener: contextDestroyed()
10-Dec-2021 08:44:53.489 INFO [main] org.apache.catalina.core.ApplicationContext.log ContextListener: contextInitialized()
10-Dec-2021 08:44:53.489 INFO [main] org.apache.catalina.core.ApplicationContext.log SessionListener: contextInitialized()
10-Dec-2021 08:44:53.491 INFO [main] org.apache.catalina.core.ApplicationContext.log ContextListener: attributeAdded('StockTicker', 'async.Stockticker@3ee39da0')
10-Dec-2021 08:45:35.469 INFO [main] org.apache.catalina.core.ApplicationContext.log SessionListener: contextDestroyed()
10-Dec-2021 08:45:35.469 INFO [main] org.apache.catalina.core.ApplicationContext.log ContextListener: contextDestroyed()
10-Dec-2021 09:08:44.666 INFO [main] org.apache.catalina.core.ApplicationContext.log ContextListener: contextInitialized()
10-Dec-2021 09:08:44.666 INFO [main] org.apache.catalina.core.ApplicationContext.log SessionListener: contextInitialized()
10-Dec-2021 09:08:44.668 INFO [main] org.apache.catalina.core.ApplicationContext.log ContextListener: attributeAdded('StockTicker', 'async.Stockticker@7cc9ce8')
10-Dec-2021 09:12:17.909 INFO [main] org.apache.catalina.core.ApplicationContext.log SessionListener: contextDestroyed()
10-Dec-2021 09:12:17.909 INFO [main] org.apache.catalina.core.ApplicationContext.log ContextListener: contextDestroyed()
10-Dec-2021 09:12:33.188 INFO [main] org.apache.catalina.core.ApplicationContext.log ContextListener: contextInitialized()
10-Dec-2021 09:12:33.189 INFO [main] org.apache.catalina.core.ApplicationContext.log SessionListener: contextInitialized()
10-Dec-2021 09:12:33.191 INFO [main] org.apache.catalina.core.ApplicationContext.log ContextListener: attributeAdded('StockTicker', 'async.Stockticker@2bffa76d')
10-Dec-2021 09:12:36.959 INFO [main] org.apache.catalina.core.ApplicationContext.log SessionListener: contextDestroyed()
10-Dec-2021 09:12:36.960 INFO [main] org.apache.catalina.core.ApplicationContext.log ContextListener: contextDestroyed()
10-Dec-2021 09:13:05.651 INFO [main] org.apache.catalina.core.ApplicationContext.log ContextListener: contextInitialized()
10-Dec-2021 09:13:05.652 INFO [main] org.apache.catalina.core.ApplicationContext.log SessionListener: contextInitialized()
10-Dec-2021 09:13:05.654 INFO [main] org.apache.catalina.core.ApplicationContext.log ContextListener: attributeAdded('StockTicker', 'async.Stockticker@2bffa76d')
10-Dec-2021 09:14:06.714 INFO [main] org.apache.catalina.core.ApplicationContext.log SessionListener: contextDestroyed()
10-Dec-2021 09:14:06.714 INFO [main] org.apache.catalina.core.ApplicationContext.log ContextListener: contextDestroyed()
10-Dec-2021 09:35:00.508 INFO [main] org.apache.catalina.core.ApplicationContext.log ContextListener: contextInitialized()
10-Dec-2021 09:35:00.509 INFO [main] org.apache.catalina.core.ApplicationContext.log SessionListener: contextInitialized()
10-Dec-2021 09:35:00.512 INFO [main] org.apache.catalina.core.ApplicationContext.log ContextListener: attributeAdded('StockTicker', 'async.Stockticker@2bffa76d')
10-Dec-2021 09:36:14.844 INFO [main] org.apache.catalina.core.ApplicationContext.log SessionListener: contextDestroyed()
10-Dec-2021 09:36:14.844 INFO [main] org.apache.catalina.core.ApplicationContext.log ContextListener: contextDestroyed()
10-Dec-2021 09:36:44.665 INFO [main] org.apache.catalina.core.ApplicationContext.log ContextListener: contextInitialized()
10-Dec-2021 09:36:44.665 INFO [main] org.apache.catalina.core.ApplicationContext.log SessionListener: contextInitialized()
10-Dec-2021 09:36:44.668 INFO [main] org.apache.catalina.core.ApplicationContext.log ContextListener: attributeAdded('StockTicker', 'async.Stockticker@2bffa76d')
10-Dec-2021 09:36:53.984 INFO [main] org.apache.catalina.core.ApplicationContext.log SessionListener: contextDestroyed()
10-Dec-2021 09:36:53.984 INFO [main] org.apache.catalina.core.ApplicationContext.log ContextListener: contextDestroyed()
10-Dec-2021 09:37:04.822 INFO [main] org.apache.catalina.core.ApplicationContext.log ContextListener: contextInitialized()
10-Dec-2021 09:37:04.823 INFO [main] org.apache.catalina.core.ApplicationContext.log SessionListener: contextInitialized()
10-Dec-2021 09:37:04.832 INFO [main] org.apache.catalina.core.ApplicationContext.log ContextListener: attributeAdded('StockTicker', 'async.Stockticker@2bffa76d')
10-Dec-2021 09:39:56.941 INFO [main] org.apache.catalina.core.ApplicationContext.log SessionListener: contextDestroyed()
10-Dec-2021 09:39:56.941 INFO [main] org.apache.catalina.core.ApplicationContext.log ContextListener: contextDestroyed()
10-Dec-2021 09:41:10.548 INFO [main] org.apache.catalina.core.ApplicationContext.log ContextListener: contextInitialized()
10-Dec-2021 09:41:10.549 INFO [main] org.apache.catalina.core.ApplicationContext.log SessionListener: contextInitialized()
10-Dec-2021 09:41:10.551 INFO [main] org.apache.catalina.core.ApplicationContext.log ContextListener: attributeAdded('StockTicker', 'async.Stockticker@1af1347d')
10-Dec-2021 09:42:57.735 INFO [main] org.apache.catalina.core.ApplicationContext.log SessionListener: contextDestroyed()
10-Dec-2021 09:42:57.735 INFO [main] org.apache.catalina.core.ApplicationContext.log ContextListener: contextDestroyed()
10-Dec-2021 09:43:37.133 INFO [main] org.apache.catalina.core.ApplicationContext.log ContextListener: contextInitialized()
10-Dec-2021 09:43:37.134 INFO [main] org.apache.catalina.core.ApplicationContext.log SessionListener: contextInitialized()
10-Dec-2021 09:43:37.136 INFO [main] org.apache.catalina.core.ApplicationContext.log ContextListener: attributeAdded('StockTicker', 'async.Stockticker@d71adc2')
10-Dec-2021 09:44:01.835 INFO [main] org.apache.catalina.core.ApplicationContext.log SessionListener: contextDestroyed()
10-Dec-2021 09:44:01.835 INFO [main] org.apache.catalina.core.ApplicationContext.log ContextListener: contextDestroyed()
10-Dec-2021 09:47:15.315 INFO [main] org.apache.catalina.core.ApplicationContext.log ContextListener: contextInitialized()
10-Dec-2021 09:47:15.316 INFO [main] org.apache.catalina.core.ApplicationContext.log SessionListener: contextInitialized()
10-Dec-2021 09:47:15.317 INFO [main] org.apache.catalina.core.ApplicationContext.log ContextListener: attributeAdded('StockTicker', 'async.Stockticker@4837595f')
10-Dec-2021 09:50:04.151 INFO [main] org.apache.catalina.core.ApplicationContext.log SessionListener: contextDestroyed()
10-Dec-2021 09:50:04.152 INFO [main] org.apache.catalina.core.ApplicationContext.log ContextListener: contextDestroyed()
10-Dec-2021 09:57:55.097 INFO [main] org.apache.catalina.core.ApplicationContext.log ContextListener: contextInitialized()
10-Dec-2021 09:57:55.097 INFO [main] org.apache.catalina.core.ApplicationContext.log SessionListener: contextInitialized()
10-Dec-2021 09:57:55.099 INFO [main] org.apache.catalina.core.ApplicationContext.log ContextListener: attributeAdded('StockTicker', 'async.Stockticker@2bffa76d')
10-Dec-2021 09:58:04.446 INFO [main] org.apache.catalina.core.ApplicationContext.log SessionListener: contextDestroyed()
10-Dec-2021 09:58:04.447 INFO [main] org.apache.catalina.core.ApplicationContext.log ContextListener: contextDestroyed()
10-Dec-2021 09:59:04.100 INFO [main] org.apache.catalina.core.ApplicationContext.log ContextListener: contextInitialized()
10-Dec-2021 09:59:04.101 INFO [main] org.apache.catalina.core.ApplicationContext.log SessionListener: contextInitialized()
10-Dec-2021 09:59:04.103 INFO [main] org.apache.catalina.core.ApplicationContext.log ContextListener: attributeAdded('StockTicker', 'async.Stockticker@2bffa76d')
10-Dec-2021 09:59:55.080 INFO [main] org.apache.catalina.core.ApplicationContext.log SessionListener: contextDestroyed()
10-Dec-2021 09:59:55.080 INFO [main] org.apache.catalina.core.ApplicationContext.log ContextListener: contextDestroyed()
10-Dec-2021 10:05:23.518 INFO [main] org.apache.catalina.core.ApplicationContext.log ContextListener: contextInitialized()
10-Dec-2021 10:05:23.518 INFO [main] org.apache.catalina.core.ApplicationContext.log SessionListener: contextInitialized()
10-Dec-2021 10:05:23.520 INFO [main] org.apache.catalina.core.ApplicationContext.log ContextListener: attributeAdded('StockTicker', 'async.Stockticker@2bffa76d')
10-Dec-2021 10:05:32.437 INFO [main] org.apache.catalina.core.ApplicationContext.log SessionListener: contextDestroyed()
10-Dec-2021 10:05:32.437 INFO [main] org.apache.catalina.core.ApplicationContext.log ContextListener: contextDestroyed()
10-Dec-2021 10:05:45.107 INFO [main] org.apache.catalina.core.ApplicationContext.log ContextListener: contextInitialized()
10-Dec-2021 10:05:45.107 INFO [main] org.apache.catalina.core.ApplicationContext.log SessionListener: contextInitialized()
10-Dec-2021 10:05:45.113 INFO [main] org.apache.catalina.core.ApplicationContext.log ContextListener: attributeAdded('StockTicker', 'async.Stockticker@2bffa76d')
10-Dec-2021 10:06:34.927 INFO [main] org.apache.catalina.core.ApplicationContext.log SessionListener: contextDestroyed()
10-Dec-2021 10:06:34.943 INFO [main] org.apache.catalina.core.ApplicationContext.log ContextListener: contextDestroyed()
10-Dec-2021 10:09:43.562 INFO [main] org.apache.catalina.core.ApplicationContext.log ContextListener: contextInitialized()
10-Dec-2021 10:09:43.562 INFO [main] org.apache.catalina.core.ApplicationContext.log SessionListener: contextInitialized()
10-Dec-2021 10:09:43.565 INFO [main] org.apache.catalina.core.ApplicationContext.log ContextListener: attributeAdded('StockTicker', 'async.Stockticker@c0b41d6')
10-Dec-2021 10:09:50.420 INFO [main] org.apache.catalina.core.ApplicationContext.log SessionListener: contextDestroyed()
10-Dec-2021 10:09:50.421 INFO [main] org.apache.catalina.core.ApplicationContext.log ContextListener: contextDestroyed()
10-Dec-2021 10:10:02.630 INFO [main] org.apache.catalina.core.ApplicationContext.log ContextListener: contextInitialized()
10-Dec-2021 10:10:02.630 INFO [main] org.apache.catalina.core.ApplicationContext.log SessionListener: contextInitialized()
10-Dec-2021 10:10:02.632 INFO [main] org.apache.catalina.core.ApplicationContext.log ContextListener: attributeAdded('StockTicker', 'async.Stockticker@c0b41d6')
10-Dec-2021 10:12:16.600 INFO [main] org.apache.catalina.core.ApplicationContext.log SessionListener: contextDestroyed()
10-Dec-2021 10:12:16.600 INFO [main] org.apache.catalina.core.ApplicationContext.log ContextListener: contextDestroyed()
10-Dec-2021 10:15:32.352 INFO [main] org.apache.catalina.core.ApplicationContext.log ContextListener: contextInitialized()
10-Dec-2021 10:15:32.356 INFO [main] org.apache.catalina.core.ApplicationContext.log SessionListener: contextInitialized()
10-Dec-2021 10:15:32.359 INFO [main] org.apache.catalina.core.ApplicationContext.log ContextListener: attributeAdded('StockTicker', 'async.Stockticker@2bffa76d')
10-Dec-2021 10:15:40.219 INFO [main] org.apache.catalina.core.ApplicationContext.log SessionListener: contextDestroyed()
10-Dec-2021 10:15:40.220 INFO [main] org.apache.catalina.core.ApplicationContext.log ContextListener: contextDestroyed()
10-Dec-2021 10:15:51.220 INFO [main] org.apache.catalina.core.ApplicationContext.log ContextListener: contextInitialized()
10-Dec-2021 10:15:51.220 INFO [main] org.apache.catalina.core.ApplicationContext.log SessionListener: contextInitialized()
10-Dec-2021 10:15:51.223 INFO [main] org.apache.catalina.core.ApplicationContext.log ContextListener: attributeAdded('StockTicker', 'async.Stockticker@2bffa76d')
10-Dec-2021 10:16:29.911 INFO [main] org.apache.catalina.core.ApplicationContext.log SessionListener: contextDestroyed()
10-Dec-2021 10:16:29.911 INFO [main] org.apache.catalina.core.ApplicationContext.log ContextListener: contextDestroyed()
10-Dec-2021 10:18:25.026 INFO [main] org.apache.catalina.core.ApplicationContext.log ContextListener: contextInitialized()
10-Dec-2021 10:18:25.042 INFO [main] org.apache.catalina.core.ApplicationContext.log SessionListener: contextInitialized()
10-Dec-2021 10:18:25.044 INFO [main] org.apache.catalina.core.ApplicationContext.log ContextListener: attributeAdded('StockTicker', 'async.Stockticker@1c65121')
10-Dec-2021 10:18:42.868 INFO [main] org.apache.catalina.core.ApplicationContext.log SessionListener: contextDestroyed()
10-Dec-2021 10:18:42.868 INFO [main] org.apache.catalina.core.ApplicationContext.log ContextListener: contextDestroyed()
10-Dec-2021 10:19:03.529 INFO [main] org.apache.catalina.core.ApplicationContext.log ContextListener: contextInitialized()
10-Dec-2021 10:19:03.530 INFO [main] org.apache.catalina.core.ApplicationContext.log SessionListener: contextInitialized()
10-Dec-2021 10:19:03.534 INFO [main] org.apache.catalina.core.ApplicationContext.log ContextListener: attributeAdded('StockTicker', 'async.Stockticker@c0b41d6')
10-Dec-2021 10:19:11.179 INFO [main] org.apache.catalina.core.ApplicationContext.log SessionListener: contextDestroyed()
10-Dec-2021 10:19:11.180 INFO [main] org.apache.catalina.core.ApplicationContext.log ContextListener: contextDestroyed()
10-Dec-2021 10:19:21.069 INFO [main] org.apache.catalina.core.ApplicationContext.log ContextListener: contextInitialized()
10-Dec-2021 10:19:21.070 INFO [main] org.apache.catalina.core.ApplicationContext.log SessionListener: contextInitialized()
10-Dec-2021 10:19:21.072 INFO [main] org.apache.catalina.core.ApplicationContext.log ContextListener: attributeAdded('StockTicker', 'async.Stockticker@3ee39da0')
10-Dec-2021 10:24:00.001 INFO [main] org.apache.catalina.core.ApplicationContext.log SessionListener: contextDestroyed()
10-Dec-2021 10:24:00.001 INFO [main] org.apache.catalina.core.ApplicationContext.log ContextListener: contextDestroyed()
10-Dec-2021 10:25:46.742 INFO [main] org.apache.catalina.core.ApplicationContext.log ContextListener: contextInitialized()
10-Dec-2021 10:25:46.743 INFO [main] org.apache.catalina.core.ApplicationContext.log SessionListener: contextInitialized()
10-Dec-2021 10:25:46.746 INFO [main] org.apache.catalina.core.ApplicationContext.log ContextListener: attributeAdded('StockTicker', 'async.Stockticker@2bffa76d')
10-Dec-2021 10:25:50.912 INFO [main] org.apache.catalina.core.ApplicationContext.log SessionListener: contextDestroyed()
10-Dec-2021 10:25:50.912 INFO [main] org.apache.catalina.core.ApplicationContext.log ContextListener: contextDestroyed()
10-Dec-2021 10:26:20.424 INFO [main] org.apache.catalina.core.ApplicationContext.log ContextListener: contextInitialized()
10-Dec-2021 10:26:20.424 INFO [main] org.apache.catalina.core.ApplicationContext.log SessionListener: contextInitialized()
10-Dec-2021 10:26:20.426 INFO [main] org.apache.catalina.core.ApplicationContext.log ContextListener: attributeAdded('StockTicker', 'async.Stockticker@4837595f')
10-Dec-2021 10:26:27.799 INFO [main] org.apache.catalina.core.ApplicationContext.log SessionListener: contextDestroyed()
10-Dec-2021 10:26:27.799 INFO [main] org.apache.catalina.core.ApplicationContext.log ContextListener: contextDestroyed()
10-Dec-2021 10:26:39.187 INFO [main] org.apache.catalina.core.ApplicationContext.log ContextListener: contextInitialized()
10-Dec-2021 10:26:39.187 INFO [main] org.apache.catalina.core.ApplicationContext.log SessionListener: contextInitialized()
10-Dec-2021 10:26:39.189 INFO [main] org.apache.catalina.core.ApplicationContext.log ContextListener: attributeAdded('StockTicker', 'async.Stockticker@1c65121')
10-Dec-2021 10:27:08.327 INFO [main] org.apache.catalina.core.ApplicationContext.log SessionListener: contextDestroyed()
10-Dec-2021 10:27:08.327 INFO [main] org.apache.catalina.core.ApplicationContext.log ContextListener: contextDestroyed()
10-Dec-2021 10:27:22.571 INFO [main] org.apache.catalina.core.ApplicationContext.log ContextListener: contextInitialized()
10-Dec-2021 10:27:22.571 INFO [main] org.apache.catalina.core.ApplicationContext.log SessionListener: contextInitialized()
10-Dec-2021 10:27:22.575 INFO [main] org.apache.catalina.core.ApplicationContext.log ContextListener: attributeAdded('StockTicker', 'async.Stockticker@2bffa76d')
10-Dec-2021 10:27:39.201 INFO [main] org.apache.catalina.core.ApplicationContext.log SessionListener: contextDestroyed()
10-Dec-2021 10:27:39.201 INFO [main] org.apache.catalina.core.ApplicationContext.log ContextListener: contextDestroyed()
10-Dec-2021 10:34:43.612 INFO [main] org.apache.catalina.core.ApplicationContext.log ContextListener: contextInitialized()
10-Dec-2021 10:34:43.612 INFO [main] org.apache.catalina.core.ApplicationContext.log SessionListener: contextInitialized()
10-Dec-2021 10:34:43.614 INFO [main] org.apache.catalina.core.ApplicationContext.log ContextListener: attributeAdded('StockTicker', 'async.Stockticker@c0b41d6')
10-Dec-2021 10:34:49.448 INFO [main] org.apache.catalina.core.ApplicationContext.log SessionListener: contextDestroyed()
10-Dec-2021 10:34:49.448 INFO [main] org.apache.catalina.core.ApplicationContext.log ContextListener: contextDestroyed()
10-Dec-2021 10:34:59.471 INFO [main] org.apache.catalina.core.ApplicationContext.log ContextListener: contextInitialized()
10-Dec-2021 10:34:59.471 INFO [main] org.apache.catalina.core.ApplicationContext.log SessionListener: contextInitialized()
10-Dec-2021 10:34:59.473 INFO [main] org.apache.catalina.core.ApplicationContext.log ContextListener: attributeAdded('StockTicker', 'async.Stockticker@5d332969')
10-Dec-2021 10:35:01.990 SEVERE [http-nio-8080-exec-7] org.apache.catalina.core.StandardWrapperValve.invoke Servlet.service() for servlet [FilterServlet] in context with path [] threw exception
	java.lang.IllegalStateException: JsonParser#getArray() or JsonParser#getArrayStream() is valid only for START_ARRAY parser state. But current parser state is null
		at org.glassfish.json.JsonParserImpl.getArray(JsonParserImpl.java:155)
		at io.rastered.app.service.FilterServlet.doPost(FilterServlet.java:68)
		at jakarta.servlet.http.HttpServlet.service(HttpServlet.java:689)
		at jakarta.servlet.http.HttpServlet.service(HttpServlet.java:770)
		at org.apache.catalina.core.ApplicationFilterChain.internalDoFilter(ApplicationFilterChain.java:223)
		at org.apache.catalina.core.ApplicationFilterChain.doFilter(ApplicationFilterChain.java:158)
		at org.apache.tomcat.websocket.server.WsFilter.doFilter(WsFilter.java:53)
		at org.apache.catalina.core.ApplicationFilterChain.internalDoFilter(ApplicationFilterChain.java:185)
		at org.apache.catalina.core.ApplicationFilterChain.doFilter(ApplicationFilterChain.java:158)
		at io.rastered.app.filters.RequestFilter.doFilter(RequestFilter.java:36)
		at org.apache.catalina.core.ApplicationFilterChain.internalDoFilter(ApplicationFilterChain.java:185)
		at org.apache.catalina.core.ApplicationFilterChain.doFilter(ApplicationFilterChain.java:158)
		at org.apache.catalina.core.StandardWrapperValve.invoke(StandardWrapperValve.java:202)
		at org.apache.catalina.core.StandardContextValve.invoke(StandardContextValve.java:97)
		at org.apache.catalina.authenticator.AuthenticatorBase.invoke(AuthenticatorBase.java:543)
		at org.apache.catalina.core.StandardHostValve.invoke(StandardHostValve.java:127)
		at org.apache.catalina.valves.ErrorReportValve.invoke(ErrorReportValve.java:92)
		at org.apache.catalina.valves.AbstractAccessLogValve.invoke(AbstractAccessLogValve.java:690)
		at org.apache.catalina.core.StandardEngineValve.invoke(StandardEngineValve.java:78)
		at org.apache.catalina.connector.CoyoteAdapter.service(CoyoteAdapter.java:353)
		at org.apache.coyote.http11.Http11Processor.service(Http11Processor.java:374)
		at org.apache.coyote.AbstractProcessorLight.process(AbstractProcessorLight.java:65)
		at org.apache.coyote.AbstractProtocol$ConnectionHandler.process(AbstractProtocol.java:870)
		at org.apache.tomcat.util.net.NioEndpoint$SocketProcessor.doRun(NioEndpoint.java:1696)
		at org.apache.tomcat.util.net.SocketProcessorBase.run(SocketProcessorBase.java:49)
		at java.base/java.util.concurrent.ThreadPoolExecutor.runWorker(ThreadPoolExecutor.java:1130)
		at java.base/java.util.concurrent.ThreadPoolExecutor$Worker.run(ThreadPoolExecutor.java:630)
		at org.apache.tomcat.util.threads.TaskThread$WrappingRunnable.run(TaskThread.java:61)
		at java.base/java.lang.Thread.run(Thread.java:832)
10-Dec-2021 10:36:01.754 INFO [main] org.apache.catalina.core.ApplicationContext.log SessionListener: contextDestroyed()
10-Dec-2021 10:36:01.754 INFO [main] org.apache.catalina.core.ApplicationContext.log ContextListener: contextDestroyed()
10-Dec-2021 10:36:17.503 INFO [main] org.apache.catalina.core.ApplicationContext.log ContextListener: contextInitialized()
10-Dec-2021 10:36:17.504 INFO [main] org.apache.catalina.core.ApplicationContext.log SessionListener: contextInitialized()
10-Dec-2021 10:36:17.506 INFO [main] org.apache.catalina.core.ApplicationContext.log ContextListener: attributeAdded('StockTicker', 'async.Stockticker@704b2127')
10-Dec-2021 10:36:23.474 INFO [main] org.apache.catalina.core.ApplicationContext.log SessionListener: contextDestroyed()
10-Dec-2021 10:36:23.474 INFO [main] org.apache.catalina.core.ApplicationContext.log ContextListener: contextDestroyed()
10-Dec-2021 10:36:33.771 INFO [main] org.apache.catalina.core.ApplicationContext.log ContextListener: contextInitialized()
10-Dec-2021 10:36:33.783 INFO [main] org.apache.catalina.core.ApplicationContext.log SessionListener: contextInitialized()
10-Dec-2021 10:36:33.795 INFO [main] org.apache.catalina.core.ApplicationContext.log ContextListener: attributeAdded('StockTicker', 'async.Stockticker@2e27d72f')
10-Dec-2021 10:36:34.645 SEVERE [http-nio-8080-exec-2] org.apache.catalina.core.StandardWrapperValve.invoke Servlet.service() for servlet [FilterServlet] in context with path [] threw exception
	java.lang.IllegalStateException: JsonParser#getArray() or JsonParser#getArrayStream() is valid only for START_ARRAY parser state. But current parser state is null
		at org.glassfish.json.JsonParserImpl.getArray(JsonParserImpl.java:155)
		at io.rastered.app.service.FilterServlet.doPost(FilterServlet.java:68)
		at jakarta.servlet.http.HttpServlet.service(HttpServlet.java:689)
		at jakarta.servlet.http.HttpServlet.service(HttpServlet.java:770)
		at org.apache.catalina.core.ApplicationFilterChain.internalDoFilter(ApplicationFilterChain.java:223)
		at org.apache.catalina.core.ApplicationFilterChain.doFilter(ApplicationFilterChain.java:158)
		at org.apache.tomcat.websocket.server.WsFilter.doFilter(WsFilter.java:53)
		at org.apache.catalina.core.ApplicationFilterChain.internalDoFilter(ApplicationFilterChain.java:185)
		at org.apache.catalina.core.ApplicationFilterChain.doFilter(ApplicationFilterChain.java:158)
		at io.rastered.app.filters.RequestFilter.doFilter(RequestFilter.java:36)
		at org.apache.catalina.core.ApplicationFilterChain.internalDoFilter(ApplicationFilterChain.java:185)
		at org.apache.catalina.core.ApplicationFilterChain.doFilter(ApplicationFilterChain.java:158)
		at org.apache.catalina.core.StandardWrapperValve.invoke(StandardWrapperValve.java:202)
		at org.apache.catalina.core.StandardContextValve.invoke(StandardContextValve.java:97)
		at org.apache.catalina.authenticator.AuthenticatorBase.invoke(AuthenticatorBase.java:543)
		at org.apache.catalina.core.StandardHostValve.invoke(StandardHostValve.java:127)
		at org.apache.catalina.valves.ErrorReportValve.invoke(ErrorReportValve.java:92)
		at org.apache.catalina.valves.AbstractAccessLogValve.invoke(AbstractAccessLogValve.java:690)
		at org.apache.catalina.core.StandardEngineValve.invoke(StandardEngineValve.java:78)
		at org.apache.catalina.connector.CoyoteAdapter.service(CoyoteAdapter.java:353)
		at org.apache.coyote.http11.Http11Processor.service(Http11Processor.java:374)
		at org.apache.coyote.AbstractProcessorLight.process(AbstractProcessorLight.java:65)
		at org.apache.coyote.AbstractProtocol$ConnectionHandler.process(AbstractProtocol.java:870)
		at org.apache.tomcat.util.net.NioEndpoint$SocketProcessor.doRun(NioEndpoint.java:1696)
		at org.apache.tomcat.util.net.SocketProcessorBase.run(SocketProcessorBase.java:49)
		at java.base/java.util.concurrent.ThreadPoolExecutor.runWorker(ThreadPoolExecutor.java:1130)
		at java.base/java.util.concurrent.ThreadPoolExecutor$Worker.run(ThreadPoolExecutor.java:630)
		at org.apache.tomcat.util.threads.TaskThread$WrappingRunnable.run(TaskThread.java:61)
		at java.base/java.lang.Thread.run(Thread.java:832)
10-Dec-2021 10:37:33.067 INFO [main] org.apache.catalina.core.ApplicationContext.log SessionListener: contextDestroyed()
10-Dec-2021 10:37:33.067 INFO [main] org.apache.catalina.core.ApplicationContext.log ContextListener: contextDestroyed()
10-Dec-2021 10:37:39.824 INFO [main] org.apache.catalina.core.ApplicationContext.log ContextListener: contextInitialized()
10-Dec-2021 10:37:39.824 INFO [main] org.apache.catalina.core.ApplicationContext.log SessionListener: contextInitialized()
10-Dec-2021 10:37:39.826 INFO [main] org.apache.catalina.core.ApplicationContext.log ContextListener: attributeAdded('StockTicker', 'async.Stockticker@2bffa76d')
10-Dec-2021 10:37:45.776 INFO [main] org.apache.catalina.core.ApplicationContext.log SessionListener: contextDestroyed()
10-Dec-2021 10:37:45.776 INFO [main] org.apache.catalina.core.ApplicationContext.log ContextListener: contextDestroyed()
10-Dec-2021 10:37:55.293 INFO [main] org.apache.catalina.core.ApplicationContext.log ContextListener: contextInitialized()
10-Dec-2021 10:37:55.294 INFO [main] org.apache.catalina.core.ApplicationContext.log SessionListener: contextInitialized()
10-Dec-2021 10:37:55.298 INFO [main] org.apache.catalina.core.ApplicationContext.log ContextListener: attributeAdded('StockTicker', 'async.Stockticker@4837595f')
10-Dec-2021 10:38:24.169 INFO [main] org.apache.catalina.core.ApplicationContext.log SessionListener: contextDestroyed()
10-Dec-2021 10:38:24.169 INFO [main] org.apache.catalina.core.ApplicationContext.log ContextListener: contextDestroyed()
10-Dec-2021 11:12:04.268 INFO [main] org.apache.catalina.core.ApplicationContext.log ContextListener: contextInitialized()
10-Dec-2021 11:12:04.269 INFO [main] org.apache.catalina.core.ApplicationContext.log SessionListener: contextInitialized()
10-Dec-2021 11:12:04.271 INFO [main] org.apache.catalina.core.ApplicationContext.log ContextListener: attributeAdded('StockTicker', 'async.Stockticker@39fc6b2c')
10-Dec-2021 11:12:16.491 INFO [main] org.apache.catalina.core.ApplicationContext.log SessionListener: contextDestroyed()
10-Dec-2021 11:12:16.492 INFO [main] org.apache.catalina.core.ApplicationContext.log ContextListener: contextDestroyed()
10-Dec-2021 11:12:35.330 INFO [main] org.apache.catalina.core.ApplicationContext.log ContextListener: contextInitialized()
10-Dec-2021 11:12:35.331 INFO [main] org.apache.catalina.core.ApplicationContext.log SessionListener: contextInitialized()
10-Dec-2021 11:12:35.334 INFO [main] org.apache.catalina.core.ApplicationContext.log ContextListener: attributeAdded('StockTicker', 'async.Stockticker@2bffa76d')
10-Dec-2021 11:12:42.502 SEVERE [http-nio-8080-exec-4] org.apache.catalina.core.StandardWrapperValve.invoke Servlet.service() for servlet [FilterServlet] in context with path [] threw exception
	java.lang.NullPointerException: Cannot invoke "String.length()" because "s" is null
		at java.base/java.io.StringReader.<init>(StringReader.java:50)
		at io.rastered.app.service.FilterServlet.doPost(FilterServlet.java:69)
		at jakarta.servlet.http.HttpServlet.service(HttpServlet.java:689)
		at jakarta.servlet.http.HttpServlet.service(HttpServlet.java:770)
		at org.apache.catalina.core.ApplicationFilterChain.internalDoFilter(ApplicationFilterChain.java:223)
		at org.apache.catalina.core.ApplicationFilterChain.doFilter(ApplicationFilterChain.java:158)
		at org.apache.tomcat.websocket.server.WsFilter.doFilter(WsFilter.java:53)
		at org.apache.catalina.core.ApplicationFilterChain.internalDoFilter(ApplicationFilterChain.java:185)
		at org.apache.catalina.core.ApplicationFilterChain.doFilter(ApplicationFilterChain.java:158)
		at io.rastered.app.filters.RequestFilter.doFilter(RequestFilter.java:36)
		at org.apache.catalina.core.ApplicationFilterChain.internalDoFilter(ApplicationFilterChain.java:185)
		at org.apache.catalina.core.ApplicationFilterChain.doFilter(ApplicationFilterChain.java:158)
		at org.apache.catalina.core.StandardWrapperValve.invoke(StandardWrapperValve.java:202)
		at org.apache.catalina.core.StandardContextValve.invoke(StandardContextValve.java:97)
		at org.apache.catalina.authenticator.AuthenticatorBase.invoke(AuthenticatorBase.java:543)
		at org.apache.catalina.core.StandardHostValve.invoke(StandardHostValve.java:127)
		at org.apache.catalina.valves.ErrorReportValve.invoke(ErrorReportValve.java:92)
		at org.apache.catalina.valves.AbstractAccessLogValve.invoke(AbstractAccessLogValve.java:690)
		at org.apache.catalina.core.StandardEngineValve.invoke(StandardEngineValve.java:78)
		at org.apache.catalina.connector.CoyoteAdapter.service(CoyoteAdapter.java:353)
		at org.apache.coyote.http11.Http11Processor.service(Http11Processor.java:374)
		at org.apache.coyote.AbstractProcessorLight.process(AbstractProcessorLight.java:65)
		at org.apache.coyote.AbstractProtocol$ConnectionHandler.process(AbstractProtocol.java:870)
		at org.apache.tomcat.util.net.NioEndpoint$SocketProcessor.doRun(NioEndpoint.java:1696)
		at org.apache.tomcat.util.net.SocketProcessorBase.run(SocketProcessorBase.java:49)
		at java.base/java.util.concurrent.ThreadPoolExecutor.runWorker(ThreadPoolExecutor.java:1130)
		at java.base/java.util.concurrent.ThreadPoolExecutor$Worker.run(ThreadPoolExecutor.java:630)
		at org.apache.tomcat.util.threads.TaskThread$WrappingRunnable.run(TaskThread.java:61)
		at java.base/java.lang.Thread.run(Thread.java:832)
10-Dec-2021 11:13:35.085 INFO [main] org.apache.catalina.core.ApplicationContext.log SessionListener: contextDestroyed()
10-Dec-2021 11:13:35.085 INFO [main] org.apache.catalina.core.ApplicationContext.log ContextListener: contextDestroyed()
10-Dec-2021 11:14:23.071 INFO [main] org.apache.catalina.core.ApplicationContext.log ContextListener: contextInitialized()
10-Dec-2021 11:14:23.071 INFO [main] org.apache.catalina.core.ApplicationContext.log SessionListener: contextInitialized()
10-Dec-2021 11:14:23.073 INFO [main] org.apache.catalina.core.ApplicationContext.log ContextListener: attributeAdded('StockTicker', 'async.Stockticker@3ee39da0')
10-Dec-2021 11:14:29.968 INFO [main] org.apache.catalina.core.ApplicationContext.log SessionListener: contextDestroyed()
10-Dec-2021 11:14:29.968 INFO [main] org.apache.catalina.core.ApplicationContext.log ContextListener: contextDestroyed()
10-Dec-2021 11:14:42.410 INFO [main] org.apache.catalina.core.ApplicationContext.log ContextListener: contextInitialized()
10-Dec-2021 11:14:42.411 INFO [main] org.apache.catalina.core.ApplicationContext.log SessionListener: contextInitialized()
10-Dec-2021 11:14:42.414 INFO [main] org.apache.catalina.core.ApplicationContext.log ContextListener: attributeAdded('StockTicker', 'async.Stockticker@2bffa76d')
10-Dec-2021 11:18:53.882 INFO [main] org.apache.catalina.core.ApplicationContext.log SessionListener: contextDestroyed()
10-Dec-2021 11:18:53.882 INFO [main] org.apache.catalina.core.ApplicationContext.log ContextListener: contextDestroyed()
10-Dec-2021 11:19:03.732 INFO [main] org.apache.catalina.core.ApplicationContext.log ContextListener: contextInitialized()
10-Dec-2021 11:19:03.732 INFO [main] org.apache.catalina.core.ApplicationContext.log SessionListener: contextInitialized()
10-Dec-2021 11:19:03.734 INFO [main] org.apache.catalina.core.ApplicationContext.log ContextListener: attributeAdded('StockTicker', 'async.Stockticker@2e27d72f')
10-Dec-2021 11:19:09.966 INFO [main] org.apache.catalina.core.ApplicationContext.log SessionListener: contextDestroyed()
10-Dec-2021 11:19:09.966 INFO [main] org.apache.catalina.core.ApplicationContext.log ContextListener: contextDestroyed()
10-Dec-2021 11:19:20.455 INFO [main] org.apache.catalina.core.ApplicationContext.log ContextListener: contextInitialized()
10-Dec-2021 11:19:20.456 INFO [main] org.apache.catalina.core.ApplicationContext.log SessionListener: contextInitialized()
10-Dec-2021 11:19:20.458 INFO [main] org.apache.catalina.core.ApplicationContext.log ContextListener: attributeAdded('StockTicker', 'async.Stockticker@c0b41d6')
10-Dec-2021 11:19:46.674 INFO [main] org.apache.catalina.core.ApplicationContext.log SessionListener: contextDestroyed()
10-Dec-2021 11:19:46.674 INFO [main] org.apache.catalina.core.ApplicationContext.log ContextListener: contextDestroyed()
10-Dec-2021 11:22:52.399 INFO [main] org.apache.catalina.core.ApplicationContext.log ContextListener: contextInitialized()
10-Dec-2021 11:22:52.399 INFO [main] org.apache.catalina.core.ApplicationContext.log SessionListener: contextInitialized()
10-Dec-2021 11:22:52.401 INFO [main] org.apache.catalina.core.ApplicationContext.log ContextListener: attributeAdded('StockTicker', 'async.Stockticker@2bffa76d')
10-Dec-2021 11:23:02.442 INFO [main] org.apache.catalina.core.ApplicationContext.log SessionListener: contextDestroyed()
10-Dec-2021 11:23:02.443 INFO [main] org.apache.catalina.core.ApplicationContext.log ContextListener: contextDestroyed()
10-Dec-2021 11:23:15.396 INFO [main] org.apache.catalina.core.ApplicationContext.log ContextListener: contextInitialized()
10-Dec-2021 11:23:15.402 INFO [main] org.apache.catalina.core.ApplicationContext.log SessionListener: contextInitialized()
10-Dec-2021 11:23:15.404 INFO [main] org.apache.catalina.core.ApplicationContext.log ContextListener: attributeAdded('StockTicker', 'async.Stockticker@2bffa76d')
10-Dec-2021 11:23:56.248 INFO [main] org.apache.catalina.core.ApplicationContext.log SessionListener: contextDestroyed()
10-Dec-2021 11:23:56.249 INFO [main] org.apache.catalina.core.ApplicationContext.log ContextListener: contextDestroyed()
10-Dec-2021 11:58:07.439 INFO [main] org.apache.catalina.core.ApplicationContext.log ContextListener: contextInitialized()
10-Dec-2021 11:58:07.440 INFO [main] org.apache.catalina.core.ApplicationContext.log SessionListener: contextInitialized()
10-Dec-2021 11:58:07.442 INFO [main] org.apache.catalina.core.ApplicationContext.log ContextListener: attributeAdded('StockTicker', 'async.Stockticker@2bffa76d')
10-Dec-2021 11:58:25.903 INFO [main] org.apache.catalina.core.ApplicationContext.log SessionListener: contextDestroyed()
10-Dec-2021 11:58:25.903 INFO [main] org.apache.catalina.core.ApplicationContext.log ContextListener: contextDestroyed()
10-Dec-2021 11:58:34.114 INFO [main] org.apache.catalina.core.ApplicationContext.log ContextListener: contextInitialized()
10-Dec-2021 11:58:34.115 INFO [main] org.apache.catalina.core.ApplicationContext.log SessionListener: contextInitialized()
10-Dec-2021 11:58:34.118 INFO [main] org.apache.catalina.core.ApplicationContext.log ContextListener: attributeAdded('StockTicker', 'async.Stockticker@7cc9ce8')
10-Dec-2021 11:59:24.641 INFO [main] org.apache.catalina.core.ApplicationContext.log SessionListener: contextDestroyed()
10-Dec-2021 11:59:24.641 INFO [main] org.apache.catalina.core.ApplicationContext.log ContextListener: contextDestroyed()
