09-Dec-2021 05:52:07.748 INFO [main] org.apache.catalina.core.ApplicationContext.log ContextListener: contextInitialized()
09-Dec-2021 05:52:07.750 INFO [main] org.apache.catalina.core.ApplicationContext.log SessionListener: contextInitialized()
09-Dec-2021 05:52:07.752 INFO [main] org.apache.catalina.core.ApplicationContext.log ContextListener: attributeAdded('StockTicker', 'async.Stockticker@5a772895')
09-Dec-2021 05:53:11.618 INFO [main] org.apache.catalina.core.ApplicationContext.log SessionListener: contextDestroyed()
09-Dec-2021 05:53:11.619 INFO [main] org.apache.catalina.core.ApplicationContext.log ContextListener: contextDestroyed()
09-Dec-2021 05:57:28.343 INFO [main] org.apache.catalina.core.ApplicationContext.log ContextListener: contextInitialized()
09-Dec-2021 05:57:28.343 INFO [main] org.apache.catalina.core.ApplicationContext.log SessionListener: contextInitialized()
09-Dec-2021 05:57:28.348 INFO [main] org.apache.catalina.core.ApplicationContext.log ContextListener: attributeAdded('StockTicker', 'async.Stockticker@5a772895')
09-Dec-2021 05:59:52.313 INFO [main] org.apache.catalina.core.ApplicationContext.log SessionListener: contextDestroyed()
09-Dec-2021 05:59:52.313 INFO [main] org.apache.catalina.core.ApplicationContext.log ContextListener: contextDestroyed()
09-Dec-2021 06:17:12.073 INFO [main] org.apache.catalina.core.ApplicationContext.log ContextListener: contextInitialized()
09-Dec-2021 06:17:12.073 INFO [main] org.apache.catalina.core.ApplicationContext.log SessionListener: contextInitialized()
09-Dec-2021 06:17:12.075 INFO [main] org.apache.catalina.core.ApplicationContext.log ContextListener: attributeAdded('StockTicker', 'async.Stockticker@38d5b107')
09-Dec-2021 06:17:20.834 INFO [main] org.apache.catalina.core.ApplicationContext.log SessionListener: contextDestroyed()
09-Dec-2021 06:17:20.834 INFO [main] org.apache.catalina.core.ApplicationContext.log ContextListener: contextDestroyed()
09-Dec-2021 06:17:35.430 INFO [main] org.apache.catalina.core.ApplicationContext.log ContextListener: contextInitialized()
09-Dec-2021 06:17:35.431 INFO [main] org.apache.catalina.core.ApplicationContext.log SessionListener: contextInitialized()
09-Dec-2021 06:17:35.433 INFO [main] org.apache.catalina.core.ApplicationContext.log ContextListener: attributeAdded('StockTicker', 'async.Stockticker@59221b97')
09-Dec-2021 06:19:01.217 INFO [main] org.apache.catalina.core.ApplicationContext.log SessionListener: contextDestroyed()
09-Dec-2021 06:19:01.217 INFO [main] org.apache.catalina.core.ApplicationContext.log ContextListener: contextDestroyed()
09-Dec-2021 06:26:56.102 INFO [main] org.apache.catalina.core.ApplicationContext.log ContextListener: contextInitialized()
09-Dec-2021 06:26:56.103 INFO [main] org.apache.catalina.core.ApplicationContext.log SessionListener: contextInitialized()
09-Dec-2021 06:26:56.107 INFO [main] org.apache.catalina.core.ApplicationContext.log ContextListener: attributeAdded('StockTicker', 'async.Stockticker@6ac4944a')
09-Dec-2021 06:29:55.889 INFO [main] org.apache.catalina.core.ApplicationContext.log SessionListener: contextDestroyed()
09-Dec-2021 06:29:55.890 INFO [main] org.apache.catalina.core.ApplicationContext.log ContextListener: contextDestroyed()
09-Dec-2021 06:41:36.854 INFO [main] org.apache.catalina.core.ApplicationContext.log ContextListener: contextInitialized()
09-Dec-2021 06:41:36.855 INFO [main] org.apache.catalina.core.ApplicationContext.log SessionListener: contextInitialized()
09-Dec-2021 06:41:36.857 INFO [main] org.apache.catalina.core.ApplicationContext.log ContextListener: attributeAdded('StockTicker', 'async.Stockticker@39fc6b2c')
09-Dec-2021 06:42:23.223 INFO [main] org.apache.catalina.core.ApplicationContext.log SessionListener: contextDestroyed()
09-Dec-2021 06:42:23.223 INFO [main] org.apache.catalina.core.ApplicationContext.log ContextListener: contextDestroyed()
09-Dec-2021 06:43:30.183 INFO [main] org.apache.catalina.core.ApplicationContext.log ContextListener: contextInitialized()
09-Dec-2021 06:43:30.183 INFO [main] org.apache.catalina.core.ApplicationContext.log SessionListener: contextInitialized()
09-Dec-2021 06:43:30.189 INFO [main] org.apache.catalina.core.ApplicationContext.log ContextListener: attributeAdded('StockTicker', 'async.Stockticker@39fc6b2c')
09-Dec-2021 06:43:54.410 INFO [main] org.apache.catalina.core.ApplicationContext.log SessionListener: contextDestroyed()
09-Dec-2021 06:43:54.410 INFO [main] org.apache.catalina.core.ApplicationContext.log ContextListener: contextDestroyed()
09-Dec-2021 06:47:43.528 INFO [main] org.apache.catalina.core.ApplicationContext.log ContextListener: contextInitialized()
09-Dec-2021 06:47:43.528 INFO [main] org.apache.catalina.core.ApplicationContext.log SessionListener: contextInitialized()
09-Dec-2021 06:47:43.531 INFO [main] org.apache.catalina.core.ApplicationContext.log ContextListener: attributeAdded('StockTicker', 'async.Stockticker@39fc6b2c')
09-Dec-2021 06:48:06.929 INFO [main] org.apache.catalina.core.ApplicationContext.log SessionListener: contextDestroyed()
09-Dec-2021 06:48:06.930 INFO [main] org.apache.catalina.core.ApplicationContext.log ContextListener: contextDestroyed()
09-Dec-2021 06:52:52.030 INFO [main] org.apache.catalina.core.ApplicationContext.log ContextListener: contextInitialized()
09-Dec-2021 06:52:52.031 INFO [main] org.apache.catalina.core.ApplicationContext.log SessionListener: contextInitialized()
09-Dec-2021 06:52:52.032 INFO [main] org.apache.catalina.core.ApplicationContext.log ContextListener: attributeAdded('StockTicker', 'async.Stockticker@39fc6b2c')
09-Dec-2021 06:55:05.306 INFO [main] org.apache.catalina.core.ApplicationContext.log SessionListener: contextDestroyed()
09-Dec-2021 06:55:05.307 INFO [main] org.apache.catalina.core.ApplicationContext.log ContextListener: contextDestroyed()
09-Dec-2021 06:57:33.270 INFO [main] org.apache.catalina.core.ApplicationContext.log ContextListener: contextInitialized()
09-Dec-2021 06:57:33.271 INFO [main] org.apache.catalina.core.ApplicationContext.log SessionListener: contextInitialized()
09-Dec-2021 06:57:33.275 INFO [main] org.apache.catalina.core.ApplicationContext.log ContextListener: attributeAdded('StockTicker', 'async.Stockticker@6ac4944a')
09-Dec-2021 06:58:36.522 INFO [main] org.apache.catalina.core.ApplicationContext.log SessionListener: contextDestroyed()
09-Dec-2021 06:58:36.522 INFO [main] org.apache.catalina.core.ApplicationContext.log ContextListener: contextDestroyed()
09-Dec-2021 07:01:17.014 INFO [main] org.apache.catalina.core.ApplicationContext.log ContextListener: contextInitialized()
09-Dec-2021 07:01:17.015 INFO [main] org.apache.catalina.core.ApplicationContext.log SessionListener: contextInitialized()
09-Dec-2021 07:01:17.018 INFO [main] org.apache.catalina.core.ApplicationContext.log ContextListener: attributeAdded('StockTicker', 'async.Stockticker@59221b97')
09-Dec-2021 07:02:33.117 INFO [main] org.apache.catalina.core.ApplicationContext.log SessionListener: contextDestroyed()
09-Dec-2021 07:02:33.117 INFO [main] org.apache.catalina.core.ApplicationContext.log ContextListener: contextDestroyed()
09-Dec-2021 07:03:01.244 INFO [main] org.apache.catalina.core.ApplicationContext.log ContextListener: contextInitialized()
09-Dec-2021 07:03:01.244 INFO [main] org.apache.catalina.core.ApplicationContext.log SessionListener: contextInitialized()
09-Dec-2021 07:03:01.246 INFO [main] org.apache.catalina.core.ApplicationContext.log ContextListener: attributeAdded('StockTicker', 'async.Stockticker@2fb68ec6')
09-Dec-2021 07:04:04.938 INFO [main] org.apache.catalina.core.ApplicationContext.log SessionListener: contextDestroyed()
09-Dec-2021 07:04:04.938 INFO [main] org.apache.catalina.core.ApplicationContext.log ContextListener: contextDestroyed()
09-Dec-2021 07:15:49.669 INFO [main] org.apache.catalina.core.ApplicationContext.log ContextListener: contextInitialized()
09-Dec-2021 07:15:49.669 INFO [main] org.apache.catalina.core.ApplicationContext.log SessionListener: contextInitialized()
09-Dec-2021 07:15:49.671 INFO [main] org.apache.catalina.core.ApplicationContext.log ContextListener: attributeAdded('StockTicker', 'async.Stockticker@39fc6b2c')
09-Dec-2021 07:17:00.798 INFO [main] org.apache.catalina.core.ApplicationContext.log SessionListener: contextDestroyed()
09-Dec-2021 07:17:00.799 INFO [main] org.apache.catalina.core.ApplicationContext.log ContextListener: contextDestroyed()
09-Dec-2021 07:17:59.986 INFO [main] org.apache.catalina.core.ApplicationContext.log ContextListener: contextInitialized()
09-Dec-2021 07:17:59.987 INFO [main] org.apache.catalina.core.ApplicationContext.log SessionListener: contextInitialized()
09-Dec-2021 07:17:59.989 INFO [main] org.apache.catalina.core.ApplicationContext.log ContextListener: attributeAdded('StockTicker', 'async.Stockticker@5a772895')
09-Dec-2021 07:18:36.322 INFO [main] org.apache.catalina.core.ApplicationContext.log SessionListener: contextDestroyed()
09-Dec-2021 07:18:36.322 INFO [main] org.apache.catalina.core.ApplicationContext.log ContextListener: contextDestroyed()
09-Dec-2021 07:19:38.761 INFO [main] org.apache.catalina.core.ApplicationContext.log ContextListener: contextInitialized()
09-Dec-2021 07:19:38.762 INFO [main] org.apache.catalina.core.ApplicationContext.log SessionListener: contextInitialized()
09-Dec-2021 07:19:38.765 INFO [main] org.apache.catalina.core.ApplicationContext.log ContextListener: attributeAdded('StockTicker', 'async.Stockticker@39fc6b2c')
09-Dec-2021 07:20:17.086 INFO [main] org.apache.catalina.core.ApplicationContext.log SessionListener: contextDestroyed()
09-Dec-2021 07:20:17.087 INFO [main] org.apache.catalina.core.ApplicationContext.log ContextListener: contextDestroyed()
09-Dec-2021 07:25:33.876 INFO [main] org.apache.catalina.core.ApplicationContext.log ContextListener: contextInitialized()
09-Dec-2021 07:25:33.877 INFO [main] org.apache.catalina.core.ApplicationContext.log SessionListener: contextInitialized()
09-Dec-2021 07:25:33.879 INFO [main] org.apache.catalina.core.ApplicationContext.log ContextListener: attributeAdded('StockTicker', 'async.Stockticker@39fc6b2c')
09-Dec-2021 07:27:28.363 INFO [main] org.apache.catalina.core.ApplicationContext.log SessionListener: contextDestroyed()
09-Dec-2021 07:27:28.363 INFO [main] org.apache.catalina.core.ApplicationContext.log ContextListener: contextDestroyed()
09-Dec-2021 07:35:13.641 INFO [main] org.apache.catalina.core.ApplicationContext.log ContextListener: contextInitialized()
09-Dec-2021 07:35:13.643 INFO [main] org.apache.catalina.core.ApplicationContext.log SessionListener: contextInitialized()
09-Dec-2021 07:35:13.645 INFO [main] org.apache.catalina.core.ApplicationContext.log ContextListener: attributeAdded('StockTicker', 'async.Stockticker@5a772895')
09-Dec-2021 07:35:49.568 INFO [main] org.apache.catalina.core.ApplicationContext.log SessionListener: contextDestroyed()
09-Dec-2021 07:35:49.568 INFO [main] org.apache.catalina.core.ApplicationContext.log ContextListener: contextDestroyed()
09-Dec-2021 07:38:10.506 INFO [main] org.apache.catalina.core.ApplicationContext.log ContextListener: contextInitialized()
09-Dec-2021 07:38:10.506 INFO [main] org.apache.catalina.core.ApplicationContext.log SessionListener: contextInitialized()
09-Dec-2021 07:38:10.508 INFO [main] org.apache.catalina.core.ApplicationContext.log ContextListener: attributeAdded('StockTicker', 'async.Stockticker@49bd54f7')
09-Dec-2021 07:40:13.107 INFO [main] org.apache.catalina.core.ApplicationContext.log SessionListener: contextDestroyed()
09-Dec-2021 07:40:13.107 INFO [main] org.apache.catalina.core.ApplicationContext.log ContextListener: contextDestroyed()
09-Dec-2021 07:40:29.189 INFO [main] org.apache.catalina.core.ApplicationContext.log ContextListener: contextInitialized()
09-Dec-2021 07:40:29.190 INFO [main] org.apache.catalina.core.ApplicationContext.log SessionListener: contextInitialized()
09-Dec-2021 07:40:29.192 INFO [main] org.apache.catalina.core.ApplicationContext.log ContextListener: attributeAdded('StockTicker', 'async.Stockticker@1a1d3c1a')
09-Dec-2021 07:45:25.244 INFO [main] org.apache.catalina.core.ApplicationContext.log SessionListener: contextDestroyed()
09-Dec-2021 07:45:25.244 INFO [main] org.apache.catalina.core.ApplicationContext.log ContextListener: contextDestroyed()
09-Dec-2021 07:50:03.130 INFO [main] org.apache.catalina.core.ApplicationContext.log ContextListener: contextInitialized()
09-Dec-2021 07:50:03.131 INFO [main] org.apache.catalina.core.ApplicationContext.log SessionListener: contextInitialized()
09-Dec-2021 07:50:03.132 INFO [main] org.apache.catalina.core.ApplicationContext.log ContextListener: attributeAdded('StockTicker', 'async.Stockticker@59221b97')
09-Dec-2021 07:51:32.714 INFO [main] org.apache.catalina.core.ApplicationContext.log SessionListener: contextDestroyed()
09-Dec-2021 07:51:32.714 INFO [main] org.apache.catalina.core.ApplicationContext.log ContextListener: contextDestroyed()
09-Dec-2021 07:53:15.784 INFO [main] org.apache.catalina.core.ApplicationContext.log ContextListener: contextInitialized()
09-Dec-2021 07:53:15.797 INFO [main] org.apache.catalina.core.ApplicationContext.log SessionListener: contextInitialized()
09-Dec-2021 07:53:15.800 INFO [main] org.apache.catalina.core.ApplicationContext.log ContextListener: attributeAdded('StockTicker', 'async.Stockticker@39fc6b2c')
09-Dec-2021 07:55:01.057 INFO [main] org.apache.catalina.core.ApplicationContext.log SessionListener: contextDestroyed()
09-Dec-2021 07:55:01.058 INFO [main] org.apache.catalina.core.ApplicationContext.log ContextListener: contextDestroyed()
09-Dec-2021 07:55:11.303 INFO [main] org.apache.catalina.core.ApplicationContext.log ContextListener: contextInitialized()
09-Dec-2021 07:55:11.304 INFO [main] org.apache.catalina.core.ApplicationContext.log SessionListener: contextInitialized()
09-Dec-2021 07:55:11.310 INFO [main] org.apache.catalina.core.ApplicationContext.log ContextListener: attributeAdded('StockTicker', 'async.Stockticker@39fc6b2c')
09-Dec-2021 08:00:24.336 INFO [main] org.apache.catalina.core.ApplicationContext.log SessionListener: contextDestroyed()
09-Dec-2021 08:00:24.336 INFO [main] org.apache.catalina.core.ApplicationContext.log ContextListener: contextDestroyed()
09-Dec-2021 09:59:32.260 INFO [main] org.apache.catalina.core.ApplicationContext.log ContextListener: contextInitialized()
09-Dec-2021 09:59:32.260 INFO [main] org.apache.catalina.core.ApplicationContext.log SessionListener: contextInitialized()
09-Dec-2021 09:59:32.262 INFO [main] org.apache.catalina.core.ApplicationContext.log ContextListener: attributeAdded('StockTicker', 'async.Stockticker@6650813a')
09-Dec-2021 10:10:41.108 INFO [main] org.apache.catalina.core.ApplicationContext.log SessionListener: contextDestroyed()
09-Dec-2021 10:10:41.108 INFO [main] org.apache.catalina.core.ApplicationContext.log ContextListener: contextDestroyed()
09-Dec-2021 10:10:56.378 INFO [main] org.apache.catalina.core.ApplicationContext.log ContextListener: contextInitialized()
09-Dec-2021 10:10:56.382 INFO [main] org.apache.catalina.core.ApplicationContext.log SessionListener: contextInitialized()
09-Dec-2021 10:10:56.384 INFO [main] org.apache.catalina.core.ApplicationContext.log ContextListener: attributeAdded('StockTicker', 'async.Stockticker@39fc6b2c')
09-Dec-2021 10:24:10.716 INFO [Thread-2] org.apache.catalina.core.ApplicationContext.log SessionListener: contextDestroyed()
09-Dec-2021 10:24:10.720 INFO [Thread-2] org.apache.catalina.core.ApplicationContext.log ContextListener: contextDestroyed()
09-Dec-2021 10:41:39.428 INFO [main] org.apache.catalina.core.ApplicationContext.log ContextListener: contextInitialized()
09-Dec-2021 10:41:39.428 INFO [main] org.apache.catalina.core.ApplicationContext.log SessionListener: contextInitialized()
09-Dec-2021 10:41:39.442 INFO [main] org.apache.catalina.core.ApplicationContext.log ContextListener: attributeAdded('StockTicker', 'async.Stockticker@704b2127')
09-Dec-2021 11:59:51.180 INFO [Thread-2] org.apache.catalina.core.ApplicationContext.log SessionListener: contextDestroyed()
09-Dec-2021 11:59:51.180 INFO [Thread-2] org.apache.catalina.core.ApplicationContext.log ContextListener: contextDestroyed()
09-Dec-2021 12:05:38.342 INFO [main] org.apache.catalina.core.ApplicationContext.log ContextListener: contextInitialized()
09-Dec-2021 12:05:38.342 INFO [main] org.apache.catalina.core.ApplicationContext.log SessionListener: contextInitialized()
09-Dec-2021 12:05:38.344 INFO [main] org.apache.catalina.core.ApplicationContext.log ContextListener: attributeAdded('StockTicker', 'async.Stockticker@39fc6b2c')
09-Dec-2021 12:10:13.103 INFO [main] org.apache.catalina.core.ApplicationContext.log SessionListener: contextDestroyed()
09-Dec-2021 12:10:13.104 INFO [main] org.apache.catalina.core.ApplicationContext.log ContextListener: contextDestroyed()
09-Dec-2021 12:10:50.961 INFO [main] org.apache.catalina.core.ApplicationContext.log ContextListener: contextInitialized()
09-Dec-2021 12:10:50.961 INFO [main] org.apache.catalina.core.ApplicationContext.log SessionListener: contextInitialized()
09-Dec-2021 12:10:50.969 INFO [main] org.apache.catalina.core.ApplicationContext.log ContextListener: attributeAdded('StockTicker', 'async.Stockticker@704b2127')
09-Dec-2021 12:13:02.377 INFO [main] org.apache.catalina.core.ApplicationContext.log SessionListener: contextDestroyed()
09-Dec-2021 12:13:02.377 INFO [main] org.apache.catalina.core.ApplicationContext.log ContextListener: contextDestroyed()
