05-Oct-2021 20:12:56.420 INFO [main] org.apache.catalina.core.ApplicationContext.log ContextListener: contextInitialized()
05-Oct-2021 20:12:56.420 INFO [main] org.apache.catalina.core.ApplicationContext.log SessionListener: contextInitialized()
05-Oct-2021 20:12:56.428 INFO [main] org.apache.catalina.core.ApplicationContext.log ContextListener: attributeAdded('StockTicker', 'async.Stockticker@6ac4944a')
05-Oct-2021 20:13:09.853 INFO [main] org.apache.catalina.core.ApplicationContext.log SessionListener: contextDestroyed()
05-Oct-2021 20:13:09.853 INFO [main] org.apache.catalina.core.ApplicationContext.log ContextListener: contextDestroyed()
05-Oct-2021 20:14:17.309 INFO [main] org.apache.catalina.core.ApplicationContext.log ContextListener: contextInitialized()
05-Oct-2021 20:14:17.309 INFO [main] org.apache.catalina.core.ApplicationContext.log SessionListener: contextInitialized()
05-Oct-2021 20:14:17.310 INFO [main] org.apache.catalina.core.ApplicationContext.log ContextListener: attributeAdded('StockTicker', 'async.Stockticker@5a772895')
05-Oct-2021 20:14:53.098 INFO [main] org.apache.catalina.core.ApplicationContext.log SessionListener: contextDestroyed()
05-Oct-2021 20:14:53.098 INFO [main] org.apache.catalina.core.ApplicationContext.log ContextListener: contextDestroyed()
05-Oct-2021 20:15:16.224 INFO [main] org.apache.catalina.core.ApplicationContext.log ContextListener: contextInitialized()
05-Oct-2021 20:15:16.224 INFO [main] org.apache.catalina.core.ApplicationContext.log SessionListener: contextInitialized()
05-Oct-2021 20:15:16.225 INFO [main] org.apache.catalina.core.ApplicationContext.log ContextListener: attributeAdded('StockTicker', 'async.Stockticker@59221b97')
05-Oct-2021 20:20:53.818 INFO [main] org.apache.catalina.core.ApplicationContext.log SessionListener: contextDestroyed()
05-Oct-2021 20:20:53.818 INFO [main] org.apache.catalina.core.ApplicationContext.log ContextListener: contextDestroyed()
05-Oct-2021 20:21:03.991 INFO [main] org.apache.catalina.core.ApplicationContext.log ContextListener: contextInitialized()
05-Oct-2021 20:21:03.991 INFO [main] org.apache.catalina.core.ApplicationContext.log SessionListener: contextInitialized()
05-Oct-2021 20:21:03.992 INFO [main] org.apache.catalina.core.ApplicationContext.log ContextListener: attributeAdded('StockTicker', 'async.Stockticker@24528a25')
05-Oct-2021 20:32:42.042 INFO [main] org.apache.catalina.core.ApplicationContext.log SessionListener: contextDestroyed()
05-Oct-2021 20:32:42.042 INFO [main] org.apache.catalina.core.ApplicationContext.log ContextListener: contextDestroyed()
05-Oct-2021 20:35:43.558 INFO [main] org.apache.catalina.core.ApplicationContext.log ContextListener: contextInitialized()
05-Oct-2021 20:35:43.559 INFO [main] org.apache.catalina.core.ApplicationContext.log SessionListener: contextInitialized()
05-Oct-2021 20:35:43.560 INFO [main] org.apache.catalina.core.ApplicationContext.log ContextListener: attributeAdded('StockTicker', 'async.Stockticker@159e366')
05-Oct-2021 20:51:25.475 INFO [main] org.apache.catalina.core.ApplicationContext.log SessionListener: contextDestroyed()
05-Oct-2021 20:51:25.475 INFO [main] org.apache.catalina.core.ApplicationContext.log ContextListener: contextDestroyed()
05-Oct-2021 20:52:48.193 INFO [main] org.apache.catalina.core.ApplicationContext.log ContextListener: contextInitialized()
05-Oct-2021 20:52:48.193 INFO [main] org.apache.catalina.core.ApplicationContext.log SessionListener: contextInitialized()
05-Oct-2021 20:52:48.199 INFO [main] org.apache.catalina.core.ApplicationContext.log ContextListener: attributeAdded('StockTicker', 'async.Stockticker@159e366')
05-Oct-2021 20:55:42.201 INFO [main] org.apache.catalina.core.ApplicationContext.log SessionListener: contextDestroyed()
05-Oct-2021 20:55:42.201 INFO [main] org.apache.catalina.core.ApplicationContext.log ContextListener: contextDestroyed()
