06-Dec-2021 09:18:57.328 INFO [main] org.apache.catalina.core.ApplicationContext.log ContextListener: contextInitialized()
06-Dec-2021 09:18:57.328 INFO [main] org.apache.catalina.core.ApplicationContext.log SessionListener: contextInitialized()
06-Dec-2021 09:18:57.330 INFO [main] org.apache.catalina.core.ApplicationContext.log ContextListener: attributeAdded('StockTicker', 'async.Stockticker@7544a1e4')
06-Dec-2021 09:20:47.711 INFO [main] org.apache.catalina.core.ApplicationContext.log SessionListener: contextDestroyed()
06-Dec-2021 09:20:47.711 INFO [main] org.apache.catalina.core.ApplicationContext.log ContextListener: contextDestroyed()
06-Dec-2021 09:35:50.117 INFO [main] org.apache.catalina.core.ApplicationContext.log ContextListener: contextInitialized()
06-Dec-2021 09:35:50.117 INFO [main] org.apache.catalina.core.ApplicationContext.log SessionListener: contextInitialized()
06-Dec-2021 09:35:50.120 INFO [main] org.apache.catalina.core.ApplicationContext.log ContextListener: attributeAdded('StockTicker', 'async.Stockticker@65f87a2c')
06-Dec-2021 09:36:18.243 INFO [main] org.apache.catalina.core.ApplicationContext.log SessionListener: contextDestroyed()
06-Dec-2021 09:36:18.244 INFO [main] org.apache.catalina.core.ApplicationContext.log ContextListener: contextDestroyed()
06-Dec-2021 09:37:23.431 INFO [main] org.apache.catalina.core.ApplicationContext.log ContextListener: contextInitialized()
06-Dec-2021 09:37:23.431 INFO [main] org.apache.catalina.core.ApplicationContext.log SessionListener: contextInitialized()
06-Dec-2021 09:37:23.433 INFO [main] org.apache.catalina.core.ApplicationContext.log ContextListener: attributeAdded('StockTicker', 'async.Stockticker@6ac4944a')
06-Dec-2021 09:39:58.275 INFO [main] org.apache.catalina.core.ApplicationContext.log SessionListener: contextDestroyed()
06-Dec-2021 09:39:58.276 INFO [main] org.apache.catalina.core.ApplicationContext.log ContextListener: contextDestroyed()
06-Dec-2021 09:40:27.986 INFO [main] org.apache.catalina.core.ApplicationContext.log ContextListener: contextInitialized()
06-Dec-2021 09:40:27.987 INFO [main] org.apache.catalina.core.ApplicationContext.log SessionListener: contextInitialized()
06-Dec-2021 09:40:27.995 INFO [main] org.apache.catalina.core.ApplicationContext.log ContextListener: attributeAdded('StockTicker', 'async.Stockticker@704b2127')
06-Dec-2021 09:49:10.662 INFO [main] org.apache.catalina.core.ApplicationContext.log SessionListener: contextDestroyed()
06-Dec-2021 09:49:10.662 INFO [main] org.apache.catalina.core.ApplicationContext.log ContextListener: contextDestroyed()
06-Dec-2021 09:49:55.026 INFO [main] org.apache.catalina.core.ApplicationContext.log ContextListener: contextInitialized()
06-Dec-2021 09:49:55.026 INFO [main] org.apache.catalina.core.ApplicationContext.log SessionListener: contextInitialized()
06-Dec-2021 09:49:55.048 INFO [main] org.apache.catalina.core.ApplicationContext.log ContextListener: attributeAdded('StockTicker', 'async.Stockticker@704b2127')
06-Dec-2021 09:59:16.911 INFO [main] org.apache.catalina.core.ApplicationContext.log SessionListener: contextDestroyed()
06-Dec-2021 09:59:16.911 INFO [main] org.apache.catalina.core.ApplicationContext.log ContextListener: contextDestroyed()
06-Dec-2021 10:07:38.711 INFO [main] org.apache.catalina.core.ApplicationContext.log ContextListener: contextInitialized()
06-Dec-2021 10:07:38.714 INFO [main] org.apache.catalina.core.ApplicationContext.log SessionListener: contextInitialized()
06-Dec-2021 10:07:38.716 INFO [main] org.apache.catalina.core.ApplicationContext.log ContextListener: attributeAdded('StockTicker', 'async.Stockticker@d71adc2')
06-Dec-2021 10:12:54.371 INFO [main] org.apache.catalina.core.ApplicationContext.log SessionListener: contextDestroyed()
06-Dec-2021 10:12:54.371 INFO [main] org.apache.catalina.core.ApplicationContext.log ContextListener: contextDestroyed()
06-Dec-2021 10:31:32.392 INFO [main] org.apache.catalina.core.ApplicationContext.log ContextListener: contextInitialized()
06-Dec-2021 10:31:32.393 INFO [main] org.apache.catalina.core.ApplicationContext.log SessionListener: contextInitialized()
06-Dec-2021 10:31:32.396 INFO [main] org.apache.catalina.core.ApplicationContext.log ContextListener: attributeAdded('StockTicker', 'async.Stockticker@39fc6b2c')
06-Dec-2021 10:34:34.038 INFO [main] org.apache.catalina.core.ApplicationContext.log SessionListener: contextDestroyed()
06-Dec-2021 10:34:34.039 INFO [main] org.apache.catalina.core.ApplicationContext.log ContextListener: contextDestroyed()
06-Dec-2021 14:50:36.583 INFO [main] org.apache.catalina.core.ApplicationContext.log ContextListener: contextInitialized()
06-Dec-2021 14:50:36.583 INFO [main] org.apache.catalina.core.ApplicationContext.log SessionListener: contextInitialized()
06-Dec-2021 14:50:36.586 INFO [main] org.apache.catalina.core.ApplicationContext.log ContextListener: attributeAdded('StockTicker', 'async.Stockticker@704b2127')
06-Dec-2021 14:59:35.379 INFO [main] org.apache.catalina.core.ApplicationContext.log SessionListener: contextDestroyed()
06-Dec-2021 14:59:35.386 INFO [main] org.apache.catalina.core.ApplicationContext.log ContextListener: contextDestroyed()
06-Dec-2021 15:02:03.943 INFO [main] org.apache.catalina.core.ApplicationContext.log ContextListener: contextInitialized()
06-Dec-2021 15:02:03.944 INFO [main] org.apache.catalina.core.ApplicationContext.log SessionListener: contextInitialized()
06-Dec-2021 15:02:03.951 INFO [main] org.apache.catalina.core.ApplicationContext.log ContextListener: attributeAdded('StockTicker', 'async.Stockticker@39fc6b2c')
06-Dec-2021 15:02:21.080 INFO [main] org.apache.catalina.core.ApplicationContext.log SessionListener: contextDestroyed()
06-Dec-2021 15:02:21.081 INFO [main] org.apache.catalina.core.ApplicationContext.log ContextListener: contextDestroyed()
06-Dec-2021 15:02:28.560 INFO [main] org.apache.catalina.core.ApplicationContext.log ContextListener: contextInitialized()
06-Dec-2021 15:02:28.560 INFO [main] org.apache.catalina.core.ApplicationContext.log SessionListener: contextInitialized()
06-Dec-2021 15:02:28.562 INFO [main] org.apache.catalina.core.ApplicationContext.log ContextListener: attributeAdded('StockTicker', 'async.Stockticker@285f09de')
06-Dec-2021 15:02:37.876 INFO [main] org.apache.catalina.core.ApplicationContext.log SessionListener: contextDestroyed()
06-Dec-2021 15:02:37.876 INFO [main] org.apache.catalina.core.ApplicationContext.log ContextListener: contextDestroyed()
06-Dec-2021 15:03:06.647 INFO [main] org.apache.catalina.core.ApplicationContext.log ContextListener: contextInitialized()
06-Dec-2021 15:03:06.647 INFO [main] org.apache.catalina.core.ApplicationContext.log SessionListener: contextInitialized()
06-Dec-2021 15:03:06.649 INFO [main] org.apache.catalina.core.ApplicationContext.log ContextListener: attributeAdded('StockTicker', 'async.Stockticker@39fc6b2c')
06-Dec-2021 15:06:12.085 INFO [main] org.apache.catalina.core.ApplicationContext.log SessionListener: contextDestroyed()
06-Dec-2021 15:06:12.085 INFO [main] org.apache.catalina.core.ApplicationContext.log ContextListener: contextDestroyed()
06-Dec-2021 15:11:00.516 INFO [main] org.apache.catalina.core.ApplicationContext.log ContextListener: contextInitialized()
06-Dec-2021 15:11:00.517 INFO [main] org.apache.catalina.core.ApplicationContext.log SessionListener: contextInitialized()
06-Dec-2021 15:11:00.520 INFO [main] org.apache.catalina.core.ApplicationContext.log ContextListener: attributeAdded('StockTicker', 'async.Stockticker@5a772895')
06-Dec-2021 15:11:03.714 INFO [main] org.apache.catalina.core.ApplicationContext.log SessionListener: contextDestroyed()
06-Dec-2021 15:11:03.714 INFO [main] org.apache.catalina.core.ApplicationContext.log ContextListener: contextDestroyed()
06-Dec-2021 15:11:22.710 INFO [main] org.apache.catalina.core.ApplicationContext.log ContextListener: contextInitialized()
06-Dec-2021 15:11:22.711 INFO [main] org.apache.catalina.core.ApplicationContext.log SessionListener: contextInitialized()
06-Dec-2021 15:11:22.715 INFO [main] org.apache.catalina.core.ApplicationContext.log ContextListener: attributeAdded('StockTicker', 'async.Stockticker@59221b97')
06-Dec-2021 15:12:45.602 INFO [main] org.apache.catalina.core.ApplicationContext.log SessionListener: contextDestroyed()
06-Dec-2021 15:12:45.602 INFO [main] org.apache.catalina.core.ApplicationContext.log ContextListener: contextDestroyed()
06-Dec-2021 15:13:11.848 INFO [main] org.apache.catalina.core.ApplicationContext.log ContextListener: contextInitialized()
06-Dec-2021 15:13:11.849 INFO [main] org.apache.catalina.core.ApplicationContext.log SessionListener: contextInitialized()
06-Dec-2021 15:13:11.851 INFO [main] org.apache.catalina.core.ApplicationContext.log ContextListener: attributeAdded('StockTicker', 'async.Stockticker@d71adc2')
06-Dec-2021 15:15:43.002 INFO [main] org.apache.catalina.core.ApplicationContext.log SessionListener: contextDestroyed()
06-Dec-2021 15:15:43.002 INFO [main] org.apache.catalina.core.ApplicationContext.log ContextListener: contextDestroyed()
06-Dec-2021 15:39:16.805 INFO [main] org.apache.catalina.core.ApplicationContext.log ContextListener: contextInitialized()
06-Dec-2021 15:39:16.806 INFO [main] org.apache.catalina.core.ApplicationContext.log SessionListener: contextInitialized()
06-Dec-2021 15:39:16.809 INFO [main] org.apache.catalina.core.ApplicationContext.log ContextListener: attributeAdded('StockTicker', 'async.Stockticker@704b2127')
06-Dec-2021 15:44:58.831 INFO [main] org.apache.catalina.core.ApplicationContext.log SessionListener: contextDestroyed()
06-Dec-2021 15:44:58.831 INFO [main] org.apache.catalina.core.ApplicationContext.log ContextListener: contextDestroyed()
06-Dec-2021 15:45:20.448 INFO [main] org.apache.catalina.core.ApplicationContext.log ContextListener: contextInitialized()
06-Dec-2021 15:45:20.449 INFO [main] org.apache.catalina.core.ApplicationContext.log SessionListener: contextInitialized()
06-Dec-2021 15:45:20.452 INFO [main] org.apache.catalina.core.ApplicationContext.log ContextListener: attributeAdded('StockTicker', 'async.Stockticker@704b2127')
06-Dec-2021 15:46:03.887 INFO [main] org.apache.catalina.core.ApplicationContext.log SessionListener: contextDestroyed()
06-Dec-2021 15:46:03.887 INFO [main] org.apache.catalina.core.ApplicationContext.log ContextListener: contextDestroyed()
06-Dec-2021 20:24:09.206 INFO [main] org.apache.catalina.core.ApplicationContext.log ContextListener: contextInitialized()
06-Dec-2021 20:24:09.207 INFO [main] org.apache.catalina.core.ApplicationContext.log SessionListener: contextInitialized()
06-Dec-2021 20:24:09.209 INFO [main] org.apache.catalina.core.ApplicationContext.log ContextListener: attributeAdded('StockTicker', 'async.Stockticker@39fc6b2c')
06-Dec-2021 20:41:38.271 INFO [main] org.apache.catalina.core.ApplicationContext.log SessionListener: contextDestroyed()
06-Dec-2021 20:41:38.271 INFO [main] org.apache.catalina.core.ApplicationContext.log ContextListener: contextDestroyed()
