12-Feb-2022 14:21:40.642 INFO [main] org.apache.catalina.core.ApplicationContext.log ContextListener: contextInitialized()
12-Feb-2022 14:21:40.642 INFO [main] org.apache.catalina.core.ApplicationContext.log SessionListener: contextInitialized()
12-Feb-2022 14:21:40.643 INFO [main] org.apache.catalina.core.ApplicationContext.log ContextListener: attributeAdded('StockTicker', 'async.Stockticker@c074c0c')
12-Feb-2022 14:22:06.979 SEVERE [http-nio-8080-exec-8] org.apache.catalina.core.StandardWrapperValve.invoke Servlet.service() for servlet [FilterServlet] in context with path [] threw exception
	java.lang.NullPointerException: Cannot invoke "java.awt.image.BufferedImage.getColorModel()" because "bi" is null
		at io.rastered.app.service.ImageProcessor.deepCopy(ImageProcessor.java:29)
		at io.rastered.app.service.ImageProcessor.<init>(ImageProcessor.java:14)
		at io.rastered.app.service.FilterServlet.doPost(FilterServlet.java:60)
		at jakarta.servlet.http.HttpServlet.service(HttpServlet.java:689)
		at jakarta.servlet.http.HttpServlet.service(HttpServlet.java:770)
		at org.apache.catalina.core.ApplicationFilterChain.internalDoFilter(ApplicationFilterChain.java:223)
		at org.apache.catalina.core.ApplicationFilterChain.doFilter(ApplicationFilterChain.java:158)
		at org.apache.tomcat.websocket.server.WsFilter.doFilter(WsFilter.java:53)
		at org.apache.catalina.core.ApplicationFilterChain.internalDoFilter(ApplicationFilterChain.java:185)
		at org.apache.catalina.core.ApplicationFilterChain.doFilter(ApplicationFilterChain.java:158)
		at io.rastered.app.filters.RequestFilter.doFilter(RequestFilter.java:36)
		at org.apache.catalina.core.ApplicationFilterChain.internalDoFilter(ApplicationFilterChain.java:185)
		at org.apache.catalina.core.ApplicationFilterChain.doFilter(ApplicationFilterChain.java:158)
		at org.apache.catalina.core.StandardWrapperValve.invoke(StandardWrapperValve.java:202)
		at org.apache.catalina.core.StandardContextValve.invoke(StandardContextValve.java:97)
		at org.apache.catalina.authenticator.AuthenticatorBase.invoke(AuthenticatorBase.java:543)
		at org.apache.catalina.core.StandardHostValve.invoke(StandardHostValve.java:127)
		at org.apache.catalina.valves.ErrorReportValve.invoke(ErrorReportValve.java:92)
		at org.apache.catalina.valves.AbstractAccessLogValve.invoke(AbstractAccessLogValve.java:690)
		at org.apache.catalina.core.StandardEngineValve.invoke(StandardEngineValve.java:78)
		at org.apache.catalina.connector.CoyoteAdapter.service(CoyoteAdapter.java:353)
		at org.apache.coyote.http11.Http11Processor.service(Http11Processor.java:374)
		at org.apache.coyote.AbstractProcessorLight.process(AbstractProcessorLight.java:65)
		at org.apache.coyote.AbstractProtocol$ConnectionHandler.process(AbstractProtocol.java:870)
		at org.apache.tomcat.util.net.NioEndpoint$SocketProcessor.doRun(NioEndpoint.java:1696)
		at org.apache.tomcat.util.net.SocketProcessorBase.run(SocketProcessorBase.java:49)
		at java.base/java.util.concurrent.ThreadPoolExecutor.runWorker(ThreadPoolExecutor.java:1136)
		at java.base/java.util.concurrent.ThreadPoolExecutor$Worker.run(ThreadPoolExecutor.java:635)
		at org.apache.tomcat.util.threads.TaskThread$WrappingRunnable.run(TaskThread.java:61)
		at java.base/java.lang.Thread.run(Thread.java:833)
12-Feb-2022 14:23:04.234 INFO [main] org.apache.catalina.core.ApplicationContext.log SessionListener: contextDestroyed()
12-Feb-2022 14:23:04.234 INFO [main] org.apache.catalina.core.ApplicationContext.log ContextListener: contextDestroyed()
12-Feb-2022 14:23:26.302 INFO [main] org.apache.catalina.core.ApplicationContext.log ContextListener: contextInitialized()
12-Feb-2022 14:23:26.303 INFO [main] org.apache.catalina.core.ApplicationContext.log SessionListener: contextInitialized()
12-Feb-2022 14:23:26.307 INFO [main] org.apache.catalina.core.ApplicationContext.log ContextListener: attributeAdded('StockTicker', 'async.Stockticker@236ab296')
12-Feb-2022 14:23:30.568 SEVERE [http-nio-8080-exec-1] org.apache.catalina.core.StandardWrapperValve.invoke Servlet.service() for servlet [FilterServlet] in context with path [] threw exception
	java.lang.NullPointerException: Cannot invoke "java.awt.image.BufferedImage.getColorModel()" because "bi" is null
		at io.rastered.app.service.ImageProcessor.deepCopy(ImageProcessor.java:29)
		at io.rastered.app.service.ImageProcessor.<init>(ImageProcessor.java:14)
		at io.rastered.app.service.FilterServlet.doPost(FilterServlet.java:60)
		at jakarta.servlet.http.HttpServlet.service(HttpServlet.java:689)
		at jakarta.servlet.http.HttpServlet.service(HttpServlet.java:770)
		at org.apache.catalina.core.ApplicationFilterChain.internalDoFilter(ApplicationFilterChain.java:223)
		at org.apache.catalina.core.ApplicationFilterChain.doFilter(ApplicationFilterChain.java:158)
		at org.apache.tomcat.websocket.server.WsFilter.doFilter(WsFilter.java:53)
		at org.apache.catalina.core.ApplicationFilterChain.internalDoFilter(ApplicationFilterChain.java:185)
		at org.apache.catalina.core.ApplicationFilterChain.doFilter(ApplicationFilterChain.java:158)
		at io.rastered.app.filters.RequestFilter.doFilter(RequestFilter.java:36)
		at org.apache.catalina.core.ApplicationFilterChain.internalDoFilter(ApplicationFilterChain.java:185)
		at org.apache.catalina.core.ApplicationFilterChain.doFilter(ApplicationFilterChain.java:158)
		at org.apache.catalina.core.StandardWrapperValve.invoke(StandardWrapperValve.java:202)
		at org.apache.catalina.core.StandardContextValve.invoke(StandardContextValve.java:97)
		at org.apache.catalina.authenticator.AuthenticatorBase.invoke(AuthenticatorBase.java:543)
		at org.apache.catalina.core.StandardHostValve.invoke(StandardHostValve.java:127)
		at org.apache.catalina.valves.ErrorReportValve.invoke(ErrorReportValve.java:92)
		at org.apache.catalina.valves.AbstractAccessLogValve.invoke(AbstractAccessLogValve.java:690)
		at org.apache.catalina.core.StandardEngineValve.invoke(StandardEngineValve.java:78)
		at org.apache.catalina.connector.CoyoteAdapter.service(CoyoteAdapter.java:353)
		at org.apache.coyote.http11.Http11Processor.service(Http11Processor.java:374)
		at org.apache.coyote.AbstractProcessorLight.process(AbstractProcessorLight.java:65)
		at org.apache.coyote.AbstractProtocol$ConnectionHandler.process(AbstractProtocol.java:870)
		at org.apache.tomcat.util.net.NioEndpoint$SocketProcessor.doRun(NioEndpoint.java:1696)
		at org.apache.tomcat.util.net.SocketProcessorBase.run(SocketProcessorBase.java:49)
		at java.base/java.util.concurrent.ThreadPoolExecutor.runWorker(ThreadPoolExecutor.java:1136)
		at java.base/java.util.concurrent.ThreadPoolExecutor$Worker.run(ThreadPoolExecutor.java:635)
		at org.apache.tomcat.util.threads.TaskThread$WrappingRunnable.run(TaskThread.java:61)
		at java.base/java.lang.Thread.run(Thread.java:833)
12-Feb-2022 14:24:13.459 INFO [main] org.apache.catalina.core.ApplicationContext.log SessionListener: contextDestroyed()
12-Feb-2022 14:24:13.459 INFO [main] org.apache.catalina.core.ApplicationContext.log ContextListener: contextDestroyed()
12-Feb-2022 14:25:18.503 INFO [main] org.apache.catalina.core.ApplicationContext.log ContextListener: contextInitialized()
12-Feb-2022 14:25:18.503 INFO [main] org.apache.catalina.core.ApplicationContext.log SessionListener: contextInitialized()
12-Feb-2022 14:25:18.508 INFO [main] org.apache.catalina.core.ApplicationContext.log ContextListener: attributeAdded('StockTicker', 'async.Stockticker@55a8dc49')
12-Feb-2022 14:25:26.488 SEVERE [http-nio-8080-exec-6] org.apache.catalina.core.StandardWrapperValve.invoke Servlet.service() for servlet [FilterServlet] in context with path [] threw exception
	java.lang.NullPointerException: Cannot invoke "java.awt.image.BufferedImage.getColorModel()" because "bi" is null
		at io.rastered.app.service.ImageProcessor.deepCopy(ImageProcessor.java:29)
		at io.rastered.app.service.ImageProcessor.<init>(ImageProcessor.java:14)
		at io.rastered.app.service.FilterServlet.doPost(FilterServlet.java:60)
		at jakarta.servlet.http.HttpServlet.service(HttpServlet.java:689)
		at jakarta.servlet.http.HttpServlet.service(HttpServlet.java:770)
		at org.apache.catalina.core.ApplicationFilterChain.internalDoFilter(ApplicationFilterChain.java:223)
		at org.apache.catalina.core.ApplicationFilterChain.doFilter(ApplicationFilterChain.java:158)
		at org.apache.tomcat.websocket.server.WsFilter.doFilter(WsFilter.java:53)
		at org.apache.catalina.core.ApplicationFilterChain.internalDoFilter(ApplicationFilterChain.java:185)
		at org.apache.catalina.core.ApplicationFilterChain.doFilter(ApplicationFilterChain.java:158)
		at io.rastered.app.filters.RequestFilter.doFilter(RequestFilter.java:36)
		at org.apache.catalina.core.ApplicationFilterChain.internalDoFilter(ApplicationFilterChain.java:185)
		at org.apache.catalina.core.ApplicationFilterChain.doFilter(ApplicationFilterChain.java:158)
		at org.apache.catalina.core.StandardWrapperValve.invoke(StandardWrapperValve.java:202)
		at org.apache.catalina.core.StandardContextValve.invoke(StandardContextValve.java:97)
		at org.apache.catalina.authenticator.AuthenticatorBase.invoke(AuthenticatorBase.java:543)
		at org.apache.catalina.core.StandardHostValve.invoke(StandardHostValve.java:127)
		at org.apache.catalina.valves.ErrorReportValve.invoke(ErrorReportValve.java:92)
		at org.apache.catalina.valves.AbstractAccessLogValve.invoke(AbstractAccessLogValve.java:690)
		at org.apache.catalina.core.StandardEngineValve.invoke(StandardEngineValve.java:78)
		at org.apache.catalina.connector.CoyoteAdapter.service(CoyoteAdapter.java:353)
		at org.apache.coyote.http11.Http11Processor.service(Http11Processor.java:374)
		at org.apache.coyote.AbstractProcessorLight.process(AbstractProcessorLight.java:65)
		at org.apache.coyote.AbstractProtocol$ConnectionHandler.process(AbstractProtocol.java:870)
		at org.apache.tomcat.util.net.NioEndpoint$SocketProcessor.doRun(NioEndpoint.java:1696)
		at org.apache.tomcat.util.net.SocketProcessorBase.run(SocketProcessorBase.java:49)
		at java.base/java.util.concurrent.ThreadPoolExecutor.runWorker(ThreadPoolExecutor.java:1136)
		at java.base/java.util.concurrent.ThreadPoolExecutor$Worker.run(ThreadPoolExecutor.java:635)
		at org.apache.tomcat.util.threads.TaskThread$WrappingRunnable.run(TaskThread.java:61)
		at java.base/java.lang.Thread.run(Thread.java:833)
12-Feb-2022 14:25:50.943 INFO [main] org.apache.catalina.core.ApplicationContext.log SessionListener: contextDestroyed()
12-Feb-2022 14:25:50.944 INFO [main] org.apache.catalina.core.ApplicationContext.log ContextListener: contextDestroyed()
12-Feb-2022 14:26:10.283 INFO [main] org.apache.catalina.core.ApplicationContext.log ContextListener: contextInitialized()
12-Feb-2022 14:26:10.283 INFO [main] org.apache.catalina.core.ApplicationContext.log SessionListener: contextInitialized()
12-Feb-2022 14:26:10.288 INFO [main] org.apache.catalina.core.ApplicationContext.log ContextListener: attributeAdded('StockTicker', 'async.Stockticker@55a8dc49')
12-Feb-2022 14:26:20.151 INFO [main] org.apache.catalina.core.ApplicationContext.log SessionListener: contextDestroyed()
12-Feb-2022 14:26:20.151 INFO [main] org.apache.catalina.core.ApplicationContext.log ContextListener: contextDestroyed()
12-Feb-2022 14:26:35.179 INFO [main] org.apache.catalina.core.ApplicationContext.log ContextListener: contextInitialized()
12-Feb-2022 14:26:35.179 INFO [main] org.apache.catalina.core.ApplicationContext.log SessionListener: contextInitialized()
12-Feb-2022 14:26:35.183 INFO [main] org.apache.catalina.core.ApplicationContext.log ContextListener: attributeAdded('StockTicker', 'async.Stockticker@53cdecf6')
12-Feb-2022 14:26:47.775 SEVERE [http-nio-8080-exec-1] org.apache.catalina.core.StandardWrapperValve.invoke Servlet.service() for servlet [FilterServlet] in context with path [] threw exception
	java.lang.NullPointerException: Cannot invoke "java.awt.image.BufferedImage.getColorModel()" because "bi" is null
		at io.rastered.app.service.ImageProcessor.deepCopy(ImageProcessor.java:29)
		at io.rastered.app.service.ImageProcessor.<init>(ImageProcessor.java:14)
		at io.rastered.app.service.FilterServlet.doPost(FilterServlet.java:60)
		at jakarta.servlet.http.HttpServlet.service(HttpServlet.java:689)
		at jakarta.servlet.http.HttpServlet.service(HttpServlet.java:770)
		at org.apache.catalina.core.ApplicationFilterChain.internalDoFilter(ApplicationFilterChain.java:223)
		at org.apache.catalina.core.ApplicationFilterChain.doFilter(ApplicationFilterChain.java:158)
		at org.apache.tomcat.websocket.server.WsFilter.doFilter(WsFilter.java:53)
		at org.apache.catalina.core.ApplicationFilterChain.internalDoFilter(ApplicationFilterChain.java:185)
		at org.apache.catalina.core.ApplicationFilterChain.doFilter(ApplicationFilterChain.java:158)
		at io.rastered.app.filters.RequestFilter.doFilter(RequestFilter.java:36)
		at org.apache.catalina.core.ApplicationFilterChain.internalDoFilter(ApplicationFilterChain.java:185)
		at org.apache.catalina.core.ApplicationFilterChain.doFilter(ApplicationFilterChain.java:158)
		at org.apache.catalina.core.StandardWrapperValve.invoke(StandardWrapperValve.java:202)
		at org.apache.catalina.core.StandardContextValve.invoke(StandardContextValve.java:97)
		at org.apache.catalina.authenticator.AuthenticatorBase.invoke(AuthenticatorBase.java:543)
		at org.apache.catalina.core.StandardHostValve.invoke(StandardHostValve.java:127)
		at org.apache.catalina.valves.ErrorReportValve.invoke(ErrorReportValve.java:92)
		at org.apache.catalina.valves.AbstractAccessLogValve.invoke(AbstractAccessLogValve.java:690)
		at org.apache.catalina.core.StandardEngineValve.invoke(StandardEngineValve.java:78)
		at org.apache.catalina.connector.CoyoteAdapter.service(CoyoteAdapter.java:353)
		at org.apache.coyote.http11.Http11Processor.service(Http11Processor.java:374)
		at org.apache.coyote.AbstractProcessorLight.process(AbstractProcessorLight.java:65)
		at org.apache.coyote.AbstractProtocol$ConnectionHandler.process(AbstractProtocol.java:870)
		at org.apache.tomcat.util.net.NioEndpoint$SocketProcessor.doRun(NioEndpoint.java:1696)
		at org.apache.tomcat.util.net.SocketProcessorBase.run(SocketProcessorBase.java:49)
		at java.base/java.util.concurrent.ThreadPoolExecutor.runWorker(ThreadPoolExecutor.java:1136)
		at java.base/java.util.concurrent.ThreadPoolExecutor$Worker.run(ThreadPoolExecutor.java:635)
		at org.apache.tomcat.util.threads.TaskThread$WrappingRunnable.run(TaskThread.java:61)
		at java.base/java.lang.Thread.run(Thread.java:833)
12-Feb-2022 14:27:42.112 INFO [main] org.apache.catalina.core.ApplicationContext.log SessionListener: contextDestroyed()
12-Feb-2022 14:27:42.112 INFO [main] org.apache.catalina.core.ApplicationContext.log ContextListener: contextDestroyed()
12-Feb-2022 14:27:54.248 INFO [main] org.apache.catalina.core.ApplicationContext.log ContextListener: contextInitialized()
12-Feb-2022 14:27:54.248 INFO [main] org.apache.catalina.core.ApplicationContext.log SessionListener: contextInitialized()
12-Feb-2022 14:27:54.249 INFO [main] org.apache.catalina.core.ApplicationContext.log ContextListener: attributeAdded('StockTicker', 'async.Stockticker@5f574cc2')
12-Feb-2022 14:28:00.947 INFO [main] org.apache.catalina.core.ApplicationContext.log SessionListener: contextDestroyed()
12-Feb-2022 14:28:00.947 INFO [main] org.apache.catalina.core.ApplicationContext.log ContextListener: contextDestroyed()
12-Feb-2022 14:28:09.213 INFO [main] org.apache.catalina.core.ApplicationContext.log ContextListener: contextInitialized()
12-Feb-2022 14:28:09.213 INFO [main] org.apache.catalina.core.ApplicationContext.log SessionListener: contextInitialized()
12-Feb-2022 14:28:09.217 INFO [main] org.apache.catalina.core.ApplicationContext.log ContextListener: attributeAdded('StockTicker', 'async.Stockticker@236ab296')
12-Feb-2022 14:29:42.128 INFO [main] org.apache.catalina.core.ApplicationContext.log SessionListener: contextDestroyed()
12-Feb-2022 14:29:42.129 INFO [main] org.apache.catalina.core.ApplicationContext.log ContextListener: contextDestroyed()
12-Feb-2022 14:46:30.542 INFO [main] org.apache.catalina.core.ApplicationContext.log ContextListener: contextInitialized()
12-Feb-2022 14:46:30.542 INFO [main] org.apache.catalina.core.ApplicationContext.log SessionListener: contextInitialized()
12-Feb-2022 14:46:30.547 INFO [main] org.apache.catalina.core.ApplicationContext.log ContextListener: attributeAdded('StockTicker', 'async.Stockticker@232024b9')
12-Feb-2022 14:46:54.237 INFO [main] org.apache.catalina.core.ApplicationContext.log SessionListener: contextDestroyed()
12-Feb-2022 14:46:54.237 INFO [main] org.apache.catalina.core.ApplicationContext.log ContextListener: contextDestroyed()
12-Feb-2022 15:41:25.948 INFO [main] org.apache.catalina.core.ApplicationContext.log ContextListener: contextInitialized()
12-Feb-2022 15:41:25.948 INFO [main] org.apache.catalina.core.ApplicationContext.log SessionListener: contextInitialized()
12-Feb-2022 15:41:25.949 INFO [main] org.apache.catalina.core.ApplicationContext.log ContextListener: attributeAdded('StockTicker', 'async.Stockticker@232024b9')
12-Feb-2022 15:41:41.811 INFO [main] org.apache.catalina.core.ApplicationContext.log SessionListener: contextDestroyed()
12-Feb-2022 15:41:41.811 INFO [main] org.apache.catalina.core.ApplicationContext.log ContextListener: contextDestroyed()
12-Feb-2022 15:42:02.983 INFO [main] org.apache.catalina.core.ApplicationContext.log ContextListener: contextInitialized()
12-Feb-2022 15:42:02.984 INFO [main] org.apache.catalina.core.ApplicationContext.log SessionListener: contextInitialized()
12-Feb-2022 15:42:02.984 INFO [main] org.apache.catalina.core.ApplicationContext.log ContextListener: attributeAdded('StockTicker', 'async.Stockticker@53cdecf6')
12-Feb-2022 15:43:08.898 SEVERE [http-nio-8080-exec-4] org.apache.catalina.core.StandardWrapperValve.invoke Servlet.service() for servlet [PushImageServlet] in context with path [] threw exception
	java.lang.IllegalStateException: Unable to process parts as no multi-part configuration has been provided
		at org.apache.catalina.connector.Request.parseParts(Request.java:2824)
		at org.apache.catalina.connector.Request.getParts(Request.java:2792)
		at org.apache.catalina.connector.Request.getPart(Request.java:2961)
		at org.apache.catalina.connector.RequestFacade.getPart(RequestFacade.java:1105)
		at io.rastered.app.service.PushImageServlet.doPost(PushImageServlet.java:22)
		at jakarta.servlet.http.HttpServlet.service(HttpServlet.java:689)
		at jakarta.servlet.http.HttpServlet.service(HttpServlet.java:770)
		at org.apache.catalina.core.ApplicationFilterChain.internalDoFilter(ApplicationFilterChain.java:223)
		at org.apache.catalina.core.ApplicationFilterChain.doFilter(ApplicationFilterChain.java:158)
		at org.apache.tomcat.websocket.server.WsFilter.doFilter(WsFilter.java:53)
		at org.apache.catalina.core.ApplicationFilterChain.internalDoFilter(ApplicationFilterChain.java:185)
		at org.apache.catalina.core.ApplicationFilterChain.doFilter(ApplicationFilterChain.java:158)
		at io.rastered.app.filters.RequestFilter.doFilter(RequestFilter.java:36)
		at org.apache.catalina.core.ApplicationFilterChain.internalDoFilter(ApplicationFilterChain.java:185)
		at org.apache.catalina.core.ApplicationFilterChain.doFilter(ApplicationFilterChain.java:158)
		at org.apache.catalina.core.StandardWrapperValve.invoke(StandardWrapperValve.java:202)
		at org.apache.catalina.core.StandardContextValve.invoke(StandardContextValve.java:97)
		at org.apache.catalina.authenticator.AuthenticatorBase.invoke(AuthenticatorBase.java:543)
		at org.apache.catalina.core.StandardHostValve.invoke(StandardHostValve.java:127)
		at org.apache.catalina.valves.ErrorReportValve.invoke(ErrorReportValve.java:92)
		at org.apache.catalina.valves.AbstractAccessLogValve.invoke(AbstractAccessLogValve.java:690)
		at org.apache.catalina.core.StandardEngineValve.invoke(StandardEngineValve.java:78)
		at org.apache.catalina.connector.CoyoteAdapter.service(CoyoteAdapter.java:353)
		at org.apache.coyote.http11.Http11Processor.service(Http11Processor.java:374)
		at org.apache.coyote.AbstractProcessorLight.process(AbstractProcessorLight.java:65)
		at org.apache.coyote.AbstractProtocol$ConnectionHandler.process(AbstractProtocol.java:870)
		at org.apache.tomcat.util.net.NioEndpoint$SocketProcessor.doRun(NioEndpoint.java:1696)
		at org.apache.tomcat.util.net.SocketProcessorBase.run(SocketProcessorBase.java:49)
		at java.base/java.util.concurrent.ThreadPoolExecutor.runWorker(ThreadPoolExecutor.java:1136)
		at java.base/java.util.concurrent.ThreadPoolExecutor$Worker.run(ThreadPoolExecutor.java:635)
		at org.apache.tomcat.util.threads.TaskThread$WrappingRunnable.run(TaskThread.java:61)
		at java.base/java.lang.Thread.run(Thread.java:833)
12-Feb-2022 15:48:30.949 INFO [main] org.apache.catalina.core.ApplicationContext.log SessionListener: contextDestroyed()
12-Feb-2022 15:48:30.949 INFO [main] org.apache.catalina.core.ApplicationContext.log ContextListener: contextDestroyed()
12-Feb-2022 15:48:38.679 INFO [main] org.apache.catalina.core.ApplicationContext.log ContextListener: contextInitialized()
12-Feb-2022 15:48:38.679 INFO [main] org.apache.catalina.core.ApplicationContext.log SessionListener: contextInitialized()
12-Feb-2022 15:48:38.680 INFO [main] org.apache.catalina.core.ApplicationContext.log ContextListener: attributeAdded('StockTicker', 'async.Stockticker@5851bd4f')
12-Feb-2022 15:48:44.260 INFO [main] org.apache.catalina.core.ApplicationContext.log SessionListener: contextDestroyed()
12-Feb-2022 15:48:44.260 INFO [main] org.apache.catalina.core.ApplicationContext.log ContextListener: contextDestroyed()
12-Feb-2022 15:48:50.161 INFO [main] org.apache.catalina.core.ApplicationContext.log ContextListener: contextInitialized()
12-Feb-2022 15:48:50.161 INFO [main] org.apache.catalina.core.ApplicationContext.log SessionListener: contextInitialized()
12-Feb-2022 15:48:50.166 INFO [main] org.apache.catalina.core.ApplicationContext.log ContextListener: attributeAdded('StockTicker', 'async.Stockticker@66f66866')
12-Feb-2022 15:49:26.915 SEVERE [http-nio-8080-exec-1] org.apache.catalina.core.StandardWrapperValve.invoke Servlet.service() for servlet [PushImageServlet] in context with path [] threw exception [org.apache.tomcat.util.http.fileupload.impl.InvalidContentTypeException: the request doesn't contain a multipart/form-data or multipart/mixed stream, content type header is application/octet-stream] with root cause
	org.apache.tomcat.util.http.fileupload.impl.InvalidContentTypeException: the request doesn't contain a multipart/form-data or multipart/mixed stream, content type header is application/octet-stream
		at org.apache.tomcat.util.http.fileupload.impl.FileItemIteratorImpl.init(FileItemIteratorImpl.java:136)
		at org.apache.tomcat.util.http.fileupload.impl.FileItemIteratorImpl.getMultiPartStream(FileItemIteratorImpl.java:190)
		at org.apache.tomcat.util.http.fileupload.impl.FileItemIteratorImpl.findNextItem(FileItemIteratorImpl.java:209)
		at org.apache.tomcat.util.http.fileupload.impl.FileItemIteratorImpl.<init>(FileItemIteratorImpl.java:127)
		at org.apache.tomcat.util.http.fileupload.FileUploadBase.getItemIterator(FileUploadBase.java:256)
		at org.apache.tomcat.util.http.fileupload.FileUploadBase.parseRequest(FileUploadBase.java:280)
		at org.apache.catalina.connector.Request.parseParts(Request.java:2890)
		at org.apache.catalina.connector.Request.getParts(Request.java:2792)
		at org.apache.catalina.connector.Request.getPart(Request.java:2961)
		at org.apache.catalina.connector.RequestFacade.getPart(RequestFacade.java:1105)
		at io.rastered.app.service.PushImageServlet.doPost(PushImageServlet.java:24)
		at jakarta.servlet.http.HttpServlet.service(HttpServlet.java:689)
		at jakarta.servlet.http.HttpServlet.service(HttpServlet.java:770)
		at org.apache.catalina.core.ApplicationFilterChain.internalDoFilter(ApplicationFilterChain.java:223)
		at org.apache.catalina.core.ApplicationFilterChain.doFilter(ApplicationFilterChain.java:158)
		at org.apache.tomcat.websocket.server.WsFilter.doFilter(WsFilter.java:53)
		at org.apache.catalina.core.ApplicationFilterChain.internalDoFilter(ApplicationFilterChain.java:185)
		at org.apache.catalina.core.ApplicationFilterChain.doFilter(ApplicationFilterChain.java:158)
		at io.rastered.app.filters.RequestFilter.doFilter(RequestFilter.java:36)
		at org.apache.catalina.core.ApplicationFilterChain.internalDoFilter(ApplicationFilterChain.java:185)
		at org.apache.catalina.core.ApplicationFilterChain.doFilter(ApplicationFilterChain.java:158)
		at org.apache.catalina.core.StandardWrapperValve.invoke(StandardWrapperValve.java:202)
		at org.apache.catalina.core.StandardContextValve.invoke(StandardContextValve.java:97)
		at org.apache.catalina.authenticator.AuthenticatorBase.invoke(AuthenticatorBase.java:543)
		at org.apache.catalina.core.StandardHostValve.invoke(StandardHostValve.java:127)
		at org.apache.catalina.valves.ErrorReportValve.invoke(ErrorReportValve.java:92)
		at org.apache.catalina.valves.AbstractAccessLogValve.invoke(AbstractAccessLogValve.java:690)
		at org.apache.catalina.core.StandardEngineValve.invoke(StandardEngineValve.java:78)
		at org.apache.catalina.connector.CoyoteAdapter.service(CoyoteAdapter.java:353)
		at org.apache.coyote.http11.Http11Processor.service(Http11Processor.java:374)
		at org.apache.coyote.AbstractProcessorLight.process(AbstractProcessorLight.java:65)
		at org.apache.coyote.AbstractProtocol$ConnectionHandler.process(AbstractProtocol.java:870)
		at org.apache.tomcat.util.net.NioEndpoint$SocketProcessor.doRun(NioEndpoint.java:1696)
		at org.apache.tomcat.util.net.SocketProcessorBase.run(SocketProcessorBase.java:49)
		at java.base/java.util.concurrent.ThreadPoolExecutor.runWorker(ThreadPoolExecutor.java:1136)
		at java.base/java.util.concurrent.ThreadPoolExecutor$Worker.run(ThreadPoolExecutor.java:635)
		at org.apache.tomcat.util.threads.TaskThread$WrappingRunnable.run(TaskThread.java:61)
		at java.base/java.lang.Thread.run(Thread.java:833)
12-Feb-2022 15:56:59.059 SEVERE [http-nio-8080-exec-8] org.apache.catalina.core.StandardWrapperValve.invoke Servlet.service() for servlet [PushImageServlet] in context with path [] threw exception
	java.io.IOException: org.apache.tomcat.util.http.fileupload.FileUploadException: the request was rejected because no multipart boundary was found
		at org.apache.catalina.connector.Request.parseParts(Request.java:2937)
		at org.apache.catalina.connector.Request.getParts(Request.java:2792)
		at org.apache.catalina.connector.Request.getPart(Request.java:2961)
		at org.apache.catalina.connector.RequestFacade.getPart(RequestFacade.java:1105)
		at io.rastered.app.service.PushImageServlet.doPost(PushImageServlet.java:24)
		at jakarta.servlet.http.HttpServlet.service(HttpServlet.java:689)
		at jakarta.servlet.http.HttpServlet.service(HttpServlet.java:770)
		at org.apache.catalina.core.ApplicationFilterChain.internalDoFilter(ApplicationFilterChain.java:223)
		at org.apache.catalina.core.ApplicationFilterChain.doFilter(ApplicationFilterChain.java:158)
		at org.apache.tomcat.websocket.server.WsFilter.doFilter(WsFilter.java:53)
		at org.apache.catalina.core.ApplicationFilterChain.internalDoFilter(ApplicationFilterChain.java:185)
		at org.apache.catalina.core.ApplicationFilterChain.doFilter(ApplicationFilterChain.java:158)
		at io.rastered.app.filters.RequestFilter.doFilter(RequestFilter.java:36)
		at org.apache.catalina.core.ApplicationFilterChain.internalDoFilter(ApplicationFilterChain.java:185)
		at org.apache.catalina.core.ApplicationFilterChain.doFilter(ApplicationFilterChain.java:158)
		at org.apache.catalina.core.StandardWrapperValve.invoke(StandardWrapperValve.java:202)
		at org.apache.catalina.core.StandardContextValve.invoke(StandardContextValve.java:97)
		at org.apache.catalina.authenticator.AuthenticatorBase.invoke(AuthenticatorBase.java:543)
		at org.apache.catalina.core.StandardHostValve.invoke(StandardHostValve.java:127)
		at org.apache.catalina.valves.ErrorReportValve.invoke(ErrorReportValve.java:92)
		at org.apache.catalina.valves.AbstractAccessLogValve.invoke(AbstractAccessLogValve.java:690)
		at org.apache.catalina.core.StandardEngineValve.invoke(StandardEngineValve.java:78)
		at org.apache.catalina.connector.CoyoteAdapter.service(CoyoteAdapter.java:353)
		at org.apache.coyote.http11.Http11Processor.service(Http11Processor.java:374)
		at org.apache.coyote.AbstractProcessorLight.process(AbstractProcessorLight.java:65)
		at org.apache.coyote.AbstractProtocol$ConnectionHandler.process(AbstractProtocol.java:870)
		at org.apache.tomcat.util.net.NioEndpoint$SocketProcessor.doRun(NioEndpoint.java:1696)
		at org.apache.tomcat.util.net.SocketProcessorBase.run(SocketProcessorBase.java:49)
		at java.base/java.util.concurrent.ThreadPoolExecutor.runWorker(ThreadPoolExecutor.java:1136)
		at java.base/java.util.concurrent.ThreadPoolExecutor$Worker.run(ThreadPoolExecutor.java:635)
		at org.apache.tomcat.util.threads.TaskThread$WrappingRunnable.run(TaskThread.java:61)
		at java.base/java.lang.Thread.run(Thread.java:833)
	Caused by: org.apache.tomcat.util.http.fileupload.FileUploadException: the request was rejected because no multipart boundary was found
		at org.apache.tomcat.util.http.fileupload.impl.FileItemIteratorImpl.init(FileItemIteratorImpl.java:174)
		at org.apache.tomcat.util.http.fileupload.impl.FileItemIteratorImpl.getMultiPartStream(FileItemIteratorImpl.java:190)
		at org.apache.tomcat.util.http.fileupload.impl.FileItemIteratorImpl.findNextItem(FileItemIteratorImpl.java:209)
		at org.apache.tomcat.util.http.fileupload.impl.FileItemIteratorImpl.<init>(FileItemIteratorImpl.java:127)
		at org.apache.tomcat.util.http.fileupload.FileUploadBase.getItemIterator(FileUploadBase.java:256)
		at org.apache.tomcat.util.http.fileupload.FileUploadBase.parseRequest(FileUploadBase.java:280)
		at org.apache.catalina.connector.Request.parseParts(Request.java:2890)
		... 31 more
12-Feb-2022 16:03:44.938 INFO [main] org.apache.catalina.core.ApplicationContext.log SessionListener: contextDestroyed()
12-Feb-2022 16:03:44.938 INFO [main] org.apache.catalina.core.ApplicationContext.log ContextListener: contextDestroyed()
12-Feb-2022 16:03:56.877 INFO [main] org.apache.catalina.core.ApplicationContext.log ContextListener: contextInitialized()
12-Feb-2022 16:03:56.877 INFO [main] org.apache.catalina.core.ApplicationContext.log SessionListener: contextInitialized()
12-Feb-2022 16:03:56.877 INFO [main] org.apache.catalina.core.ApplicationContext.log ContextListener: attributeAdded('StockTicker', 'async.Stockticker@1c807b1d')
12-Feb-2022 16:12:49.376 INFO [main] org.apache.catalina.core.ApplicationContext.log SessionListener: contextDestroyed()
12-Feb-2022 16:12:49.376 INFO [main] org.apache.catalina.core.ApplicationContext.log ContextListener: contextDestroyed()
12-Feb-2022 16:13:05.023 INFO [main] org.apache.catalina.core.ApplicationContext.log ContextListener: contextInitialized()
12-Feb-2022 16:13:05.023 INFO [main] org.apache.catalina.core.ApplicationContext.log SessionListener: contextInitialized()
12-Feb-2022 16:13:05.028 INFO [main] org.apache.catalina.core.ApplicationContext.log ContextListener: attributeAdded('StockTicker', 'async.Stockticker@71ea1fda')
12-Feb-2022 16:13:31.182 INFO [main] org.apache.catalina.core.ApplicationContext.log SessionListener: contextDestroyed()
12-Feb-2022 16:13:31.182 INFO [main] org.apache.catalina.core.ApplicationContext.log ContextListener: contextDestroyed()
12-Feb-2022 16:13:40.389 INFO [main] org.apache.catalina.core.ApplicationContext.log ContextListener: contextInitialized()
12-Feb-2022 16:13:40.389 INFO [main] org.apache.catalina.core.ApplicationContext.log SessionListener: contextInitialized()
12-Feb-2022 16:13:40.390 INFO [main] org.apache.catalina.core.ApplicationContext.log ContextListener: attributeAdded('StockTicker', 'async.Stockticker@232024b9')
12-Feb-2022 16:13:44.773 INFO [main] org.apache.catalina.core.ApplicationContext.log SessionListener: contextDestroyed()
12-Feb-2022 16:13:44.773 INFO [main] org.apache.catalina.core.ApplicationContext.log ContextListener: contextDestroyed()
12-Feb-2022 16:13:59.046 INFO [main] org.apache.catalina.core.ApplicationContext.log ContextListener: contextInitialized()
12-Feb-2022 16:13:59.046 INFO [main] org.apache.catalina.core.ApplicationContext.log SessionListener: contextInitialized()
12-Feb-2022 16:13:59.051 INFO [main] org.apache.catalina.core.ApplicationContext.log ContextListener: attributeAdded('StockTicker', 'async.Stockticker@71ea1fda')
12-Feb-2022 16:15:24.292 INFO [main] org.apache.catalina.core.ApplicationContext.log SessionListener: contextDestroyed()
12-Feb-2022 16:15:24.292 INFO [main] org.apache.catalina.core.ApplicationContext.log ContextListener: contextDestroyed()
12-Feb-2022 16:22:17.763 INFO [main] org.apache.catalina.core.ApplicationContext.log ContextListener: contextInitialized()
12-Feb-2022 16:22:17.763 INFO [main] org.apache.catalina.core.ApplicationContext.log SessionListener: contextInitialized()
12-Feb-2022 16:22:17.767 INFO [main] org.apache.catalina.core.ApplicationContext.log ContextListener: attributeAdded('StockTicker', 'async.Stockticker@5f574cc2')
12-Feb-2022 16:22:23.125 INFO [main] org.apache.catalina.core.ApplicationContext.log SessionListener: contextDestroyed()
12-Feb-2022 16:22:23.125 INFO [main] org.apache.catalina.core.ApplicationContext.log ContextListener: contextDestroyed()
12-Feb-2022 16:22:35.415 INFO [main] org.apache.catalina.core.ApplicationContext.log ContextListener: contextInitialized()
12-Feb-2022 16:22:35.415 INFO [main] org.apache.catalina.core.ApplicationContext.log SessionListener: contextInitialized()
12-Feb-2022 16:22:35.415 INFO [main] org.apache.catalina.core.ApplicationContext.log ContextListener: attributeAdded('StockTicker', 'async.Stockticker@23aae55')
12-Feb-2022 16:26:25.873 INFO [main] org.apache.catalina.core.ApplicationContext.log SessionListener: contextDestroyed()
12-Feb-2022 16:26:25.873 INFO [main] org.apache.catalina.core.ApplicationContext.log ContextListener: contextDestroyed()
12-Feb-2022 16:26:32.544 INFO [main] org.apache.catalina.core.ApplicationContext.log ContextListener: contextInitialized()
12-Feb-2022 16:26:32.544 INFO [main] org.apache.catalina.core.ApplicationContext.log SessionListener: contextInitialized()
12-Feb-2022 16:26:32.548 INFO [main] org.apache.catalina.core.ApplicationContext.log ContextListener: attributeAdded('StockTicker', 'async.Stockticker@55a8dc49')
12-Feb-2022 16:28:33.741 INFO [main] org.apache.catalina.core.ApplicationContext.log SessionListener: contextDestroyed()
12-Feb-2022 16:28:33.741 INFO [main] org.apache.catalina.core.ApplicationContext.log ContextListener: contextDestroyed()
12-Feb-2022 16:28:44.970 INFO [main] org.apache.catalina.core.ApplicationContext.log ContextListener: contextInitialized()
12-Feb-2022 16:28:44.970 INFO [main] org.apache.catalina.core.ApplicationContext.log SessionListener: contextInitialized()
12-Feb-2022 16:28:44.971 INFO [main] org.apache.catalina.core.ApplicationContext.log ContextListener: attributeAdded('StockTicker', 'async.Stockticker@5c84624f')
12-Feb-2022 16:33:13.913 INFO [main] org.apache.catalina.core.ApplicationContext.log SessionListener: contextDestroyed()
12-Feb-2022 16:33:13.913 INFO [main] org.apache.catalina.core.ApplicationContext.log ContextListener: contextDestroyed()
12-Feb-2022 16:33:24.486 INFO [main] org.apache.catalina.core.ApplicationContext.log ContextListener: contextInitialized()
12-Feb-2022 16:33:24.486 INFO [main] org.apache.catalina.core.ApplicationContext.log SessionListener: contextInitialized()
12-Feb-2022 16:33:24.486 INFO [main] org.apache.catalina.core.ApplicationContext.log ContextListener: attributeAdded('StockTicker', 'async.Stockticker@5c84624f')
12-Feb-2022 16:33:31.909 INFO [main] org.apache.catalina.core.ApplicationContext.log SessionListener: contextDestroyed()
12-Feb-2022 16:33:31.909 INFO [main] org.apache.catalina.core.ApplicationContext.log ContextListener: contextDestroyed()
12-Feb-2022 16:33:40.728 INFO [main] org.apache.catalina.core.ApplicationContext.log ContextListener: contextInitialized()
12-Feb-2022 16:33:40.728 INFO [main] org.apache.catalina.core.ApplicationContext.log SessionListener: contextInitialized()
12-Feb-2022 16:33:40.732 INFO [main] org.apache.catalina.core.ApplicationContext.log ContextListener: attributeAdded('StockTicker', 'async.Stockticker@71ea1fda')
12-Feb-2022 16:33:43.835 SEVERE [http-nio-8080-exec-1] org.apache.catalina.core.StandardWrapperValve.invoke Servlet.service() for servlet [FilterServlet] in context with path [] threw exception
	java.lang.NullPointerException: Cannot invoke "java.awt.image.BufferedImage.getColorModel()" because "bi" is null
		at io.rastered.app.service.ImageProcessor.deepCopy(ImageProcessor.java:29)
		at io.rastered.app.service.ImageProcessor.<init>(ImageProcessor.java:14)
		at io.rastered.app.service.FilterServlet.doPost(FilterServlet.java:61)
		at jakarta.servlet.http.HttpServlet.service(HttpServlet.java:689)
		at jakarta.servlet.http.HttpServlet.service(HttpServlet.java:770)
		at org.apache.catalina.core.ApplicationFilterChain.internalDoFilter(ApplicationFilterChain.java:223)
		at org.apache.catalina.core.ApplicationFilterChain.doFilter(ApplicationFilterChain.java:158)
		at org.apache.tomcat.websocket.server.WsFilter.doFilter(WsFilter.java:53)
		at org.apache.catalina.core.ApplicationFilterChain.internalDoFilter(ApplicationFilterChain.java:185)
		at org.apache.catalina.core.ApplicationFilterChain.doFilter(ApplicationFilterChain.java:158)
		at io.rastered.app.filters.RequestFilter.doFilter(RequestFilter.java:36)
		at org.apache.catalina.core.ApplicationFilterChain.internalDoFilter(ApplicationFilterChain.java:185)
		at org.apache.catalina.core.ApplicationFilterChain.doFilter(ApplicationFilterChain.java:158)
		at org.apache.catalina.core.StandardWrapperValve.invoke(StandardWrapperValve.java:202)
		at org.apache.catalina.core.StandardContextValve.invoke(StandardContextValve.java:97)
		at org.apache.catalina.authenticator.AuthenticatorBase.invoke(AuthenticatorBase.java:543)
		at org.apache.catalina.core.StandardHostValve.invoke(StandardHostValve.java:127)
		at org.apache.catalina.valves.ErrorReportValve.invoke(ErrorReportValve.java:92)
		at org.apache.catalina.valves.AbstractAccessLogValve.invoke(AbstractAccessLogValve.java:690)
		at org.apache.catalina.core.StandardEngineValve.invoke(StandardEngineValve.java:78)
		at org.apache.catalina.connector.CoyoteAdapter.service(CoyoteAdapter.java:353)
		at org.apache.coyote.http11.Http11Processor.service(Http11Processor.java:374)
		at org.apache.coyote.AbstractProcessorLight.process(AbstractProcessorLight.java:65)
		at org.apache.coyote.AbstractProtocol$ConnectionHandler.process(AbstractProtocol.java:870)
		at org.apache.tomcat.util.net.NioEndpoint$SocketProcessor.doRun(NioEndpoint.java:1696)
		at org.apache.tomcat.util.net.SocketProcessorBase.run(SocketProcessorBase.java:49)
		at java.base/java.util.concurrent.ThreadPoolExecutor.runWorker(ThreadPoolExecutor.java:1136)
		at java.base/java.util.concurrent.ThreadPoolExecutor$Worker.run(ThreadPoolExecutor.java:635)
		at org.apache.tomcat.util.threads.TaskThread$WrappingRunnable.run(TaskThread.java:61)
		at java.base/java.lang.Thread.run(Thread.java:833)
12-Feb-2022 16:36:31.048 INFO [main] org.apache.catalina.core.ApplicationContext.log SessionListener: contextDestroyed()
12-Feb-2022 16:36:31.048 INFO [main] org.apache.catalina.core.ApplicationContext.log ContextListener: contextDestroyed()
12-Feb-2022 16:36:41.774 INFO [main] org.apache.catalina.core.ApplicationContext.log ContextListener: contextInitialized()
12-Feb-2022 16:36:41.774 INFO [main] org.apache.catalina.core.ApplicationContext.log SessionListener: contextInitialized()
12-Feb-2022 16:36:41.775 INFO [main] org.apache.catalina.core.ApplicationContext.log ContextListener: attributeAdded('StockTicker', 'async.Stockticker@23aae55')
12-Feb-2022 16:36:47.949 INFO [main] org.apache.catalina.core.ApplicationContext.log SessionListener: contextDestroyed()
12-Feb-2022 16:36:47.949 INFO [main] org.apache.catalina.core.ApplicationContext.log ContextListener: contextDestroyed()
12-Feb-2022 16:36:55.993 INFO [main] org.apache.catalina.core.ApplicationContext.log ContextListener: contextInitialized()
12-Feb-2022 16:36:55.993 INFO [main] org.apache.catalina.core.ApplicationContext.log SessionListener: contextInitialized()
12-Feb-2022 16:36:55.997 INFO [main] org.apache.catalina.core.ApplicationContext.log ContextListener: attributeAdded('StockTicker', 'async.Stockticker@2a415aa9')
12-Feb-2022 16:40:24.106 INFO [main] org.apache.catalina.core.ApplicationContext.log SessionListener: contextDestroyed()
12-Feb-2022 16:40:24.106 INFO [main] org.apache.catalina.core.ApplicationContext.log ContextListener: contextDestroyed()
12-Feb-2022 16:47:13.923 INFO [main] org.apache.catalina.core.ApplicationContext.log ContextListener: contextInitialized()
12-Feb-2022 16:47:13.923 INFO [main] org.apache.catalina.core.ApplicationContext.log SessionListener: contextInitialized()
12-Feb-2022 16:47:13.923 INFO [main] org.apache.catalina.core.ApplicationContext.log ContextListener: attributeAdded('StockTicker', 'async.Stockticker@2a415aa9')
12-Feb-2022 16:50:25.120 INFO [main] org.apache.catalina.core.ApplicationContext.log SessionListener: contextDestroyed()
12-Feb-2022 16:50:25.120 INFO [main] org.apache.catalina.core.ApplicationContext.log ContextListener: contextDestroyed()
12-Feb-2022 18:10:01.999 INFO [main] org.apache.catalina.core.ApplicationContext.log ContextListener: contextInitialized()
12-Feb-2022 18:10:01.999 INFO [main] org.apache.catalina.core.ApplicationContext.log SessionListener: contextInitialized()
12-Feb-2022 18:10:02.004 INFO [main] org.apache.catalina.core.ApplicationContext.log ContextListener: attributeAdded('StockTicker', 'async.Stockticker@2a415aa9')
12-Feb-2022 18:11:04.005 INFO [main] org.apache.catalina.core.ApplicationContext.log SessionListener: contextDestroyed()
12-Feb-2022 18:11:04.006 INFO [main] org.apache.catalina.core.ApplicationContext.log ContextListener: contextDestroyed()
12-Feb-2022 18:20:22.108 INFO [main] org.apache.catalina.core.ApplicationContext.log ContextListener: contextInitialized()
12-Feb-2022 18:20:22.108 INFO [main] org.apache.catalina.core.ApplicationContext.log SessionListener: contextInitialized()
12-Feb-2022 18:20:22.113 INFO [main] org.apache.catalina.core.ApplicationContext.log ContextListener: attributeAdded('StockTicker', 'async.Stockticker@71ea1fda')
12-Feb-2022 18:22:54.356 INFO [main] org.apache.catalina.core.ApplicationContext.log SessionListener: contextDestroyed()
12-Feb-2022 18:22:54.356 INFO [main] org.apache.catalina.core.ApplicationContext.log ContextListener: contextDestroyed()
12-Feb-2022 18:23:08.136 INFO [main] org.apache.catalina.core.ApplicationContext.log ContextListener: contextInitialized()
12-Feb-2022 18:23:08.136 INFO [main] org.apache.catalina.core.ApplicationContext.log SessionListener: contextInitialized()
12-Feb-2022 18:23:08.137 INFO [main] org.apache.catalina.core.ApplicationContext.log ContextListener: attributeAdded('StockTicker', 'async.Stockticker@63034ed1')
12-Feb-2022 18:26:57.252 INFO [main] org.apache.catalina.core.ApplicationContext.log SessionListener: contextDestroyed()
12-Feb-2022 18:26:57.252 INFO [main] org.apache.catalina.core.ApplicationContext.log ContextListener: contextDestroyed()
12-Feb-2022 18:27:03.931 INFO [main] org.apache.catalina.core.ApplicationContext.log ContextListener: contextInitialized()
12-Feb-2022 18:27:03.931 INFO [main] org.apache.catalina.core.ApplicationContext.log SessionListener: contextInitialized()
12-Feb-2022 18:27:03.936 INFO [main] org.apache.catalina.core.ApplicationContext.log ContextListener: attributeAdded('StockTicker', 'async.Stockticker@71ea1fda')
12-Feb-2022 18:27:14.478 INFO [main] org.apache.catalina.core.ApplicationContext.log SessionListener: contextDestroyed()
12-Feb-2022 18:27:14.478 INFO [main] org.apache.catalina.core.ApplicationContext.log ContextListener: contextDestroyed()
12-Feb-2022 18:27:31.418 INFO [main] org.apache.catalina.core.ApplicationContext.log ContextListener: contextInitialized()
12-Feb-2022 18:27:31.418 INFO [main] org.apache.catalina.core.ApplicationContext.log SessionListener: contextInitialized()
12-Feb-2022 18:27:31.419 INFO [main] org.apache.catalina.core.ApplicationContext.log ContextListener: attributeAdded('StockTicker', 'async.Stockticker@680bddf5')
12-Feb-2022 18:27:57.107 INFO [main] org.apache.catalina.core.ApplicationContext.log SessionListener: contextDestroyed()
12-Feb-2022 18:27:57.107 INFO [main] org.apache.catalina.core.ApplicationContext.log ContextListener: contextDestroyed()
12-Feb-2022 19:16:01.949 INFO [main] org.apache.catalina.core.ApplicationContext.log ContextListener: contextInitialized()
12-Feb-2022 19:16:01.949 INFO [main] org.apache.catalina.core.ApplicationContext.log SessionListener: contextInitialized()
12-Feb-2022 19:16:01.957 INFO [main] org.apache.catalina.core.ApplicationContext.log ContextListener: attributeAdded('StockTicker', 'async.Stockticker@5c84624f')
12-Feb-2022 19:18:09.141 INFO [main] org.apache.catalina.core.ApplicationContext.log SessionListener: contextDestroyed()
12-Feb-2022 19:18:09.141 INFO [main] org.apache.catalina.core.ApplicationContext.log ContextListener: contextDestroyed()
12-Feb-2022 19:18:18.006 INFO [main] org.apache.catalina.core.ApplicationContext.log ContextListener: contextInitialized()
12-Feb-2022 19:18:18.006 INFO [main] org.apache.catalina.core.ApplicationContext.log SessionListener: contextInitialized()
12-Feb-2022 19:18:18.007 INFO [main] org.apache.catalina.core.ApplicationContext.log ContextListener: attributeAdded('StockTicker', 'async.Stockticker@5fa05212')
12-Feb-2022 19:27:22.298 INFO [main] org.apache.catalina.core.ApplicationContext.log SessionListener: contextDestroyed()
12-Feb-2022 19:27:22.298 INFO [main] org.apache.catalina.core.ApplicationContext.log ContextListener: contextDestroyed()
12-Feb-2022 19:27:45.142 INFO [main] org.apache.catalina.core.ApplicationContext.log ContextListener: contextInitialized()
12-Feb-2022 19:27:45.142 INFO [main] org.apache.catalina.core.ApplicationContext.log SessionListener: contextInitialized()
12-Feb-2022 19:27:45.143 INFO [main] org.apache.catalina.core.ApplicationContext.log ContextListener: attributeAdded('StockTicker', 'async.Stockticker@5c84624f')
12-Feb-2022 19:30:07.706 INFO [main] org.apache.catalina.core.ApplicationContext.log SessionListener: contextDestroyed()
12-Feb-2022 19:30:07.706 INFO [main] org.apache.catalina.core.ApplicationContext.log ContextListener: contextDestroyed()
12-Feb-2022 19:30:27.828 INFO [main] org.apache.catalina.core.ApplicationContext.log ContextListener: contextInitialized()
12-Feb-2022 19:30:27.828 INFO [main] org.apache.catalina.core.ApplicationContext.log SessionListener: contextInitialized()
12-Feb-2022 19:30:27.828 INFO [main] org.apache.catalina.core.ApplicationContext.log ContextListener: attributeAdded('StockTicker', 'async.Stockticker@5c84624f')
12-Feb-2022 19:41:57.315 INFO [main] org.apache.catalina.core.ApplicationContext.log SessionListener: contextDestroyed()
12-Feb-2022 19:41:57.315 INFO [main] org.apache.catalina.core.ApplicationContext.log ContextListener: contextDestroyed()
12-Feb-2022 19:42:12.000 INFO [main] org.apache.catalina.core.ApplicationContext.log ContextListener: contextInitialized()
12-Feb-2022 19:42:12.000 INFO [main] org.apache.catalina.core.ApplicationContext.log SessionListener: contextInitialized()
12-Feb-2022 19:42:12.005 INFO [main] org.apache.catalina.core.ApplicationContext.log ContextListener: attributeAdded('StockTicker', 'async.Stockticker@232024b9')
12-Feb-2022 19:44:05.111 INFO [main] org.apache.catalina.core.ApplicationContext.log SessionListener: contextDestroyed()
12-Feb-2022 19:44:05.111 INFO [main] org.apache.catalina.core.ApplicationContext.log ContextListener: contextDestroyed()
