13-Aug-2021 08:27:13.536 INFO [main] org.apache.catalina.core.ApplicationContext.log ContextListener: contextInitialized()
13-Aug-2021 08:27:13.537 INFO [main] org.apache.catalina.core.ApplicationContext.log SessionListener: contextInitialized()
13-Aug-2021 08:27:13.542 INFO [main] org.apache.catalina.core.ApplicationContext.log ContextListener: attributeAdded('StockTicker', 'async.Stockticker@547e29a4')
13-Aug-2021 08:27:27.461 INFO [main] org.apache.catalina.core.ApplicationContext.log SessionListener: contextDestroyed()
13-Aug-2021 08:27:27.462 INFO [main] org.apache.catalina.core.ApplicationContext.log ContextListener: contextDestroyed()
13-Aug-2021 08:27:52.499 INFO [main] org.apache.catalina.core.ApplicationContext.log ContextListener: contextInitialized()
13-Aug-2021 08:27:52.499 INFO [main] org.apache.catalina.core.ApplicationContext.log SessionListener: contextInitialized()
13-Aug-2021 08:27:52.501 INFO [main] org.apache.catalina.core.ApplicationContext.log ContextListener: attributeAdded('StockTicker', 'async.Stockticker@3a80515c')
13-Aug-2021 08:33:04.381 INFO [main] org.apache.catalina.core.ApplicationContext.log SessionListener: contextDestroyed()
13-Aug-2021 08:33:04.381 INFO [main] org.apache.catalina.core.ApplicationContext.log ContextListener: contextDestroyed()
13-Aug-2021 08:37:47.987 INFO [main] org.apache.catalina.core.ApplicationContext.log ContextListener: contextInitialized()
13-Aug-2021 08:37:47.987 INFO [main] org.apache.catalina.core.ApplicationContext.log SessionListener: contextInitialized()
13-Aug-2021 08:37:47.989 INFO [main] org.apache.catalina.core.ApplicationContext.log ContextListener: attributeAdded('StockTicker', 'async.Stockticker@547e29a4')
13-Aug-2021 08:38:34.961 INFO [main] org.apache.catalina.core.ApplicationContext.log SessionListener: contextDestroyed()
13-Aug-2021 08:38:34.968 INFO [main] org.apache.catalina.core.ApplicationContext.log ContextListener: contextDestroyed()
13-Aug-2021 08:39:29.428 INFO [main] org.apache.catalina.core.ApplicationContext.log ContextListener: contextInitialized()
13-Aug-2021 08:39:29.428 INFO [main] org.apache.catalina.core.ApplicationContext.log SessionListener: contextInitialized()
13-Aug-2021 08:39:29.430 INFO [main] org.apache.catalina.core.ApplicationContext.log ContextListener: attributeAdded('StockTicker', 'async.Stockticker@547e29a4')
13-Aug-2021 09:20:24.276 INFO [main] org.apache.catalina.core.ApplicationContext.log SessionListener: contextDestroyed()
13-Aug-2021 09:20:24.277 INFO [main] org.apache.catalina.core.ApplicationContext.log ContextListener: contextDestroyed()
13-Aug-2021 09:20:44.985 INFO [main] org.apache.catalina.core.ApplicationContext.log ContextListener: contextInitialized()
13-Aug-2021 09:20:44.986 INFO [main] org.apache.catalina.core.ApplicationContext.log SessionListener: contextInitialized()
13-Aug-2021 09:20:44.988 INFO [main] org.apache.catalina.core.ApplicationContext.log ContextListener: attributeAdded('StockTicker', 'async.Stockticker@5851bd4f')
13-Aug-2021 09:21:39.719 INFO [main] org.apache.catalina.core.ApplicationContext.log SessionListener: contextDestroyed()
13-Aug-2021 09:21:39.719 INFO [main] org.apache.catalina.core.ApplicationContext.log ContextListener: contextDestroyed()
13-Aug-2021 09:21:50.520 INFO [main] org.apache.catalina.core.ApplicationContext.log ContextListener: contextInitialized()
13-Aug-2021 09:21:50.521 INFO [main] org.apache.catalina.core.ApplicationContext.log SessionListener: contextInitialized()
13-Aug-2021 09:21:50.525 INFO [main] org.apache.catalina.core.ApplicationContext.log ContextListener: attributeAdded('StockTicker', 'async.Stockticker@547e29a4')
